[0.064s] Invoking command in '/home/rasp-8771/pi_ws/build/ros2_control_demo_example_2': CMAKE_PREFIX_PATH=${CMAKE_PREFIX_PATH}:/opt/ros/iron /usr/bin/cmake --build /home/rasp-8771/pi_ws/build/ros2_control_demo_example_2 -- -j4 -l4
[0.337s] [100%] Built target ros2_control_demo_example_2
[0.378s] Invoked command in '/home/rasp-8771/pi_ws/build/ros2_control_demo_example_2' returned '0': CMAKE_PREFIX_PATH=${CMAKE_PREFIX_PATH}:/opt/ros/iron /usr/bin/cmake --build /home/rasp-8771/pi_ws/build/ros2_control_demo_example_2 -- -j4 -l4
[0.565s] Invoking command in '/home/rasp-8771/pi_ws/build/ros2_control_demo_example_2': CMAKE_PREFIX_PATH=${CMAKE_PREFIX_PATH}:/opt/ros/iron /usr/bin/cmake --install /home/rasp-8771/pi_ws/build/ros2_control_demo_example_2
[0.595s] -- Install configuration: ""
[0.597s] -- Execute custom install script
[0.599s] -- Up-to-date symlink: /home/rasp-8771/pi_ws/install/ros2_control_demo_example_2/share/ros2_control_demo_example_2//ros2_control_demo_example_2.xml
[0.602s] -- Up-to-date symlink: /home/rasp-8771/pi_ws/install/ros2_control_demo_example_2/include/ros2_control_demo_example_2/ros2_control_demo_example_2/arduino_comms.hpp
[0.602s] -- Up-to-date symlink: /home/rasp-8771/pi_ws/install/ros2_control_demo_example_2/include/ros2_control_demo_example_2/ros2_control_demo_example_2/diffbot_system.hpp
[0.604s] -- Up-to-date symlink: /home/rasp-8771/pi_ws/install/ros2_control_demo_example_2/include/ros2_control_demo_example_2/ros2_control_demo_example_2/visibility_control.h
[0.605s] -- Up-to-date symlink: /home/rasp-8771/pi_ws/install/ros2_control_demo_example_2/include/ros2_control_demo_example_2/ros2_control_demo_example_2/wheel.hpp
[0.607s] -- Up-to-date symlink: /home/rasp-8771/pi_ws/install/ros2_control_demo_example_2/share/ros2_control_demo_example_2/launch/view_robot.launch.py
[0.608s] -- Up-to-date symlink: /home/rasp-8771/pi_ws/install/ros2_control_demo_example_2/share/ros2_control_demo_example_2/ros2_control/diffbot.ros2_control.xacro
[0.612s] -- Up-to-date symlink: /home/rasp-8771/pi_ws/install/ros2_control_demo_example_2/share/ros2_control_demo_example_2/urdf/bevbot_core.xacro
[0.613s] -- Up-to-date symlink: /home/rasp-8771/pi_ws/install/ros2_control_demo_example_2/share/ros2_control_demo_example_2/urdf/camera.xacro
[0.613s] -- Up-to-date symlink: /home/rasp-8771/pi_ws/install/ros2_control_demo_example_2/share/ros2_control_demo_example_2/urdf/colors.xacro
[0.614s] -- Up-to-date symlink: /home/rasp-8771/pi_ws/install/ros2_control_demo_example_2/share/ros2_control_demo_example_2/urdf/diffbot.urdf.xacro
[0.614s] -- Up-to-date symlink: /home/rasp-8771/pi_ws/install/ros2_control_demo_example_2/share/ros2_control_demo_example_2/urdf/inertial_macros.xacro
[0.615s] -- Up-to-date symlink: /home/rasp-8771/pi_ws/install/ros2_control_demo_example_2/share/ros2_control_demo_example_2/urdf/lidar.xacro
[0.621s] -- Up-to-date symlink: /home/rasp-8771/pi_ws/install/ros2_control_demo_example_2/share/ros2_control_demo_example_2/launch/diffbot.launch.py
[0.621s] -- Up-to-date symlink: /home/rasp-8771/pi_ws/install/ros2_control_demo_example_2/share/ros2_control_demo_example_2/config/diffbot_controllers.yaml
[0.622s] -- Up-to-date symlink: /home/rasp-8771/pi_ws/install/ros2_control_demo_example_2/share/ros2_control_demo_example_2/environment/library_path.sh
[0.622s] -- Up-to-date symlink: /home/rasp-8771/pi_ws/install/ros2_control_demo_example_2/share/ros2_control_demo_example_2/environment/library_path.dsv
[0.623s] -- Up-to-date symlink: /home/rasp-8771/pi_ws/install/ros2_control_demo_example_2/share/ament_index/resource_index/package_run_dependencies/ros2_control_demo_example_2
[0.623s] -- Up-to-date symlink: /home/rasp-8771/pi_ws/install/ros2_control_demo_example_2/share/ament_index/resource_index/parent_prefix_path/ros2_control_demo_example_2
[0.624s] -- Up-to-date symlink: /home/rasp-8771/pi_ws/install/ros2_control_demo_example_2/share/ros2_control_demo_example_2/environment/ament_prefix_path.sh
[0.632s] -- Up-to-date symlink: /home/rasp-8771/pi_ws/install/ros2_control_demo_example_2/share/ros2_control_demo_example_2/environment/ament_prefix_path.dsv
[0.634s] -- Up-to-date symlink: /home/rasp-8771/pi_ws/install/ros2_control_demo_example_2/share/ros2_control_demo_example_2/environment/path.sh
[0.635s] -- Up-to-date symlink: /home/rasp-8771/pi_ws/install/ros2_control_demo_example_2/share/ros2_control_demo_example_2/environment/path.dsv
[0.635s] -- Up-to-date symlink: /home/rasp-8771/pi_ws/install/ros2_control_demo_example_2/share/ros2_control_demo_example_2/local_setup.bash
[0.637s] -- Up-to-date symlink: /home/rasp-8771/pi_ws/install/ros2_control_demo_example_2/share/ros2_control_demo_example_2/local_setup.sh
[0.638s] -- Up-to-date symlink: /home/rasp-8771/pi_ws/install/ros2_control_demo_example_2/share/ros2_control_demo_example_2/local_setup.zsh
[0.638s] -- Up-to-date symlink: /home/rasp-8771/pi_ws/install/ros2_control_demo_example_2/share/ros2_control_demo_example_2/local_setup.dsv
[0.639s] -- Symlinking: /home/rasp-8771/pi_ws/install/ros2_control_demo_example_2/share/ros2_control_demo_example_2/package.dsv
[0.663s] -- Up-to-date symlink: /home/rasp-8771/pi_ws/install/ros2_control_demo_example_2/share/ament_index/resource_index/packages/ros2_control_demo_example_2
[0.665s] -- Up-to-date symlink: /home/rasp-8771/pi_ws/install/ros2_control_demo_example_2/share/ament_index/resource_index/hardware_interface__pluginlib__plugin/ros2_control_demo_example_2
[0.666s] -- Up-to-date symlink: /home/rasp-8771/pi_ws/install/ros2_control_demo_example_2/share/ros2_control_demo_example_2/cmake/ament_cmake_export_targets-extras.cmake
[0.667s] -- Up-to-date symlink: /home/rasp-8771/pi_ws/install/ros2_control_demo_example_2/share/ros2_control_demo_example_2/cmake/ament_cmake_export_dependencies-extras.cmake
[0.669s] -- Up-to-date symlink: /home/rasp-8771/pi_ws/install/ros2_control_demo_example_2/share/ros2_control_demo_example_2/cmake/ros2_control_demo_example_2Config.cmake
[0.670s] -- Up-to-date symlink: /home/rasp-8771/pi_ws/install/ros2_control_demo_example_2/share/ros2_control_demo_example_2/cmake/ros2_control_demo_example_2Config-version.cmake
[0.672s] -- Up-to-date symlink: /home/rasp-8771/pi_ws/install/ros2_control_demo_example_2/share/ros2_control_demo_example_2/package.xml
[0.672s] -- Up-to-date: /home/rasp-8771/pi_ws/install/ros2_control_demo_example_2/lib/libros2_control_demo_example_2.so
[0.675s] -- Up-to-date: /home/rasp-8771/pi_ws/install/ros2_control_demo_example_2/share/ros2_control_demo_example_2/cmake/export_ros2_control_demo_example_2Export.cmake
[0.675s] -- Up-to-date: /home/rasp-8771/pi_ws/install/ros2_control_demo_example_2/share/ros2_control_demo_example_2/cmake/export_ros2_control_demo_example_2Export-noconfig.cmake
[0.682s] Invoked command in '/home/rasp-8771/pi_ws/build/ros2_control_demo_example_2' returned '0': CMAKE_PREFIX_PATH=${CMAKE_PREFIX_PATH}:/opt/ros/iron /usr/bin/cmake --install /home/rasp-8771/pi_ws/build/ros2_control_demo_example_2
