[0.078s] Invoking command in '/home/rasp-8771/pi_ws/build/ros2_control_demo_description': CMAKE_PREFIX_PATH=/opt/ros/iron /usr/bin/cmake --build /home/rasp-8771/pi_ws/build/ros2_control_demo_description -- -j4 -l4
[0.560s] Invoked command in '/home/rasp-8771/pi_ws/build/ros2_control_demo_description' returned '0': CMAKE_PREFIX_PATH=/opt/ros/iron /usr/bin/cmake --build /home/rasp-8771/pi_ws/build/ros2_control_demo_description -- -j4 -l4
[0.716s] Invoking command in '/home/rasp-8771/pi_ws/build/ros2_control_demo_description': CMAKE_PREFIX_PATH=/opt/ros/iron /usr/bin/cmake --install /home/rasp-8771/pi_ws/build/ros2_control_demo_description
[0.746s] -- Install configuration: ""
[0.751s] -- Execute custom install script
[0.764s] -- Up-to-date symlink: /home/rasp-8771/pi_ws/install/ros2_control_demo_description/share/ros2_control_demo_description/rrbot/urdf/rrbot.materials.xacro
[0.766s] -- Up-to-date symlink: /home/rasp-8771/pi_ws/install/ros2_control_demo_description/share/ros2_control_demo_description/rrbot/urdf/rrbot_description.urdf.xacro
[0.770s] -- Up-to-date symlink: /home/rasp-8771/pi_ws/install/ros2_control_demo_description/share/ros2_control_demo_description/rrbot/rviz/rrbot.rviz
[0.775s] -- Up-to-date symlink: /home/rasp-8771/pi_ws/install/ros2_control_demo_description/share/ros2_control_demo_description/diffbot/urdf/diffbot.materials.xacro
[0.777s] -- Up-to-date symlink: /home/rasp-8771/pi_ws/install/ros2_control_demo_description/share/ros2_control_demo_description/diffbot/urdf/diffbot_description.urdf.xacro
[0.780s] -- Up-to-date symlink: /home/rasp-8771/pi_ws/install/ros2_control_demo_description/share/ros2_control_demo_description/diffbot/rviz/diffbot.rviz
[0.782s] -- Up-to-date symlink: /home/rasp-8771/pi_ws/install/ros2_control_demo_description/share/ros2_control_demo_description/diffbot/rviz/diffbot_view.rviz
[0.786s] -- Up-to-date symlink: /home/rasp-8771/pi_ws/install/ros2_control_demo_description/share/ros2_control_demo_description/carlikebot/urdf/carlikebot.materials.xacro
[0.788s] -- Up-to-date symlink: /home/rasp-8771/pi_ws/install/ros2_control_demo_description/share/ros2_control_demo_description/carlikebot/urdf/carlikebot_description.urdf.xacro
[0.791s] -- Up-to-date symlink: /home/rasp-8771/pi_ws/install/ros2_control_demo_description/share/ros2_control_demo_description/carlikebot/rviz/carlikebot.rviz
[0.792s] -- Up-to-date symlink: /home/rasp-8771/pi_ws/install/ros2_control_demo_description/share/ros2_control_demo_description/carlikebot/rviz/carlikebot_view.rviz
[0.800s] -- Up-to-date symlink: /home/rasp-8771/pi_ws/install/ros2_control_demo_description/share/ros2_control_demo_description/r6bot/meshes/collision/link_0.stl
[0.802s] -- Up-to-date symlink: /home/rasp-8771/pi_ws/install/ros2_control_demo_description/share/ros2_control_demo_description/r6bot/meshes/collision/link_1.stl
[0.803s] -- Up-to-date symlink: /home/rasp-8771/pi_ws/install/ros2_control_demo_description/share/ros2_control_demo_description/r6bot/meshes/collision/link_2.stl
[0.805s] -- Up-to-date symlink: /home/rasp-8771/pi_ws/install/ros2_control_demo_description/share/ros2_control_demo_description/r6bot/meshes/collision/link_3.stl
[0.807s] -- Up-to-date symlink: /home/rasp-8771/pi_ws/install/ros2_control_demo_description/share/ros2_control_demo_description/r6bot/meshes/collision/link_4.stl
[0.808s] -- Up-to-date symlink: /home/rasp-8771/pi_ws/install/ros2_control_demo_description/share/ros2_control_demo_description/r6bot/meshes/collision/link_5.stl
[0.810s] -- Up-to-date symlink: /home/rasp-8771/pi_ws/install/ros2_control_demo_description/share/ros2_control_demo_description/r6bot/meshes/collision/link_6.stl
[0.813s] -- Up-to-date symlink: /home/rasp-8771/pi_ws/install/ros2_control_demo_description/share/ros2_control_demo_description/r6bot/meshes/visual/link_0.dae
[0.814s] -- Up-to-date symlink: /home/rasp-8771/pi_ws/install/ros2_control_demo_description/share/ros2_control_demo_description/r6bot/meshes/visual/link_1.dae
[0.816s] -- Up-to-date symlink: /home/rasp-8771/pi_ws/install/ros2_control_demo_description/share/ros2_control_demo_description/r6bot/meshes/visual/link_2.dae
[0.818s] -- Up-to-date symlink: /home/rasp-8771/pi_ws/install/ros2_control_demo_description/share/ros2_control_demo_description/r6bot/meshes/visual/link_3.dae
[0.820s] -- Up-to-date symlink: /home/rasp-8771/pi_ws/install/ros2_control_demo_description/share/ros2_control_demo_description/r6bot/meshes/visual/link_4.dae
[0.821s] -- Up-to-date symlink: /home/rasp-8771/pi_ws/install/ros2_control_demo_description/share/ros2_control_demo_description/r6bot/meshes/visual/link_5.dae
[0.823s] -- Up-to-date symlink: /home/rasp-8771/pi_ws/install/ros2_control_demo_description/share/ros2_control_demo_description/r6bot/meshes/visual/link_6.dae
[0.826s] -- Up-to-date symlink: /home/rasp-8771/pi_ws/install/ros2_control_demo_description/share/ros2_control_demo_description/r6bot/srdf/r6bot.srdf
[0.833s] -- Up-to-date symlink: /home/rasp-8771/pi_ws/install/ros2_control_demo_description/share/ros2_control_demo_description/r6bot/urdf/inc/create_link.xacro
[0.835s] -- Up-to-date symlink: /home/rasp-8771/pi_ws/install/ros2_control_demo_description/share/ros2_control_demo_description/r6bot/urdf/r6bot_description.urdf.xacro
[0.838s] -- Up-to-date symlink: /home/rasp-8771/pi_ws/install/ros2_control_demo_description/share/ros2_control_demo_description/r6bot/rviz/view_robot.rviz
[0.842s] -- Up-to-date symlink: /home/rasp-8771/pi_ws/install/ros2_control_demo_description/share/ament_index/resource_index/package_run_dependencies/ros2_control_demo_description
[0.844s] -- Up-to-date symlink: /home/rasp-8771/pi_ws/install/ros2_control_demo_description/share/ament_index/resource_index/parent_prefix_path/ros2_control_demo_description
[0.847s] -- Up-to-date symlink: /home/rasp-8771/pi_ws/install/ros2_control_demo_description/share/ros2_control_demo_description/environment/ament_prefix_path.sh
[0.849s] -- Up-to-date symlink: /home/rasp-8771/pi_ws/install/ros2_control_demo_description/share/ros2_control_demo_description/environment/ament_prefix_path.dsv
[0.850s] -- Up-to-date symlink: /home/rasp-8771/pi_ws/install/ros2_control_demo_description/share/ros2_control_demo_description/environment/path.sh
[0.852s] -- Up-to-date symlink: /home/rasp-8771/pi_ws/install/ros2_control_demo_description/share/ros2_control_demo_description/environment/path.dsv
[0.854s] -- Up-to-date symlink: /home/rasp-8771/pi_ws/install/ros2_control_demo_description/share/ros2_control_demo_description/local_setup.bash
[0.856s] -- Up-to-date symlink: /home/rasp-8771/pi_ws/install/ros2_control_demo_description/share/ros2_control_demo_description/local_setup.sh
[0.858s] -- Up-to-date symlink: /home/rasp-8771/pi_ws/install/ros2_control_demo_description/share/ros2_control_demo_description/local_setup.zsh
[0.859s] -- Up-to-date symlink: /home/rasp-8771/pi_ws/install/ros2_control_demo_description/share/ros2_control_demo_description/local_setup.dsv
[0.864s] -- Symlinking: /home/rasp-8771/pi_ws/install/ros2_control_demo_description/share/ros2_control_demo_description/package.dsv
[0.900s] -- Up-to-date symlink: /home/rasp-8771/pi_ws/install/ros2_control_demo_description/share/ament_index/resource_index/packages/ros2_control_demo_description
[0.902s] -- Up-to-date symlink: /home/rasp-8771/pi_ws/install/ros2_control_demo_description/share/ros2_control_demo_description/cmake/ros2_control_demo_descriptionConfig.cmake
[0.904s] -- Up-to-date symlink: /home/rasp-8771/pi_ws/install/ros2_control_demo_description/share/ros2_control_demo_description/cmake/ros2_control_demo_descriptionConfig-version.cmake
[0.908s] -- Up-to-date symlink: /home/rasp-8771/pi_ws/install/ros2_control_demo_description/share/ros2_control_demo_description/package.xml
[0.916s] Invoked command in '/home/rasp-8771/pi_ws/build/ros2_control_demo_description' returned '0': CMAKE_PREFIX_PATH=/opt/ros/iron /usr/bin/cmake --install /home/rasp-8771/pi_ws/build/ros2_control_demo_description
