[0.072s] Invoking command in '/home/rasp-8771/pi_ws/build/ros2_control_demo_description': CMAKE_PREFIX_PATH=/opt/ros/iron /usr/bin/cmake --build /home/rasp-8771/pi_ws/build/ros2_control_demo_description -- -j4 -l4
[0.528s] Invoked command in '/home/rasp-8771/pi_ws/build/ros2_control_demo_description' returned '0': CMAKE_PREFIX_PATH=/opt/ros/iron /usr/bin/cmake --build /home/rasp-8771/pi_ws/build/ros2_control_demo_description -- -j4 -l4
[0.677s] Invoking command in '/home/rasp-8771/pi_ws/build/ros2_control_demo_description': CMAKE_PREFIX_PATH=/opt/ros/iron /usr/bin/cmake --install /home/rasp-8771/pi_ws/build/ros2_control_demo_description
[0.709s] -- Install configuration: ""
[0.713s] -- Execute custom install script
[0.726s] -- Up-to-date symlink: /home/rasp-8771/pi_ws/install/ros2_control_demo_description/share/ros2_control_demo_description/rrbot/urdf/rrbot.materials.xacro
[0.728s] -- Up-to-date symlink: /home/rasp-8771/pi_ws/install/ros2_control_demo_description/share/ros2_control_demo_description/rrbot/urdf/rrbot_description.urdf.xacro
[0.733s] -- Up-to-date symlink: /home/rasp-8771/pi_ws/install/ros2_control_demo_description/share/ros2_control_demo_description/rrbot/rviz/rrbot.rviz
[0.739s] -- Up-to-date symlink: /home/rasp-8771/pi_ws/install/ros2_control_demo_description/share/ros2_control_demo_description/diffbot/urdf/diffbot.materials.xacro
[0.740s] -- Up-to-date symlink: /home/rasp-8771/pi_ws/install/ros2_control_demo_description/share/ros2_control_demo_description/diffbot/urdf/diffbot_description.urdf.xacro
[0.744s] -- Up-to-date symlink: /home/rasp-8771/pi_ws/install/ros2_control_demo_description/share/ros2_control_demo_description/diffbot/rviz/diffbot.rviz
[0.745s] -- Up-to-date symlink: /home/rasp-8771/pi_ws/install/ros2_control_demo_description/share/ros2_control_demo_description/diffbot/rviz/diffbot_view.rviz
[0.750s] -- Up-to-date symlink: /home/rasp-8771/pi_ws/install/ros2_control_demo_description/share/ros2_control_demo_description/carlikebot/urdf/carlikebot.materials.xacro
[0.751s] -- Up-to-date symlink: /home/rasp-8771/pi_ws/install/ros2_control_demo_description/share/ros2_control_demo_description/carlikebot/urdf/carlikebot_description.urdf.xacro
[0.755s] -- Up-to-date symlink: /home/rasp-8771/pi_ws/install/ros2_control_demo_description/share/ros2_control_demo_description/carlikebot/rviz/carlikebot.rviz
[0.756s] -- Up-to-date symlink: /home/rasp-8771/pi_ws/install/ros2_control_demo_description/share/ros2_control_demo_description/carlikebot/rviz/carlikebot_view.rviz
[0.764s] -- Up-to-date symlink: /home/rasp-8771/pi_ws/install/ros2_control_demo_description/share/ros2_control_demo_description/r6bot/meshes/collision/link_0.stl
[0.765s] -- Up-to-date symlink: /home/rasp-8771/pi_ws/install/ros2_control_demo_description/share/ros2_control_demo_description/r6bot/meshes/collision/link_1.stl
[0.767s] -- Up-to-date symlink: /home/rasp-8771/pi_ws/install/ros2_control_demo_description/share/ros2_control_demo_description/r6bot/meshes/collision/link_2.stl
[0.769s] -- Up-to-date symlink: /home/rasp-8771/pi_ws/install/ros2_control_demo_description/share/ros2_control_demo_description/r6bot/meshes/collision/link_3.stl
[0.771s] -- Up-to-date symlink: /home/rasp-8771/pi_ws/install/ros2_control_demo_description/share/ros2_control_demo_description/r6bot/meshes/collision/link_4.stl
[0.772s] -- Up-to-date symlink: /home/rasp-8771/pi_ws/install/ros2_control_demo_description/share/ros2_control_demo_description/r6bot/meshes/collision/link_5.stl
[0.774s] -- Up-to-date symlink: /home/rasp-8771/pi_ws/install/ros2_control_demo_description/share/ros2_control_demo_description/r6bot/meshes/collision/link_6.stl
[0.776s] -- Up-to-date symlink: /home/rasp-8771/pi_ws/install/ros2_control_demo_description/share/ros2_control_demo_description/r6bot/meshes/visual/link_0.dae
[0.778s] -- Up-to-date symlink: /home/rasp-8771/pi_ws/install/ros2_control_demo_description/share/ros2_control_demo_description/r6bot/meshes/visual/link_1.dae
[0.779s] -- Up-to-date symlink: /home/rasp-8771/pi_ws/install/ros2_control_demo_description/share/ros2_control_demo_description/r6bot/meshes/visual/link_2.dae
[0.781s] -- Up-to-date symlink: /home/rasp-8771/pi_ws/install/ros2_control_demo_description/share/ros2_control_demo_description/r6bot/meshes/visual/link_3.dae
[0.782s] -- Up-to-date symlink: /home/rasp-8771/pi_ws/install/ros2_control_demo_description/share/ros2_control_demo_description/r6bot/meshes/visual/link_4.dae
[0.784s] -- Up-to-date symlink: /home/rasp-8771/pi_ws/install/ros2_control_demo_description/share/ros2_control_demo_description/r6bot/meshes/visual/link_5.dae
[0.785s] -- Up-to-date symlink: /home/rasp-8771/pi_ws/install/ros2_control_demo_description/share/ros2_control_demo_description/r6bot/meshes/visual/link_6.dae
[0.789s] -- Up-to-date symlink: /home/rasp-8771/pi_ws/install/ros2_control_demo_description/share/ros2_control_demo_description/r6bot/srdf/r6bot.srdf
[0.793s] -- Up-to-date symlink: /home/rasp-8771/pi_ws/install/ros2_control_demo_description/share/ros2_control_demo_description/r6bot/urdf/inc/create_link.xacro
[0.795s] -- Up-to-date symlink: /home/rasp-8771/pi_ws/install/ros2_control_demo_description/share/ros2_control_demo_description/r6bot/urdf/r6bot_description.urdf.xacro
[0.798s] -- Up-to-date symlink: /home/rasp-8771/pi_ws/install/ros2_control_demo_description/share/ros2_control_demo_description/r6bot/rviz/view_robot.rviz
[0.802s] -- Up-to-date symlink: /home/rasp-8771/pi_ws/install/ros2_control_demo_description/share/ament_index/resource_index/package_run_dependencies/ros2_control_demo_description
[0.807s] -- Up-to-date symlink: /home/rasp-8771/pi_ws/install/ros2_control_demo_description/share/ament_index/resource_index/parent_prefix_path/ros2_control_demo_description
[0.810s] -- Up-to-date symlink: /home/rasp-8771/pi_ws/install/ros2_control_demo_description/share/ros2_control_demo_description/environment/ament_prefix_path.sh
[0.812s] -- Up-to-date symlink: /home/rasp-8771/pi_ws/install/ros2_control_demo_description/share/ros2_control_demo_description/environment/ament_prefix_path.dsv
[0.814s] -- Up-to-date symlink: /home/rasp-8771/pi_ws/install/ros2_control_demo_description/share/ros2_control_demo_description/environment/path.sh
[0.816s] -- Up-to-date symlink: /home/rasp-8771/pi_ws/install/ros2_control_demo_description/share/ros2_control_demo_description/environment/path.dsv
[0.818s] -- Up-to-date symlink: /home/rasp-8771/pi_ws/install/ros2_control_demo_description/share/ros2_control_demo_description/local_setup.bash
[0.820s] -- Up-to-date symlink: /home/rasp-8771/pi_ws/install/ros2_control_demo_description/share/ros2_control_demo_description/local_setup.sh
[0.822s] -- Up-to-date symlink: /home/rasp-8771/pi_ws/install/ros2_control_demo_description/share/ros2_control_demo_description/local_setup.zsh
[0.823s] -- Up-to-date symlink: /home/rasp-8771/pi_ws/install/ros2_control_demo_description/share/ros2_control_demo_description/local_setup.dsv
[0.824s] -- Symlinking: /home/rasp-8771/pi_ws/install/ros2_control_demo_description/share/ros2_control_demo_description/package.dsv
[0.860s] -- Up-to-date symlink: /home/rasp-8771/pi_ws/install/ros2_control_demo_description/share/ament_index/resource_index/packages/ros2_control_demo_description
[0.862s] -- Up-to-date symlink: /home/rasp-8771/pi_ws/install/ros2_control_demo_description/share/ros2_control_demo_description/cmake/ros2_control_demo_descriptionConfig.cmake
[0.864s] -- Up-to-date symlink: /home/rasp-8771/pi_ws/install/ros2_control_demo_description/share/ros2_control_demo_description/cmake/ros2_control_demo_descriptionConfig-version.cmake
[0.866s] -- Up-to-date symlink: /home/rasp-8771/pi_ws/install/ros2_control_demo_description/share/ros2_control_demo_description/package.xml
[0.874s] Invoked command in '/home/rasp-8771/pi_ws/build/ros2_control_demo_description' returned '0': CMAKE_PREFIX_PATH=/opt/ros/iron /usr/bin/cmake --install /home/rasp-8771/pi_ws/build/ros2_control_demo_description
