[0.071s] Invoking command in '/home/rasp-8771/pi_ws/build/ros2_control_demo_description': CMAKE_PREFIX_PATH=/opt/ros/iron /usr/bin/cmake --build /home/rasp-8771/pi_ws/build/ros2_control_demo_description -- -j4 -l4
[0.514s] Invoked command in '/home/rasp-8771/pi_ws/build/ros2_control_demo_description' returned '0': CMAKE_PREFIX_PATH=/opt/ros/iron /usr/bin/cmake --build /home/rasp-8771/pi_ws/build/ros2_control_demo_description -- -j4 -l4
[0.651s] Invoking command in '/home/rasp-8771/pi_ws/build/ros2_control_demo_description': CMAKE_PREFIX_PATH=/opt/ros/iron /usr/bin/cmake --install /home/rasp-8771/pi_ws/build/ros2_control_demo_description
[0.682s] -- Install configuration: ""
[0.687s] -- Execute custom install script
[0.702s] -- Up-to-date symlink: /home/rasp-8771/pi_ws/install/ros2_control_demo_description/share/ros2_control_demo_description/rrbot/urdf/rrbot.materials.xacro
[0.705s] -- Up-to-date symlink: /home/rasp-8771/pi_ws/install/ros2_control_demo_description/share/ros2_control_demo_description/rrbot/urdf/rrbot_description.urdf.xacro
[0.710s] -- Up-to-date symlink: /home/rasp-8771/pi_ws/install/ros2_control_demo_description/share/ros2_control_demo_description/rrbot/rviz/rrbot.rviz
[0.716s] -- Up-to-date symlink: /home/rasp-8771/pi_ws/install/ros2_control_demo_description/share/ros2_control_demo_description/diffbot/urdf/diffbot.materials.xacro
[0.718s] -- Up-to-date symlink: /home/rasp-8771/pi_ws/install/ros2_control_demo_description/share/ros2_control_demo_description/diffbot/urdf/diffbot_description.urdf.xacro
[0.722s] -- Up-to-date symlink: /home/rasp-8771/pi_ws/install/ros2_control_demo_description/share/ros2_control_demo_description/diffbot/rviz/diffbot.rviz
[0.724s] -- Up-to-date symlink: /home/rasp-8771/pi_ws/install/ros2_control_demo_description/share/ros2_control_demo_description/diffbot/rviz/diffbot_view.rviz
[0.730s] -- Up-to-date symlink: /home/rasp-8771/pi_ws/install/ros2_control_demo_description/share/ros2_control_demo_description/carlikebot/urdf/carlikebot.materials.xacro
[0.732s] -- Up-to-date symlink: /home/rasp-8771/pi_ws/install/ros2_control_demo_description/share/ros2_control_demo_description/carlikebot/urdf/carlikebot_description.urdf.xacro
[0.737s] -- Up-to-date symlink: /home/rasp-8771/pi_ws/install/ros2_control_demo_description/share/ros2_control_demo_description/carlikebot/rviz/carlikebot.rviz
[0.739s] -- Up-to-date symlink: /home/rasp-8771/pi_ws/install/ros2_control_demo_description/share/ros2_control_demo_description/carlikebot/rviz/carlikebot_view.rviz
[0.749s] -- Up-to-date symlink: /home/rasp-8771/pi_ws/install/ros2_control_demo_description/share/ros2_control_demo_description/r6bot/meshes/collision/link_0.stl
[0.751s] -- Up-to-date symlink: /home/rasp-8771/pi_ws/install/ros2_control_demo_description/share/ros2_control_demo_description/r6bot/meshes/collision/link_1.stl
[0.753s] -- Up-to-date symlink: /home/rasp-8771/pi_ws/install/ros2_control_demo_description/share/ros2_control_demo_description/r6bot/meshes/collision/link_2.stl
[0.756s] -- Up-to-date symlink: /home/rasp-8771/pi_ws/install/ros2_control_demo_description/share/ros2_control_demo_description/r6bot/meshes/collision/link_3.stl
[0.758s] -- Up-to-date symlink: /home/rasp-8771/pi_ws/install/ros2_control_demo_description/share/ros2_control_demo_description/r6bot/meshes/collision/link_4.stl
[0.760s] -- Up-to-date symlink: /home/rasp-8771/pi_ws/install/ros2_control_demo_description/share/ros2_control_demo_description/r6bot/meshes/collision/link_5.stl
[0.762s] -- Up-to-date symlink: /home/rasp-8771/pi_ws/install/ros2_control_demo_description/share/ros2_control_demo_description/r6bot/meshes/collision/link_6.stl
[0.765s] -- Up-to-date symlink: /home/rasp-8771/pi_ws/install/ros2_control_demo_description/share/ros2_control_demo_description/r6bot/meshes/visual/link_0.dae
[0.766s] -- Up-to-date symlink: /home/rasp-8771/pi_ws/install/ros2_control_demo_description/share/ros2_control_demo_description/r6bot/meshes/visual/link_1.dae
[0.768s] -- Up-to-date symlink: /home/rasp-8771/pi_ws/install/ros2_control_demo_description/share/ros2_control_demo_description/r6bot/meshes/visual/link_2.dae
[0.770s] -- Up-to-date symlink: /home/rasp-8771/pi_ws/install/ros2_control_demo_description/share/ros2_control_demo_description/r6bot/meshes/visual/link_3.dae
[0.772s] -- Up-to-date symlink: /home/rasp-8771/pi_ws/install/ros2_control_demo_description/share/ros2_control_demo_description/r6bot/meshes/visual/link_4.dae
[0.774s] -- Up-to-date symlink: /home/rasp-8771/pi_ws/install/ros2_control_demo_description/share/ros2_control_demo_description/r6bot/meshes/visual/link_5.dae
[0.776s] -- Up-to-date symlink: /home/rasp-8771/pi_ws/install/ros2_control_demo_description/share/ros2_control_demo_description/r6bot/meshes/visual/link_6.dae
[0.780s] -- Up-to-date symlink: /home/rasp-8771/pi_ws/install/ros2_control_demo_description/share/ros2_control_demo_description/r6bot/srdf/r6bot.srdf
[0.786s] -- Up-to-date symlink: /home/rasp-8771/pi_ws/install/ros2_control_demo_description/share/ros2_control_demo_description/r6bot/urdf/inc/create_link.xacro
[0.788s] -- Up-to-date symlink: /home/rasp-8771/pi_ws/install/ros2_control_demo_description/share/ros2_control_demo_description/r6bot/urdf/r6bot_description.urdf.xacro
[0.792s] -- Up-to-date symlink: /home/rasp-8771/pi_ws/install/ros2_control_demo_description/share/ros2_control_demo_description/r6bot/rviz/view_robot.rviz
[0.797s] -- Up-to-date symlink: /home/rasp-8771/pi_ws/install/ros2_control_demo_description/share/ament_index/resource_index/package_run_dependencies/ros2_control_demo_description
[0.801s] -- Up-to-date symlink: /home/rasp-8771/pi_ws/install/ros2_control_demo_description/share/ament_index/resource_index/parent_prefix_path/ros2_control_demo_description
[0.804s] -- Up-to-date symlink: /home/rasp-8771/pi_ws/install/ros2_control_demo_description/share/ros2_control_demo_description/environment/ament_prefix_path.sh
[0.807s] -- Up-to-date symlink: /home/rasp-8771/pi_ws/install/ros2_control_demo_description/share/ros2_control_demo_description/environment/ament_prefix_path.dsv
[0.809s] -- Up-to-date symlink: /home/rasp-8771/pi_ws/install/ros2_control_demo_description/share/ros2_control_demo_description/environment/path.sh
[0.811s] -- Up-to-date symlink: /home/rasp-8771/pi_ws/install/ros2_control_demo_description/share/ros2_control_demo_description/environment/path.dsv
[0.813s] -- Up-to-date symlink: /home/rasp-8771/pi_ws/install/ros2_control_demo_description/share/ros2_control_demo_description/local_setup.bash
[0.815s] -- Up-to-date symlink: /home/rasp-8771/pi_ws/install/ros2_control_demo_description/share/ros2_control_demo_description/local_setup.sh
[0.817s] -- Up-to-date symlink: /home/rasp-8771/pi_ws/install/ros2_control_demo_description/share/ros2_control_demo_description/local_setup.zsh
[0.819s] -- Up-to-date symlink: /home/rasp-8771/pi_ws/install/ros2_control_demo_description/share/ros2_control_demo_description/local_setup.dsv
[0.825s] -- Symlinking: /home/rasp-8771/pi_ws/install/ros2_control_demo_description/share/ros2_control_demo_description/package.dsv
[0.862s] -- Up-to-date symlink: /home/rasp-8771/pi_ws/install/ros2_control_demo_description/share/ament_index/resource_index/packages/ros2_control_demo_description
[0.865s] -- Up-to-date symlink: /home/rasp-8771/pi_ws/install/ros2_control_demo_description/share/ros2_control_demo_description/cmake/ros2_control_demo_descriptionConfig.cmake
[0.866s] -- Up-to-date symlink: /home/rasp-8771/pi_ws/install/ros2_control_demo_description/share/ros2_control_demo_description/cmake/ros2_control_demo_descriptionConfig-version.cmake
[0.868s] -- Up-to-date symlink: /home/rasp-8771/pi_ws/install/ros2_control_demo_description/share/ros2_control_demo_description/package.xml
[0.876s] Invoked command in '/home/rasp-8771/pi_ws/build/ros2_control_demo_description' returned '0': CMAKE_PREFIX_PATH=/opt/ros/iron /usr/bin/cmake --install /home/rasp-8771/pi_ws/build/ros2_control_demo_description
