[0.463s] DEBUG:colcon:Command line arguments: ['/usr/bin/colcon', 'build', '--symlink-install']
[0.464s] DEBUG:colcon:Parsed command line arguments: Namespace(log_base=None, log_level=None, verb_name='build', build_base='build', install_base='install', merge_install=False, symlink_install=True, test_result_base=None, continue_on_error=False, executor='parallel', parallel_workers=4, event_handlers=None, ignore_user_meta=False, metas=['./colcon.meta'], base_paths=['.'], packages_ignore=None, packages_ignore_regex=None, paths=None, packages_up_to=None, packages_up_to_regex=None, packages_above=None, packages_above_and_dependencies=None, packages_above_depth=None, packages_select_by_dep=None, packages_skip_by_dep=None, packages_skip_up_to=None, packages_select_build_failed=False, packages_skip_build_finished=False, packages_select_test_failures=False, packages_skip_test_passed=False, packages_select=None, packages_skip=None, packages_select_regex=None, packages_skip_regex=None, packages_start=None, packages_end=None, allow_overriding=[], cmake_args=None, cmake_target=None, cmake_target_skip_unavailable=False, cmake_clean_cache=False, cmake_clean_first=False, cmake_force_configure=False, ament_cmake_args=None, catkin_cmake_args=None, catkin_skip_building_tests=False, mixin_files=None, mixin=None, verb_parser=<colcon_mixin.mixin.mixin_argument.MixinArgumentDecorator object at 0xffffa08766b0>, verb_extension=<colcon_core.verb.build.BuildVerb object at 0xffffa0876140>, main=<bound method BuildVerb.main of <colcon_core.verb.build.BuildVerb object at 0xffffa0876140>>, mixin_verb=('build',))
[1.336s] Level 1:colcon.colcon_core.package_discovery:discover_packages(colcon_meta) check parameters
[1.337s] Level 1:colcon.colcon_core.package_discovery:discover_packages(recursive) check parameters
[1.337s] Level 1:colcon.colcon_core.package_discovery:discover_packages(ignore) check parameters
[1.337s] Level 1:colcon.colcon_core.package_discovery:discover_packages(path) check parameters
[1.337s] Level 1:colcon.colcon_core.package_discovery:discover_packages(colcon_meta) discover
[1.337s] Level 1:colcon.colcon_core.package_discovery:discover_packages(recursive) discover
[1.338s] INFO:colcon.colcon_core.package_discovery:Crawling recursively for packages in '/home/rasp-8771/pi_ws'
[1.338s] Level 1:colcon.colcon_core.package_identification:_identify(.) by extensions ['ignore', 'ignore_ament_install']
[1.339s] Level 1:colcon.colcon_core.package_identification:_identify(.) by extension 'ignore'
[1.339s] Level 1:colcon.colcon_core.package_identification:_identify(.) by extension 'ignore_ament_install'
[1.339s] Level 1:colcon.colcon_core.package_identification:_identify(.) by extensions ['colcon_pkg']
[1.339s] Level 1:colcon.colcon_core.package_identification:_identify(.) by extension 'colcon_pkg'
[1.340s] Level 1:colcon.colcon_core.package_identification:_identify(.) by extensions ['colcon_meta']
[1.340s] Level 1:colcon.colcon_core.package_identification:_identify(.) by extension 'colcon_meta'
[1.340s] Level 1:colcon.colcon_core.package_identification:_identify(.) by extensions ['ros']
[1.340s] Level 1:colcon.colcon_core.package_identification:_identify(.) by extension 'ros'
[1.384s] Level 1:colcon.colcon_core.package_identification:_identify(.) by extensions ['cmake', 'python']
[1.384s] Level 1:colcon.colcon_core.package_identification:_identify(.) by extension 'cmake'
[1.384s] Level 1:colcon.colcon_core.package_identification:_identify(.) by extension 'python'
[1.385s] Level 1:colcon.colcon_core.package_identification:_identify(.) by extensions ['python_setup_py']
[1.385s] Level 1:colcon.colcon_core.package_identification:_identify(.) by extension 'python_setup_py'
[1.385s] Level 1:colcon.colcon_core.package_identification:_identify(build) by extensions ['ignore', 'ignore_ament_install']
[1.386s] Level 1:colcon.colcon_core.package_identification:_identify(build) by extension 'ignore'
[1.386s] Level 1:colcon.colcon_core.package_identification:_identify(build) ignored
[1.387s] Level 1:colcon.colcon_core.package_identification:_identify(install) by extensions ['ignore', 'ignore_ament_install']
[1.387s] Level 1:colcon.colcon_core.package_identification:_identify(install) by extension 'ignore'
[1.387s] Level 1:colcon.colcon_core.package_identification:_identify(install) ignored
[1.388s] Level 1:colcon.colcon_core.package_identification:_identify(log) by extensions ['ignore', 'ignore_ament_install']
[1.389s] Level 1:colcon.colcon_core.package_identification:_identify(log) by extension 'ignore'
[1.389s] Level 1:colcon.colcon_core.package_identification:_identify(log) ignored
[1.389s] Level 1:colcon.colcon_core.package_identification:_identify(src) by extensions ['ignore', 'ignore_ament_install']
[1.390s] Level 1:colcon.colcon_core.package_identification:_identify(src) by extension 'ignore'
[1.390s] Level 1:colcon.colcon_core.package_identification:_identify(src) by extension 'ignore_ament_install'
[1.390s] Level 1:colcon.colcon_core.package_identification:_identify(src) by extensions ['colcon_pkg']
[1.390s] Level 1:colcon.colcon_core.package_identification:_identify(src) by extension 'colcon_pkg'
[1.390s] Level 1:colcon.colcon_core.package_identification:_identify(src) by extensions ['colcon_meta']
[1.391s] Level 1:colcon.colcon_core.package_identification:_identify(src) by extension 'colcon_meta'
[1.391s] Level 1:colcon.colcon_core.package_identification:_identify(src) by extensions ['ros']
[1.391s] Level 1:colcon.colcon_core.package_identification:_identify(src) by extension 'ros'
[1.391s] Level 1:colcon.colcon_core.package_identification:_identify(src) by extensions ['cmake', 'python']
[1.392s] Level 1:colcon.colcon_core.package_identification:_identify(src) by extension 'cmake'
[1.392s] Level 1:colcon.colcon_core.package_identification:_identify(src) by extension 'python'
[1.392s] Level 1:colcon.colcon_core.package_identification:_identify(src) by extensions ['python_setup_py']
[1.392s] Level 1:colcon.colcon_core.package_identification:_identify(src) by extension 'python_setup_py'
[1.393s] Level 1:colcon.colcon_core.package_identification:_identify(src/bevbot_arduino) by extensions ['ignore', 'ignore_ament_install']
[1.393s] Level 1:colcon.colcon_core.package_identification:_identify(src/bevbot_arduino) by extension 'ignore'
[1.393s] Level 1:colcon.colcon_core.package_identification:_identify(src/bevbot_arduino) by extension 'ignore_ament_install'
[1.393s] Level 1:colcon.colcon_core.package_identification:_identify(src/bevbot_arduino) by extensions ['colcon_pkg']
[1.394s] Level 1:colcon.colcon_core.package_identification:_identify(src/bevbot_arduino) by extension 'colcon_pkg'
[1.394s] Level 1:colcon.colcon_core.package_identification:_identify(src/bevbot_arduino) by extensions ['colcon_meta']
[1.394s] Level 1:colcon.colcon_core.package_identification:_identify(src/bevbot_arduino) by extension 'colcon_meta'
[1.394s] Level 1:colcon.colcon_core.package_identification:_identify(src/bevbot_arduino) by extensions ['ros']
[1.394s] Level 1:colcon.colcon_core.package_identification:_identify(src/bevbot_arduino) by extension 'ros'
[1.405s] DEBUG:colcon.colcon_core.package_identification:Package 'src/bevbot_arduino' with type 'ros.ament_cmake' and name 'bevbot_arduino'
[1.406s] Level 1:colcon.colcon_core.package_identification:_identify(src/ros2_control_demo_description) by extensions ['ignore', 'ignore_ament_install']
[1.407s] Level 1:colcon.colcon_core.package_identification:_identify(src/ros2_control_demo_description) by extension 'ignore'
[1.407s] Level 1:colcon.colcon_core.package_identification:_identify(src/ros2_control_demo_description) by extension 'ignore_ament_install'
[1.407s] Level 1:colcon.colcon_core.package_identification:_identify(src/ros2_control_demo_description) by extensions ['colcon_pkg']
[1.407s] Level 1:colcon.colcon_core.package_identification:_identify(src/ros2_control_demo_description) by extension 'colcon_pkg'
[1.408s] Level 1:colcon.colcon_core.package_identification:_identify(src/ros2_control_demo_description) by extensions ['colcon_meta']
[1.408s] Level 1:colcon.colcon_core.package_identification:_identify(src/ros2_control_demo_description) by extension 'colcon_meta'
[1.408s] Level 1:colcon.colcon_core.package_identification:_identify(src/ros2_control_demo_description) by extensions ['ros']
[1.408s] Level 1:colcon.colcon_core.package_identification:_identify(src/ros2_control_demo_description) by extension 'ros'
[1.410s] DEBUG:colcon.colcon_core.package_identification:Package 'src/ros2_control_demo_description' with type 'ros.ament_cmake' and name 'ros2_control_demo_description'
[1.410s] Level 1:colcon.colcon_core.package_discovery:discover_packages(recursive) using defaults
[1.411s] Level 1:colcon.colcon_core.package_discovery:discover_packages(ignore) discover
[1.411s] Level 1:colcon.colcon_core.package_discovery:discover_packages(ignore) using defaults
[1.411s] Level 1:colcon.colcon_core.package_discovery:discover_packages(path) discover
[1.411s] Level 1:colcon.colcon_core.package_discovery:discover_packages(path) using defaults
[1.531s] Level 1:colcon.colcon_core.package_discovery:discover_packages(prefix_path) check parameters
[1.532s] Level 1:colcon.colcon_core.package_discovery:discover_packages(prefix_path) discover
[1.541s] DEBUG:colcon.colcon_installed_package_information.package_discovery:Found 2 installed packages in /home/rasp-8771/pi_ws/install
[1.552s] DEBUG:colcon.colcon_installed_package_information.package_discovery:Found 360 installed packages in /opt/ros/iron
[1.561s] Level 1:colcon.colcon_core.package_discovery:discover_packages(prefix_path) using defaults
[1.787s] Level 5:colcon.colcon_core.verb:set package 'ros2_control_demo_description' build argument 'cmake_args' from command line to 'None'
[1.787s] Level 5:colcon.colcon_core.verb:set package 'ros2_control_demo_description' build argument 'cmake_target' from command line to 'None'
[1.787s] Level 5:colcon.colcon_core.verb:set package 'ros2_control_demo_description' build argument 'cmake_target_skip_unavailable' from command line to 'False'
[1.787s] Level 5:colcon.colcon_core.verb:set package 'ros2_control_demo_description' build argument 'cmake_clean_cache' from command line to 'False'
[1.788s] Level 5:colcon.colcon_core.verb:set package 'ros2_control_demo_description' build argument 'cmake_clean_first' from command line to 'False'
[1.788s] Level 5:colcon.colcon_core.verb:set package 'ros2_control_demo_description' build argument 'cmake_force_configure' from command line to 'False'
[1.788s] Level 5:colcon.colcon_core.verb:set package 'ros2_control_demo_description' build argument 'ament_cmake_args' from command line to 'None'
[1.788s] Level 5:colcon.colcon_core.verb:set package 'ros2_control_demo_description' build argument 'catkin_cmake_args' from command line to 'None'
[1.788s] Level 5:colcon.colcon_core.verb:set package 'ros2_control_demo_description' build argument 'catkin_skip_building_tests' from command line to 'False'
[1.788s] DEBUG:colcon.colcon_core.verb:Building package 'ros2_control_demo_description' with the following arguments: {'ament_cmake_args': None, 'build_base': '/home/rasp-8771/pi_ws/build/ros2_control_demo_description', 'catkin_cmake_args': None, 'catkin_skip_building_tests': False, 'cmake_args': None, 'cmake_clean_cache': False, 'cmake_clean_first': False, 'cmake_force_configure': False, 'cmake_target': None, 'cmake_target_skip_unavailable': False, 'install_base': '/home/rasp-8771/pi_ws/install/ros2_control_demo_description', 'merge_install': False, 'path': '/home/rasp-8771/pi_ws/src/ros2_control_demo_description', 'symlink_install': True, 'test_result_base': None}
[1.790s] Level 5:colcon.colcon_core.verb:set package 'bevbot_arduino' build argument 'cmake_args' from command line to 'None'
[1.790s] Level 5:colcon.colcon_core.verb:set package 'bevbot_arduino' build argument 'cmake_target' from command line to 'None'
[1.790s] Level 5:colcon.colcon_core.verb:set package 'bevbot_arduino' build argument 'cmake_target_skip_unavailable' from command line to 'False'
[1.790s] Level 5:colcon.colcon_core.verb:set package 'bevbot_arduino' build argument 'cmake_clean_cache' from command line to 'False'
[1.790s] Level 5:colcon.colcon_core.verb:set package 'bevbot_arduino' build argument 'cmake_clean_first' from command line to 'False'
[1.790s] Level 5:colcon.colcon_core.verb:set package 'bevbot_arduino' build argument 'cmake_force_configure' from command line to 'False'
[1.790s] Level 5:colcon.colcon_core.verb:set package 'bevbot_arduino' build argument 'ament_cmake_args' from command line to 'None'
[1.791s] Level 5:colcon.colcon_core.verb:set package 'bevbot_arduino' build argument 'catkin_cmake_args' from command line to 'None'
[1.791s] Level 5:colcon.colcon_core.verb:set package 'bevbot_arduino' build argument 'catkin_skip_building_tests' from command line to 'False'
[1.791s] DEBUG:colcon.colcon_core.verb:Building package 'bevbot_arduino' with the following arguments: {'ament_cmake_args': None, 'build_base': '/home/rasp-8771/pi_ws/build/bevbot_arduino', 'catkin_cmake_args': None, 'catkin_skip_building_tests': False, 'cmake_args': None, 'cmake_clean_cache': False, 'cmake_clean_first': False, 'cmake_force_configure': False, 'cmake_target': None, 'cmake_target_skip_unavailable': False, 'install_base': '/home/rasp-8771/pi_ws/install/bevbot_arduino', 'merge_install': False, 'path': '/home/rasp-8771/pi_ws/src/bevbot_arduino', 'symlink_install': True, 'test_result_base': None}
[1.791s] INFO:colcon.colcon_core.executor:Executing jobs using 'parallel' executor
[1.795s] DEBUG:colcon.colcon_parallel_executor.executor.parallel:run_until_complete
[1.796s] INFO:colcon.colcon_ros.task.ament_cmake.build:Building ROS package in '/home/rasp-8771/pi_ws/src/ros2_control_demo_description' with build type 'ament_cmake'
[1.797s] INFO:colcon.colcon_cmake.task.cmake.build:Building CMake package in '/home/rasp-8771/pi_ws/src/ros2_control_demo_description'
[1.805s] INFO:colcon.colcon_core.plugin_system:Skipping extension 'colcon_core.shell.bat': Not used on non-Windows systems
[1.806s] INFO:colcon.colcon_core.shell:Skip shell extension 'powershell' for command environment: Not usable outside of PowerShell
[1.806s] DEBUG:colcon.colcon_core.shell:Skip shell extension 'dsv' for command environment
[1.860s] DEBUG:colcon.colcon_core.event_handler.log_command:Invoking command in '/home/rasp-8771/pi_ws/build/ros2_control_demo_description': CMAKE_PREFIX_PATH=${CMAKE_PREFIX_PATH}:/opt/ros/iron /usr/bin/cmake --build /home/rasp-8771/pi_ws/build/ros2_control_demo_description -- -j4 -l4
[2.009s] DEBUG:colcon.colcon_core.event_handler.log_command:Invoked command in '/home/rasp-8771/pi_ws/build/ros2_control_demo_description' returned '0': CMAKE_PREFIX_PATH=${CMAKE_PREFIX_PATH}:/opt/ros/iron /usr/bin/cmake --build /home/rasp-8771/pi_ws/build/ros2_control_demo_description -- -j4 -l4
[2.170s] DEBUG:colcon.colcon_core.event_handler.log_command:Invoking command in '/home/rasp-8771/pi_ws/build/ros2_control_demo_description': CMAKE_PREFIX_PATH=${CMAKE_PREFIX_PATH}:/opt/ros/iron /usr/bin/cmake --install /home/rasp-8771/pi_ws/build/ros2_control_demo_description
[2.286s] Level 1:colcon.colcon_core.environment:create_environment_scripts_only(ros2_control_demo_description)
[2.288s] DEBUG:colcon.colcon_core.event_handler.log_command:Invoked command in '/home/rasp-8771/pi_ws/build/ros2_control_demo_description' returned '0': CMAKE_PREFIX_PATH=${CMAKE_PREFIX_PATH}:/opt/ros/iron /usr/bin/cmake --install /home/rasp-8771/pi_ws/build/ros2_control_demo_description
[2.300s] Level 1:colcon.colcon_core.environment:checking '/home/rasp-8771/pi_ws/install/ros2_control_demo_description' for CMake module files
[2.303s] Level 1:colcon.colcon_core.environment:checking '/home/rasp-8771/pi_ws/install/ros2_control_demo_description' for CMake config files
[2.309s] Level 1:colcon.colcon_core.shell:create_environment_hook('ros2_control_demo_description', 'cmake_prefix_path')
[2.311s] INFO:colcon.colcon_core.shell:Creating environment hook '/home/rasp-8771/pi_ws/install/ros2_control_demo_description/share/ros2_control_demo_description/hook/cmake_prefix_path.ps1'
[2.313s] INFO:colcon.colcon_core.shell:Creating environment descriptor '/home/rasp-8771/pi_ws/install/ros2_control_demo_description/share/ros2_control_demo_description/hook/cmake_prefix_path.dsv'
[2.316s] INFO:colcon.colcon_core.shell:Creating environment hook '/home/rasp-8771/pi_ws/install/ros2_control_demo_description/share/ros2_control_demo_description/hook/cmake_prefix_path.sh'
[2.321s] Level 1:colcon.colcon_core.environment:checking '/home/rasp-8771/pi_ws/install/ros2_control_demo_description/bin'
[2.321s] Level 1:colcon.colcon_core.environment:checking '/home/rasp-8771/pi_ws/install/ros2_control_demo_description/lib/pkgconfig/ros2_control_demo_description.pc'
[2.322s] Level 1:colcon.colcon_core.environment:checking '/home/rasp-8771/pi_ws/install/ros2_control_demo_description/lib/python3.10/site-packages'
[2.323s] Level 1:colcon.colcon_core.environment:checking '/home/rasp-8771/pi_ws/install/ros2_control_demo_description/bin'
[2.325s] INFO:colcon.colcon_core.shell:Creating package script '/home/rasp-8771/pi_ws/install/ros2_control_demo_description/share/ros2_control_demo_description/package.ps1'
[2.329s] INFO:colcon.colcon_core.shell:Creating package descriptor '/home/rasp-8771/pi_ws/install/ros2_control_demo_description/share/ros2_control_demo_description/package.dsv'
[2.332s] INFO:colcon.colcon_core.shell:Creating package script '/home/rasp-8771/pi_ws/install/ros2_control_demo_description/share/ros2_control_demo_description/package.sh'
[2.335s] INFO:colcon.colcon_core.shell:Creating package script '/home/rasp-8771/pi_ws/install/ros2_control_demo_description/share/ros2_control_demo_description/package.bash'
[2.339s] INFO:colcon.colcon_core.shell:Creating package script '/home/rasp-8771/pi_ws/install/ros2_control_demo_description/share/ros2_control_demo_description/package.zsh'
[2.342s] Level 1:colcon.colcon_core.environment:create_file_with_runtime_dependencies(/home/rasp-8771/pi_ws/install/ros2_control_demo_description/share/colcon-core/packages/ros2_control_demo_description)
[2.455s] Level 1:colcon.colcon_core.environment:create_environment_scripts_only(ros2_control_demo_description)
[2.457s] Level 1:colcon.colcon_core.environment:checking '/home/rasp-8771/pi_ws/install/ros2_control_demo_description' for CMake module files
[2.459s] Level 1:colcon.colcon_core.environment:checking '/home/rasp-8771/pi_ws/install/ros2_control_demo_description' for CMake config files
[2.466s] Level 1:colcon.colcon_core.shell:create_environment_hook('ros2_control_demo_description', 'cmake_prefix_path')
[2.468s] INFO:colcon.colcon_core.shell:Creating environment hook '/home/rasp-8771/pi_ws/install/ros2_control_demo_description/share/ros2_control_demo_description/hook/cmake_prefix_path.ps1'
[2.470s] INFO:colcon.colcon_core.shell:Creating environment descriptor '/home/rasp-8771/pi_ws/install/ros2_control_demo_description/share/ros2_control_demo_description/hook/cmake_prefix_path.dsv'
[2.473s] INFO:colcon.colcon_core.shell:Creating environment hook '/home/rasp-8771/pi_ws/install/ros2_control_demo_description/share/ros2_control_demo_description/hook/cmake_prefix_path.sh'
[2.476s] Level 1:colcon.colcon_core.environment:checking '/home/rasp-8771/pi_ws/install/ros2_control_demo_description/bin'
[2.476s] Level 1:colcon.colcon_core.environment:checking '/home/rasp-8771/pi_ws/install/ros2_control_demo_description/lib/pkgconfig/ros2_control_demo_description.pc'
[2.477s] Level 1:colcon.colcon_core.environment:checking '/home/rasp-8771/pi_ws/install/ros2_control_demo_description/lib/python3.10/site-packages'
[2.478s] Level 1:colcon.colcon_core.environment:checking '/home/rasp-8771/pi_ws/install/ros2_control_demo_description/bin'
[2.480s] INFO:colcon.colcon_core.shell:Creating package script '/home/rasp-8771/pi_ws/install/ros2_control_demo_description/share/ros2_control_demo_description/package.ps1'
[2.482s] INFO:colcon.colcon_core.shell:Creating package descriptor '/home/rasp-8771/pi_ws/install/ros2_control_demo_description/share/ros2_control_demo_description/package.dsv'
[2.484s] INFO:colcon.colcon_core.shell:Creating package script '/home/rasp-8771/pi_ws/install/ros2_control_demo_description/share/ros2_control_demo_description/package.sh'
[2.486s] INFO:colcon.colcon_core.shell:Creating package script '/home/rasp-8771/pi_ws/install/ros2_control_demo_description/share/ros2_control_demo_description/package.bash'
[2.489s] INFO:colcon.colcon_core.shell:Creating package script '/home/rasp-8771/pi_ws/install/ros2_control_demo_description/share/ros2_control_demo_description/package.zsh'
[2.491s] Level 1:colcon.colcon_core.environment:create_file_with_runtime_dependencies(/home/rasp-8771/pi_ws/install/ros2_control_demo_description/share/colcon-core/packages/ros2_control_demo_description)
[2.492s] INFO:colcon.colcon_ros.task.ament_cmake.build:Building ROS package in '/home/rasp-8771/pi_ws/src/bevbot_arduino' with build type 'ament_cmake'
[2.493s] INFO:colcon.colcon_cmake.task.cmake.build:Building CMake package in '/home/rasp-8771/pi_ws/src/bevbot_arduino'
[2.494s] INFO:colcon.colcon_core.shell:Skip shell extension 'powershell' for command environment: Not usable outside of PowerShell
[2.494s] DEBUG:colcon.colcon_core.shell:Skip shell extension 'dsv' for command environment
[2.553s] DEBUG:colcon.colcon_core.event_handler.log_command:Invoking command in '/home/rasp-8771/pi_ws/build/bevbot_arduino': CMAKE_PREFIX_PATH=/home/rasp-8771/pi_ws/install/ros2_control_demo_description:/home/rasp-8771/pi_ws/install/bevbot_arduino:/opt/ros/iron /usr/bin/cmake --build /home/rasp-8771/pi_ws/build/bevbot_arduino -- -j4 -l4
[2.845s] DEBUG:colcon.colcon_core.event_handler.log_command:Invoked command in '/home/rasp-8771/pi_ws/build/bevbot_arduino' returned '0': CMAKE_PREFIX_PATH=/home/rasp-8771/pi_ws/install/ros2_control_demo_description:/home/rasp-8771/pi_ws/install/bevbot_arduino:/opt/ros/iron /usr/bin/cmake --build /home/rasp-8771/pi_ws/build/bevbot_arduino -- -j4 -l4
[2.989s] DEBUG:colcon.colcon_core.event_handler.log_command:Invoking command in '/home/rasp-8771/pi_ws/build/bevbot_arduino': CMAKE_PREFIX_PATH=/home/rasp-8771/pi_ws/install/ros2_control_demo_description:/home/rasp-8771/pi_ws/install/bevbot_arduino:/opt/ros/iron /usr/bin/cmake --install /home/rasp-8771/pi_ws/build/bevbot_arduino
[3.110s] Level 1:colcon.colcon_core.environment:create_environment_scripts_only(bevbot_arduino)
[3.112s] Level 1:colcon.colcon_core.environment:checking '/home/rasp-8771/pi_ws/install/bevbot_arduino' for CMake module files
[3.113s] DEBUG:colcon.colcon_core.event_handler.log_command:Invoked command in '/home/rasp-8771/pi_ws/build/bevbot_arduino' returned '0': CMAKE_PREFIX_PATH=/home/rasp-8771/pi_ws/install/ros2_control_demo_description:/home/rasp-8771/pi_ws/install/bevbot_arduino:/opt/ros/iron /usr/bin/cmake --install /home/rasp-8771/pi_ws/build/bevbot_arduino
[3.116s] Level 1:colcon.colcon_core.environment:checking '/home/rasp-8771/pi_ws/install/bevbot_arduino' for CMake config files
[3.121s] Level 1:colcon.colcon_core.shell:create_environment_hook('bevbot_arduino', 'cmake_prefix_path')
[3.123s] INFO:colcon.colcon_core.shell:Creating environment hook '/home/rasp-8771/pi_ws/install/bevbot_arduino/share/bevbot_arduino/hook/cmake_prefix_path.ps1'
[3.125s] INFO:colcon.colcon_core.shell:Creating environment descriptor '/home/rasp-8771/pi_ws/install/bevbot_arduino/share/bevbot_arduino/hook/cmake_prefix_path.dsv'
[3.127s] INFO:colcon.colcon_core.shell:Creating environment hook '/home/rasp-8771/pi_ws/install/bevbot_arduino/share/bevbot_arduino/hook/cmake_prefix_path.sh'
[3.132s] Level 1:colcon.colcon_core.environment:checking '/home/rasp-8771/pi_ws/install/bevbot_arduino/lib'
[3.133s] Level 1:colcon.colcon_core.shell:create_environment_hook('bevbot_arduino', 'ld_library_path_lib')
[3.134s] INFO:colcon.colcon_core.shell:Creating environment hook '/home/rasp-8771/pi_ws/install/bevbot_arduino/share/bevbot_arduino/hook/ld_library_path_lib.ps1'
[3.136s] INFO:colcon.colcon_core.shell:Creating environment descriptor '/home/rasp-8771/pi_ws/install/bevbot_arduino/share/bevbot_arduino/hook/ld_library_path_lib.dsv'
[3.138s] INFO:colcon.colcon_core.shell:Creating environment hook '/home/rasp-8771/pi_ws/install/bevbot_arduino/share/bevbot_arduino/hook/ld_library_path_lib.sh'
[3.140s] Level 1:colcon.colcon_core.environment:checking '/home/rasp-8771/pi_ws/install/bevbot_arduino/bin'
[3.140s] Level 1:colcon.colcon_core.environment:checking '/home/rasp-8771/pi_ws/install/bevbot_arduino/lib/pkgconfig/bevbot_arduino.pc'
[3.141s] Level 1:colcon.colcon_core.environment:checking '/home/rasp-8771/pi_ws/install/bevbot_arduino/lib/python3.10/site-packages'
[3.142s] Level 1:colcon.colcon_core.environment:checking '/home/rasp-8771/pi_ws/install/bevbot_arduino/bin'
[3.143s] INFO:colcon.colcon_core.shell:Creating package script '/home/rasp-8771/pi_ws/install/bevbot_arduino/share/bevbot_arduino/package.ps1'
[3.146s] INFO:colcon.colcon_core.shell:Creating package descriptor '/home/rasp-8771/pi_ws/install/bevbot_arduino/share/bevbot_arduino/package.dsv'
[3.148s] INFO:colcon.colcon_core.shell:Creating package script '/home/rasp-8771/pi_ws/install/bevbot_arduino/share/bevbot_arduino/package.sh'
[3.150s] INFO:colcon.colcon_core.shell:Creating package script '/home/rasp-8771/pi_ws/install/bevbot_arduino/share/bevbot_arduino/package.bash'
[3.152s] INFO:colcon.colcon_core.shell:Creating package script '/home/rasp-8771/pi_ws/install/bevbot_arduino/share/bevbot_arduino/package.zsh'
[3.154s] Level 1:colcon.colcon_core.environment:create_file_with_runtime_dependencies(/home/rasp-8771/pi_ws/install/bevbot_arduino/share/colcon-core/packages/bevbot_arduino)
[3.283s] Level 1:colcon.colcon_core.environment:create_environment_scripts_only(bevbot_arduino)
[3.284s] Level 1:colcon.colcon_core.environment:checking '/home/rasp-8771/pi_ws/install/bevbot_arduino' for CMake module files
[3.287s] Level 1:colcon.colcon_core.environment:checking '/home/rasp-8771/pi_ws/install/bevbot_arduino' for CMake config files
[3.292s] Level 1:colcon.colcon_core.shell:create_environment_hook('bevbot_arduino', 'cmake_prefix_path')
[3.293s] INFO:colcon.colcon_core.shell:Creating environment hook '/home/rasp-8771/pi_ws/install/bevbot_arduino/share/bevbot_arduino/hook/cmake_prefix_path.ps1'
[3.295s] INFO:colcon.colcon_core.shell:Creating environment descriptor '/home/rasp-8771/pi_ws/install/bevbot_arduino/share/bevbot_arduino/hook/cmake_prefix_path.dsv'
[3.298s] INFO:colcon.colcon_core.shell:Creating environment hook '/home/rasp-8771/pi_ws/install/bevbot_arduino/share/bevbot_arduino/hook/cmake_prefix_path.sh'
[3.301s] Level 1:colcon.colcon_core.environment:checking '/home/rasp-8771/pi_ws/install/bevbot_arduino/lib'
[3.302s] Level 1:colcon.colcon_core.shell:create_environment_hook('bevbot_arduino', 'ld_library_path_lib')
[3.303s] INFO:colcon.colcon_core.shell:Creating environment hook '/home/rasp-8771/pi_ws/install/bevbot_arduino/share/bevbot_arduino/hook/ld_library_path_lib.ps1'
[3.305s] INFO:colcon.colcon_core.shell:Creating environment descriptor '/home/rasp-8771/pi_ws/install/bevbot_arduino/share/bevbot_arduino/hook/ld_library_path_lib.dsv'
[3.306s] INFO:colcon.colcon_core.shell:Creating environment hook '/home/rasp-8771/pi_ws/install/bevbot_arduino/share/bevbot_arduino/hook/ld_library_path_lib.sh'
[3.308s] Level 1:colcon.colcon_core.environment:checking '/home/rasp-8771/pi_ws/install/bevbot_arduino/bin'
[3.309s] Level 1:colcon.colcon_core.environment:checking '/home/rasp-8771/pi_ws/install/bevbot_arduino/lib/pkgconfig/bevbot_arduino.pc'
[3.310s] Level 1:colcon.colcon_core.environment:checking '/home/rasp-8771/pi_ws/install/bevbot_arduino/lib/python3.10/site-packages'
[3.311s] Level 1:colcon.colcon_core.environment:checking '/home/rasp-8771/pi_ws/install/bevbot_arduino/bin'
[3.312s] INFO:colcon.colcon_core.shell:Creating package script '/home/rasp-8771/pi_ws/install/bevbot_arduino/share/bevbot_arduino/package.ps1'
[3.315s] INFO:colcon.colcon_core.shell:Creating package descriptor '/home/rasp-8771/pi_ws/install/bevbot_arduino/share/bevbot_arduino/package.dsv'
[3.317s] INFO:colcon.colcon_core.shell:Creating package script '/home/rasp-8771/pi_ws/install/bevbot_arduino/share/bevbot_arduino/package.sh'
[3.320s] INFO:colcon.colcon_core.shell:Creating package script '/home/rasp-8771/pi_ws/install/bevbot_arduino/share/bevbot_arduino/package.bash'
[3.322s] INFO:colcon.colcon_core.shell:Creating package script '/home/rasp-8771/pi_ws/install/bevbot_arduino/share/bevbot_arduino/package.zsh'
[3.324s] Level 1:colcon.colcon_core.environment:create_file_with_runtime_dependencies(/home/rasp-8771/pi_ws/install/bevbot_arduino/share/colcon-core/packages/bevbot_arduino)
[3.325s] DEBUG:colcon.colcon_parallel_executor.executor.parallel:closing loop
[3.326s] DEBUG:colcon.colcon_parallel_executor.executor.parallel:loop closed
[3.327s] DEBUG:colcon.colcon_parallel_executor.executor.parallel:run_until_complete finished with '0'
[3.328s] DEBUG:colcon.colcon_core.event_reactor:joining thread
[3.352s] INFO:colcon.colcon_core.plugin_system:Skipping extension 'colcon_notification.desktop_notification.terminal_notifier': Not used on non-Darwin systems
[3.353s] INFO:colcon.colcon_core.plugin_system:Skipping extension 'colcon_notification.desktop_notification.win32': Not used on non-Windows systems
[3.353s] INFO:colcon.colcon_notification.desktop_notification:Sending desktop notification using 'notify2'
[3.827s] DEBUG:colcon.colcon_core.event_reactor:joined thread
[3.829s] INFO:colcon.colcon_core.shell:Creating prefix script '/home/rasp-8771/pi_ws/install/local_setup.ps1'
[3.835s] INFO:colcon.colcon_core.shell:Creating prefix util module '/home/rasp-8771/pi_ws/install/_local_setup_util_ps1.py'
[3.844s] INFO:colcon.colcon_core.shell:Creating prefix chain script '/home/rasp-8771/pi_ws/install/setup.ps1'
[3.849s] INFO:colcon.colcon_core.shell:Creating prefix script '/home/rasp-8771/pi_ws/install/local_setup.sh'
[3.852s] INFO:colcon.colcon_core.shell:Creating prefix util module '/home/rasp-8771/pi_ws/install/_local_setup_util_sh.py'
[3.855s] INFO:colcon.colcon_core.shell:Creating prefix chain script '/home/rasp-8771/pi_ws/install/setup.sh'
[3.859s] INFO:colcon.colcon_core.shell:Creating prefix script '/home/rasp-8771/pi_ws/install/local_setup.bash'
[3.862s] INFO:colcon.colcon_core.shell:Creating prefix chain script '/home/rasp-8771/pi_ws/install/setup.bash'
[3.866s] INFO:colcon.colcon_core.shell:Creating prefix script '/home/rasp-8771/pi_ws/install/local_setup.zsh'
[3.869s] INFO:colcon.colcon_core.shell:Creating prefix chain script '/home/rasp-8771/pi_ws/install/setup.zsh'
