[35m[1mConsolidate compiler generated dependencies of target bevbot_arduino[0m
[ 50%] [32mBuilding CXX object CMakeFiles/bevbot_arduino.dir/hardware/diffbot_system.cpp.o[0m
[100%] [32m[1mLinking CXX shared library libbevbot_arduino.so[0m
[100%] Built target bevbot_arduino
-- Install configuration: ""
-- Execute custom install script
-- Up-to-date symlink: /home/rasp-8771/pi_ws/install/bevbot_arduino/share/bevbot_arduino//bevbot_arduino.xml
-- Up-to-date symlink: /home/rasp-8771/pi_ws/install/bevbot_arduino/include/bevbot_arduino/bevbot_arduino/arduino_comms.hpp
-- Up-to-date symlink: /home/rasp-8771/pi_ws/install/bevbot_arduino/include/bevbot_arduino/bevbot_arduino/diffbot_system.hpp
-- Up-to-date symlink: /home/rasp-8771/pi_ws/install/bevbot_arduino/include/bevbot_arduino/bevbot_arduino/visibility_control.h
-- Up-to-date symlink: /home/rasp-8771/pi_ws/install/bevbot_arduino/include/bevbot_arduino/bevbot_arduino/wheel.hpp
-- Up-to-date symlink: /home/rasp-8771/pi_ws/install/bevbot_arduino/share/bevbot_arduino/launch/view_robot.launch.py
-- Up-to-date symlink: /home/rasp-8771/pi_ws/install/bevbot_arduino/share/bevbot_arduino/ros2_control/diffbot.ros2_control.xacro
-- Up-to-date symlink: /home/rasp-8771/pi_ws/install/bevbot_arduino/share/bevbot_arduino/urdf/bevbot_core.xacro
-- Up-to-date symlink: /home/rasp-8771/pi_ws/install/bevbot_arduino/share/bevbot_arduino/urdf/camera.xacro
-- Up-to-date symlink: /home/rasp-8771/pi_ws/install/bevbot_arduino/share/bevbot_arduino/urdf/depth_camera.xacro
-- Up-to-date symlink: /home/rasp-8771/pi_ws/install/bevbot_arduino/share/bevbot_arduino/urdf/diffbot.urdf.xacro
-- Up-to-date symlink: /home/rasp-8771/pi_ws/install/bevbot_arduino/share/bevbot_arduino/urdf/inertial_macros.xacro
-- Up-to-date symlink: /home/rasp-8771/pi_ws/install/bevbot_arduino/share/bevbot_arduino/urdf/lidar.xacro
-- Up-to-date symlink: /home/rasp-8771/pi_ws/install/bevbot_arduino/share/bevbot_arduino/launch/diffbot.launch.py
-- Up-to-date symlink: /home/rasp-8771/pi_ws/install/bevbot_arduino/share/bevbot_arduino/config/diffbot_controllers.yaml
-- Up-to-date symlink: /home/rasp-8771/pi_ws/install/bevbot_arduino/share/bevbot_arduino/config/mapper_params_online_async.yaml
-- Up-to-date symlink: /home/rasp-8771/pi_ws/install/bevbot_arduino/share/bevbot_arduino/environment/library_path.sh
-- Up-to-date symlink: /home/rasp-8771/pi_ws/install/bevbot_arduino/share/bevbot_arduino/environment/library_path.dsv
-- Up-to-date symlink: /home/rasp-8771/pi_ws/install/bevbot_arduino/share/ament_index/resource_index/package_run_dependencies/bevbot_arduino
-- Up-to-date symlink: /home/rasp-8771/pi_ws/install/bevbot_arduino/share/ament_index/resource_index/parent_prefix_path/bevbot_arduino
-- Up-to-date symlink: /home/rasp-8771/pi_ws/install/bevbot_arduino/share/bevbot_arduino/environment/ament_prefix_path.sh
-- Up-to-date symlink: /home/rasp-8771/pi_ws/install/bevbot_arduino/share/bevbot_arduino/environment/ament_prefix_path.dsv
-- Up-to-date symlink: /home/rasp-8771/pi_ws/install/bevbot_arduino/share/bevbot_arduino/environment/path.sh
-- Up-to-date symlink: /home/rasp-8771/pi_ws/install/bevbot_arduino/share/bevbot_arduino/environment/path.dsv
-- Up-to-date symlink: /home/rasp-8771/pi_ws/install/bevbot_arduino/share/bevbot_arduino/local_setup.bash
-- Up-to-date symlink: /home/rasp-8771/pi_ws/install/bevbot_arduino/share/bevbot_arduino/local_setup.sh
-- Up-to-date symlink: /home/rasp-8771/pi_ws/install/bevbot_arduino/share/bevbot_arduino/local_setup.zsh
-- Up-to-date symlink: /home/rasp-8771/pi_ws/install/bevbot_arduino/share/bevbot_arduino/local_setup.dsv
-- Symlinking: /home/rasp-8771/pi_ws/install/bevbot_arduino/share/bevbot_arduino/package.dsv
-- Up-to-date symlink: /home/rasp-8771/pi_ws/install/bevbot_arduino/share/ament_index/resource_index/packages/bevbot_arduino
-- Up-to-date symlink: /home/rasp-8771/pi_ws/install/bevbot_arduino/share/ament_index/resource_index/hardware_interface__pluginlib__plugin/bevbot_arduino
-- Up-to-date symlink: /home/rasp-8771/pi_ws/install/bevbot_arduino/share/bevbot_arduino/cmake/ament_cmake_export_targets-extras.cmake
-- Up-to-date symlink: /home/rasp-8771/pi_ws/install/bevbot_arduino/share/bevbot_arduino/cmake/ament_cmake_export_dependencies-extras.cmake
-- Up-to-date symlink: /home/rasp-8771/pi_ws/install/bevbot_arduino/share/bevbot_arduino/cmake/bevbot_arduinoConfig.cmake
-- Up-to-date symlink: /home/rasp-8771/pi_ws/install/bevbot_arduino/share/bevbot_arduino/cmake/bevbot_arduinoConfig-version.cmake
-- Up-to-date symlink: /home/rasp-8771/pi_ws/install/bevbot_arduino/share/bevbot_arduino/package.xml
-- Installing: /home/rasp-8771/pi_ws/install/bevbot_arduino/lib/libbevbot_arduino.so
-- Set runtime path of "/home/rasp-8771/pi_ws/install/bevbot_arduino/lib/libbevbot_arduino.so" to ""
-- Up-to-date: /home/rasp-8771/pi_ws/install/bevbot_arduino/share/bevbot_arduino/cmake/export_bevbot_arduinoExport.cmake
-- Up-to-date: /home/rasp-8771/pi_ws/install/bevbot_arduino/share/bevbot_arduino/cmake/export_bevbot_arduinoExport-noconfig.cmake
