[0.045s] Invoking command in '/home/rasp-8771/pi_ws/build/bevbot_arduino': AMENT_PREFIX_PATH=/home/rasp-8771/pi_ws/install/ros2_control_demo_description:${AMENT_PREFIX_PATH} CMAKE_PREFIX_PATH=/home/rasp-8771/pi_ws/install/ros2_control_demo_description:/opt/ros/iron /usr/bin/cmake --build /home/rasp-8771/pi_ws/build/bevbot_arduino -- -j4 -l4
[0.525s] [100%] Built target bevbot_arduino
[0.564s] Invoked command in '/home/rasp-8771/pi_ws/build/bevbot_arduino' returned '0': AMENT_PREFIX_PATH=/home/rasp-8771/pi_ws/install/ros2_control_demo_description:${AMENT_PREFIX_PATH} CMAKE_PREFIX_PATH=/home/rasp-8771/pi_ws/install/ros2_control_demo_description:/opt/ros/iron /usr/bin/cmake --build /home/rasp-8771/pi_ws/build/bevbot_arduino -- -j4 -l4
[0.689s] Invoking command in '/home/rasp-8771/pi_ws/build/bevbot_arduino': AMENT_PREFIX_PATH=/home/rasp-8771/pi_ws/install/ros2_control_demo_description:${AMENT_PREFIX_PATH} CMAKE_PREFIX_PATH=/home/rasp-8771/pi_ws/install/ros2_control_demo_description:/opt/ros/iron /usr/bin/cmake --install /home/rasp-8771/pi_ws/build/bevbot_arduino
[0.717s] -- Install configuration: ""
[0.721s] -- Execute custom install script
[0.722s] -- Up-to-date symlink: /home/rasp-8771/pi_ws/install/bevbot_arduino/share/bevbot_arduino//bevbot_arduino.xml
[0.725s] -- Up-to-date symlink: /home/rasp-8771/pi_ws/install/bevbot_arduino/include/bevbot_arduino/bevbot_arduino/arduino_comms.hpp
[0.725s] -- Up-to-date symlink: /home/rasp-8771/pi_ws/install/bevbot_arduino/include/bevbot_arduino/bevbot_arduino/diffbot_system.hpp
[0.726s] -- Up-to-date symlink: /home/rasp-8771/pi_ws/install/bevbot_arduino/include/bevbot_arduino/bevbot_arduino/visibility_control.h
[0.727s] -- Up-to-date symlink: /home/rasp-8771/pi_ws/install/bevbot_arduino/include/bevbot_arduino/bevbot_arduino/wheel.hpp
[0.729s] -- Up-to-date symlink: /home/rasp-8771/pi_ws/install/bevbot_arduino/share/bevbot_arduino/launch/view_robot.launch.py
[0.730s] -- Up-to-date symlink: /home/rasp-8771/pi_ws/install/bevbot_arduino/share/bevbot_arduino/ros2_control/diffbot.ros2_control.xacro
[0.732s] -- Up-to-date symlink: /home/rasp-8771/pi_ws/install/bevbot_arduino/share/bevbot_arduino/urdf/bevbot_core.xacro
[0.733s] -- Up-to-date symlink: /home/rasp-8771/pi_ws/install/bevbot_arduino/share/bevbot_arduino/urdf/camera.xacro
[0.733s] -- Up-to-date symlink: /home/rasp-8771/pi_ws/install/bevbot_arduino/share/bevbot_arduino/urdf/depth_camera.xacro
[0.734s] -- Up-to-date symlink: /home/rasp-8771/pi_ws/install/bevbot_arduino/share/bevbot_arduino/urdf/diffbot.urdf.xacro
[0.735s] -- Up-to-date symlink: /home/rasp-8771/pi_ws/install/bevbot_arduino/share/bevbot_arduino/urdf/inertial_macros.xacro
[0.736s] -- Up-to-date symlink: /home/rasp-8771/pi_ws/install/bevbot_arduino/share/bevbot_arduino/urdf/lidar.xacro
[0.737s] -- Up-to-date symlink: /home/rasp-8771/pi_ws/install/bevbot_arduino/share/bevbot_arduino/launch/diffbot.launch.py
[0.738s] -- Up-to-date symlink: /home/rasp-8771/pi_ws/install/bevbot_arduino/share/bevbot_arduino/config/diffbot_controllers.yaml
[0.739s] -- Up-to-date symlink: /home/rasp-8771/pi_ws/install/bevbot_arduino/share/bevbot_arduino/config/mapper_params_online_async.yaml
[0.740s] -- Up-to-date symlink: /home/rasp-8771/pi_ws/install/bevbot_arduino/share/bevbot_arduino/environment/library_path.sh
[0.741s] -- Up-to-date symlink: /home/rasp-8771/pi_ws/install/bevbot_arduino/share/bevbot_arduino/environment/library_path.dsv
[0.742s] -- Up-to-date symlink: /home/rasp-8771/pi_ws/install/bevbot_arduino/share/ament_index/resource_index/package_run_dependencies/bevbot_arduino
[0.743s] -- Up-to-date symlink: /home/rasp-8771/pi_ws/install/bevbot_arduino/share/ament_index/resource_index/parent_prefix_path/bevbot_arduino
[0.744s] -- Up-to-date symlink: /home/rasp-8771/pi_ws/install/bevbot_arduino/share/bevbot_arduino/environment/ament_prefix_path.sh
[0.745s] -- Up-to-date symlink: /home/rasp-8771/pi_ws/install/bevbot_arduino/share/bevbot_arduino/environment/ament_prefix_path.dsv
[0.746s] -- Up-to-date symlink: /home/rasp-8771/pi_ws/install/bevbot_arduino/share/bevbot_arduino/environment/path.sh
[0.747s] -- Up-to-date symlink: /home/rasp-8771/pi_ws/install/bevbot_arduino/share/bevbot_arduino/environment/path.dsv
[0.748s] -- Up-to-date symlink: /home/rasp-8771/pi_ws/install/bevbot_arduino/share/bevbot_arduino/local_setup.bash
[0.749s] -- Up-to-date symlink: /home/rasp-8771/pi_ws/install/bevbot_arduino/share/bevbot_arduino/local_setup.sh
[0.750s] -- Up-to-date symlink: /home/rasp-8771/pi_ws/install/bevbot_arduino/share/bevbot_arduino/local_setup.zsh
[0.751s] -- Up-to-date symlink: /home/rasp-8771/pi_ws/install/bevbot_arduino/share/bevbot_arduino/local_setup.dsv
[0.751s] -- Symlinking: /home/rasp-8771/pi_ws/install/bevbot_arduino/share/bevbot_arduino/package.dsv
[0.784s] -- Up-to-date symlink: /home/rasp-8771/pi_ws/install/bevbot_arduino/share/ament_index/resource_index/packages/bevbot_arduino
[0.786s] -- Up-to-date symlink: /home/rasp-8771/pi_ws/install/bevbot_arduino/share/ament_index/resource_index/hardware_interface__pluginlib__plugin/bevbot_arduino
[0.787s] -- Up-to-date symlink: /home/rasp-8771/pi_ws/install/bevbot_arduino/share/bevbot_arduino/cmake/ament_cmake_export_targets-extras.cmake
[0.788s] -- Up-to-date symlink: /home/rasp-8771/pi_ws/install/bevbot_arduino/share/bevbot_arduino/cmake/ament_cmake_export_dependencies-extras.cmake
[0.789s] -- Up-to-date symlink: /home/rasp-8771/pi_ws/install/bevbot_arduino/share/bevbot_arduino/cmake/bevbot_arduinoConfig.cmake
[0.790s] -- Up-to-date symlink: /home/rasp-8771/pi_ws/install/bevbot_arduino/share/bevbot_arduino/cmake/bevbot_arduinoConfig-version.cmake
[0.790s] -- Up-to-date symlink: /home/rasp-8771/pi_ws/install/bevbot_arduino/share/bevbot_arduino/package.xml
[0.795s] -- Up-to-date: /home/rasp-8771/pi_ws/install/bevbot_arduino/lib/libbevbot_arduino.so
[0.798s] -- Up-to-date: /home/rasp-8771/pi_ws/install/bevbot_arduino/share/bevbot_arduino/cmake/export_bevbot_arduinoExport.cmake
[0.798s] -- Up-to-date: /home/rasp-8771/pi_ws/install/bevbot_arduino/share/bevbot_arduino/cmake/export_bevbot_arduinoExport-noconfig.cmake
[0.807s] Invoked command in '/home/rasp-8771/pi_ws/build/bevbot_arduino' returned '0': AMENT_PREFIX_PATH=/home/rasp-8771/pi_ws/install/ros2_control_demo_description:${AMENT_PREFIX_PATH} CMAKE_PREFIX_PATH=/home/rasp-8771/pi_ws/install/ros2_control_demo_description:/opt/ros/iron /usr/bin/cmake --install /home/rasp-8771/pi_ws/build/bevbot_arduino
