[0.109s] Invoking command in '/home/rasp-8771/pi_ws/build/depthai_descriptions': CMAKE_PREFIX_PATH=${CMAKE_PREFIX_PATH}:/opt/ros/iron /usr/bin/cmake /home/rasp-8771/pi_ws/src/depthai-ros/depthai_descriptions -DAMENT_CMAKE_SYMLINK_INSTALL=1 -DCMAKE_INSTALL_PREFIX=/home/rasp-8771/pi_ws/install/depthai_descriptions
[0.172s] -- Found ament_cmake: 2.0.5 (/opt/ros/iron/share/ament_cmake/cmake)
[1.111s] -- Override CMake install command with custom implementation using symlinks instead of copying resources
[1.557s] -- Configuring done
[1.614s] -- Generating done
[1.615s] -- Build files have been written to: /home/rasp-8771/pi_ws/build/depthai_descriptions
[1.620s] Invoked command in '/home/rasp-8771/pi_ws/build/depthai_descriptions' returned '0': CMAKE_PREFIX_PATH=${CMAKE_PREFIX_PATH}:/opt/ros/iron /usr/bin/cmake /home/rasp-8771/pi_ws/src/depthai-ros/depthai_descriptions -DAMENT_CMAKE_SYMLINK_INSTALL=1 -DCMAKE_INSTALL_PREFIX=/home/rasp-8771/pi_ws/install/depthai_descriptions
[1.631s] Invoking command in '/home/rasp-8771/pi_ws/build/depthai_descriptions': CMAKE_PREFIX_PATH=${CMAKE_PREFIX_PATH}:/opt/ros/iron /usr/bin/cmake --build /home/rasp-8771/pi_ws/build/depthai_descriptions -- -j4 -l4
[1.825s] Invoked command in '/home/rasp-8771/pi_ws/build/depthai_descriptions' returned '0': CMAKE_PREFIX_PATH=${CMAKE_PREFIX_PATH}:/opt/ros/iron /usr/bin/cmake --build /home/rasp-8771/pi_ws/build/depthai_descriptions -- -j4 -l4
[2.008s] Invoking command in '/home/rasp-8771/pi_ws/build/depthai_descriptions': CMAKE_PREFIX_PATH=${CMAKE_PREFIX_PATH}:/opt/ros/iron /usr/bin/cmake --install /home/rasp-8771/pi_ws/build/depthai_descriptions
[2.049s] -- Install configuration: ""
[2.051s] -- Execute custom install script
[2.054s] -- Symlinking: /home/rasp-8771/pi_ws/install/depthai_descriptions/share/depthai_descriptions/urdf/base_descr.urdf.xacro
[2.099s] -- Symlinking: /home/rasp-8771/pi_ws/install/depthai_descriptions/share/depthai_descriptions/urdf/depthai_descr.urdf.xacro
[2.146s] -- Symlinking: /home/rasp-8771/pi_ws/install/depthai_descriptions/share/depthai_descriptions/urdf/include/base_macro.urdf.xacro
[2.189s] -- Symlinking: /home/rasp-8771/pi_ws/install/depthai_descriptions/share/depthai_descriptions/urdf/include/depthai_macro.urdf.xacro
[2.236s] -- Symlinking: /home/rasp-8771/pi_ws/install/depthai_descriptions/share/depthai_descriptions/urdf/models/OAK-D-CM4-POE.stl
[2.278s] -- Symlinking: /home/rasp-8771/pi_ws/install/depthai_descriptions/share/depthai_descriptions/urdf/models/OAK-D-IOT-75.stl
[2.322s] -- Symlinking: /home/rasp-8771/pi_ws/install/depthai_descriptions/share/depthai_descriptions/urdf/models/OAK-D-LITE.stl
[2.364s] -- Symlinking: /home/rasp-8771/pi_ws/install/depthai_descriptions/share/depthai_descriptions/urdf/models/OAK-D-LR.stl
[2.405s] -- Symlinking: /home/rasp-8771/pi_ws/install/depthai_descriptions/share/depthai_descriptions/urdf/models/OAK-D-POE.stl
[2.452s] -- Symlinking: /home/rasp-8771/pi_ws/install/depthai_descriptions/share/depthai_descriptions/urdf/models/OAK-D-PRO-W.stl
[2.508s] -- Symlinking: /home/rasp-8771/pi_ws/install/depthai_descriptions/share/depthai_descriptions/urdf/models/OAK-D-PRO.stl
[2.577s] -- Symlinking: /home/rasp-8771/pi_ws/install/depthai_descriptions/share/depthai_descriptions/urdf/models/OAK-D-S2.stl
[2.625s] -- Symlinking: /home/rasp-8771/pi_ws/install/depthai_descriptions/share/depthai_descriptions/urdf/models/OAK-D-SR.stl
[2.670s] -- Symlinking: /home/rasp-8771/pi_ws/install/depthai_descriptions/share/depthai_descriptions/urdf/models/OAK-D.stl
[2.717s] -- Symlinking: /home/rasp-8771/pi_ws/install/depthai_descriptions/share/ament_index/resource_index/package_run_dependencies/depthai_descriptions
[2.761s] -- Symlinking: /home/rasp-8771/pi_ws/install/depthai_descriptions/share/ament_index/resource_index/parent_prefix_path/depthai_descriptions
[2.817s] -- Symlinking: /home/rasp-8771/pi_ws/install/depthai_descriptions/share/depthai_descriptions/environment/ament_prefix_path.sh
[2.860s] -- Symlinking: /home/rasp-8771/pi_ws/install/depthai_descriptions/share/depthai_descriptions/environment/ament_prefix_path.dsv
[2.906s] -- Symlinking: /home/rasp-8771/pi_ws/install/depthai_descriptions/share/depthai_descriptions/environment/path.sh
[2.957s] -- Symlinking: /home/rasp-8771/pi_ws/install/depthai_descriptions/share/depthai_descriptions/environment/path.dsv
[3.002s] -- Symlinking: /home/rasp-8771/pi_ws/install/depthai_descriptions/share/depthai_descriptions/local_setup.bash
[3.054s] -- Symlinking: /home/rasp-8771/pi_ws/install/depthai_descriptions/share/depthai_descriptions/local_setup.sh
[3.102s] -- Symlinking: /home/rasp-8771/pi_ws/install/depthai_descriptions/share/depthai_descriptions/local_setup.zsh
[3.159s] -- Symlinking: /home/rasp-8771/pi_ws/install/depthai_descriptions/share/depthai_descriptions/local_setup.dsv
[3.209s] -- Symlinking: /home/rasp-8771/pi_ws/install/depthai_descriptions/share/depthai_descriptions/package.dsv
[3.264s] -- Symlinking: /home/rasp-8771/pi_ws/install/depthai_descriptions/share/ament_index/resource_index/packages/depthai_descriptions
[3.316s] -- Symlinking: /home/rasp-8771/pi_ws/install/depthai_descriptions/share/depthai_descriptions/cmake/depthai_descriptionsConfig.cmake
[3.365s] -- Symlinking: /home/rasp-8771/pi_ws/install/depthai_descriptions/share/depthai_descriptions/cmake/depthai_descriptionsConfig-version.cmake
[3.415s] -- Symlinking: /home/rasp-8771/pi_ws/install/depthai_descriptions/share/depthai_descriptions/package.xml
[3.482s] -- Up-to-date: /home/rasp-8771/pi_ws/install/depthai_descriptions/share/depthai_descriptions/launch
[3.484s] -- Up-to-date: /home/rasp-8771/pi_ws/install/depthai_descriptions/share/depthai_descriptions/launch/urdf_launch.py
[3.493s] Invoked command in '/home/rasp-8771/pi_ws/build/depthai_descriptions' returned '0': CMAKE_PREFIX_PATH=${CMAKE_PREFIX_PATH}:/opt/ros/iron /usr/bin/cmake --install /home/rasp-8771/pi_ws/build/depthai_descriptions
