[0.462s] DEBUG:colcon:Command line arguments: ['/usr/bin/colcon', 'build', '--symlink-install']
[0.463s] DEBUG:colcon:Parsed command line arguments: Namespace(log_base=None, log_level=None, verb_name='build', build_base='build', install_base='install', merge_install=False, symlink_install=True, test_result_base=None, continue_on_error=False, executor='parallel', parallel_workers=4, event_handlers=None, ignore_user_meta=False, metas=['./colcon.meta'], base_paths=['.'], packages_ignore=None, packages_ignore_regex=None, paths=None, packages_up_to=None, packages_up_to_regex=None, packages_above=None, packages_above_and_dependencies=None, packages_above_depth=None, packages_select_by_dep=None, packages_skip_by_dep=None, packages_skip_up_to=None, packages_select_build_failed=False, packages_skip_build_finished=False, packages_select_test_failures=False, packages_skip_test_passed=False, packages_select=None, packages_skip=None, packages_select_regex=None, packages_skip_regex=None, packages_start=None, packages_end=None, allow_overriding=[], cmake_args=None, cmake_target=None, cmake_target_skip_unavailable=False, cmake_clean_cache=False, cmake_clean_first=False, cmake_force_configure=False, ament_cmake_args=None, catkin_cmake_args=None, catkin_skip_building_tests=False, mixin_files=None, mixin=None, verb_parser=<colcon_mixin.mixin.mixin_argument.MixinArgumentDecorator object at 0xffff8c64a1a0>, verb_extension=<colcon_core.verb.build.BuildVerb object at 0xffff8c649c30>, main=<bound method BuildVerb.main of <colcon_core.verb.build.BuildVerb object at 0xffff8c649c30>>, mixin_verb=('build',))
[1.367s] Level 1:colcon.colcon_core.package_discovery:discover_packages(colcon_meta) check parameters
[1.368s] Level 1:colcon.colcon_core.package_discovery:discover_packages(recursive) check parameters
[1.368s] Level 1:colcon.colcon_core.package_discovery:discover_packages(ignore) check parameters
[1.368s] Level 1:colcon.colcon_core.package_discovery:discover_packages(path) check parameters
[1.369s] Level 1:colcon.colcon_core.package_discovery:discover_packages(colcon_meta) discover
[1.369s] Level 1:colcon.colcon_core.package_discovery:discover_packages(recursive) discover
[1.369s] INFO:colcon.colcon_core.package_discovery:Crawling recursively for packages in '/home/rasp-8771/pi_ws'
[1.370s] Level 1:colcon.colcon_core.package_identification:_identify(.) by extensions ['ignore', 'ignore_ament_install']
[1.370s] Level 1:colcon.colcon_core.package_identification:_identify(.) by extension 'ignore'
[1.370s] Level 1:colcon.colcon_core.package_identification:_identify(.) by extension 'ignore_ament_install'
[1.371s] Level 1:colcon.colcon_core.package_identification:_identify(.) by extensions ['colcon_pkg']
[1.371s] Level 1:colcon.colcon_core.package_identification:_identify(.) by extension 'colcon_pkg'
[1.371s] Level 1:colcon.colcon_core.package_identification:_identify(.) by extensions ['colcon_meta']
[1.371s] Level 1:colcon.colcon_core.package_identification:_identify(.) by extension 'colcon_meta'
[1.371s] Level 1:colcon.colcon_core.package_identification:_identify(.) by extensions ['ros']
[1.371s] Level 1:colcon.colcon_core.package_identification:_identify(.) by extension 'ros'
[1.415s] Level 1:colcon.colcon_core.package_identification:_identify(.) by extensions ['cmake', 'python']
[1.416s] Level 1:colcon.colcon_core.package_identification:_identify(.) by extension 'cmake'
[1.416s] Level 1:colcon.colcon_core.package_identification:_identify(.) by extension 'python'
[1.416s] Level 1:colcon.colcon_core.package_identification:_identify(.) by extensions ['python_setup_py']
[1.416s] Level 1:colcon.colcon_core.package_identification:_identify(.) by extension 'python_setup_py'
[1.417s] Level 1:colcon.colcon_core.package_identification:_identify(build) by extensions ['ignore', 'ignore_ament_install']
[1.417s] Level 1:colcon.colcon_core.package_identification:_identify(build) by extension 'ignore'
[1.418s] Level 1:colcon.colcon_core.package_identification:_identify(build) ignored
[1.418s] Level 1:colcon.colcon_core.package_identification:_identify(install) by extensions ['ignore', 'ignore_ament_install']
[1.419s] Level 1:colcon.colcon_core.package_identification:_identify(install) by extension 'ignore'
[1.419s] Level 1:colcon.colcon_core.package_identification:_identify(install) ignored
[1.421s] Level 1:colcon.colcon_core.package_identification:_identify(log) by extensions ['ignore', 'ignore_ament_install']
[1.421s] Level 1:colcon.colcon_core.package_identification:_identify(log) by extension 'ignore'
[1.421s] Level 1:colcon.colcon_core.package_identification:_identify(log) ignored
[1.422s] Level 1:colcon.colcon_core.package_identification:_identify(src) by extensions ['ignore', 'ignore_ament_install']
[1.422s] Level 1:colcon.colcon_core.package_identification:_identify(src) by extension 'ignore'
[1.422s] Level 1:colcon.colcon_core.package_identification:_identify(src) by extension 'ignore_ament_install'
[1.422s] Level 1:colcon.colcon_core.package_identification:_identify(src) by extensions ['colcon_pkg']
[1.423s] Level 1:colcon.colcon_core.package_identification:_identify(src) by extension 'colcon_pkg'
[1.423s] Level 1:colcon.colcon_core.package_identification:_identify(src) by extensions ['colcon_meta']
[1.423s] Level 1:colcon.colcon_core.package_identification:_identify(src) by extension 'colcon_meta'
[1.423s] Level 1:colcon.colcon_core.package_identification:_identify(src) by extensions ['ros']
[1.423s] Level 1:colcon.colcon_core.package_identification:_identify(src) by extension 'ros'
[1.424s] Level 1:colcon.colcon_core.package_identification:_identify(src) by extensions ['cmake', 'python']
[1.424s] Level 1:colcon.colcon_core.package_identification:_identify(src) by extension 'cmake'
[1.424s] Level 1:colcon.colcon_core.package_identification:_identify(src) by extension 'python'
[1.424s] Level 1:colcon.colcon_core.package_identification:_identify(src) by extensions ['python_setup_py']
[1.424s] Level 1:colcon.colcon_core.package_identification:_identify(src) by extension 'python_setup_py'
[1.425s] Level 1:colcon.colcon_core.package_identification:_identify(src/bevbot_arduino) by extensions ['ignore', 'ignore_ament_install']
[1.425s] Level 1:colcon.colcon_core.package_identification:_identify(src/bevbot_arduino) by extension 'ignore'
[1.425s] Level 1:colcon.colcon_core.package_identification:_identify(src/bevbot_arduino) by extension 'ignore_ament_install'
[1.426s] Level 1:colcon.colcon_core.package_identification:_identify(src/bevbot_arduino) by extensions ['colcon_pkg']
[1.426s] Level 1:colcon.colcon_core.package_identification:_identify(src/bevbot_arduino) by extension 'colcon_pkg'
[1.426s] Level 1:colcon.colcon_core.package_identification:_identify(src/bevbot_arduino) by extensions ['colcon_meta']
[1.426s] Level 1:colcon.colcon_core.package_identification:_identify(src/bevbot_arduino) by extension 'colcon_meta'
[1.426s] Level 1:colcon.colcon_core.package_identification:_identify(src/bevbot_arduino) by extensions ['ros']
[1.426s] Level 1:colcon.colcon_core.package_identification:_identify(src/bevbot_arduino) by extension 'ros'
[1.438s] DEBUG:colcon.colcon_core.package_identification:Package 'src/bevbot_arduino' with type 'ros.ament_cmake' and name 'bevbot_arduino'
[1.439s] Level 1:colcon.colcon_core.package_identification:_identify(src/ros2_control_demo_description) by extensions ['ignore', 'ignore_ament_install']
[1.439s] Level 1:colcon.colcon_core.package_identification:_identify(src/ros2_control_demo_description) by extension 'ignore'
[1.439s] Level 1:colcon.colcon_core.package_identification:_identify(src/ros2_control_demo_description) by extension 'ignore_ament_install'
[1.440s] Level 1:colcon.colcon_core.package_identification:_identify(src/ros2_control_demo_description) by extensions ['colcon_pkg']
[1.440s] Level 1:colcon.colcon_core.package_identification:_identify(src/ros2_control_demo_description) by extension 'colcon_pkg'
[1.440s] Level 1:colcon.colcon_core.package_identification:_identify(src/ros2_control_demo_description) by extensions ['colcon_meta']
[1.440s] Level 1:colcon.colcon_core.package_identification:_identify(src/ros2_control_demo_description) by extension 'colcon_meta'
[1.440s] Level 1:colcon.colcon_core.package_identification:_identify(src/ros2_control_demo_description) by extensions ['ros']
[1.440s] Level 1:colcon.colcon_core.package_identification:_identify(src/ros2_control_demo_description) by extension 'ros'
[1.442s] DEBUG:colcon.colcon_core.package_identification:Package 'src/ros2_control_demo_description' with type 'ros.ament_cmake' and name 'ros2_control_demo_description'
[1.443s] Level 1:colcon.colcon_core.package_discovery:discover_packages(recursive) using defaults
[1.443s] Level 1:colcon.colcon_core.package_discovery:discover_packages(ignore) discover
[1.443s] Level 1:colcon.colcon_core.package_discovery:discover_packages(ignore) using defaults
[1.443s] Level 1:colcon.colcon_core.package_discovery:discover_packages(path) discover
[1.443s] Level 1:colcon.colcon_core.package_discovery:discover_packages(path) using defaults
[1.564s] Level 1:colcon.colcon_core.package_discovery:discover_packages(prefix_path) check parameters
[1.564s] Level 1:colcon.colcon_core.package_discovery:discover_packages(prefix_path) discover
[1.574s] DEBUG:colcon.colcon_installed_package_information.package_discovery:Found 2 installed packages in /home/rasp-8771/pi_ws/install
[1.586s] DEBUG:colcon.colcon_installed_package_information.package_discovery:Found 360 installed packages in /opt/ros/iron
[1.594s] Level 1:colcon.colcon_core.package_discovery:discover_packages(prefix_path) using defaults
[1.825s] Level 5:colcon.colcon_core.verb:set package 'ros2_control_demo_description' build argument 'cmake_args' from command line to 'None'
[1.825s] Level 5:colcon.colcon_core.verb:set package 'ros2_control_demo_description' build argument 'cmake_target' from command line to 'None'
[1.825s] Level 5:colcon.colcon_core.verb:set package 'ros2_control_demo_description' build argument 'cmake_target_skip_unavailable' from command line to 'False'
[1.825s] Level 5:colcon.colcon_core.verb:set package 'ros2_control_demo_description' build argument 'cmake_clean_cache' from command line to 'False'
[1.825s] Level 5:colcon.colcon_core.verb:set package 'ros2_control_demo_description' build argument 'cmake_clean_first' from command line to 'False'
[1.826s] Level 5:colcon.colcon_core.verb:set package 'ros2_control_demo_description' build argument 'cmake_force_configure' from command line to 'False'
[1.826s] Level 5:colcon.colcon_core.verb:set package 'ros2_control_demo_description' build argument 'ament_cmake_args' from command line to 'None'
[1.826s] Level 5:colcon.colcon_core.verb:set package 'ros2_control_demo_description' build argument 'catkin_cmake_args' from command line to 'None'
[1.826s] Level 5:colcon.colcon_core.verb:set package 'ros2_control_demo_description' build argument 'catkin_skip_building_tests' from command line to 'False'
[1.826s] DEBUG:colcon.colcon_core.verb:Building package 'ros2_control_demo_description' with the following arguments: {'ament_cmake_args': None, 'build_base': '/home/rasp-8771/pi_ws/build/ros2_control_demo_description', 'catkin_cmake_args': None, 'catkin_skip_building_tests': False, 'cmake_args': None, 'cmake_clean_cache': False, 'cmake_clean_first': False, 'cmake_force_configure': False, 'cmake_target': None, 'cmake_target_skip_unavailable': False, 'install_base': '/home/rasp-8771/pi_ws/install/ros2_control_demo_description', 'merge_install': False, 'path': '/home/rasp-8771/pi_ws/src/ros2_control_demo_description', 'symlink_install': True, 'test_result_base': None}
[1.828s] Level 5:colcon.colcon_core.verb:set package 'bevbot_arduino' build argument 'cmake_args' from command line to 'None'
[1.828s] Level 5:colcon.colcon_core.verb:set package 'bevbot_arduino' build argument 'cmake_target' from command line to 'None'
[1.828s] Level 5:colcon.colcon_core.verb:set package 'bevbot_arduino' build argument 'cmake_target_skip_unavailable' from command line to 'False'
[1.828s] Level 5:colcon.colcon_core.verb:set package 'bevbot_arduino' build argument 'cmake_clean_cache' from command line to 'False'
[1.828s] Level 5:colcon.colcon_core.verb:set package 'bevbot_arduino' build argument 'cmake_clean_first' from command line to 'False'
[1.828s] Level 5:colcon.colcon_core.verb:set package 'bevbot_arduino' build argument 'cmake_force_configure' from command line to 'False'
[1.828s] Level 5:colcon.colcon_core.verb:set package 'bevbot_arduino' build argument 'ament_cmake_args' from command line to 'None'
[1.828s] Level 5:colcon.colcon_core.verb:set package 'bevbot_arduino' build argument 'catkin_cmake_args' from command line to 'None'
[1.829s] Level 5:colcon.colcon_core.verb:set package 'bevbot_arduino' build argument 'catkin_skip_building_tests' from command line to 'False'
[1.829s] DEBUG:colcon.colcon_core.verb:Building package 'bevbot_arduino' with the following arguments: {'ament_cmake_args': None, 'build_base': '/home/rasp-8771/pi_ws/build/bevbot_arduino', 'catkin_cmake_args': None, 'catkin_skip_building_tests': False, 'cmake_args': None, 'cmake_clean_cache': False, 'cmake_clean_first': False, 'cmake_force_configure': False, 'cmake_target': None, 'cmake_target_skip_unavailable': False, 'install_base': '/home/rasp-8771/pi_ws/install/bevbot_arduino', 'merge_install': False, 'path': '/home/rasp-8771/pi_ws/src/bevbot_arduino', 'symlink_install': True, 'test_result_base': None}
[1.830s] INFO:colcon.colcon_core.executor:Executing jobs using 'parallel' executor
[1.833s] DEBUG:colcon.colcon_parallel_executor.executor.parallel:run_until_complete
[1.834s] INFO:colcon.colcon_ros.task.ament_cmake.build:Building ROS package in '/home/rasp-8771/pi_ws/src/ros2_control_demo_description' with build type 'ament_cmake'
[1.835s] INFO:colcon.colcon_cmake.task.cmake.build:Building CMake package in '/home/rasp-8771/pi_ws/src/ros2_control_demo_description'
[1.844s] INFO:colcon.colcon_core.plugin_system:Skipping extension 'colcon_core.shell.bat': Not used on non-Windows systems
[1.845s] INFO:colcon.colcon_core.shell:Skip shell extension 'powershell' for command environment: Not usable outside of PowerShell
[1.845s] DEBUG:colcon.colcon_core.shell:Skip shell extension 'dsv' for command environment
[1.895s] DEBUG:colcon.colcon_core.event_handler.log_command:Invoking command in '/home/rasp-8771/pi_ws/build/ros2_control_demo_description': CMAKE_PREFIX_PATH=${CMAKE_PREFIX_PATH}:/opt/ros/iron /usr/bin/cmake --build /home/rasp-8771/pi_ws/build/ros2_control_demo_description -- -j4 -l4
[2.038s] DEBUG:colcon.colcon_core.event_handler.log_command:Invoked command in '/home/rasp-8771/pi_ws/build/ros2_control_demo_description' returned '0': CMAKE_PREFIX_PATH=${CMAKE_PREFIX_PATH}:/opt/ros/iron /usr/bin/cmake --build /home/rasp-8771/pi_ws/build/ros2_control_demo_description -- -j4 -l4
[2.187s] DEBUG:colcon.colcon_core.event_handler.log_command:Invoking command in '/home/rasp-8771/pi_ws/build/ros2_control_demo_description': CMAKE_PREFIX_PATH=${CMAKE_PREFIX_PATH}:/opt/ros/iron /usr/bin/cmake --install /home/rasp-8771/pi_ws/build/ros2_control_demo_description
[2.303s] Level 1:colcon.colcon_core.environment:create_environment_scripts_only(ros2_control_demo_description)
[2.305s] DEBUG:colcon.colcon_core.event_handler.log_command:Invoked command in '/home/rasp-8771/pi_ws/build/ros2_control_demo_description' returned '0': CMAKE_PREFIX_PATH=${CMAKE_PREFIX_PATH}:/opt/ros/iron /usr/bin/cmake --install /home/rasp-8771/pi_ws/build/ros2_control_demo_description
[2.317s] Level 1:colcon.colcon_core.environment:checking '/home/rasp-8771/pi_ws/install/ros2_control_demo_description' for CMake module files
[2.320s] Level 1:colcon.colcon_core.environment:checking '/home/rasp-8771/pi_ws/install/ros2_control_demo_description' for CMake config files
[2.326s] Level 1:colcon.colcon_core.shell:create_environment_hook('ros2_control_demo_description', 'cmake_prefix_path')
[2.327s] INFO:colcon.colcon_core.shell:Creating environment hook '/home/rasp-8771/pi_ws/install/ros2_control_demo_description/share/ros2_control_demo_description/hook/cmake_prefix_path.ps1'
[2.330s] INFO:colcon.colcon_core.shell:Creating environment descriptor '/home/rasp-8771/pi_ws/install/ros2_control_demo_description/share/ros2_control_demo_description/hook/cmake_prefix_path.dsv'
[2.332s] INFO:colcon.colcon_core.shell:Creating environment hook '/home/rasp-8771/pi_ws/install/ros2_control_demo_description/share/ros2_control_demo_description/hook/cmake_prefix_path.sh'
[2.338s] Level 1:colcon.colcon_core.environment:checking '/home/rasp-8771/pi_ws/install/ros2_control_demo_description/bin'
[2.339s] Level 1:colcon.colcon_core.environment:checking '/home/rasp-8771/pi_ws/install/ros2_control_demo_description/lib/pkgconfig/ros2_control_demo_description.pc'
[2.340s] Level 1:colcon.colcon_core.environment:checking '/home/rasp-8771/pi_ws/install/ros2_control_demo_description/lib/python3.10/site-packages'
[2.342s] Level 1:colcon.colcon_core.environment:checking '/home/rasp-8771/pi_ws/install/ros2_control_demo_description/bin'
[2.343s] INFO:colcon.colcon_core.shell:Creating package script '/home/rasp-8771/pi_ws/install/ros2_control_demo_description/share/ros2_control_demo_description/package.ps1'
[2.347s] INFO:colcon.colcon_core.shell:Creating package descriptor '/home/rasp-8771/pi_ws/install/ros2_control_demo_description/share/ros2_control_demo_description/package.dsv'
[2.349s] INFO:colcon.colcon_core.shell:Creating package script '/home/rasp-8771/pi_ws/install/ros2_control_demo_description/share/ros2_control_demo_description/package.sh'
[2.353s] INFO:colcon.colcon_core.shell:Creating package script '/home/rasp-8771/pi_ws/install/ros2_control_demo_description/share/ros2_control_demo_description/package.bash'
[2.356s] INFO:colcon.colcon_core.shell:Creating package script '/home/rasp-8771/pi_ws/install/ros2_control_demo_description/share/ros2_control_demo_description/package.zsh'
[2.360s] Level 1:colcon.colcon_core.environment:create_file_with_runtime_dependencies(/home/rasp-8771/pi_ws/install/ros2_control_demo_description/share/colcon-core/packages/ros2_control_demo_description)
[2.467s] Level 1:colcon.colcon_core.environment:create_environment_scripts_only(ros2_control_demo_description)
[2.469s] Level 1:colcon.colcon_core.environment:checking '/home/rasp-8771/pi_ws/install/ros2_control_demo_description' for CMake module files
[2.473s] Level 1:colcon.colcon_core.environment:checking '/home/rasp-8771/pi_ws/install/ros2_control_demo_description' for CMake config files
[2.482s] Level 1:colcon.colcon_core.shell:create_environment_hook('ros2_control_demo_description', 'cmake_prefix_path')
[2.483s] INFO:colcon.colcon_core.shell:Creating environment hook '/home/rasp-8771/pi_ws/install/ros2_control_demo_description/share/ros2_control_demo_description/hook/cmake_prefix_path.ps1'
[2.485s] INFO:colcon.colcon_core.shell:Creating environment descriptor '/home/rasp-8771/pi_ws/install/ros2_control_demo_description/share/ros2_control_demo_description/hook/cmake_prefix_path.dsv'
[2.487s] INFO:colcon.colcon_core.shell:Creating environment hook '/home/rasp-8771/pi_ws/install/ros2_control_demo_description/share/ros2_control_demo_description/hook/cmake_prefix_path.sh'
[2.490s] Level 1:colcon.colcon_core.environment:checking '/home/rasp-8771/pi_ws/install/ros2_control_demo_description/bin'
[2.491s] Level 1:colcon.colcon_core.environment:checking '/home/rasp-8771/pi_ws/install/ros2_control_demo_description/lib/pkgconfig/ros2_control_demo_description.pc'
[2.492s] Level 1:colcon.colcon_core.environment:checking '/home/rasp-8771/pi_ws/install/ros2_control_demo_description/lib/python3.10/site-packages'
[2.493s] Level 1:colcon.colcon_core.environment:checking '/home/rasp-8771/pi_ws/install/ros2_control_demo_description/bin'
[2.494s] INFO:colcon.colcon_core.shell:Creating package script '/home/rasp-8771/pi_ws/install/ros2_control_demo_description/share/ros2_control_demo_description/package.ps1'
[2.497s] INFO:colcon.colcon_core.shell:Creating package descriptor '/home/rasp-8771/pi_ws/install/ros2_control_demo_description/share/ros2_control_demo_description/package.dsv'
[2.500s] INFO:colcon.colcon_core.shell:Creating package script '/home/rasp-8771/pi_ws/install/ros2_control_demo_description/share/ros2_control_demo_description/package.sh'
[2.503s] INFO:colcon.colcon_core.shell:Creating package script '/home/rasp-8771/pi_ws/install/ros2_control_demo_description/share/ros2_control_demo_description/package.bash'
[2.506s] INFO:colcon.colcon_core.shell:Creating package script '/home/rasp-8771/pi_ws/install/ros2_control_demo_description/share/ros2_control_demo_description/package.zsh'
[2.509s] Level 1:colcon.colcon_core.environment:create_file_with_runtime_dependencies(/home/rasp-8771/pi_ws/install/ros2_control_demo_description/share/colcon-core/packages/ros2_control_demo_description)
[2.511s] INFO:colcon.colcon_ros.task.ament_cmake.build:Building ROS package in '/home/rasp-8771/pi_ws/src/bevbot_arduino' with build type 'ament_cmake'
[2.511s] INFO:colcon.colcon_cmake.task.cmake.build:Building CMake package in '/home/rasp-8771/pi_ws/src/bevbot_arduino'
[2.512s] INFO:colcon.colcon_core.shell:Skip shell extension 'powershell' for command environment: Not usable outside of PowerShell
[2.513s] DEBUG:colcon.colcon_core.shell:Skip shell extension 'dsv' for command environment
[2.564s] DEBUG:colcon.colcon_core.event_handler.log_command:Invoking command in '/home/rasp-8771/pi_ws/build/bevbot_arduino': CMAKE_PREFIX_PATH=/home/rasp-8771/pi_ws/install/ros2_control_demo_description:/home/rasp-8771/pi_ws/install/bevbot_arduino:/opt/ros/iron /usr/bin/cmake --build /home/rasp-8771/pi_ws/build/bevbot_arduino -- -j4 -l4
[2.849s] DEBUG:colcon.colcon_core.event_handler.log_command:Invoked command in '/home/rasp-8771/pi_ws/build/bevbot_arduino' returned '0': CMAKE_PREFIX_PATH=/home/rasp-8771/pi_ws/install/ros2_control_demo_description:/home/rasp-8771/pi_ws/install/bevbot_arduino:/opt/ros/iron /usr/bin/cmake --build /home/rasp-8771/pi_ws/build/bevbot_arduino -- -j4 -l4
[2.979s] DEBUG:colcon.colcon_core.event_handler.log_command:Invoking command in '/home/rasp-8771/pi_ws/build/bevbot_arduino': CMAKE_PREFIX_PATH=/home/rasp-8771/pi_ws/install/ros2_control_demo_description:/home/rasp-8771/pi_ws/install/bevbot_arduino:/opt/ros/iron /usr/bin/cmake --install /home/rasp-8771/pi_ws/build/bevbot_arduino
[3.090s] Level 1:colcon.colcon_core.environment:create_environment_scripts_only(bevbot_arduino)
[3.091s] Level 1:colcon.colcon_core.environment:checking '/home/rasp-8771/pi_ws/install/bevbot_arduino' for CMake module files
[3.093s] DEBUG:colcon.colcon_core.event_handler.log_command:Invoked command in '/home/rasp-8771/pi_ws/build/bevbot_arduino' returned '0': CMAKE_PREFIX_PATH=/home/rasp-8771/pi_ws/install/ros2_control_demo_description:/home/rasp-8771/pi_ws/install/bevbot_arduino:/opt/ros/iron /usr/bin/cmake --install /home/rasp-8771/pi_ws/build/bevbot_arduino
[3.095s] Level 1:colcon.colcon_core.environment:checking '/home/rasp-8771/pi_ws/install/bevbot_arduino' for CMake config files
[3.100s] Level 1:colcon.colcon_core.shell:create_environment_hook('bevbot_arduino', 'cmake_prefix_path')
[3.101s] INFO:colcon.colcon_core.shell:Creating environment hook '/home/rasp-8771/pi_ws/install/bevbot_arduino/share/bevbot_arduino/hook/cmake_prefix_path.ps1'
[3.103s] INFO:colcon.colcon_core.shell:Creating environment descriptor '/home/rasp-8771/pi_ws/install/bevbot_arduino/share/bevbot_arduino/hook/cmake_prefix_path.dsv'
[3.105s] INFO:colcon.colcon_core.shell:Creating environment hook '/home/rasp-8771/pi_ws/install/bevbot_arduino/share/bevbot_arduino/hook/cmake_prefix_path.sh'
[3.108s] Level 1:colcon.colcon_core.environment:checking '/home/rasp-8771/pi_ws/install/bevbot_arduino/lib'
[3.109s] Level 1:colcon.colcon_core.shell:create_environment_hook('bevbot_arduino', 'ld_library_path_lib')
[3.110s] INFO:colcon.colcon_core.shell:Creating environment hook '/home/rasp-8771/pi_ws/install/bevbot_arduino/share/bevbot_arduino/hook/ld_library_path_lib.ps1'
[3.112s] INFO:colcon.colcon_core.shell:Creating environment descriptor '/home/rasp-8771/pi_ws/install/bevbot_arduino/share/bevbot_arduino/hook/ld_library_path_lib.dsv'
[3.114s] INFO:colcon.colcon_core.shell:Creating environment hook '/home/rasp-8771/pi_ws/install/bevbot_arduino/share/bevbot_arduino/hook/ld_library_path_lib.sh'
[3.116s] Level 1:colcon.colcon_core.environment:checking '/home/rasp-8771/pi_ws/install/bevbot_arduino/bin'
[3.117s] Level 1:colcon.colcon_core.environment:checking '/home/rasp-8771/pi_ws/install/bevbot_arduino/lib/pkgconfig/bevbot_arduino.pc'
[3.118s] Level 1:colcon.colcon_core.environment:checking '/home/rasp-8771/pi_ws/install/bevbot_arduino/lib/python3.10/site-packages'
[3.119s] Level 1:colcon.colcon_core.environment:checking '/home/rasp-8771/pi_ws/install/bevbot_arduino/bin'
[3.120s] INFO:colcon.colcon_core.shell:Creating package script '/home/rasp-8771/pi_ws/install/bevbot_arduino/share/bevbot_arduino/package.ps1'
[3.122s] INFO:colcon.colcon_core.shell:Creating package descriptor '/home/rasp-8771/pi_ws/install/bevbot_arduino/share/bevbot_arduino/package.dsv'
[3.124s] INFO:colcon.colcon_core.shell:Creating package script '/home/rasp-8771/pi_ws/install/bevbot_arduino/share/bevbot_arduino/package.sh'
[3.127s] INFO:colcon.colcon_core.shell:Creating package script '/home/rasp-8771/pi_ws/install/bevbot_arduino/share/bevbot_arduino/package.bash'
[3.129s] INFO:colcon.colcon_core.shell:Creating package script '/home/rasp-8771/pi_ws/install/bevbot_arduino/share/bevbot_arduino/package.zsh'
[3.130s] Level 1:colcon.colcon_core.environment:create_file_with_runtime_dependencies(/home/rasp-8771/pi_ws/install/bevbot_arduino/share/colcon-core/packages/bevbot_arduino)
[3.250s] Level 1:colcon.colcon_core.environment:create_environment_scripts_only(bevbot_arduino)
[3.251s] Level 1:colcon.colcon_core.environment:checking '/home/rasp-8771/pi_ws/install/bevbot_arduino' for CMake module files
[3.255s] Level 1:colcon.colcon_core.environment:checking '/home/rasp-8771/pi_ws/install/bevbot_arduino' for CMake config files
[3.260s] Level 1:colcon.colcon_core.shell:create_environment_hook('bevbot_arduino', 'cmake_prefix_path')
[3.261s] INFO:colcon.colcon_core.shell:Creating environment hook '/home/rasp-8771/pi_ws/install/bevbot_arduino/share/bevbot_arduino/hook/cmake_prefix_path.ps1'
[3.263s] INFO:colcon.colcon_core.shell:Creating environment descriptor '/home/rasp-8771/pi_ws/install/bevbot_arduino/share/bevbot_arduino/hook/cmake_prefix_path.dsv'
[3.265s] INFO:colcon.colcon_core.shell:Creating environment hook '/home/rasp-8771/pi_ws/install/bevbot_arduino/share/bevbot_arduino/hook/cmake_prefix_path.sh'
[3.268s] Level 1:colcon.colcon_core.environment:checking '/home/rasp-8771/pi_ws/install/bevbot_arduino/lib'
[3.269s] Level 1:colcon.colcon_core.shell:create_environment_hook('bevbot_arduino', 'ld_library_path_lib')
[3.270s] INFO:colcon.colcon_core.shell:Creating environment hook '/home/rasp-8771/pi_ws/install/bevbot_arduino/share/bevbot_arduino/hook/ld_library_path_lib.ps1'
[3.272s] INFO:colcon.colcon_core.shell:Creating environment descriptor '/home/rasp-8771/pi_ws/install/bevbot_arduino/share/bevbot_arduino/hook/ld_library_path_lib.dsv'
[3.274s] INFO:colcon.colcon_core.shell:Creating environment hook '/home/rasp-8771/pi_ws/install/bevbot_arduino/share/bevbot_arduino/hook/ld_library_path_lib.sh'
[3.276s] Level 1:colcon.colcon_core.environment:checking '/home/rasp-8771/pi_ws/install/bevbot_arduino/bin'
[3.276s] Level 1:colcon.colcon_core.environment:checking '/home/rasp-8771/pi_ws/install/bevbot_arduino/lib/pkgconfig/bevbot_arduino.pc'
[3.277s] Level 1:colcon.colcon_core.environment:checking '/home/rasp-8771/pi_ws/install/bevbot_arduino/lib/python3.10/site-packages'
[3.278s] Level 1:colcon.colcon_core.environment:checking '/home/rasp-8771/pi_ws/install/bevbot_arduino/bin'
[3.280s] INFO:colcon.colcon_core.shell:Creating package script '/home/rasp-8771/pi_ws/install/bevbot_arduino/share/bevbot_arduino/package.ps1'
[3.282s] INFO:colcon.colcon_core.shell:Creating package descriptor '/home/rasp-8771/pi_ws/install/bevbot_arduino/share/bevbot_arduino/package.dsv'
[3.285s] INFO:colcon.colcon_core.shell:Creating package script '/home/rasp-8771/pi_ws/install/bevbot_arduino/share/bevbot_arduino/package.sh'
[3.287s] INFO:colcon.colcon_core.shell:Creating package script '/home/rasp-8771/pi_ws/install/bevbot_arduino/share/bevbot_arduino/package.bash'
[3.289s] INFO:colcon.colcon_core.shell:Creating package script '/home/rasp-8771/pi_ws/install/bevbot_arduino/share/bevbot_arduino/package.zsh'
[3.291s] Level 1:colcon.colcon_core.environment:create_file_with_runtime_dependencies(/home/rasp-8771/pi_ws/install/bevbot_arduino/share/colcon-core/packages/bevbot_arduino)
[3.293s] DEBUG:colcon.colcon_parallel_executor.executor.parallel:closing loop
[3.294s] DEBUG:colcon.colcon_parallel_executor.executor.parallel:loop closed
[3.294s] DEBUG:colcon.colcon_parallel_executor.executor.parallel:run_until_complete finished with '0'
[3.294s] DEBUG:colcon.colcon_core.event_reactor:joining thread
[3.315s] INFO:colcon.colcon_core.plugin_system:Skipping extension 'colcon_notification.desktop_notification.terminal_notifier': Not used on non-Darwin systems
[3.315s] INFO:colcon.colcon_core.plugin_system:Skipping extension 'colcon_notification.desktop_notification.win32': Not used on non-Windows systems
[3.315s] INFO:colcon.colcon_notification.desktop_notification:Sending desktop notification using 'notify2'
[3.766s] DEBUG:colcon.colcon_core.event_reactor:joined thread
[3.768s] INFO:colcon.colcon_core.shell:Creating prefix script '/home/rasp-8771/pi_ws/install/local_setup.ps1'
[3.773s] INFO:colcon.colcon_core.shell:Creating prefix util module '/home/rasp-8771/pi_ws/install/_local_setup_util_ps1.py'
[3.781s] INFO:colcon.colcon_core.shell:Creating prefix chain script '/home/rasp-8771/pi_ws/install/setup.ps1'
[3.787s] INFO:colcon.colcon_core.shell:Creating prefix script '/home/rasp-8771/pi_ws/install/local_setup.sh'
[3.790s] INFO:colcon.colcon_core.shell:Creating prefix util module '/home/rasp-8771/pi_ws/install/_local_setup_util_sh.py'
[3.792s] INFO:colcon.colcon_core.shell:Creating prefix chain script '/home/rasp-8771/pi_ws/install/setup.sh'
[3.797s] INFO:colcon.colcon_core.shell:Creating prefix script '/home/rasp-8771/pi_ws/install/local_setup.bash'
[3.799s] INFO:colcon.colcon_core.shell:Creating prefix chain script '/home/rasp-8771/pi_ws/install/setup.bash'
[3.804s] INFO:colcon.colcon_core.shell:Creating prefix script '/home/rasp-8771/pi_ws/install/local_setup.zsh'
[3.807s] INFO:colcon.colcon_core.shell:Creating prefix chain script '/home/rasp-8771/pi_ws/install/setup.zsh'
