[1.486s] DEBUG:colcon:Command line arguments: ['/usr/bin/colcon', 'build', '--symlink-install']
[1.487s] DEBUG:colcon:Parsed command line arguments: Namespace(log_base=None, log_level=None, verb_name='build', build_base='build', install_base='install', merge_install=False, symlink_install=True, test_result_base=None, continue_on_error=False, executor='parallel', parallel_workers=4, event_handlers=None, ignore_user_meta=False, metas=['./colcon.meta'], base_paths=['.'], packages_ignore=None, packages_ignore_regex=None, paths=None, packages_up_to=None, packages_up_to_regex=None, packages_above=None, packages_above_and_dependencies=None, packages_above_depth=None, packages_select_by_dep=None, packages_skip_by_dep=None, packages_skip_up_to=None, packages_select_build_failed=False, packages_skip_build_finished=False, packages_select_test_failures=False, packages_skip_test_passed=False, packages_select=None, packages_skip=None, packages_select_regex=None, packages_skip_regex=None, packages_start=None, packages_end=None, allow_overriding=[], cmake_args=None, cmake_target=None, cmake_target_skip_unavailable=False, cmake_clean_cache=False, cmake_clean_first=False, cmake_force_configure=False, ament_cmake_args=None, catkin_cmake_args=None, catkin_skip_building_tests=False, mixin_files=None, mixin=None, verb_parser=<colcon_mixin.mixin.mixin_argument.MixinArgumentDecorator object at 0xffffb2f9a530>, verb_extension=<colcon_core.verb.build.BuildVerb object at 0xffffb2f99fc0>, main=<bound method BuildVerb.main of <colcon_core.verb.build.BuildVerb object at 0xffffb2f99fc0>>, mixin_verb=('build',))
[2.942s] Level 1:colcon.colcon_core.package_discovery:discover_packages(colcon_meta) check parameters
[2.943s] Level 1:colcon.colcon_core.package_discovery:discover_packages(recursive) check parameters
[2.943s] Level 1:colcon.colcon_core.package_discovery:discover_packages(ignore) check parameters
[2.943s] Level 1:colcon.colcon_core.package_discovery:discover_packages(path) check parameters
[2.944s] Level 1:colcon.colcon_core.package_discovery:discover_packages(colcon_meta) discover
[2.944s] Level 1:colcon.colcon_core.package_discovery:discover_packages(recursive) discover
[2.944s] INFO:colcon.colcon_core.package_discovery:Crawling recursively for packages in '/home/rasp-8771/pi_ws'
[2.945s] Level 1:colcon.colcon_core.package_identification:_identify(.) by extensions ['ignore', 'ignore_ament_install']
[2.946s] Level 1:colcon.colcon_core.package_identification:_identify(.) by extension 'ignore'
[2.946s] Level 1:colcon.colcon_core.package_identification:_identify(.) by extension 'ignore_ament_install'
[2.946s] Level 1:colcon.colcon_core.package_identification:_identify(.) by extensions ['colcon_pkg']
[2.946s] Level 1:colcon.colcon_core.package_identification:_identify(.) by extension 'colcon_pkg'
[2.947s] Level 1:colcon.colcon_core.package_identification:_identify(.) by extensions ['colcon_meta']
[2.947s] Level 1:colcon.colcon_core.package_identification:_identify(.) by extension 'colcon_meta'
[2.947s] Level 1:colcon.colcon_core.package_identification:_identify(.) by extensions ['ros']
[2.947s] Level 1:colcon.colcon_core.package_identification:_identify(.) by extension 'ros'
[3.013s] Level 1:colcon.colcon_core.package_identification:_identify(.) by extensions ['cmake', 'python']
[3.014s] Level 1:colcon.colcon_core.package_identification:_identify(.) by extension 'cmake'
[3.014s] Level 1:colcon.colcon_core.package_identification:_identify(.) by extension 'python'
[3.014s] Level 1:colcon.colcon_core.package_identification:_identify(.) by extensions ['python_setup_py']
[3.014s] Level 1:colcon.colcon_core.package_identification:_identify(.) by extension 'python_setup_py'
[3.015s] Level 1:colcon.colcon_core.package_identification:_identify(build) by extensions ['ignore', 'ignore_ament_install']
[3.015s] Level 1:colcon.colcon_core.package_identification:_identify(build) by extension 'ignore'
[3.015s] Level 1:colcon.colcon_core.package_identification:_identify(build) ignored
[3.016s] Level 1:colcon.colcon_core.package_identification:_identify(install) by extensions ['ignore', 'ignore_ament_install']
[3.016s] Level 1:colcon.colcon_core.package_identification:_identify(install) by extension 'ignore'
[3.016s] Level 1:colcon.colcon_core.package_identification:_identify(install) ignored
[3.017s] Level 1:colcon.colcon_core.package_identification:_identify(log) by extensions ['ignore', 'ignore_ament_install']
[3.018s] Level 1:colcon.colcon_core.package_identification:_identify(log) by extension 'ignore'
[3.018s] Level 1:colcon.colcon_core.package_identification:_identify(log) ignored
[3.019s] Level 1:colcon.colcon_core.package_identification:_identify(src) by extensions ['ignore', 'ignore_ament_install']
[3.019s] Level 1:colcon.colcon_core.package_identification:_identify(src) by extension 'ignore'
[3.020s] Level 1:colcon.colcon_core.package_identification:_identify(src) by extension 'ignore_ament_install'
[3.020s] Level 1:colcon.colcon_core.package_identification:_identify(src) by extensions ['colcon_pkg']
[3.020s] Level 1:colcon.colcon_core.package_identification:_identify(src) by extension 'colcon_pkg'
[3.020s] Level 1:colcon.colcon_core.package_identification:_identify(src) by extensions ['colcon_meta']
[3.020s] Level 1:colcon.colcon_core.package_identification:_identify(src) by extension 'colcon_meta'
[3.020s] Level 1:colcon.colcon_core.package_identification:_identify(src) by extensions ['ros']
[3.021s] Level 1:colcon.colcon_core.package_identification:_identify(src) by extension 'ros'
[3.021s] Level 1:colcon.colcon_core.package_identification:_identify(src) by extensions ['cmake', 'python']
[3.021s] Level 1:colcon.colcon_core.package_identification:_identify(src) by extension 'cmake'
[3.021s] Level 1:colcon.colcon_core.package_identification:_identify(src) by extension 'python'
[3.021s] Level 1:colcon.colcon_core.package_identification:_identify(src) by extensions ['python_setup_py']
[3.022s] Level 1:colcon.colcon_core.package_identification:_identify(src) by extension 'python_setup_py'
[3.027s] Level 1:colcon.colcon_core.package_identification:_identify(src/bevbot_arduino) by extensions ['ignore', 'ignore_ament_install']
[3.028s] Level 1:colcon.colcon_core.package_identification:_identify(src/bevbot_arduino) by extension 'ignore'
[3.028s] Level 1:colcon.colcon_core.package_identification:_identify(src/bevbot_arduino) by extension 'ignore_ament_install'
[3.029s] Level 1:colcon.colcon_core.package_identification:_identify(src/bevbot_arduino) by extensions ['colcon_pkg']
[3.029s] Level 1:colcon.colcon_core.package_identification:_identify(src/bevbot_arduino) by extension 'colcon_pkg'
[3.029s] Level 1:colcon.colcon_core.package_identification:_identify(src/bevbot_arduino) by extensions ['colcon_meta']
[3.029s] Level 1:colcon.colcon_core.package_identification:_identify(src/bevbot_arduino) by extension 'colcon_meta'
[3.029s] Level 1:colcon.colcon_core.package_identification:_identify(src/bevbot_arduino) by extensions ['ros']
[3.029s] Level 1:colcon.colcon_core.package_identification:_identify(src/bevbot_arduino) by extension 'ros'
[3.053s] DEBUG:colcon.colcon_core.package_identification:Package 'src/bevbot_arduino' with type 'ros.ament_cmake' and name 'bevbot_arduino'
[3.059s] Level 1:colcon.colcon_core.package_identification:_identify(src/ros2_control_demo_description) by extensions ['ignore', 'ignore_ament_install']
[3.060s] Level 1:colcon.colcon_core.package_identification:_identify(src/ros2_control_demo_description) by extension 'ignore'
[3.060s] Level 1:colcon.colcon_core.package_identification:_identify(src/ros2_control_demo_description) by extension 'ignore_ament_install'
[3.060s] Level 1:colcon.colcon_core.package_identification:_identify(src/ros2_control_demo_description) by extensions ['colcon_pkg']
[3.060s] Level 1:colcon.colcon_core.package_identification:_identify(src/ros2_control_demo_description) by extension 'colcon_pkg'
[3.061s] Level 1:colcon.colcon_core.package_identification:_identify(src/ros2_control_demo_description) by extensions ['colcon_meta']
[3.061s] Level 1:colcon.colcon_core.package_identification:_identify(src/ros2_control_demo_description) by extension 'colcon_meta'
[3.061s] Level 1:colcon.colcon_core.package_identification:_identify(src/ros2_control_demo_description) by extensions ['ros']
[3.061s] Level 1:colcon.colcon_core.package_identification:_identify(src/ros2_control_demo_description) by extension 'ros'
[3.065s] DEBUG:colcon.colcon_core.package_identification:Package 'src/ros2_control_demo_description' with type 'ros.ament_cmake' and name 'ros2_control_demo_description'
[3.065s] Level 1:colcon.colcon_core.package_discovery:discover_packages(recursive) using defaults
[3.066s] Level 1:colcon.colcon_core.package_discovery:discover_packages(ignore) discover
[3.066s] Level 1:colcon.colcon_core.package_discovery:discover_packages(ignore) using defaults
[3.066s] Level 1:colcon.colcon_core.package_discovery:discover_packages(path) discover
[3.066s] Level 1:colcon.colcon_core.package_discovery:discover_packages(path) using defaults
[3.245s] Level 1:colcon.colcon_core.package_discovery:discover_packages(prefix_path) check parameters
[3.245s] Level 1:colcon.colcon_core.package_discovery:discover_packages(prefix_path) discover
[3.272s] DEBUG:colcon.colcon_installed_package_information.package_discovery:Found 359 installed packages in /opt/ros/iron
[3.282s] Level 1:colcon.colcon_core.package_discovery:discover_packages(prefix_path) using defaults
[3.515s] Level 5:colcon.colcon_core.verb:set package 'ros2_control_demo_description' build argument 'cmake_args' from command line to 'None'
[3.515s] Level 5:colcon.colcon_core.verb:set package 'ros2_control_demo_description' build argument 'cmake_target' from command line to 'None'
[3.515s] Level 5:colcon.colcon_core.verb:set package 'ros2_control_demo_description' build argument 'cmake_target_skip_unavailable' from command line to 'False'
[3.516s] Level 5:colcon.colcon_core.verb:set package 'ros2_control_demo_description' build argument 'cmake_clean_cache' from command line to 'False'
[3.516s] Level 5:colcon.colcon_core.verb:set package 'ros2_control_demo_description' build argument 'cmake_clean_first' from command line to 'False'
[3.516s] Level 5:colcon.colcon_core.verb:set package 'ros2_control_demo_description' build argument 'cmake_force_configure' from command line to 'False'
[3.516s] Level 5:colcon.colcon_core.verb:set package 'ros2_control_demo_description' build argument 'ament_cmake_args' from command line to 'None'
[3.516s] Level 5:colcon.colcon_core.verb:set package 'ros2_control_demo_description' build argument 'catkin_cmake_args' from command line to 'None'
[3.516s] Level 5:colcon.colcon_core.verb:set package 'ros2_control_demo_description' build argument 'catkin_skip_building_tests' from command line to 'False'
[3.516s] DEBUG:colcon.colcon_core.verb:Building package 'ros2_control_demo_description' with the following arguments: {'ament_cmake_args': None, 'build_base': '/home/rasp-8771/pi_ws/build/ros2_control_demo_description', 'catkin_cmake_args': None, 'catkin_skip_building_tests': False, 'cmake_args': None, 'cmake_clean_cache': False, 'cmake_clean_first': False, 'cmake_force_configure': False, 'cmake_target': None, 'cmake_target_skip_unavailable': False, 'install_base': '/home/rasp-8771/pi_ws/install/ros2_control_demo_description', 'merge_install': False, 'path': '/home/rasp-8771/pi_ws/src/ros2_control_demo_description', 'symlink_install': True, 'test_result_base': None}
[3.518s] Level 5:colcon.colcon_core.verb:set package 'bevbot_arduino' build argument 'cmake_args' from command line to 'None'
[3.518s] Level 5:colcon.colcon_core.verb:set package 'bevbot_arduino' build argument 'cmake_target' from command line to 'None'
[3.518s] Level 5:colcon.colcon_core.verb:set package 'bevbot_arduino' build argument 'cmake_target_skip_unavailable' from command line to 'False'
[3.518s] Level 5:colcon.colcon_core.verb:set package 'bevbot_arduino' build argument 'cmake_clean_cache' from command line to 'False'
[3.518s] Level 5:colcon.colcon_core.verb:set package 'bevbot_arduino' build argument 'cmake_clean_first' from command line to 'False'
[3.518s] Level 5:colcon.colcon_core.verb:set package 'bevbot_arduino' build argument 'cmake_force_configure' from command line to 'False'
[3.518s] Level 5:colcon.colcon_core.verb:set package 'bevbot_arduino' build argument 'ament_cmake_args' from command line to 'None'
[3.518s] Level 5:colcon.colcon_core.verb:set package 'bevbot_arduino' build argument 'catkin_cmake_args' from command line to 'None'
[3.519s] Level 5:colcon.colcon_core.verb:set package 'bevbot_arduino' build argument 'catkin_skip_building_tests' from command line to 'False'
[3.519s] DEBUG:colcon.colcon_core.verb:Building package 'bevbot_arduino' with the following arguments: {'ament_cmake_args': None, 'build_base': '/home/rasp-8771/pi_ws/build/bevbot_arduino', 'catkin_cmake_args': None, 'catkin_skip_building_tests': False, 'cmake_args': None, 'cmake_clean_cache': False, 'cmake_clean_first': False, 'cmake_force_configure': False, 'cmake_target': None, 'cmake_target_skip_unavailable': False, 'install_base': '/home/rasp-8771/pi_ws/install/bevbot_arduino', 'merge_install': False, 'path': '/home/rasp-8771/pi_ws/src/bevbot_arduino', 'symlink_install': True, 'test_result_base': None}
[3.519s] INFO:colcon.colcon_core.executor:Executing jobs using 'parallel' executor
[3.523s] DEBUG:colcon.colcon_parallel_executor.executor.parallel:run_until_complete
[3.524s] INFO:colcon.colcon_ros.task.ament_cmake.build:Building ROS package in '/home/rasp-8771/pi_ws/src/ros2_control_demo_description' with build type 'ament_cmake'
[3.524s] INFO:colcon.colcon_cmake.task.cmake.build:Building CMake package in '/home/rasp-8771/pi_ws/src/ros2_control_demo_description'
[3.550s] INFO:colcon.colcon_core.plugin_system:Skipping extension 'colcon_core.shell.bat': Not used on non-Windows systems
[3.551s] INFO:colcon.colcon_core.shell:Skip shell extension 'powershell' for command environment: Not usable outside of PowerShell
[3.551s] DEBUG:colcon.colcon_core.shell:Skip shell extension 'dsv' for command environment
[3.608s] DEBUG:colcon.colcon_core.event_handler.log_command:Invoking command in '/home/rasp-8771/pi_ws/build/ros2_control_demo_description': CMAKE_PREFIX_PATH=/opt/ros/iron /usr/bin/cmake --build /home/rasp-8771/pi_ws/build/ros2_control_demo_description -- -j4 -l4
[4.062s] DEBUG:colcon.colcon_core.event_handler.log_command:Invoked command in '/home/rasp-8771/pi_ws/build/ros2_control_demo_description' returned '0': CMAKE_PREFIX_PATH=/opt/ros/iron /usr/bin/cmake --build /home/rasp-8771/pi_ws/build/ros2_control_demo_description -- -j4 -l4
[4.213s] DEBUG:colcon.colcon_core.event_handler.log_command:Invoking command in '/home/rasp-8771/pi_ws/build/ros2_control_demo_description': CMAKE_PREFIX_PATH=/opt/ros/iron /usr/bin/cmake --install /home/rasp-8771/pi_ws/build/ros2_control_demo_description
[4.406s] Level 1:colcon.colcon_core.environment:create_environment_scripts_only(ros2_control_demo_description)
[4.408s] DEBUG:colcon.colcon_core.event_handler.log_command:Invoked command in '/home/rasp-8771/pi_ws/build/ros2_control_demo_description' returned '0': CMAKE_PREFIX_PATH=/opt/ros/iron /usr/bin/cmake --install /home/rasp-8771/pi_ws/build/ros2_control_demo_description
[4.440s] Level 1:colcon.colcon_core.environment:checking '/home/rasp-8771/pi_ws/install/ros2_control_demo_description' for CMake module files
[4.445s] Level 1:colcon.colcon_core.environment:checking '/home/rasp-8771/pi_ws/install/ros2_control_demo_description' for CMake config files
[4.454s] Level 1:colcon.colcon_core.shell:create_environment_hook('ros2_control_demo_description', 'cmake_prefix_path')
[4.455s] INFO:colcon.colcon_core.shell:Creating environment hook '/home/rasp-8771/pi_ws/install/ros2_control_demo_description/share/ros2_control_demo_description/hook/cmake_prefix_path.ps1'
[4.461s] INFO:colcon.colcon_core.shell:Creating environment descriptor '/home/rasp-8771/pi_ws/install/ros2_control_demo_description/share/ros2_control_demo_description/hook/cmake_prefix_path.dsv'
[4.464s] INFO:colcon.colcon_core.shell:Creating environment hook '/home/rasp-8771/pi_ws/install/ros2_control_demo_description/share/ros2_control_demo_description/hook/cmake_prefix_path.sh'
[4.470s] Level 1:colcon.colcon_core.environment:checking '/home/rasp-8771/pi_ws/install/ros2_control_demo_description/bin'
[4.470s] Level 1:colcon.colcon_core.environment:checking '/home/rasp-8771/pi_ws/install/ros2_control_demo_description/lib/pkgconfig/ros2_control_demo_description.pc'
[4.471s] Level 1:colcon.colcon_core.environment:checking '/home/rasp-8771/pi_ws/install/ros2_control_demo_description/lib/python3.10/site-packages'
[4.472s] Level 1:colcon.colcon_core.environment:checking '/home/rasp-8771/pi_ws/install/ros2_control_demo_description/bin'
[4.474s] INFO:colcon.colcon_core.shell:Creating package script '/home/rasp-8771/pi_ws/install/ros2_control_demo_description/share/ros2_control_demo_description/package.ps1'
[4.478s] INFO:colcon.colcon_core.shell:Creating package descriptor '/home/rasp-8771/pi_ws/install/ros2_control_demo_description/share/ros2_control_demo_description/package.dsv'
[4.482s] INFO:colcon.colcon_core.shell:Creating package script '/home/rasp-8771/pi_ws/install/ros2_control_demo_description/share/ros2_control_demo_description/package.sh'
[4.486s] INFO:colcon.colcon_core.shell:Creating package script '/home/rasp-8771/pi_ws/install/ros2_control_demo_description/share/ros2_control_demo_description/package.bash'
[4.491s] INFO:colcon.colcon_core.shell:Creating package script '/home/rasp-8771/pi_ws/install/ros2_control_demo_description/share/ros2_control_demo_description/package.zsh'
[4.496s] Level 1:colcon.colcon_core.environment:create_file_with_runtime_dependencies(/home/rasp-8771/pi_ws/install/ros2_control_demo_description/share/colcon-core/packages/ros2_control_demo_description)
[4.609s] Level 1:colcon.colcon_core.environment:create_environment_scripts_only(ros2_control_demo_description)
[4.610s] Level 1:colcon.colcon_core.environment:checking '/home/rasp-8771/pi_ws/install/ros2_control_demo_description' for CMake module files
[4.613s] Level 1:colcon.colcon_core.environment:checking '/home/rasp-8771/pi_ws/install/ros2_control_demo_description' for CMake config files
[4.619s] Level 1:colcon.colcon_core.shell:create_environment_hook('ros2_control_demo_description', 'cmake_prefix_path')
[4.620s] INFO:colcon.colcon_core.shell:Creating environment hook '/home/rasp-8771/pi_ws/install/ros2_control_demo_description/share/ros2_control_demo_description/hook/cmake_prefix_path.ps1'
[4.622s] INFO:colcon.colcon_core.shell:Creating environment descriptor '/home/rasp-8771/pi_ws/install/ros2_control_demo_description/share/ros2_control_demo_description/hook/cmake_prefix_path.dsv'
[4.624s] INFO:colcon.colcon_core.shell:Creating environment hook '/home/rasp-8771/pi_ws/install/ros2_control_demo_description/share/ros2_control_demo_description/hook/cmake_prefix_path.sh'
[4.627s] Level 1:colcon.colcon_core.environment:checking '/home/rasp-8771/pi_ws/install/ros2_control_demo_description/bin'
[4.627s] Level 1:colcon.colcon_core.environment:checking '/home/rasp-8771/pi_ws/install/ros2_control_demo_description/lib/pkgconfig/ros2_control_demo_description.pc'
[4.628s] Level 1:colcon.colcon_core.environment:checking '/home/rasp-8771/pi_ws/install/ros2_control_demo_description/lib/python3.10/site-packages'
[4.630s] Level 1:colcon.colcon_core.environment:checking '/home/rasp-8771/pi_ws/install/ros2_control_demo_description/bin'
[4.631s] INFO:colcon.colcon_core.shell:Creating package script '/home/rasp-8771/pi_ws/install/ros2_control_demo_description/share/ros2_control_demo_description/package.ps1'
[4.633s] INFO:colcon.colcon_core.shell:Creating package descriptor '/home/rasp-8771/pi_ws/install/ros2_control_demo_description/share/ros2_control_demo_description/package.dsv'
[4.636s] INFO:colcon.colcon_core.shell:Creating package script '/home/rasp-8771/pi_ws/install/ros2_control_demo_description/share/ros2_control_demo_description/package.sh'
[4.638s] INFO:colcon.colcon_core.shell:Creating package script '/home/rasp-8771/pi_ws/install/ros2_control_demo_description/share/ros2_control_demo_description/package.bash'
[4.640s] INFO:colcon.colcon_core.shell:Creating package script '/home/rasp-8771/pi_ws/install/ros2_control_demo_description/share/ros2_control_demo_description/package.zsh'
[4.643s] Level 1:colcon.colcon_core.environment:create_file_with_runtime_dependencies(/home/rasp-8771/pi_ws/install/ros2_control_demo_description/share/colcon-core/packages/ros2_control_demo_description)
[4.644s] INFO:colcon.colcon_ros.task.ament_cmake.build:Building ROS package in '/home/rasp-8771/pi_ws/src/bevbot_arduino' with build type 'ament_cmake'
[4.645s] INFO:colcon.colcon_cmake.task.cmake.build:Building CMake package in '/home/rasp-8771/pi_ws/src/bevbot_arduino'
[4.646s] INFO:colcon.colcon_core.shell:Skip shell extension 'powershell' for command environment: Not usable outside of PowerShell
[4.647s] DEBUG:colcon.colcon_core.shell:Skip shell extension 'dsv' for command environment
[4.703s] DEBUG:colcon.colcon_core.event_handler.log_command:Invoking command in '/home/rasp-8771/pi_ws/build/bevbot_arduino': AMENT_PREFIX_PATH=/home/rasp-8771/pi_ws/install/ros2_control_demo_description:${AMENT_PREFIX_PATH} CMAKE_PREFIX_PATH=/home/rasp-8771/pi_ws/install/ros2_control_demo_description:/opt/ros/iron /usr/bin/cmake --build /home/rasp-8771/pi_ws/build/bevbot_arduino -- -j4 -l4
[5.309s] DEBUG:colcon.colcon_core.event_handler.log_command:Invoked command in '/home/rasp-8771/pi_ws/build/bevbot_arduino' returned '0': AMENT_PREFIX_PATH=/home/rasp-8771/pi_ws/install/ros2_control_demo_description:${AMENT_PREFIX_PATH} CMAKE_PREFIX_PATH=/home/rasp-8771/pi_ws/install/ros2_control_demo_description:/opt/ros/iron /usr/bin/cmake --build /home/rasp-8771/pi_ws/build/bevbot_arduino -- -j4 -l4
[5.444s] DEBUG:colcon.colcon_core.event_handler.log_command:Invoking command in '/home/rasp-8771/pi_ws/build/bevbot_arduino': AMENT_PREFIX_PATH=/home/rasp-8771/pi_ws/install/ros2_control_demo_description:${AMENT_PREFIX_PATH} CMAKE_PREFIX_PATH=/home/rasp-8771/pi_ws/install/ros2_control_demo_description:/opt/ros/iron /usr/bin/cmake --install /home/rasp-8771/pi_ws/build/bevbot_arduino
[5.633s] Level 1:colcon.colcon_core.environment:create_environment_scripts_only(bevbot_arduino)
[5.635s] Level 1:colcon.colcon_core.environment:checking '/home/rasp-8771/pi_ws/install/bevbot_arduino' for CMake module files
[5.637s] DEBUG:colcon.colcon_core.event_handler.log_command:Invoked command in '/home/rasp-8771/pi_ws/build/bevbot_arduino' returned '0': AMENT_PREFIX_PATH=/home/rasp-8771/pi_ws/install/ros2_control_demo_description:${AMENT_PREFIX_PATH} CMAKE_PREFIX_PATH=/home/rasp-8771/pi_ws/install/ros2_control_demo_description:/opt/ros/iron /usr/bin/cmake --install /home/rasp-8771/pi_ws/build/bevbot_arduino
[5.640s] Level 1:colcon.colcon_core.environment:checking '/home/rasp-8771/pi_ws/install/bevbot_arduino' for CMake config files
[5.648s] Level 1:colcon.colcon_core.shell:create_environment_hook('bevbot_arduino', 'cmake_prefix_path')
[5.649s] INFO:colcon.colcon_core.shell:Creating environment hook '/home/rasp-8771/pi_ws/install/bevbot_arduino/share/bevbot_arduino/hook/cmake_prefix_path.ps1'
[5.651s] INFO:colcon.colcon_core.shell:Creating environment descriptor '/home/rasp-8771/pi_ws/install/bevbot_arduino/share/bevbot_arduino/hook/cmake_prefix_path.dsv'
[5.653s] INFO:colcon.colcon_core.shell:Creating environment hook '/home/rasp-8771/pi_ws/install/bevbot_arduino/share/bevbot_arduino/hook/cmake_prefix_path.sh'
[5.656s] Level 1:colcon.colcon_core.environment:checking '/home/rasp-8771/pi_ws/install/bevbot_arduino/lib'
[5.657s] Level 1:colcon.colcon_core.shell:create_environment_hook('bevbot_arduino', 'ld_library_path_lib')
[5.658s] INFO:colcon.colcon_core.shell:Creating environment hook '/home/rasp-8771/pi_ws/install/bevbot_arduino/share/bevbot_arduino/hook/ld_library_path_lib.ps1'
[5.660s] INFO:colcon.colcon_core.shell:Creating environment descriptor '/home/rasp-8771/pi_ws/install/bevbot_arduino/share/bevbot_arduino/hook/ld_library_path_lib.dsv'
[5.661s] INFO:colcon.colcon_core.shell:Creating environment hook '/home/rasp-8771/pi_ws/install/bevbot_arduino/share/bevbot_arduino/hook/ld_library_path_lib.sh'
[5.663s] Level 1:colcon.colcon_core.environment:checking '/home/rasp-8771/pi_ws/install/bevbot_arduino/bin'
[5.664s] Level 1:colcon.colcon_core.environment:checking '/home/rasp-8771/pi_ws/install/bevbot_arduino/lib/pkgconfig/bevbot_arduino.pc'
[5.665s] Level 1:colcon.colcon_core.environment:checking '/home/rasp-8771/pi_ws/install/bevbot_arduino/lib/python3.10/site-packages'
[5.666s] Level 1:colcon.colcon_core.environment:checking '/home/rasp-8771/pi_ws/install/bevbot_arduino/bin'
[5.669s] INFO:colcon.colcon_core.shell:Creating package script '/home/rasp-8771/pi_ws/install/bevbot_arduino/share/bevbot_arduino/package.ps1'
[5.671s] INFO:colcon.colcon_core.shell:Creating package descriptor '/home/rasp-8771/pi_ws/install/bevbot_arduino/share/bevbot_arduino/package.dsv'
[5.673s] INFO:colcon.colcon_core.shell:Creating package script '/home/rasp-8771/pi_ws/install/bevbot_arduino/share/bevbot_arduino/package.sh'
[5.675s] INFO:colcon.colcon_core.shell:Creating package script '/home/rasp-8771/pi_ws/install/bevbot_arduino/share/bevbot_arduino/package.bash'
[5.677s] INFO:colcon.colcon_core.shell:Creating package script '/home/rasp-8771/pi_ws/install/bevbot_arduino/share/bevbot_arduino/package.zsh'
[5.679s] Level 1:colcon.colcon_core.environment:create_file_with_runtime_dependencies(/home/rasp-8771/pi_ws/install/bevbot_arduino/share/colcon-core/packages/bevbot_arduino)
[5.800s] Level 1:colcon.colcon_core.environment:create_environment_scripts_only(bevbot_arduino)
[5.801s] Level 1:colcon.colcon_core.environment:checking '/home/rasp-8771/pi_ws/install/bevbot_arduino' for CMake module files
[5.804s] Level 1:colcon.colcon_core.environment:checking '/home/rasp-8771/pi_ws/install/bevbot_arduino' for CMake config files
[5.809s] Level 1:colcon.colcon_core.shell:create_environment_hook('bevbot_arduino', 'cmake_prefix_path')
[5.810s] INFO:colcon.colcon_core.shell:Creating environment hook '/home/rasp-8771/pi_ws/install/bevbot_arduino/share/bevbot_arduino/hook/cmake_prefix_path.ps1'
[5.811s] INFO:colcon.colcon_core.shell:Creating environment descriptor '/home/rasp-8771/pi_ws/install/bevbot_arduino/share/bevbot_arduino/hook/cmake_prefix_path.dsv'
[5.813s] INFO:colcon.colcon_core.shell:Creating environment hook '/home/rasp-8771/pi_ws/install/bevbot_arduino/share/bevbot_arduino/hook/cmake_prefix_path.sh'
[5.816s] Level 1:colcon.colcon_core.environment:checking '/home/rasp-8771/pi_ws/install/bevbot_arduino/lib'
[5.817s] Level 1:colcon.colcon_core.shell:create_environment_hook('bevbot_arduino', 'ld_library_path_lib')
[5.817s] INFO:colcon.colcon_core.shell:Creating environment hook '/home/rasp-8771/pi_ws/install/bevbot_arduino/share/bevbot_arduino/hook/ld_library_path_lib.ps1'
[5.819s] INFO:colcon.colcon_core.shell:Creating environment descriptor '/home/rasp-8771/pi_ws/install/bevbot_arduino/share/bevbot_arduino/hook/ld_library_path_lib.dsv'
[5.821s] INFO:colcon.colcon_core.shell:Creating environment hook '/home/rasp-8771/pi_ws/install/bevbot_arduino/share/bevbot_arduino/hook/ld_library_path_lib.sh'
[5.823s] Level 1:colcon.colcon_core.environment:checking '/home/rasp-8771/pi_ws/install/bevbot_arduino/bin'
[5.823s] Level 1:colcon.colcon_core.environment:checking '/home/rasp-8771/pi_ws/install/bevbot_arduino/lib/pkgconfig/bevbot_arduino.pc'
[5.824s] Level 1:colcon.colcon_core.environment:checking '/home/rasp-8771/pi_ws/install/bevbot_arduino/lib/python3.10/site-packages'
[5.825s] Level 1:colcon.colcon_core.environment:checking '/home/rasp-8771/pi_ws/install/bevbot_arduino/bin'
[5.826s] INFO:colcon.colcon_core.shell:Creating package script '/home/rasp-8771/pi_ws/install/bevbot_arduino/share/bevbot_arduino/package.ps1'
[5.829s] INFO:colcon.colcon_core.shell:Creating package descriptor '/home/rasp-8771/pi_ws/install/bevbot_arduino/share/bevbot_arduino/package.dsv'
[5.831s] INFO:colcon.colcon_core.shell:Creating package script '/home/rasp-8771/pi_ws/install/bevbot_arduino/share/bevbot_arduino/package.sh'
[5.834s] INFO:colcon.colcon_core.shell:Creating package script '/home/rasp-8771/pi_ws/install/bevbot_arduino/share/bevbot_arduino/package.bash'
[5.836s] INFO:colcon.colcon_core.shell:Creating package script '/home/rasp-8771/pi_ws/install/bevbot_arduino/share/bevbot_arduino/package.zsh'
[5.838s] Level 1:colcon.colcon_core.environment:create_file_with_runtime_dependencies(/home/rasp-8771/pi_ws/install/bevbot_arduino/share/colcon-core/packages/bevbot_arduino)
[5.839s] DEBUG:colcon.colcon_parallel_executor.executor.parallel:closing loop
[5.840s] DEBUG:colcon.colcon_parallel_executor.executor.parallel:loop closed
[5.841s] DEBUG:colcon.colcon_parallel_executor.executor.parallel:run_until_complete finished with '0'
[5.841s] DEBUG:colcon.colcon_core.event_reactor:joining thread
[5.875s] INFO:colcon.colcon_core.plugin_system:Skipping extension 'colcon_notification.desktop_notification.terminal_notifier': Not used on non-Darwin systems
[5.875s] INFO:colcon.colcon_core.plugin_system:Skipping extension 'colcon_notification.desktop_notification.win32': Not used on non-Windows systems
[5.875s] INFO:colcon.colcon_notification.desktop_notification:Sending desktop notification using 'notify2'
[6.373s] DEBUG:colcon.colcon_core.event_reactor:joined thread
[6.375s] INFO:colcon.colcon_core.shell:Creating prefix script '/home/rasp-8771/pi_ws/install/local_setup.ps1'
[6.382s] INFO:colcon.colcon_core.shell:Creating prefix util module '/home/rasp-8771/pi_ws/install/_local_setup_util_ps1.py'
[6.389s] INFO:colcon.colcon_core.shell:Creating prefix chain script '/home/rasp-8771/pi_ws/install/setup.ps1'
[6.395s] INFO:colcon.colcon_core.shell:Creating prefix script '/home/rasp-8771/pi_ws/install/local_setup.sh'
[6.399s] INFO:colcon.colcon_core.shell:Creating prefix util module '/home/rasp-8771/pi_ws/install/_local_setup_util_sh.py'
[6.401s] INFO:colcon.colcon_core.shell:Creating prefix chain script '/home/rasp-8771/pi_ws/install/setup.sh'
[6.408s] INFO:colcon.colcon_core.shell:Creating prefix script '/home/rasp-8771/pi_ws/install/local_setup.bash'
[6.411s] INFO:colcon.colcon_core.shell:Creating prefix chain script '/home/rasp-8771/pi_ws/install/setup.bash'
[6.417s] INFO:colcon.colcon_core.shell:Creating prefix script '/home/rasp-8771/pi_ws/install/local_setup.zsh'
[6.421s] INFO:colcon.colcon_core.shell:Creating prefix chain script '/home/rasp-8771/pi_ws/install/setup.zsh'
