[0.090s] Invoking command in '/home/rasp-8771/pi_ws/build/depthai_ros_driver': CMAKE_PREFIX_PATH=/home/rasp-8771/pi_ws/install/depthai_examples:/home/rasp-8771/pi_ws/install/depthai_bridge:/home/rasp-8771/pi_ws/install/depthai_ros_msgs:/home/rasp-8771/pi_ws/install/depthai_descriptions:/home/rasp-8771/pi_ws/install/bevbot_arduino:/home/rasp-8771/pi_ws/install/ros2_control_demo_description:/home/rasp-8771/pi_ws/install/depthai-ros:/home/rasp-8771/pi_ws/install/depthai_ros_driver:/home/rasp-8771/pi_ws/install/depthai_filters:/opt/ros/iron LD_LIBRARY_PATH=/home/rasp-8771/pi_ws/install/depthai_bridge/lib:/home/rasp-8771/pi_ws/install/depthai_ros_msgs/lib:/home/rasp-8771/pi_ws/install/bevbot_arduino/lib:/home/rasp-8771/pi_ws/install/depthai_ros_driver/lib:/home/rasp-8771/pi_ws/install/depthai_filters/lib:/opt/ros/iron/opt/rviz_ogre_vendor/lib:/opt/ros/iron/lib/aarch64-linux-gnu:/opt/ros/iron/lib PYTHONPATH=/home/rasp-8771/pi_ws/install/depthai_ros_msgs/lib/python3.10/site-packages:/home/rasp-8771/pi_ws/install/depthai_ros_driver/lib/python3.10/site-packages:/opt/ros/iron/lib/python3.10/site-packages /usr/bin/cmake --build /home/rasp-8771/pi_ws/build/depthai_ros_driver
[0.319s] [35m[1mConsolidate compiler generated dependencies of target depthai_ros_driver_common[0m
[0.551s] [ 42%] Built target depthai_ros_driver_common
[0.619s] [35m[1mConsolidate compiler generated dependencies of target depthai_ros_driver_sensor_nodes[0m
[0.812s] [ 69%] Built target depthai_ros_driver_sensor_nodes
[0.872s] [35m[1mConsolidate compiler generated dependencies of target depthai_ros_driver_nn_nodes[0m
[1.017s] [ 84%] Built target depthai_ros_driver_nn_nodes
[1.077s] [35m[1mConsolidate compiler generated dependencies of target depthai_ros_driver[0m
[1.227s] [100%] Built target depthai_ros_driver
[1.365s] [100%] Built target ament_cmake_python_copy_depthai_ros_driver
[2.573s] running egg_info
[2.576s] writing depthai_ros_driver.egg-info/PKG-INFO
[2.577s] writing dependency_links to depthai_ros_driver.egg-info/dependency_links.txt
[2.578s] writing top-level names to depthai_ros_driver.egg-info/top_level.txt
[2.588s] reading manifest file 'depthai_ros_driver.egg-info/SOURCES.txt'
[2.591s] writing manifest file 'depthai_ros_driver.egg-info/SOURCES.txt'
[2.735s] [100%] Built target ament_cmake_python_build_depthai_ros_driver_egg
[2.784s] Invoked command in '/home/rasp-8771/pi_ws/build/depthai_ros_driver' returned '0': CMAKE_PREFIX_PATH=/home/rasp-8771/pi_ws/install/depthai_examples:/home/rasp-8771/pi_ws/install/depthai_bridge:/home/rasp-8771/pi_ws/install/depthai_ros_msgs:/home/rasp-8771/pi_ws/install/depthai_descriptions:/home/rasp-8771/pi_ws/install/bevbot_arduino:/home/rasp-8771/pi_ws/install/ros2_control_demo_description:/home/rasp-8771/pi_ws/install/depthai-ros:/home/rasp-8771/pi_ws/install/depthai_ros_driver:/home/rasp-8771/pi_ws/install/depthai_filters:/opt/ros/iron LD_LIBRARY_PATH=/home/rasp-8771/pi_ws/install/depthai_bridge/lib:/home/rasp-8771/pi_ws/install/depthai_ros_msgs/lib:/home/rasp-8771/pi_ws/install/bevbot_arduino/lib:/home/rasp-8771/pi_ws/install/depthai_ros_driver/lib:/home/rasp-8771/pi_ws/install/depthai_filters/lib:/opt/ros/iron/opt/rviz_ogre_vendor/lib:/opt/ros/iron/lib/aarch64-linux-gnu:/opt/ros/iron/lib PYTHONPATH=/home/rasp-8771/pi_ws/install/depthai_ros_msgs/lib/python3.10/site-packages:/home/rasp-8771/pi_ws/install/depthai_ros_driver/lib/python3.10/site-packages:/opt/ros/iron/lib/python3.10/site-packages /usr/bin/cmake --build /home/rasp-8771/pi_ws/build/depthai_ros_driver
[3.316s] Invoking command in '/home/rasp-8771/pi_ws/build/depthai_ros_driver': CMAKE_PREFIX_PATH=/home/rasp-8771/pi_ws/install/depthai_examples:/home/rasp-8771/pi_ws/install/depthai_bridge:/home/rasp-8771/pi_ws/install/depthai_ros_msgs:/home/rasp-8771/pi_ws/install/depthai_descriptions:/home/rasp-8771/pi_ws/install/bevbot_arduino:/home/rasp-8771/pi_ws/install/ros2_control_demo_description:/home/rasp-8771/pi_ws/install/depthai-ros:/home/rasp-8771/pi_ws/install/depthai_ros_driver:/home/rasp-8771/pi_ws/install/depthai_filters:/opt/ros/iron LD_LIBRARY_PATH=/home/rasp-8771/pi_ws/install/depthai_bridge/lib:/home/rasp-8771/pi_ws/install/depthai_ros_msgs/lib:/home/rasp-8771/pi_ws/install/bevbot_arduino/lib:/home/rasp-8771/pi_ws/install/depthai_ros_driver/lib:/home/rasp-8771/pi_ws/install/depthai_filters/lib:/opt/ros/iron/opt/rviz_ogre_vendor/lib:/opt/ros/iron/lib/aarch64-linux-gnu:/opt/ros/iron/lib PYTHONPATH=/home/rasp-8771/pi_ws/install/depthai_ros_msgs/lib/python3.10/site-packages:/home/rasp-8771/pi_ws/install/depthai_ros_driver/lib/python3.10/site-packages:/opt/ros/iron/lib/python3.10/site-packages /usr/bin/cmake --install /home/rasp-8771/pi_ws/build/depthai_ros_driver
[3.352s] -- Install configuration: ""
[3.352s] -- Up-to-date: /home/rasp-8771/pi_ws/install/depthai_ros_driver/share/depthai_ros_driver/plugins.xml
[3.353s] -- Up-to-date: /home/rasp-8771/pi_ws/install/depthai_ros_driver/share/depthai_ros_driver/environment/library_path.sh
[3.353s] -- Up-to-date: /home/rasp-8771/pi_ws/install/depthai_ros_driver/share/depthai_ros_driver/environment/library_path.dsv
[3.353s] -- Up-to-date: /home/rasp-8771/pi_ws/install/depthai_ros_driver/share/depthai_ros_driver/launch
[3.354s] -- Up-to-date: /home/rasp-8771/pi_ws/install/depthai_ros_driver/share/depthai_ros_driver/launch/pointcloud.launch.py
[3.354s] -- Up-to-date: /home/rasp-8771/pi_ws/install/depthai_ros_driver/share/depthai_ros_driver/launch/example_segmentation.launch.py
[3.354s] -- Up-to-date: /home/rasp-8771/pi_ws/install/depthai_ros_driver/share/depthai_ros_driver/launch/camera.launch.py
[3.355s] -- Up-to-date: /home/rasp-8771/pi_ws/install/depthai_ros_driver/share/depthai_ros_driver/launch/rgbd_pcl.launch.py
[3.355s] -- Up-to-date: /home/rasp-8771/pi_ws/install/depthai_ros_driver/share/depthai_ros_driver/launch/rtabmap.launch.py
[3.356s] -- Up-to-date: /home/rasp-8771/pi_ws/install/depthai_ros_driver/share/depthai_ros_driver/launch/sr_rgbd_pcl.launch.py
[3.356s] -- Up-to-date: /home/rasp-8771/pi_ws/install/depthai_ros_driver/share/depthai_ros_driver/launch/example_multicam.launch.py
[3.356s] -- Up-to-date: /home/rasp-8771/pi_ws/install/depthai_ros_driver/share/depthai_ros_driver/launch/example_marker_publish.launch.py
[3.357s] -- Up-to-date: /home/rasp-8771/pi_ws/install/depthai_ros_driver/share/depthai_ros_driver/launch/stereo_from_rosbag.launch.py
[3.357s] -- Up-to-date: /home/rasp-8771/pi_ws/install/depthai_ros_driver/share/depthai_ros_driver/launch/calibration.launch.py
[3.358s] -- Up-to-date: /home/rasp-8771/pi_ws/install/depthai_ros_driver/share/depthai_ros_driver/config
[3.358s] -- Up-to-date: /home/rasp-8771/pi_ws/install/depthai_ros_driver/share/depthai_ros_driver/config/pcl.yaml
[3.358s] -- Up-to-date: /home/rasp-8771/pi_ws/install/depthai_ros_driver/share/depthai_ros_driver/config/isaac_vslam.yaml
[3.359s] -- Up-to-date: /home/rasp-8771/pi_ws/install/depthai_ros_driver/share/depthai_ros_driver/config/sr_rgbd.yaml
[3.359s] -- Up-to-date: /home/rasp-8771/pi_ws/install/depthai_ros_driver/share/depthai_ros_driver/config/camera.yaml
[3.359s] -- Up-to-date: /home/rasp-8771/pi_ws/install/depthai_ros_driver/share/depthai_ros_driver/config/rgbd.yaml
[3.360s] -- Up-to-date: /home/rasp-8771/pi_ws/install/depthai_ros_driver/share/depthai_ros_driver/config/multicam_example.yaml
[3.361s] -- Up-to-date: /home/rasp-8771/pi_ws/install/depthai_ros_driver/share/depthai_ros_driver/config/stereo_from_rosbag.yaml
[3.362s] -- Up-to-date: /home/rasp-8771/pi_ws/install/depthai_ros_driver/share/depthai_ros_driver/config/nn
[3.362s] -- Up-to-date: /home/rasp-8771/pi_ws/install/depthai_ros_driver/share/depthai_ros_driver/config/nn/mobilenet.json
[3.362s] -- Up-to-date: /home/rasp-8771/pi_ws/install/depthai_ros_driver/share/depthai_ros_driver/config/nn/yolo.json
[3.363s] -- Up-to-date: /home/rasp-8771/pi_ws/install/depthai_ros_driver/share/depthai_ros_driver/config/nn/segmentation.json
[3.363s] -- Up-to-date: /home/rasp-8771/pi_ws/install/depthai_ros_driver/share/depthai_ros_driver/config/oak_d_sr.yaml
[3.363s] -- Up-to-date: /home/rasp-8771/pi_ws/install/depthai_ros_driver/share/depthai_ros_driver/config/spatial_yolo.yaml
[3.364s] -- Up-to-date: /home/rasp-8771/pi_ws/install/depthai_ros_driver/share/depthai_ros_driver/config/calibration
[3.364s] -- Up-to-date: /home/rasp-8771/pi_ws/install/depthai_ros_driver/share/depthai_ros_driver/config/calibration/left.yaml
[3.364s] -- Up-to-date: /home/rasp-8771/pi_ws/install/depthai_ros_driver/share/depthai_ros_driver/config/calibration/right.yaml
[3.365s] -- Up-to-date: /home/rasp-8771/pi_ws/install/depthai_ros_driver/share/depthai_ros_driver/config/calibration/rgb.yaml
[3.365s] -- Up-to-date: /home/rasp-8771/pi_ws/install/depthai_ros_driver/share/depthai_ros_driver/config/rviz
[3.365s] -- Up-to-date: /home/rasp-8771/pi_ws/install/depthai_ros_driver/share/depthai_ros_driver/config/rviz/multicam.rviz
[3.366s] -- Up-to-date: /home/rasp-8771/pi_ws/install/depthai_ros_driver/share/depthai_ros_driver/config/rviz/rgbd.rviz
[3.366s] -- Up-to-date: /home/rasp-8771/pi_ws/install/depthai_ros_driver/share/depthai_ros_driver/config/rviz/segmentation.rviz
[3.366s] -- Up-to-date: /home/rasp-8771/pi_ws/install/depthai_ros_driver/share/depthai_ros_driver/config/oak_d_pro_w.yaml
[3.367s] -- Up-to-date: /home/rasp-8771/pi_ws/install/depthai_ros_driver/share/depthai_ros_driver/config/calibration.yaml
[3.367s] -- Up-to-date: /home/rasp-8771/pi_ws/install/depthai_ros_driver/share/depthai_ros_driver/config/low_bandwidth.yaml
[3.367s] -- Up-to-date: /home/rasp-8771/pi_ws/install/depthai_ros_driver/share/depthai_ros_driver/config/segmentation.yaml
[3.367s] -- Up-to-date: /home/rasp-8771/pi_ws/install/depthai_ros_driver/lib/libdepthai_ros_driver.so
[3.368s] -- Up-to-date: /home/rasp-8771/pi_ws/install/depthai_ros_driver/lib/libdepthai_ros_driver_sensor_nodes.so
[3.368s] -- Up-to-date: /home/rasp-8771/pi_ws/install/depthai_ros_driver/lib/libdepthai_ros_driver_nn_nodes.so
[3.371s] -- Up-to-date: /home/rasp-8771/pi_ws/install/depthai_ros_driver/lib/libdepthai_ros_driver_common.so
[3.372s] -- Up-to-date: /home/rasp-8771/pi_ws/install/depthai_ros_driver/share/depthai_ros_driver/cmake/depthai_ros_driverTargets.cmake
[3.373s] -- Up-to-date: /home/rasp-8771/pi_ws/install/depthai_ros_driver/share/depthai_ros_driver/cmake/depthai_ros_driverTargets-noconfig.cmake
[3.373s] -- Up-to-date: /home/rasp-8771/pi_ws/install/depthai_ros_driver/share/depthai_ros_driver/environment/pythonpath.sh
[3.374s] -- Up-to-date: /home/rasp-8771/pi_ws/install/depthai_ros_driver/share/depthai_ros_driver/environment/pythonpath.dsv
[3.374s] -- Up-to-date: /home/rasp-8771/pi_ws/install/depthai_ros_driver/lib/python3.10/site-packages/depthai_ros_driver-2.9.0-py3.10.egg-info
[3.374s] -- Installing: /home/rasp-8771/pi_ws/install/depthai_ros_driver/lib/python3.10/site-packages/depthai_ros_driver-2.9.0-py3.10.egg-info/SOURCES.txt
[3.376s] -- Installing: /home/rasp-8771/pi_ws/install/depthai_ros_driver/lib/python3.10/site-packages/depthai_ros_driver-2.9.0-py3.10.egg-info/top_level.txt
[3.377s] -- Installing: /home/rasp-8771/pi_ws/install/depthai_ros_driver/lib/python3.10/site-packages/depthai_ros_driver-2.9.0-py3.10.egg-info/PKG-INFO
[3.378s] -- Installing: /home/rasp-8771/pi_ws/install/depthai_ros_driver/lib/python3.10/site-packages/depthai_ros_driver-2.9.0-py3.10.egg-info/dependency_links.txt
[3.379s] -- Up-to-date: /home/rasp-8771/pi_ws/install/depthai_ros_driver/lib/python3.10/site-packages/depthai_ros_driver
[3.380s] -- Up-to-date: /home/rasp-8771/pi_ws/install/depthai_ros_driver/lib/python3.10/site-packages/depthai_ros_driver/__init__.py
[3.524s] Listing '/home/rasp-8771/pi_ws/install/depthai_ros_driver/lib/python3.10/site-packages/depthai_ros_driver'...
[3.547s] -- Up-to-date: /home/rasp-8771/pi_ws/install/depthai_ros_driver/lib/depthai_ros_driver/obj_pub.py
[3.548s] -- Up-to-date: /home/rasp-8771/pi_ws/install/depthai_ros_driver/include
[3.548s] -- Up-to-date: /home/rasp-8771/pi_ws/install/depthai_ros_driver/include/depthai_ros_driver
[3.548s] -- Up-to-date: /home/rasp-8771/pi_ws/install/depthai_ros_driver/include/depthai_ros_driver/pipeline
[3.549s] -- Up-to-date: /home/rasp-8771/pi_ws/install/depthai_ros_driver/include/depthai_ros_driver/pipeline/base_pipeline.hpp
[3.549s] -- Up-to-date: /home/rasp-8771/pi_ws/install/depthai_ros_driver/include/depthai_ros_driver/pipeline/base_types.hpp
[3.550s] -- Up-to-date: /home/rasp-8771/pi_ws/install/depthai_ros_driver/include/depthai_ros_driver/pipeline/pipeline_generator.hpp
[3.550s] -- Up-to-date: /home/rasp-8771/pi_ws/install/depthai_ros_driver/include/depthai_ros_driver/utils.hpp
[3.551s] -- Up-to-date: /home/rasp-8771/pi_ws/install/depthai_ros_driver/include/depthai_ros_driver/dai_nodes
[3.551s] -- Up-to-date: /home/rasp-8771/pi_ws/install/depthai_ros_driver/include/depthai_ros_driver/dai_nodes/stereo.hpp
[3.551s] -- Up-to-date: /home/rasp-8771/pi_ws/install/depthai_ros_driver/include/depthai_ros_driver/dai_nodes/sensors
[3.552s] -- Up-to-date: /home/rasp-8771/pi_ws/install/depthai_ros_driver/include/depthai_ros_driver/dai_nodes/sensors/mono.hpp
[3.552s] -- Up-to-date: /home/rasp-8771/pi_ws/install/depthai_ros_driver/include/depthai_ros_driver/dai_nodes/sensors/rgb.hpp
[3.552s] -- Up-to-date: /home/rasp-8771/pi_ws/install/depthai_ros_driver/include/depthai_ros_driver/dai_nodes/sensors/imu.hpp
[3.553s] -- Up-to-date: /home/rasp-8771/pi_ws/install/depthai_ros_driver/include/depthai_ros_driver/dai_nodes/sensors/feature_tracker.hpp
[3.553s] -- Up-to-date: /home/rasp-8771/pi_ws/install/depthai_ros_driver/include/depthai_ros_driver/dai_nodes/sensors/sensor_wrapper.hpp
[3.554s] -- Up-to-date: /home/rasp-8771/pi_ws/install/depthai_ros_driver/include/depthai_ros_driver/dai_nodes/sensors/sensor_helpers.hpp
[3.554s] -- Up-to-date: /home/rasp-8771/pi_ws/install/depthai_ros_driver/include/depthai_ros_driver/dai_nodes/base_node.hpp
[3.554s] -- Up-to-date: /home/rasp-8771/pi_ws/install/depthai_ros_driver/include/depthai_ros_driver/dai_nodes/sys_logger.hpp
[3.555s] -- Up-to-date: /home/rasp-8771/pi_ws/install/depthai_ros_driver/include/depthai_ros_driver/dai_nodes/nn
[3.555s] -- Up-to-date: /home/rasp-8771/pi_ws/install/depthai_ros_driver/include/depthai_ros_driver/dai_nodes/nn/spatial_detection.hpp
[3.555s] -- Up-to-date: /home/rasp-8771/pi_ws/install/depthai_ros_driver/include/depthai_ros_driver/dai_nodes/nn/segmentation.hpp
[3.556s] -- Up-to-date: /home/rasp-8771/pi_ws/install/depthai_ros_driver/include/depthai_ros_driver/dai_nodes/nn/nn_wrapper.hpp
[3.556s] -- Up-to-date: /home/rasp-8771/pi_ws/install/depthai_ros_driver/include/depthai_ros_driver/dai_nodes/nn/detection.hpp
[3.556s] -- Up-to-date: /home/rasp-8771/pi_ws/install/depthai_ros_driver/include/depthai_ros_driver/dai_nodes/nn/nn_helpers.hpp
[3.557s] -- Up-to-date: /home/rasp-8771/pi_ws/install/depthai_ros_driver/include/depthai_ros_driver/dai_nodes/nn/spatial_nn_wrapper.hpp
[3.557s] -- Up-to-date: /home/rasp-8771/pi_ws/install/depthai_ros_driver/include/depthai_ros_driver/param_handlers
[3.558s] -- Up-to-date: /home/rasp-8771/pi_ws/install/depthai_ros_driver/include/depthai_ros_driver/param_handlers/feature_tracker_param_handler.hpp
[3.558s] -- Up-to-date: /home/rasp-8771/pi_ws/install/depthai_ros_driver/include/depthai_ros_driver/param_handlers/base_param_handler.hpp
[3.559s] -- Up-to-date: /home/rasp-8771/pi_ws/install/depthai_ros_driver/include/depthai_ros_driver/param_handlers/imu_param_handler.hpp
[3.559s] -- Up-to-date: /home/rasp-8771/pi_ws/install/depthai_ros_driver/include/depthai_ros_driver/param_handlers/nn_param_handler.hpp
[3.560s] -- Up-to-date: /home/rasp-8771/pi_ws/install/depthai_ros_driver/include/depthai_ros_driver/param_handlers/sensor_param_handler.hpp
[3.560s] -- Up-to-date: /home/rasp-8771/pi_ws/install/depthai_ros_driver/include/depthai_ros_driver/param_handlers/stereo_param_handler.hpp
[3.560s] -- Up-to-date: /home/rasp-8771/pi_ws/install/depthai_ros_driver/include/depthai_ros_driver/param_handlers/camera_param_handler.hpp
[3.561s] -- Up-to-date: /home/rasp-8771/pi_ws/install/depthai_ros_driver/include/depthai_ros_driver/camera.hpp
[3.561s] -- Up-to-date: /home/rasp-8771/pi_ws/install/depthai_ros_driver/share/ament_index/resource_index/package_run_dependencies/depthai_ros_driver
[3.561s] -- Up-to-date: /home/rasp-8771/pi_ws/install/depthai_ros_driver/share/ament_index/resource_index/parent_prefix_path/depthai_ros_driver
[3.562s] -- Up-to-date: /home/rasp-8771/pi_ws/install/depthai_ros_driver/share/depthai_ros_driver/environment/ament_prefix_path.sh
[3.562s] -- Up-to-date: /home/rasp-8771/pi_ws/install/depthai_ros_driver/share/depthai_ros_driver/environment/ament_prefix_path.dsv
[3.562s] -- Up-to-date: /home/rasp-8771/pi_ws/install/depthai_ros_driver/share/depthai_ros_driver/environment/path.sh
[3.563s] -- Up-to-date: /home/rasp-8771/pi_ws/install/depthai_ros_driver/share/depthai_ros_driver/environment/path.dsv
[3.563s] -- Up-to-date: /home/rasp-8771/pi_ws/install/depthai_ros_driver/share/depthai_ros_driver/local_setup.bash
[3.564s] -- Up-to-date: /home/rasp-8771/pi_ws/install/depthai_ros_driver/share/depthai_ros_driver/local_setup.sh
[3.564s] -- Up-to-date: /home/rasp-8771/pi_ws/install/depthai_ros_driver/share/depthai_ros_driver/local_setup.zsh
[3.564s] -- Up-to-date: /home/rasp-8771/pi_ws/install/depthai_ros_driver/share/depthai_ros_driver/local_setup.dsv
[3.565s] -- Installing: /home/rasp-8771/pi_ws/install/depthai_ros_driver/share/depthai_ros_driver/package.dsv
[3.565s] -- Up-to-date: /home/rasp-8771/pi_ws/install/depthai_ros_driver/share/ament_index/resource_index/packages/depthai_ros_driver
[3.566s] -- Up-to-date: /home/rasp-8771/pi_ws/install/depthai_ros_driver/share/ament_index/resource_index/depthai_ros_driver__pluginlib__plugin/depthai_ros_driver
[3.566s] -- Up-to-date: /home/rasp-8771/pi_ws/install/depthai_ros_driver/share/ament_index/resource_index/rclcpp_components/depthai_ros_driver
[3.566s] -- Up-to-date: /home/rasp-8771/pi_ws/install/depthai_ros_driver/share/depthai_ros_driver/cmake/depthai_ros_driverTargetsExport.cmake
[3.567s] -- Up-to-date: /home/rasp-8771/pi_ws/install/depthai_ros_driver/share/depthai_ros_driver/cmake/depthai_ros_driverTargetsExport-noconfig.cmake
[3.567s] -- Up-to-date: /home/rasp-8771/pi_ws/install/depthai_ros_driver/share/depthai_ros_driver/cmake/ament_cmake_export_include_directories-extras.cmake
[3.568s] -- Up-to-date: /home/rasp-8771/pi_ws/install/depthai_ros_driver/share/depthai_ros_driver/cmake/ament_cmake_export_targets-extras.cmake
[3.568s] -- Up-to-date: /home/rasp-8771/pi_ws/install/depthai_ros_driver/share/depthai_ros_driver/cmake/ament_cmake_export_libraries-extras.cmake
[3.568s] -- Up-to-date: /home/rasp-8771/pi_ws/install/depthai_ros_driver/share/depthai_ros_driver/cmake/ament_cmake_export_dependencies-extras.cmake
[3.569s] -- Up-to-date: /home/rasp-8771/pi_ws/install/depthai_ros_driver/share/depthai_ros_driver/cmake/depthai_ros_driverConfig.cmake
[3.569s] -- Up-to-date: /home/rasp-8771/pi_ws/install/depthai_ros_driver/share/depthai_ros_driver/cmake/depthai_ros_driverConfig-version.cmake
[3.569s] -- Up-to-date: /home/rasp-8771/pi_ws/install/depthai_ros_driver/share/depthai_ros_driver/package.xml
[3.576s] Invoked command in '/home/rasp-8771/pi_ws/build/depthai_ros_driver' returned '0': CMAKE_PREFIX_PATH=/home/rasp-8771/pi_ws/install/depthai_examples:/home/rasp-8771/pi_ws/install/depthai_bridge:/home/rasp-8771/pi_ws/install/depthai_ros_msgs:/home/rasp-8771/pi_ws/install/depthai_descriptions:/home/rasp-8771/pi_ws/install/bevbot_arduino:/home/rasp-8771/pi_ws/install/ros2_control_demo_description:/home/rasp-8771/pi_ws/install/depthai-ros:/home/rasp-8771/pi_ws/install/depthai_ros_driver:/home/rasp-8771/pi_ws/install/depthai_filters:/opt/ros/iron LD_LIBRARY_PATH=/home/rasp-8771/pi_ws/install/depthai_bridge/lib:/home/rasp-8771/pi_ws/install/depthai_ros_msgs/lib:/home/rasp-8771/pi_ws/install/bevbot_arduino/lib:/home/rasp-8771/pi_ws/install/depthai_ros_driver/lib:/home/rasp-8771/pi_ws/install/depthai_filters/lib:/opt/ros/iron/opt/rviz_ogre_vendor/lib:/opt/ros/iron/lib/aarch64-linux-gnu:/opt/ros/iron/lib PYTHONPATH=/home/rasp-8771/pi_ws/install/depthai_ros_msgs/lib/python3.10/site-packages:/home/rasp-8771/pi_ws/install/depthai_ros_driver/lib/python3.10/site-packages:/opt/ros/iron/lib/python3.10/site-packages /usr/bin/cmake --install /home/rasp-8771/pi_ws/build/depthai_ros_driver
