[0.091s] Invoking command in '/home/rasp-8771/pi_ws/build/depthai_bridge': CMAKE_PREFIX_PATH=/home/rasp-8771/pi_ws/install/depthai_ros_msgs:/home/rasp-8771/pi_ws/install/bevbot_arduino:/home/rasp-8771/pi_ws/install/ros2_control_demo_description:/home/rasp-8771/pi_ws/install/depthai-ros:/home/rasp-8771/pi_ws/install/depthai_ros_driver:/home/rasp-8771/pi_ws/install/depthai_filters:/home/rasp-8771/pi_ws/install/depthai_examples:/home/rasp-8771/pi_ws/install/depthai_bridge:/home/rasp-8771/pi_ws/install/depthai_descriptions:/opt/ros/iron LD_LIBRARY_PATH=/home/rasp-8771/pi_ws/install/depthai_ros_msgs/lib:/home/rasp-8771/pi_ws/install/bevbot_arduino/lib:/home/rasp-8771/pi_ws/install/depthai_ros_driver/lib:/home/rasp-8771/pi_ws/install/depthai_filters/lib:/home/rasp-8771/pi_ws/install/depthai_bridge/lib:/opt/ros/iron/opt/rviz_ogre_vendor/lib:/opt/ros/iron/lib/aarch64-linux-gnu:/opt/ros/iron/lib PYTHONPATH=/home/rasp-8771/pi_ws/install/depthai_ros_msgs/lib/python3.10/site-packages:/home/rasp-8771/pi_ws/install/depthai_ros_driver/lib/python3.10/site-packages:/opt/ros/iron/lib/python3.10/site-packages /usr/bin/cmake --build /home/rasp-8771/pi_ws/build/depthai_bridge
[0.359s] [35m[1mConsolidate compiler generated dependencies of target depthai_bridge[0m
[0.575s] [100%] Built target depthai_bridge
[0.631s] Invoked command in '/home/rasp-8771/pi_ws/build/depthai_bridge' returned '0': CMAKE_PREFIX_PATH=/home/rasp-8771/pi_ws/install/depthai_ros_msgs:/home/rasp-8771/pi_ws/install/bevbot_arduino:/home/rasp-8771/pi_ws/install/ros2_control_demo_description:/home/rasp-8771/pi_ws/install/depthai-ros:/home/rasp-8771/pi_ws/install/depthai_ros_driver:/home/rasp-8771/pi_ws/install/depthai_filters:/home/rasp-8771/pi_ws/install/depthai_examples:/home/rasp-8771/pi_ws/install/depthai_bridge:/home/rasp-8771/pi_ws/install/depthai_descriptions:/opt/ros/iron LD_LIBRARY_PATH=/home/rasp-8771/pi_ws/install/depthai_ros_msgs/lib:/home/rasp-8771/pi_ws/install/bevbot_arduino/lib:/home/rasp-8771/pi_ws/install/depthai_ros_driver/lib:/home/rasp-8771/pi_ws/install/depthai_filters/lib:/home/rasp-8771/pi_ws/install/depthai_bridge/lib:/opt/ros/iron/opt/rviz_ogre_vendor/lib:/opt/ros/iron/lib/aarch64-linux-gnu:/opt/ros/iron/lib PYTHONPATH=/home/rasp-8771/pi_ws/install/depthai_ros_msgs/lib/python3.10/site-packages:/home/rasp-8771/pi_ws/install/depthai_ros_driver/lib/python3.10/site-packages:/opt/ros/iron/lib/python3.10/site-packages /usr/bin/cmake --build /home/rasp-8771/pi_ws/build/depthai_bridge
[0.900s] Invoking command in '/home/rasp-8771/pi_ws/build/depthai_bridge': CMAKE_PREFIX_PATH=/home/rasp-8771/pi_ws/install/depthai_ros_msgs:/home/rasp-8771/pi_ws/install/bevbot_arduino:/home/rasp-8771/pi_ws/install/ros2_control_demo_description:/home/rasp-8771/pi_ws/install/depthai-ros:/home/rasp-8771/pi_ws/install/depthai_ros_driver:/home/rasp-8771/pi_ws/install/depthai_filters:/home/rasp-8771/pi_ws/install/depthai_examples:/home/rasp-8771/pi_ws/install/depthai_bridge:/home/rasp-8771/pi_ws/install/depthai_descriptions:/opt/ros/iron LD_LIBRARY_PATH=/home/rasp-8771/pi_ws/install/depthai_ros_msgs/lib:/home/rasp-8771/pi_ws/install/bevbot_arduino/lib:/home/rasp-8771/pi_ws/install/depthai_ros_driver/lib:/home/rasp-8771/pi_ws/install/depthai_filters/lib:/home/rasp-8771/pi_ws/install/depthai_bridge/lib:/opt/ros/iron/opt/rviz_ogre_vendor/lib:/opt/ros/iron/lib/aarch64-linux-gnu:/opt/ros/iron/lib PYTHONPATH=/home/rasp-8771/pi_ws/install/depthai_ros_msgs/lib/python3.10/site-packages:/home/rasp-8771/pi_ws/install/depthai_ros_driver/lib/python3.10/site-packages:/opt/ros/iron/lib/python3.10/site-packages /usr/bin/cmake --install /home/rasp-8771/pi_ws/build/depthai_bridge
[0.955s] -- Install configuration: ""
[0.957s] -- Up-to-date: /home/rasp-8771/pi_ws/install/depthai_bridge/share/depthai_bridge/environment/library_path.sh
[0.958s] -- Up-to-date: /home/rasp-8771/pi_ws/install/depthai_bridge/share/depthai_bridge/environment/library_path.dsv
[0.959s] -- Up-to-date: /home/rasp-8771/pi_ws/install/depthai_bridge/include/
[0.962s] -- Up-to-date: /home/rasp-8771/pi_ws/install/depthai_bridge/include//depthai_bridge
[0.963s] -- Up-to-date: /home/rasp-8771/pi_ws/install/depthai_bridge/include//depthai_bridge/ImageConverter.hpp
[0.964s] -- Up-to-date: /home/rasp-8771/pi_ws/install/depthai_bridge/include//depthai_bridge/TFPublisher.hpp
[0.965s] -- Up-to-date: /home/rasp-8771/pi_ws/install/depthai_bridge/include//depthai_bridge/ImgDetectionConverter.hpp
[0.966s] -- Up-to-date: /home/rasp-8771/pi_ws/install/depthai_bridge/include//depthai_bridge/DisparityConverter.hpp
[0.967s] -- Up-to-date: /home/rasp-8771/pi_ws/install/depthai_bridge/include//depthai_bridge/depthaiUtility.hpp
[0.967s] -- Up-to-date: /home/rasp-8771/pi_ws/install/depthai_bridge/include//depthai_bridge/BridgePublisher.hpp
[0.969s] -- Up-to-date: /home/rasp-8771/pi_ws/install/depthai_bridge/include//depthai_bridge/ImuConverter.hpp
[0.969s] -- Up-to-date: /home/rasp-8771/pi_ws/install/depthai_bridge/include//depthai_bridge/SpatialDetectionConverter.hpp
[0.970s] -- Up-to-date: /home/rasp-8771/pi_ws/install/depthai_bridge/include//depthai_bridge/TrackedFeaturesConverter.hpp
[0.972s] -- Up-to-date: /home/rasp-8771/pi_ws/install/depthai_bridge/lib/libdepthai_bridge.so
[0.972s] -- Up-to-date: /home/rasp-8771/pi_ws/install/depthai_bridge/share/depthai_bridge/cmake/depthai_bridgeTargets.cmake
[0.973s] -- Up-to-date: /home/rasp-8771/pi_ws/install/depthai_bridge/share/depthai_bridge/cmake/depthai_bridgeTargets-noconfig.cmake
[0.973s] -- Up-to-date: /home/rasp-8771/pi_ws/install/depthai_bridge/share/depthai_bridge/rviz
[0.975s] -- Up-to-date: /home/rasp-8771/pi_ws/install/depthai_bridge/share/depthai_bridge/rviz/pointCloud.rviz
[0.975s] -- Up-to-date: /home/rasp-8771/pi_ws/install/depthai_bridge/share/ament_index/resource_index/package_run_dependencies/depthai_bridge
[0.976s] -- Up-to-date: /home/rasp-8771/pi_ws/install/depthai_bridge/share/ament_index/resource_index/parent_prefix_path/depthai_bridge
[0.977s] -- Up-to-date: /home/rasp-8771/pi_ws/install/depthai_bridge/share/depthai_bridge/environment/ament_prefix_path.sh
[0.978s] -- Up-to-date: /home/rasp-8771/pi_ws/install/depthai_bridge/share/depthai_bridge/environment/ament_prefix_path.dsv
[0.979s] -- Up-to-date: /home/rasp-8771/pi_ws/install/depthai_bridge/share/depthai_bridge/environment/path.sh
[0.980s] -- Up-to-date: /home/rasp-8771/pi_ws/install/depthai_bridge/share/depthai_bridge/environment/path.dsv
[0.980s] -- Up-to-date: /home/rasp-8771/pi_ws/install/depthai_bridge/share/depthai_bridge/local_setup.bash
[0.981s] -- Up-to-date: /home/rasp-8771/pi_ws/install/depthai_bridge/share/depthai_bridge/local_setup.sh
[0.982s] -- Up-to-date: /home/rasp-8771/pi_ws/install/depthai_bridge/share/depthai_bridge/local_setup.zsh
[0.982s] -- Up-to-date: /home/rasp-8771/pi_ws/install/depthai_bridge/share/depthai_bridge/local_setup.dsv
[0.983s] -- Installing: /home/rasp-8771/pi_ws/install/depthai_bridge/share/depthai_bridge/package.dsv
[0.984s] -- Up-to-date: /home/rasp-8771/pi_ws/install/depthai_bridge/share/ament_index/resource_index/packages/depthai_bridge
[0.984s] -- Up-to-date: /home/rasp-8771/pi_ws/install/depthai_bridge/share/depthai_bridge/cmake/depthai_bridgeTargetsExport.cmake
[0.985s] -- Up-to-date: /home/rasp-8771/pi_ws/install/depthai_bridge/share/depthai_bridge/cmake/depthai_bridgeTargetsExport-noconfig.cmake
[0.986s] -- Up-to-date: /home/rasp-8771/pi_ws/install/depthai_bridge/share/depthai_bridge/cmake/ament_cmake_export_targets-extras.cmake
[0.987s] -- Up-to-date: /home/rasp-8771/pi_ws/install/depthai_bridge/share/depthai_bridge/cmake/ament_cmake_export_include_directories-extras.cmake
[0.987s] -- Up-to-date: /home/rasp-8771/pi_ws/install/depthai_bridge/share/depthai_bridge/cmake/ament_cmake_export_libraries-extras.cmake
[0.988s] -- Up-to-date: /home/rasp-8771/pi_ws/install/depthai_bridge/share/depthai_bridge/cmake/ament_cmake_export_dependencies-extras.cmake
[0.989s] -- Up-to-date: /home/rasp-8771/pi_ws/install/depthai_bridge/share/depthai_bridge/cmake/depthai_bridgeConfig.cmake
[0.990s] -- Up-to-date: /home/rasp-8771/pi_ws/install/depthai_bridge/share/depthai_bridge/cmake/depthai_bridgeConfig-version.cmake
[0.991s] -- Up-to-date: /home/rasp-8771/pi_ws/install/depthai_bridge/share/depthai_bridge/package.xml
[1.024s] Invoked command in '/home/rasp-8771/pi_ws/build/depthai_bridge' returned '0': CMAKE_PREFIX_PATH=/home/rasp-8771/pi_ws/install/depthai_ros_msgs:/home/rasp-8771/pi_ws/install/bevbot_arduino:/home/rasp-8771/pi_ws/install/ros2_control_demo_description:/home/rasp-8771/pi_ws/install/depthai-ros:/home/rasp-8771/pi_ws/install/depthai_ros_driver:/home/rasp-8771/pi_ws/install/depthai_filters:/home/rasp-8771/pi_ws/install/depthai_examples:/home/rasp-8771/pi_ws/install/depthai_bridge:/home/rasp-8771/pi_ws/install/depthai_descriptions:/opt/ros/iron LD_LIBRARY_PATH=/home/rasp-8771/pi_ws/install/depthai_ros_msgs/lib:/home/rasp-8771/pi_ws/install/bevbot_arduino/lib:/home/rasp-8771/pi_ws/install/depthai_ros_driver/lib:/home/rasp-8771/pi_ws/install/depthai_filters/lib:/home/rasp-8771/pi_ws/install/depthai_bridge/lib:/opt/ros/iron/opt/rviz_ogre_vendor/lib:/opt/ros/iron/lib/aarch64-linux-gnu:/opt/ros/iron/lib PYTHONPATH=/home/rasp-8771/pi_ws/install/depthai_ros_msgs/lib/python3.10/site-packages:/home/rasp-8771/pi_ws/install/depthai_ros_driver/lib/python3.10/site-packages:/opt/ros/iron/lib/python3.10/site-packages /usr/bin/cmake --install /home/rasp-8771/pi_ws/build/depthai_bridge
