[0.090s] Invoking command in '/home/rasp-8771/pi_ws/build/bevbot_arduino': AMENT_PREFIX_PATH=/home/rasp-8771/pi_ws/install/ros2_control_demo_description:${AMENT_PREFIX_PATH} CMAKE_PREFIX_PATH=/home/rasp-8771/pi_ws/install/ros2_control_demo_description:/opt/ros/iron /usr/bin/cmake /home/rasp-8771/pi_ws/src/bevbot_arduino -DCMAKE_INSTALL_PREFIX=/home/rasp-8771/pi_ws/install/bevbot_arduino
[0.176s] -- Found ament_cmake: 2.0.5 (/opt/ros/iron/share/ament_cmake/cmake)
[1.021s] -- Override CMake install command with custom implementation using symlinks instead of copying resources
[1.066s] -- Found hardware_interface: 3.24.0 (/opt/ros/iron/share/hardware_interface/cmake)
[1.314s] -- Found rosidl_generator_c: 4.0.1 (/opt/ros/iron/share/rosidl_generator_c/cmake)
[1.356s] -- Found rosidl_generator_cpp: 4.0.1 (/opt/ros/iron/share/rosidl_generator_cpp/cmake)
[1.425s] -- Using all available rosidl_typesupport_c: rosidl_typesupport_fastrtps_c;rosidl_typesupport_introspection_c
[1.503s] -- Using all available rosidl_typesupport_cpp: rosidl_typesupport_fastrtps_cpp;rosidl_typesupport_introspection_cpp
[5.015s] -- Found rmw_implementation_cmake: 7.1.0 (/opt/ros/iron/share/rmw_implementation_cmake/cmake)
[5.022s] -- Found rmw_fastrtps_cpp: 7.1.3 (/opt/ros/iron/share/rmw_fastrtps_cpp/cmake)
[5.194s] -- Found TinyXML2 via Config file: TinyXML2_DIR-NOTFOUND
[5.226s] -- Found TinyXML2 via Config file: TinyXML2_DIR-NOTFOUND
[5.336s] -- Found TinyXML2 via Config file: TinyXML2_DIR-NOTFOUND
[5.367s] -- Found TinyXML2 via Config file: TinyXML2_DIR-NOTFOUND
[5.405s] -- Using RMW implementation 'rmw_fastrtps_cpp' as default
[6.353s] -- Found ament_cmake_pytest: 2.0.5 (/opt/ros/iron/share/ament_cmake_pytest/cmake)
[10.092s] -- Configuring done
[10.205s] -- Generating done
[10.215s] -- Build files have been written to: /home/rasp-8771/pi_ws/build/bevbot_arduino
[10.259s] Invoked command in '/home/rasp-8771/pi_ws/build/bevbot_arduino' returned '0': AMENT_PREFIX_PATH=/home/rasp-8771/pi_ws/install/ros2_control_demo_description:${AMENT_PREFIX_PATH} CMAKE_PREFIX_PATH=/home/rasp-8771/pi_ws/install/ros2_control_demo_description:/opt/ros/iron /usr/bin/cmake /home/rasp-8771/pi_ws/src/bevbot_arduino -DCMAKE_INSTALL_PREFIX=/home/rasp-8771/pi_ws/install/bevbot_arduino
[10.268s] Invoking command in '/home/rasp-8771/pi_ws/build/bevbot_arduino': AMENT_PREFIX_PATH=/home/rasp-8771/pi_ws/install/ros2_control_demo_description:${AMENT_PREFIX_PATH} CMAKE_PREFIX_PATH=/home/rasp-8771/pi_ws/install/ros2_control_demo_description:/opt/ros/iron /usr/bin/cmake --build /home/rasp-8771/pi_ws/build/bevbot_arduino
[10.448s] [35m[1mConsolidate compiler generated dependencies of target bevbot_arduino[0m
[10.561s] [100%] Built target bevbot_arduino
[10.603s] Invoked command in '/home/rasp-8771/pi_ws/build/bevbot_arduino' returned '0': AMENT_PREFIX_PATH=/home/rasp-8771/pi_ws/install/ros2_control_demo_description:${AMENT_PREFIX_PATH} CMAKE_PREFIX_PATH=/home/rasp-8771/pi_ws/install/ros2_control_demo_description:/opt/ros/iron /usr/bin/cmake --build /home/rasp-8771/pi_ws/build/bevbot_arduino
[10.735s] Invoking command in '/home/rasp-8771/pi_ws/build/bevbot_arduino': AMENT_PREFIX_PATH=/home/rasp-8771/pi_ws/install/ros2_control_demo_description:${AMENT_PREFIX_PATH} CMAKE_PREFIX_PATH=/home/rasp-8771/pi_ws/install/ros2_control_demo_description:/opt/ros/iron /usr/bin/cmake --install /home/rasp-8771/pi_ws/build/bevbot_arduino
[10.764s] -- Install configuration: ""
[10.766s] -- Execute custom install script
[10.768s] -- Up-to-date symlink: /home/rasp-8771/pi_ws/install/bevbot_arduino/share/bevbot_arduino//bevbot_arduino.xml
[10.773s] -- Up-to-date symlink: /home/rasp-8771/pi_ws/install/bevbot_arduino/include/bevbot_arduino/bevbot_arduino/arduino_comms.hpp
[10.774s] -- Up-to-date symlink: /home/rasp-8771/pi_ws/install/bevbot_arduino/include/bevbot_arduino/bevbot_arduino/diffbot_system.hpp
[10.776s] -- Up-to-date symlink: /home/rasp-8771/pi_ws/install/bevbot_arduino/include/bevbot_arduino/bevbot_arduino/visibility_control.h
[10.778s] -- Up-to-date symlink: /home/rasp-8771/pi_ws/install/bevbot_arduino/include/bevbot_arduino/bevbot_arduino/wheel.hpp
[10.782s] -- Up-to-date symlink: /home/rasp-8771/pi_ws/install/bevbot_arduino/share/bevbot_arduino/launch/view_robot.launch.py
[10.785s] -- Up-to-date symlink: /home/rasp-8771/pi_ws/install/bevbot_arduino/share/bevbot_arduino/ros2_control/diffbot.ros2_control.xacro
[10.788s] -- Up-to-date symlink: /home/rasp-8771/pi_ws/install/bevbot_arduino/share/bevbot_arduino/urdf/bevbot_core.xacro
[10.790s] -- Up-to-date symlink: /home/rasp-8771/pi_ws/install/bevbot_arduino/share/bevbot_arduino/urdf/camera.xacro
[10.791s] -- Up-to-date symlink: /home/rasp-8771/pi_ws/install/bevbot_arduino/share/bevbot_arduino/urdf/diffbot.urdf.xacro
[10.793s] -- Up-to-date symlink: /home/rasp-8771/pi_ws/install/bevbot_arduino/share/bevbot_arduino/urdf/inertial_macros.xacro
[10.795s] -- Up-to-date symlink: /home/rasp-8771/pi_ws/install/bevbot_arduino/share/bevbot_arduino/urdf/lidar.xacro
[10.798s] -- Up-to-date symlink: /home/rasp-8771/pi_ws/install/bevbot_arduino/share/bevbot_arduino/launch/diffbot.launch.py
[10.802s] -- Up-to-date symlink: /home/rasp-8771/pi_ws/install/bevbot_arduino/share/bevbot_arduino/config/diffbot_controllers.yaml
[10.805s] -- Up-to-date symlink: /home/rasp-8771/pi_ws/install/bevbot_arduino/share/bevbot_arduino/environment/library_path.sh
[10.806s] -- Up-to-date symlink: /home/rasp-8771/pi_ws/install/bevbot_arduino/share/bevbot_arduino/environment/library_path.dsv
[10.809s] -- Up-to-date symlink: /home/rasp-8771/pi_ws/install/bevbot_arduino/share/ament_index/resource_index/package_run_dependencies/bevbot_arduino
[10.811s] -- Up-to-date symlink: /home/rasp-8771/pi_ws/install/bevbot_arduino/share/ament_index/resource_index/parent_prefix_path/bevbot_arduino
[10.813s] -- Up-to-date symlink: /home/rasp-8771/pi_ws/install/bevbot_arduino/share/bevbot_arduino/environment/ament_prefix_path.sh
[10.815s] -- Up-to-date symlink: /home/rasp-8771/pi_ws/install/bevbot_arduino/share/bevbot_arduino/environment/ament_prefix_path.dsv
[10.816s] -- Up-to-date symlink: /home/rasp-8771/pi_ws/install/bevbot_arduino/share/bevbot_arduino/environment/path.sh
[10.818s] -- Up-to-date symlink: /home/rasp-8771/pi_ws/install/bevbot_arduino/share/bevbot_arduino/environment/path.dsv
[10.820s] -- Up-to-date symlink: /home/rasp-8771/pi_ws/install/bevbot_arduino/share/bevbot_arduino/local_setup.bash
[10.822s] -- Up-to-date symlink: /home/rasp-8771/pi_ws/install/bevbot_arduino/share/bevbot_arduino/local_setup.sh
[10.823s] -- Up-to-date symlink: /home/rasp-8771/pi_ws/install/bevbot_arduino/share/bevbot_arduino/local_setup.zsh
[10.825s] -- Up-to-date symlink: /home/rasp-8771/pi_ws/install/bevbot_arduino/share/bevbot_arduino/local_setup.dsv
[10.826s] -- Symlinking: /home/rasp-8771/pi_ws/install/bevbot_arduino/share/bevbot_arduino/package.dsv
[10.862s] -- Up-to-date symlink: /home/rasp-8771/pi_ws/install/bevbot_arduino/share/ament_index/resource_index/packages/bevbot_arduino
[10.864s] -- Up-to-date symlink: /home/rasp-8771/pi_ws/install/bevbot_arduino/share/ament_index/resource_index/hardware_interface__pluginlib__plugin/bevbot_arduino
[10.867s] -- Up-to-date symlink: /home/rasp-8771/pi_ws/install/bevbot_arduino/share/bevbot_arduino/cmake/ament_cmake_export_targets-extras.cmake
[10.868s] -- Up-to-date symlink: /home/rasp-8771/pi_ws/install/bevbot_arduino/share/bevbot_arduino/cmake/ament_cmake_export_dependencies-extras.cmake
[10.870s] -- Up-to-date symlink: /home/rasp-8771/pi_ws/install/bevbot_arduino/share/bevbot_arduino/cmake/bevbot_arduinoConfig.cmake
[10.872s] -- Up-to-date symlink: /home/rasp-8771/pi_ws/install/bevbot_arduino/share/bevbot_arduino/cmake/bevbot_arduinoConfig-version.cmake
[10.873s] -- Up-to-date symlink: /home/rasp-8771/pi_ws/install/bevbot_arduino/share/bevbot_arduino/package.xml
[10.879s] -- Up-to-date: /home/rasp-8771/pi_ws/install/bevbot_arduino/lib/libbevbot_arduino.so
[10.881s] -- Up-to-date: /home/rasp-8771/pi_ws/install/bevbot_arduino/share/bevbot_arduino/cmake/export_bevbot_arduinoExport.cmake
[10.882s] -- Up-to-date: /home/rasp-8771/pi_ws/install/bevbot_arduino/share/bevbot_arduino/cmake/export_bevbot_arduinoExport-noconfig.cmake
[10.890s] Invoked command in '/home/rasp-8771/pi_ws/build/bevbot_arduino' returned '0': AMENT_PREFIX_PATH=/home/rasp-8771/pi_ws/install/ros2_control_demo_description:${AMENT_PREFIX_PATH} CMAKE_PREFIX_PATH=/home/rasp-8771/pi_ws/install/ros2_control_demo_description:/opt/ros/iron /usr/bin/cmake --install /home/rasp-8771/pi_ws/build/bevbot_arduino
