[0.048s] Invoking command in '/home/rasp-8771/pi_ws/build/bevbot_arduino': AMENT_PREFIX_PATH=/home/rasp-8771/pi_ws/install/ros2_control_demo_description:${AMENT_PREFIX_PATH} CMAKE_PREFIX_PATH=/home/rasp-8771/pi_ws/install/ros2_control_demo_description:/opt/ros/iron /usr/bin/cmake --build /home/rasp-8771/pi_ws/build/bevbot_arduino -- -j4 -l4
[0.618s] [100%] Built target bevbot_arduino
[0.664s] Invoked command in '/home/rasp-8771/pi_ws/build/bevbot_arduino' returned '0': AMENT_PREFIX_PATH=/home/rasp-8771/pi_ws/install/ros2_control_demo_description:${AMENT_PREFIX_PATH} CMAKE_PREFIX_PATH=/home/rasp-8771/pi_ws/install/ros2_control_demo_description:/opt/ros/iron /usr/bin/cmake --build /home/rasp-8771/pi_ws/build/bevbot_arduino -- -j4 -l4
[0.786s] Invoking command in '/home/rasp-8771/pi_ws/build/bevbot_arduino': AMENT_PREFIX_PATH=/home/rasp-8771/pi_ws/install/ros2_control_demo_description:${AMENT_PREFIX_PATH} CMAKE_PREFIX_PATH=/home/rasp-8771/pi_ws/install/ros2_control_demo_description:/opt/ros/iron /usr/bin/cmake --install /home/rasp-8771/pi_ws/build/bevbot_arduino
[0.816s] -- Install configuration: ""
[0.819s] -- Execute custom install script
[0.822s] -- Up-to-date symlink: /home/rasp-8771/pi_ws/install/bevbot_arduino/share/bevbot_arduino//bevbot_arduino.xml
[0.826s] -- Up-to-date symlink: /home/rasp-8771/pi_ws/install/bevbot_arduino/include/bevbot_arduino/bevbot_arduino/arduino_comms.hpp
[0.827s] -- Up-to-date symlink: /home/rasp-8771/pi_ws/install/bevbot_arduino/include/bevbot_arduino/bevbot_arduino/diffbot_system.hpp
[0.829s] -- Up-to-date symlink: /home/rasp-8771/pi_ws/install/bevbot_arduino/include/bevbot_arduino/bevbot_arduino/visibility_control.h
[0.831s] -- Up-to-date symlink: /home/rasp-8771/pi_ws/install/bevbot_arduino/include/bevbot_arduino/bevbot_arduino/wheel.hpp
[0.836s] -- Up-to-date symlink: /home/rasp-8771/pi_ws/install/bevbot_arduino/share/bevbot_arduino/launch/view_robot.launch.py
[0.839s] -- Up-to-date symlink: /home/rasp-8771/pi_ws/install/bevbot_arduino/share/bevbot_arduino/ros2_control/diffbot.ros2_control.xacro
[0.853s] -- Up-to-date symlink: /home/rasp-8771/pi_ws/install/bevbot_arduino/share/bevbot_arduino/urdf/bevbot_core.xacro
[0.855s] -- Up-to-date symlink: /home/rasp-8771/pi_ws/install/bevbot_arduino/share/bevbot_arduino/urdf/camera.xacro
[0.857s] -- Up-to-date symlink: /home/rasp-8771/pi_ws/install/bevbot_arduino/share/bevbot_arduino/urdf/depth_camera.xacro
[0.859s] -- Up-to-date symlink: /home/rasp-8771/pi_ws/install/bevbot_arduino/share/bevbot_arduino/urdf/diffbot.urdf.xacro
[0.860s] -- Up-to-date symlink: /home/rasp-8771/pi_ws/install/bevbot_arduino/share/bevbot_arduino/urdf/inertial_macros.xacro
[0.862s] -- Up-to-date symlink: /home/rasp-8771/pi_ws/install/bevbot_arduino/share/bevbot_arduino/urdf/lidar.xacro
[0.866s] -- Up-to-date symlink: /home/rasp-8771/pi_ws/install/bevbot_arduino/share/bevbot_arduino/launch/diffbot.launch.py
[0.870s] -- Up-to-date symlink: /home/rasp-8771/pi_ws/install/bevbot_arduino/share/bevbot_arduino/config/diffbot_controllers.yaml
[0.875s] -- Up-to-date symlink: /home/rasp-8771/pi_ws/install/bevbot_arduino/share/bevbot_arduino/config/mapper_params_online_async.yaml
[0.878s] -- Up-to-date symlink: /home/rasp-8771/pi_ws/install/bevbot_arduino/share/bevbot_arduino/environment/library_path.sh
[0.880s] -- Up-to-date symlink: /home/rasp-8771/pi_ws/install/bevbot_arduino/share/bevbot_arduino/environment/library_path.dsv
[0.884s] -- Up-to-date symlink: /home/rasp-8771/pi_ws/install/bevbot_arduino/share/ament_index/resource_index/package_run_dependencies/bevbot_arduino
[0.886s] -- Up-to-date symlink: /home/rasp-8771/pi_ws/install/bevbot_arduino/share/ament_index/resource_index/parent_prefix_path/bevbot_arduino
[0.888s] -- Up-to-date symlink: /home/rasp-8771/pi_ws/install/bevbot_arduino/share/bevbot_arduino/environment/ament_prefix_path.sh
[0.890s] -- Up-to-date symlink: /home/rasp-8771/pi_ws/install/bevbot_arduino/share/bevbot_arduino/environment/ament_prefix_path.dsv
[0.892s] -- Up-to-date symlink: /home/rasp-8771/pi_ws/install/bevbot_arduino/share/bevbot_arduino/environment/path.sh
[0.893s] -- Up-to-date symlink: /home/rasp-8771/pi_ws/install/bevbot_arduino/share/bevbot_arduino/environment/path.dsv
[0.895s] -- Up-to-date symlink: /home/rasp-8771/pi_ws/install/bevbot_arduino/share/bevbot_arduino/local_setup.bash
[0.897s] -- Up-to-date symlink: /home/rasp-8771/pi_ws/install/bevbot_arduino/share/bevbot_arduino/local_setup.sh
[0.898s] -- Up-to-date symlink: /home/rasp-8771/pi_ws/install/bevbot_arduino/share/bevbot_arduino/local_setup.zsh
[0.900s] -- Up-to-date symlink: /home/rasp-8771/pi_ws/install/bevbot_arduino/share/bevbot_arduino/local_setup.dsv
[0.901s] -- Symlinking: /home/rasp-8771/pi_ws/install/bevbot_arduino/share/bevbot_arduino/package.dsv
[0.937s] -- Up-to-date symlink: /home/rasp-8771/pi_ws/install/bevbot_arduino/share/ament_index/resource_index/packages/bevbot_arduino
[0.939s] -- Up-to-date symlink: /home/rasp-8771/pi_ws/install/bevbot_arduino/share/ament_index/resource_index/hardware_interface__pluginlib__plugin/bevbot_arduino
[0.941s] -- Up-to-date symlink: /home/rasp-8771/pi_ws/install/bevbot_arduino/share/bevbot_arduino/cmake/ament_cmake_export_targets-extras.cmake
[0.942s] -- Up-to-date symlink: /home/rasp-8771/pi_ws/install/bevbot_arduino/share/bevbot_arduino/cmake/ament_cmake_export_dependencies-extras.cmake
[0.944s] -- Up-to-date symlink: /home/rasp-8771/pi_ws/install/bevbot_arduino/share/bevbot_arduino/cmake/bevbot_arduinoConfig.cmake
[0.946s] -- Up-to-date symlink: /home/rasp-8771/pi_ws/install/bevbot_arduino/share/bevbot_arduino/cmake/bevbot_arduinoConfig-version.cmake
[0.947s] -- Up-to-date symlink: /home/rasp-8771/pi_ws/install/bevbot_arduino/share/bevbot_arduino/package.xml
[0.952s] -- Up-to-date: /home/rasp-8771/pi_ws/install/bevbot_arduino/lib/libbevbot_arduino.so
[0.957s] -- Up-to-date: /home/rasp-8771/pi_ws/install/bevbot_arduino/share/bevbot_arduino/cmake/export_bevbot_arduinoExport.cmake
[0.958s] -- Up-to-date: /home/rasp-8771/pi_ws/install/bevbot_arduino/share/bevbot_arduino/cmake/export_bevbot_arduinoExport-noconfig.cmake
[0.967s] Invoked command in '/home/rasp-8771/pi_ws/build/bevbot_arduino' returned '0': AMENT_PREFIX_PATH=/home/rasp-8771/pi_ws/install/ros2_control_demo_description:${AMENT_PREFIX_PATH} CMAKE_PREFIX_PATH=/home/rasp-8771/pi_ws/install/ros2_control_demo_description:/opt/ros/iron /usr/bin/cmake --install /home/rasp-8771/pi_ws/build/bevbot_arduino
