[0.059s] Invoking command in '/home/rasp-8771/pi_ws/build/ros2_control_demo_example_2': CMAKE_PREFIX_PATH=/home/rasp-8771/pi_ws/install/ros2_control_demo_description:/home/rasp-8771/pi_ws/install/ros2_control_demo_example_2:/opt/ros/iron /usr/bin/cmake --build /home/rasp-8771/pi_ws/build/ros2_control_demo_example_2 -- -j4 -l4
[0.318s] [100%] Built target ros2_control_demo_example_2
[0.359s] Invoked command in '/home/rasp-8771/pi_ws/build/ros2_control_demo_example_2' returned '0': CMAKE_PREFIX_PATH=/home/rasp-8771/pi_ws/install/ros2_control_demo_description:/home/rasp-8771/pi_ws/install/ros2_control_demo_example_2:/opt/ros/iron /usr/bin/cmake --build /home/rasp-8771/pi_ws/build/ros2_control_demo_example_2 -- -j4 -l4
[0.496s] Invoking command in '/home/rasp-8771/pi_ws/build/ros2_control_demo_example_2': CMAKE_PREFIX_PATH=/home/rasp-8771/pi_ws/install/ros2_control_demo_description:/home/rasp-8771/pi_ws/install/ros2_control_demo_example_2:/opt/ros/iron /usr/bin/cmake --install /home/rasp-8771/pi_ws/build/ros2_control_demo_example_2
[0.530s] -- Install configuration: ""
[0.532s] -- Execute custom install script
[0.535s] -- Up-to-date symlink: /home/rasp-8771/pi_ws/install/ros2_control_demo_example_2/share/ros2_control_demo_example_2//ros2_control_demo_example_2.xml
[0.536s] -- Up-to-date symlink: /home/rasp-8771/pi_ws/install/ros2_control_demo_example_2/include/ros2_control_demo_example_2/ros2_control_demo_example_2/arduino_comms.hpp
[0.537s] -- Up-to-date symlink: /home/rasp-8771/pi_ws/install/ros2_control_demo_example_2/include/ros2_control_demo_example_2/ros2_control_demo_example_2/diffbot_system.hpp
[0.538s] -- Up-to-date symlink: /home/rasp-8771/pi_ws/install/ros2_control_demo_example_2/include/ros2_control_demo_example_2/ros2_control_demo_example_2/visibility_control.h
[0.540s] -- Up-to-date symlink: /home/rasp-8771/pi_ws/install/ros2_control_demo_example_2/include/ros2_control_demo_example_2/ros2_control_demo_example_2/wheel.hpp
[0.541s] -- Up-to-date symlink: /home/rasp-8771/pi_ws/install/ros2_control_demo_example_2/share/ros2_control_demo_example_2/launch/view_robot.launch.py
[0.542s] -- Up-to-date symlink: /home/rasp-8771/pi_ws/install/ros2_control_demo_example_2/share/ros2_control_demo_example_2/ros2_control/diffbot.ros2_control.xacro
[0.543s] -- Symlinking: /home/rasp-8771/pi_ws/install/ros2_control_demo_example_2/share/ros2_control_demo_example_2/urdf/bevbot_core.xacro
[0.576s] -- Symlinking: /home/rasp-8771/pi_ws/install/ros2_control_demo_example_2/share/ros2_control_demo_example_2/urdf/camera.xacro
[0.612s] -- Up-to-date symlink: /home/rasp-8771/pi_ws/install/ros2_control_demo_example_2/share/ros2_control_demo_example_2/urdf/diffbot.urdf.xacro
[0.613s] -- Symlinking: /home/rasp-8771/pi_ws/install/ros2_control_demo_example_2/share/ros2_control_demo_example_2/urdf/inertial_macros.xacro
[0.648s] -- Symlinking: /home/rasp-8771/pi_ws/install/ros2_control_demo_example_2/share/ros2_control_demo_example_2/urdf/lidar.xacro
[0.684s] -- Up-to-date symlink: /home/rasp-8771/pi_ws/install/ros2_control_demo_example_2/share/ros2_control_demo_example_2/launch/diffbot.launch.py
[0.686s] -- Up-to-date symlink: /home/rasp-8771/pi_ws/install/ros2_control_demo_example_2/share/ros2_control_demo_example_2/config/diffbot_controllers.yaml
[0.687s] -- Up-to-date symlink: /home/rasp-8771/pi_ws/install/ros2_control_demo_example_2/share/ros2_control_demo_example_2/environment/library_path.sh
[0.688s] -- Up-to-date symlink: /home/rasp-8771/pi_ws/install/ros2_control_demo_example_2/share/ros2_control_demo_example_2/environment/library_path.dsv
[0.690s] -- Up-to-date symlink: /home/rasp-8771/pi_ws/install/ros2_control_demo_example_2/share/ament_index/resource_index/package_run_dependencies/ros2_control_demo_example_2
[0.691s] -- Up-to-date symlink: /home/rasp-8771/pi_ws/install/ros2_control_demo_example_2/share/ament_index/resource_index/parent_prefix_path/ros2_control_demo_example_2
[0.694s] -- Up-to-date symlink: /home/rasp-8771/pi_ws/install/ros2_control_demo_example_2/share/ros2_control_demo_example_2/environment/ament_prefix_path.sh
[0.694s] -- Up-to-date symlink: /home/rasp-8771/pi_ws/install/ros2_control_demo_example_2/share/ros2_control_demo_example_2/environment/ament_prefix_path.dsv
[0.695s] -- Up-to-date symlink: /home/rasp-8771/pi_ws/install/ros2_control_demo_example_2/share/ros2_control_demo_example_2/environment/path.sh
[0.696s] -- Up-to-date symlink: /home/rasp-8771/pi_ws/install/ros2_control_demo_example_2/share/ros2_control_demo_example_2/environment/path.dsv
[0.697s] -- Up-to-date symlink: /home/rasp-8771/pi_ws/install/ros2_control_demo_example_2/share/ros2_control_demo_example_2/local_setup.bash
[0.699s] -- Up-to-date symlink: /home/rasp-8771/pi_ws/install/ros2_control_demo_example_2/share/ros2_control_demo_example_2/local_setup.sh
[0.700s] -- Up-to-date symlink: /home/rasp-8771/pi_ws/install/ros2_control_demo_example_2/share/ros2_control_demo_example_2/local_setup.zsh
[0.701s] -- Up-to-date symlink: /home/rasp-8771/pi_ws/install/ros2_control_demo_example_2/share/ros2_control_demo_example_2/local_setup.dsv
[0.703s] -- Symlinking: /home/rasp-8771/pi_ws/install/ros2_control_demo_example_2/share/ros2_control_demo_example_2/package.dsv
[0.736s] -- Up-to-date symlink: /home/rasp-8771/pi_ws/install/ros2_control_demo_example_2/share/ament_index/resource_index/packages/ros2_control_demo_example_2
[0.737s] -- Up-to-date symlink: /home/rasp-8771/pi_ws/install/ros2_control_demo_example_2/share/ament_index/resource_index/hardware_interface__pluginlib__plugin/ros2_control_demo_example_2
[0.738s] -- Up-to-date symlink: /home/rasp-8771/pi_ws/install/ros2_control_demo_example_2/share/ros2_control_demo_example_2/cmake/ament_cmake_export_targets-extras.cmake
[0.740s] -- Up-to-date symlink: /home/rasp-8771/pi_ws/install/ros2_control_demo_example_2/share/ros2_control_demo_example_2/cmake/ament_cmake_export_dependencies-extras.cmake
[0.741s] -- Up-to-date symlink: /home/rasp-8771/pi_ws/install/ros2_control_demo_example_2/share/ros2_control_demo_example_2/cmake/ros2_control_demo_example_2Config.cmake
[0.742s] -- Up-to-date symlink: /home/rasp-8771/pi_ws/install/ros2_control_demo_example_2/share/ros2_control_demo_example_2/cmake/ros2_control_demo_example_2Config-version.cmake
[0.743s] -- Up-to-date symlink: /home/rasp-8771/pi_ws/install/ros2_control_demo_example_2/share/ros2_control_demo_example_2/package.xml
[0.745s] -- Up-to-date: /home/rasp-8771/pi_ws/install/ros2_control_demo_example_2/lib/libros2_control_demo_example_2.so
[0.747s] -- Up-to-date: /home/rasp-8771/pi_ws/install/ros2_control_demo_example_2/share/ros2_control_demo_example_2/cmake/export_ros2_control_demo_example_2Export.cmake
[0.748s] -- Up-to-date: /home/rasp-8771/pi_ws/install/ros2_control_demo_example_2/share/ros2_control_demo_example_2/cmake/export_ros2_control_demo_example_2Export-noconfig.cmake
[0.757s] Invoked command in '/home/rasp-8771/pi_ws/build/ros2_control_demo_example_2' returned '0': CMAKE_PREFIX_PATH=/home/rasp-8771/pi_ws/install/ros2_control_demo_description:/home/rasp-8771/pi_ws/install/ros2_control_demo_example_2:/opt/ros/iron /usr/bin/cmake --install /home/rasp-8771/pi_ws/build/ros2_control_demo_example_2
