[0.480s] DEBUG:colcon:Command line arguments: ['/usr/bin/colcon', 'build', '--symlink-install']
[0.481s] DEBUG:colcon:Parsed command line arguments: Namespace(log_base=None, log_level=None, verb_name='build', build_base='build', install_base='install', merge_install=False, symlink_install=True, test_result_base=None, continue_on_error=False, executor='parallel', parallel_workers=4, event_handlers=None, ignore_user_meta=False, metas=['./colcon.meta'], base_paths=['.'], packages_ignore=None, packages_ignore_regex=None, paths=None, packages_up_to=None, packages_up_to_regex=None, packages_above=None, packages_above_and_dependencies=None, packages_above_depth=None, packages_select_by_dep=None, packages_skip_by_dep=None, packages_skip_up_to=None, packages_select_build_failed=False, packages_skip_build_finished=False, packages_select_test_failures=False, packages_skip_test_passed=False, packages_select=None, packages_skip=None, packages_select_regex=None, packages_skip_regex=None, packages_start=None, packages_end=None, allow_overriding=[], cmake_args=None, cmake_target=None, cmake_target_skip_unavailable=False, cmake_clean_cache=False, cmake_clean_first=False, cmake_force_configure=False, ament_cmake_args=None, catkin_cmake_args=None, catkin_skip_building_tests=False, mixin_files=None, mixin=None, verb_parser=<colcon_mixin.mixin.mixin_argument.MixinArgumentDecorator object at 0xffff849aa1a0>, verb_extension=<colcon_core.verb.build.BuildVerb object at 0xffff849a9c30>, main=<bound method BuildVerb.main of <colcon_core.verb.build.BuildVerb object at 0xffff849a9c30>>, mixin_verb=('build',))
[1.394s] Level 1:colcon.colcon_core.package_discovery:discover_packages(colcon_meta) check parameters
[1.395s] Level 1:colcon.colcon_core.package_discovery:discover_packages(recursive) check parameters
[1.395s] Level 1:colcon.colcon_core.package_discovery:discover_packages(ignore) check parameters
[1.395s] Level 1:colcon.colcon_core.package_discovery:discover_packages(path) check parameters
[1.395s] Level 1:colcon.colcon_core.package_discovery:discover_packages(colcon_meta) discover
[1.396s] Level 1:colcon.colcon_core.package_discovery:discover_packages(recursive) discover
[1.396s] INFO:colcon.colcon_core.package_discovery:Crawling recursively for packages in '/home/rasp-8771/pi_ws'
[1.396s] Level 1:colcon.colcon_core.package_identification:_identify(.) by extensions ['ignore', 'ignore_ament_install']
[1.397s] Level 1:colcon.colcon_core.package_identification:_identify(.) by extension 'ignore'
[1.397s] Level 1:colcon.colcon_core.package_identification:_identify(.) by extension 'ignore_ament_install'
[1.397s] Level 1:colcon.colcon_core.package_identification:_identify(.) by extensions ['colcon_pkg']
[1.398s] Level 1:colcon.colcon_core.package_identification:_identify(.) by extension 'colcon_pkg'
[1.398s] Level 1:colcon.colcon_core.package_identification:_identify(.) by extensions ['colcon_meta']
[1.398s] Level 1:colcon.colcon_core.package_identification:_identify(.) by extension 'colcon_meta'
[1.398s] Level 1:colcon.colcon_core.package_identification:_identify(.) by extensions ['ros']
[1.398s] Level 1:colcon.colcon_core.package_identification:_identify(.) by extension 'ros'
[1.444s] Level 1:colcon.colcon_core.package_identification:_identify(.) by extensions ['cmake', 'python']
[1.444s] Level 1:colcon.colcon_core.package_identification:_identify(.) by extension 'cmake'
[1.444s] Level 1:colcon.colcon_core.package_identification:_identify(.) by extension 'python'
[1.444s] Level 1:colcon.colcon_core.package_identification:_identify(.) by extensions ['python_setup_py']
[1.445s] Level 1:colcon.colcon_core.package_identification:_identify(.) by extension 'python_setup_py'
[1.445s] Level 1:colcon.colcon_core.package_identification:_identify(build) by extensions ['ignore', 'ignore_ament_install']
[1.445s] Level 1:colcon.colcon_core.package_identification:_identify(build) by extension 'ignore'
[1.446s] Level 1:colcon.colcon_core.package_identification:_identify(build) ignored
[1.446s] Level 1:colcon.colcon_core.package_identification:_identify(install) by extensions ['ignore', 'ignore_ament_install']
[1.447s] Level 1:colcon.colcon_core.package_identification:_identify(install) by extension 'ignore'
[1.447s] Level 1:colcon.colcon_core.package_identification:_identify(install) ignored
[1.448s] Level 1:colcon.colcon_core.package_identification:_identify(log) by extensions ['ignore', 'ignore_ament_install']
[1.449s] Level 1:colcon.colcon_core.package_identification:_identify(log) by extension 'ignore'
[1.449s] Level 1:colcon.colcon_core.package_identification:_identify(log) ignored
[1.449s] Level 1:colcon.colcon_core.package_identification:_identify(src) by extensions ['ignore', 'ignore_ament_install']
[1.450s] Level 1:colcon.colcon_core.package_identification:_identify(src) by extension 'ignore'
[1.450s] Level 1:colcon.colcon_core.package_identification:_identify(src) by extension 'ignore_ament_install'
[1.450s] Level 1:colcon.colcon_core.package_identification:_identify(src) by extensions ['colcon_pkg']
[1.451s] Level 1:colcon.colcon_core.package_identification:_identify(src) by extension 'colcon_pkg'
[1.451s] Level 1:colcon.colcon_core.package_identification:_identify(src) by extensions ['colcon_meta']
[1.451s] Level 1:colcon.colcon_core.package_identification:_identify(src) by extension 'colcon_meta'
[1.452s] Level 1:colcon.colcon_core.package_identification:_identify(src) by extensions ['ros']
[1.452s] Level 1:colcon.colcon_core.package_identification:_identify(src) by extension 'ros'
[1.452s] Level 1:colcon.colcon_core.package_identification:_identify(src) by extensions ['cmake', 'python']
[1.453s] Level 1:colcon.colcon_core.package_identification:_identify(src) by extension 'cmake'
[1.453s] Level 1:colcon.colcon_core.package_identification:_identify(src) by extension 'python'
[1.453s] Level 1:colcon.colcon_core.package_identification:_identify(src) by extensions ['python_setup_py']
[1.453s] Level 1:colcon.colcon_core.package_identification:_identify(src) by extension 'python_setup_py'
[1.454s] Level 1:colcon.colcon_core.package_identification:_identify(src/bevbot_arduino) by extensions ['ignore', 'ignore_ament_install']
[1.454s] Level 1:colcon.colcon_core.package_identification:_identify(src/bevbot_arduino) by extension 'ignore'
[1.455s] Level 1:colcon.colcon_core.package_identification:_identify(src/bevbot_arduino) by extension 'ignore_ament_install'
[1.455s] Level 1:colcon.colcon_core.package_identification:_identify(src/bevbot_arduino) by extensions ['colcon_pkg']
[1.455s] Level 1:colcon.colcon_core.package_identification:_identify(src/bevbot_arduino) by extension 'colcon_pkg'
[1.455s] Level 1:colcon.colcon_core.package_identification:_identify(src/bevbot_arduino) by extensions ['colcon_meta']
[1.455s] Level 1:colcon.colcon_core.package_identification:_identify(src/bevbot_arduino) by extension 'colcon_meta'
[1.456s] Level 1:colcon.colcon_core.package_identification:_identify(src/bevbot_arduino) by extensions ['ros']
[1.456s] Level 1:colcon.colcon_core.package_identification:_identify(src/bevbot_arduino) by extension 'ros'
[1.469s] DEBUG:colcon.colcon_core.package_identification:Package 'src/bevbot_arduino' with type 'ros.ament_cmake' and name 'bevbot_arduino'
[1.469s] Level 1:colcon.colcon_core.package_identification:_identify(src/ros2_control_demo_description) by extensions ['ignore', 'ignore_ament_install']
[1.470s] Level 1:colcon.colcon_core.package_identification:_identify(src/ros2_control_demo_description) by extension 'ignore'
[1.470s] Level 1:colcon.colcon_core.package_identification:_identify(src/ros2_control_demo_description) by extension 'ignore_ament_install'
[1.470s] Level 1:colcon.colcon_core.package_identification:_identify(src/ros2_control_demo_description) by extensions ['colcon_pkg']
[1.470s] Level 1:colcon.colcon_core.package_identification:_identify(src/ros2_control_demo_description) by extension 'colcon_pkg'
[1.471s] Level 1:colcon.colcon_core.package_identification:_identify(src/ros2_control_demo_description) by extensions ['colcon_meta']
[1.471s] Level 1:colcon.colcon_core.package_identification:_identify(src/ros2_control_demo_description) by extension 'colcon_meta'
[1.472s] Level 1:colcon.colcon_core.package_identification:_identify(src/ros2_control_demo_description) by extensions ['ros']
[1.472s] Level 1:colcon.colcon_core.package_identification:_identify(src/ros2_control_demo_description) by extension 'ros'
[1.475s] DEBUG:colcon.colcon_core.package_identification:Package 'src/ros2_control_demo_description' with type 'ros.ament_cmake' and name 'ros2_control_demo_description'
[1.475s] Level 1:colcon.colcon_core.package_discovery:discover_packages(recursive) using defaults
[1.475s] Level 1:colcon.colcon_core.package_discovery:discover_packages(ignore) discover
[1.475s] Level 1:colcon.colcon_core.package_discovery:discover_packages(ignore) using defaults
[1.475s] Level 1:colcon.colcon_core.package_discovery:discover_packages(path) discover
[1.476s] Level 1:colcon.colcon_core.package_discovery:discover_packages(path) using defaults
[1.603s] Level 1:colcon.colcon_core.package_discovery:discover_packages(prefix_path) check parameters
[1.603s] Level 1:colcon.colcon_core.package_discovery:discover_packages(prefix_path) discover
[1.613s] DEBUG:colcon.colcon_installed_package_information.package_discovery:Found 2 installed packages in /home/rasp-8771/pi_ws/install
[1.625s] DEBUG:colcon.colcon_installed_package_information.package_discovery:Found 360 installed packages in /opt/ros/iron
[1.633s] Level 1:colcon.colcon_core.package_discovery:discover_packages(prefix_path) using defaults
[1.874s] Level 5:colcon.colcon_core.verb:set package 'ros2_control_demo_description' build argument 'cmake_args' from command line to 'None'
[1.875s] Level 5:colcon.colcon_core.verb:set package 'ros2_control_demo_description' build argument 'cmake_target' from command line to 'None'
[1.875s] Level 5:colcon.colcon_core.verb:set package 'ros2_control_demo_description' build argument 'cmake_target_skip_unavailable' from command line to 'False'
[1.875s] Level 5:colcon.colcon_core.verb:set package 'ros2_control_demo_description' build argument 'cmake_clean_cache' from command line to 'False'
[1.875s] Level 5:colcon.colcon_core.verb:set package 'ros2_control_demo_description' build argument 'cmake_clean_first' from command line to 'False'
[1.875s] Level 5:colcon.colcon_core.verb:set package 'ros2_control_demo_description' build argument 'cmake_force_configure' from command line to 'False'
[1.875s] Level 5:colcon.colcon_core.verb:set package 'ros2_control_demo_description' build argument 'ament_cmake_args' from command line to 'None'
[1.875s] Level 5:colcon.colcon_core.verb:set package 'ros2_control_demo_description' build argument 'catkin_cmake_args' from command line to 'None'
[1.875s] Level 5:colcon.colcon_core.verb:set package 'ros2_control_demo_description' build argument 'catkin_skip_building_tests' from command line to 'False'
[1.876s] DEBUG:colcon.colcon_core.verb:Building package 'ros2_control_demo_description' with the following arguments: {'ament_cmake_args': None, 'build_base': '/home/rasp-8771/pi_ws/build/ros2_control_demo_description', 'catkin_cmake_args': None, 'catkin_skip_building_tests': False, 'cmake_args': None, 'cmake_clean_cache': False, 'cmake_clean_first': False, 'cmake_force_configure': False, 'cmake_target': None, 'cmake_target_skip_unavailable': False, 'install_base': '/home/rasp-8771/pi_ws/install/ros2_control_demo_description', 'merge_install': False, 'path': '/home/rasp-8771/pi_ws/src/ros2_control_demo_description', 'symlink_install': True, 'test_result_base': None}
[1.877s] Level 5:colcon.colcon_core.verb:set package 'bevbot_arduino' build argument 'cmake_args' from command line to 'None'
[1.878s] Level 5:colcon.colcon_core.verb:set package 'bevbot_arduino' build argument 'cmake_target' from command line to 'None'
[1.878s] Level 5:colcon.colcon_core.verb:set package 'bevbot_arduino' build argument 'cmake_target_skip_unavailable' from command line to 'False'
[1.878s] Level 5:colcon.colcon_core.verb:set package 'bevbot_arduino' build argument 'cmake_clean_cache' from command line to 'False'
[1.878s] Level 5:colcon.colcon_core.verb:set package 'bevbot_arduino' build argument 'cmake_clean_first' from command line to 'False'
[1.878s] Level 5:colcon.colcon_core.verb:set package 'bevbot_arduino' build argument 'cmake_force_configure' from command line to 'False'
[1.878s] Level 5:colcon.colcon_core.verb:set package 'bevbot_arduino' build argument 'ament_cmake_args' from command line to 'None'
[1.878s] Level 5:colcon.colcon_core.verb:set package 'bevbot_arduino' build argument 'catkin_cmake_args' from command line to 'None'
[1.878s] Level 5:colcon.colcon_core.verb:set package 'bevbot_arduino' build argument 'catkin_skip_building_tests' from command line to 'False'
[1.879s] DEBUG:colcon.colcon_core.verb:Building package 'bevbot_arduino' with the following arguments: {'ament_cmake_args': None, 'build_base': '/home/rasp-8771/pi_ws/build/bevbot_arduino', 'catkin_cmake_args': None, 'catkin_skip_building_tests': False, 'cmake_args': None, 'cmake_clean_cache': False, 'cmake_clean_first': False, 'cmake_force_configure': False, 'cmake_target': None, 'cmake_target_skip_unavailable': False, 'install_base': '/home/rasp-8771/pi_ws/install/bevbot_arduino', 'merge_install': False, 'path': '/home/rasp-8771/pi_ws/src/bevbot_arduino', 'symlink_install': True, 'test_result_base': None}
[1.879s] INFO:colcon.colcon_core.executor:Executing jobs using 'parallel' executor
[1.883s] DEBUG:colcon.colcon_parallel_executor.executor.parallel:run_until_complete
[1.884s] INFO:colcon.colcon_ros.task.ament_cmake.build:Building ROS package in '/home/rasp-8771/pi_ws/src/ros2_control_demo_description' with build type 'ament_cmake'
[1.885s] INFO:colcon.colcon_cmake.task.cmake.build:Building CMake package in '/home/rasp-8771/pi_ws/src/ros2_control_demo_description'
[1.893s] INFO:colcon.colcon_core.plugin_system:Skipping extension 'colcon_core.shell.bat': Not used on non-Windows systems
[1.894s] INFO:colcon.colcon_core.shell:Skip shell extension 'powershell' for command environment: Not usable outside of PowerShell
[1.894s] DEBUG:colcon.colcon_core.shell:Skip shell extension 'dsv' for command environment
[1.942s] DEBUG:colcon.colcon_core.event_handler.log_command:Invoking command in '/home/rasp-8771/pi_ws/build/ros2_control_demo_description': CMAKE_PREFIX_PATH=${CMAKE_PREFIX_PATH}:/opt/ros/iron /usr/bin/cmake --build /home/rasp-8771/pi_ws/build/ros2_control_demo_description -- -j4 -l4
[2.089s] DEBUG:colcon.colcon_core.event_handler.log_command:Invoked command in '/home/rasp-8771/pi_ws/build/ros2_control_demo_description' returned '0': CMAKE_PREFIX_PATH=${CMAKE_PREFIX_PATH}:/opt/ros/iron /usr/bin/cmake --build /home/rasp-8771/pi_ws/build/ros2_control_demo_description -- -j4 -l4
[2.239s] DEBUG:colcon.colcon_core.event_handler.log_command:Invoking command in '/home/rasp-8771/pi_ws/build/ros2_control_demo_description': CMAKE_PREFIX_PATH=${CMAKE_PREFIX_PATH}:/opt/ros/iron /usr/bin/cmake --install /home/rasp-8771/pi_ws/build/ros2_control_demo_description
[2.358s] Level 1:colcon.colcon_core.environment:create_environment_scripts_only(ros2_control_demo_description)
[2.360s] DEBUG:colcon.colcon_core.event_handler.log_command:Invoked command in '/home/rasp-8771/pi_ws/build/ros2_control_demo_description' returned '0': CMAKE_PREFIX_PATH=${CMAKE_PREFIX_PATH}:/opt/ros/iron /usr/bin/cmake --install /home/rasp-8771/pi_ws/build/ros2_control_demo_description
[2.372s] Level 1:colcon.colcon_core.environment:checking '/home/rasp-8771/pi_ws/install/ros2_control_demo_description' for CMake module files
[2.377s] Level 1:colcon.colcon_core.environment:checking '/home/rasp-8771/pi_ws/install/ros2_control_demo_description' for CMake config files
[2.384s] Level 1:colcon.colcon_core.shell:create_environment_hook('ros2_control_demo_description', 'cmake_prefix_path')
[2.385s] INFO:colcon.colcon_core.shell:Creating environment hook '/home/rasp-8771/pi_ws/install/ros2_control_demo_description/share/ros2_control_demo_description/hook/cmake_prefix_path.ps1'
[2.388s] INFO:colcon.colcon_core.shell:Creating environment descriptor '/home/rasp-8771/pi_ws/install/ros2_control_demo_description/share/ros2_control_demo_description/hook/cmake_prefix_path.dsv'
[2.390s] INFO:colcon.colcon_core.shell:Creating environment hook '/home/rasp-8771/pi_ws/install/ros2_control_demo_description/share/ros2_control_demo_description/hook/cmake_prefix_path.sh'
[2.395s] Level 1:colcon.colcon_core.environment:checking '/home/rasp-8771/pi_ws/install/ros2_control_demo_description/bin'
[2.395s] Level 1:colcon.colcon_core.environment:checking '/home/rasp-8771/pi_ws/install/ros2_control_demo_description/lib/pkgconfig/ros2_control_demo_description.pc'
[2.397s] Level 1:colcon.colcon_core.environment:checking '/home/rasp-8771/pi_ws/install/ros2_control_demo_description/lib/python3.10/site-packages'
[2.397s] Level 1:colcon.colcon_core.environment:checking '/home/rasp-8771/pi_ws/install/ros2_control_demo_description/bin'
[2.399s] INFO:colcon.colcon_core.shell:Creating package script '/home/rasp-8771/pi_ws/install/ros2_control_demo_description/share/ros2_control_demo_description/package.ps1'
[2.402s] INFO:colcon.colcon_core.shell:Creating package descriptor '/home/rasp-8771/pi_ws/install/ros2_control_demo_description/share/ros2_control_demo_description/package.dsv'
[2.405s] INFO:colcon.colcon_core.shell:Creating package script '/home/rasp-8771/pi_ws/install/ros2_control_demo_description/share/ros2_control_demo_description/package.sh'
[2.408s] INFO:colcon.colcon_core.shell:Creating package script '/home/rasp-8771/pi_ws/install/ros2_control_demo_description/share/ros2_control_demo_description/package.bash'
[2.411s] INFO:colcon.colcon_core.shell:Creating package script '/home/rasp-8771/pi_ws/install/ros2_control_demo_description/share/ros2_control_demo_description/package.zsh'
[2.414s] Level 1:colcon.colcon_core.environment:create_file_with_runtime_dependencies(/home/rasp-8771/pi_ws/install/ros2_control_demo_description/share/colcon-core/packages/ros2_control_demo_description)
[2.521s] Level 1:colcon.colcon_core.environment:create_environment_scripts_only(ros2_control_demo_description)
[2.522s] Level 1:colcon.colcon_core.environment:checking '/home/rasp-8771/pi_ws/install/ros2_control_demo_description' for CMake module files
[2.527s] Level 1:colcon.colcon_core.environment:checking '/home/rasp-8771/pi_ws/install/ros2_control_demo_description' for CMake config files
[2.537s] Level 1:colcon.colcon_core.shell:create_environment_hook('ros2_control_demo_description', 'cmake_prefix_path')
[2.539s] INFO:colcon.colcon_core.shell:Creating environment hook '/home/rasp-8771/pi_ws/install/ros2_control_demo_description/share/ros2_control_demo_description/hook/cmake_prefix_path.ps1'
[2.541s] INFO:colcon.colcon_core.shell:Creating environment descriptor '/home/rasp-8771/pi_ws/install/ros2_control_demo_description/share/ros2_control_demo_description/hook/cmake_prefix_path.dsv'
[2.543s] INFO:colcon.colcon_core.shell:Creating environment hook '/home/rasp-8771/pi_ws/install/ros2_control_demo_description/share/ros2_control_demo_description/hook/cmake_prefix_path.sh'
[2.546s] Level 1:colcon.colcon_core.environment:checking '/home/rasp-8771/pi_ws/install/ros2_control_demo_description/bin'
[2.547s] Level 1:colcon.colcon_core.environment:checking '/home/rasp-8771/pi_ws/install/ros2_control_demo_description/lib/pkgconfig/ros2_control_demo_description.pc'
[2.548s] Level 1:colcon.colcon_core.environment:checking '/home/rasp-8771/pi_ws/install/ros2_control_demo_description/lib/python3.10/site-packages'
[2.549s] Level 1:colcon.colcon_core.environment:checking '/home/rasp-8771/pi_ws/install/ros2_control_demo_description/bin'
[2.551s] INFO:colcon.colcon_core.shell:Creating package script '/home/rasp-8771/pi_ws/install/ros2_control_demo_description/share/ros2_control_demo_description/package.ps1'
[2.555s] INFO:colcon.colcon_core.shell:Creating package descriptor '/home/rasp-8771/pi_ws/install/ros2_control_demo_description/share/ros2_control_demo_description/package.dsv'
[2.558s] INFO:colcon.colcon_core.shell:Creating package script '/home/rasp-8771/pi_ws/install/ros2_control_demo_description/share/ros2_control_demo_description/package.sh'
[2.561s] INFO:colcon.colcon_core.shell:Creating package script '/home/rasp-8771/pi_ws/install/ros2_control_demo_description/share/ros2_control_demo_description/package.bash'
[2.564s] INFO:colcon.colcon_core.shell:Creating package script '/home/rasp-8771/pi_ws/install/ros2_control_demo_description/share/ros2_control_demo_description/package.zsh'
[2.566s] Level 1:colcon.colcon_core.environment:create_file_with_runtime_dependencies(/home/rasp-8771/pi_ws/install/ros2_control_demo_description/share/colcon-core/packages/ros2_control_demo_description)
[2.569s] INFO:colcon.colcon_ros.task.ament_cmake.build:Building ROS package in '/home/rasp-8771/pi_ws/src/bevbot_arduino' with build type 'ament_cmake'
[2.569s] INFO:colcon.colcon_cmake.task.cmake.build:Building CMake package in '/home/rasp-8771/pi_ws/src/bevbot_arduino'
[2.571s] INFO:colcon.colcon_core.shell:Skip shell extension 'powershell' for command environment: Not usable outside of PowerShell
[2.571s] DEBUG:colcon.colcon_core.shell:Skip shell extension 'dsv' for command environment
[2.623s] DEBUG:colcon.colcon_core.event_handler.log_command:Invoking command in '/home/rasp-8771/pi_ws/build/bevbot_arduino': CMAKE_PREFIX_PATH=/home/rasp-8771/pi_ws/install/ros2_control_demo_description:/home/rasp-8771/pi_ws/install/bevbot_arduino:/opt/ros/iron /usr/bin/cmake --build /home/rasp-8771/pi_ws/build/bevbot_arduino -- -j4 -l4
[2.912s] DEBUG:colcon.colcon_core.event_handler.log_command:Invoked command in '/home/rasp-8771/pi_ws/build/bevbot_arduino' returned '0': CMAKE_PREFIX_PATH=/home/rasp-8771/pi_ws/install/ros2_control_demo_description:/home/rasp-8771/pi_ws/install/bevbot_arduino:/opt/ros/iron /usr/bin/cmake --build /home/rasp-8771/pi_ws/build/bevbot_arduino -- -j4 -l4
[3.058s] DEBUG:colcon.colcon_core.event_handler.log_command:Invoking command in '/home/rasp-8771/pi_ws/build/bevbot_arduino': CMAKE_PREFIX_PATH=/home/rasp-8771/pi_ws/install/ros2_control_demo_description:/home/rasp-8771/pi_ws/install/bevbot_arduino:/opt/ros/iron /usr/bin/cmake --install /home/rasp-8771/pi_ws/build/bevbot_arduino
[3.168s] Level 1:colcon.colcon_core.environment:create_environment_scripts_only(bevbot_arduino)
[3.170s] Level 1:colcon.colcon_core.environment:checking '/home/rasp-8771/pi_ws/install/bevbot_arduino' for CMake module files
[3.171s] DEBUG:colcon.colcon_core.event_handler.log_command:Invoked command in '/home/rasp-8771/pi_ws/build/bevbot_arduino' returned '0': CMAKE_PREFIX_PATH=/home/rasp-8771/pi_ws/install/ros2_control_demo_description:/home/rasp-8771/pi_ws/install/bevbot_arduino:/opt/ros/iron /usr/bin/cmake --install /home/rasp-8771/pi_ws/build/bevbot_arduino
[3.174s] Level 1:colcon.colcon_core.environment:checking '/home/rasp-8771/pi_ws/install/bevbot_arduino' for CMake config files
[3.178s] Level 1:colcon.colcon_core.shell:create_environment_hook('bevbot_arduino', 'cmake_prefix_path')
[3.179s] INFO:colcon.colcon_core.shell:Creating environment hook '/home/rasp-8771/pi_ws/install/bevbot_arduino/share/bevbot_arduino/hook/cmake_prefix_path.ps1'
[3.181s] INFO:colcon.colcon_core.shell:Creating environment descriptor '/home/rasp-8771/pi_ws/install/bevbot_arduino/share/bevbot_arduino/hook/cmake_prefix_path.dsv'
[3.184s] INFO:colcon.colcon_core.shell:Creating environment hook '/home/rasp-8771/pi_ws/install/bevbot_arduino/share/bevbot_arduino/hook/cmake_prefix_path.sh'
[3.189s] Level 1:colcon.colcon_core.environment:checking '/home/rasp-8771/pi_ws/install/bevbot_arduino/lib'
[3.190s] Level 1:colcon.colcon_core.shell:create_environment_hook('bevbot_arduino', 'ld_library_path_lib')
[3.191s] INFO:colcon.colcon_core.shell:Creating environment hook '/home/rasp-8771/pi_ws/install/bevbot_arduino/share/bevbot_arduino/hook/ld_library_path_lib.ps1'
[3.193s] INFO:colcon.colcon_core.shell:Creating environment descriptor '/home/rasp-8771/pi_ws/install/bevbot_arduino/share/bevbot_arduino/hook/ld_library_path_lib.dsv'
[3.195s] INFO:colcon.colcon_core.shell:Creating environment hook '/home/rasp-8771/pi_ws/install/bevbot_arduino/share/bevbot_arduino/hook/ld_library_path_lib.sh'
[3.197s] Level 1:colcon.colcon_core.environment:checking '/home/rasp-8771/pi_ws/install/bevbot_arduino/bin'
[3.198s] Level 1:colcon.colcon_core.environment:checking '/home/rasp-8771/pi_ws/install/bevbot_arduino/lib/pkgconfig/bevbot_arduino.pc'
[3.199s] Level 1:colcon.colcon_core.environment:checking '/home/rasp-8771/pi_ws/install/bevbot_arduino/lib/python3.10/site-packages'
[3.200s] Level 1:colcon.colcon_core.environment:checking '/home/rasp-8771/pi_ws/install/bevbot_arduino/bin'
[3.201s] INFO:colcon.colcon_core.shell:Creating package script '/home/rasp-8771/pi_ws/install/bevbot_arduino/share/bevbot_arduino/package.ps1'
[3.203s] INFO:colcon.colcon_core.shell:Creating package descriptor '/home/rasp-8771/pi_ws/install/bevbot_arduino/share/bevbot_arduino/package.dsv'
[3.206s] INFO:colcon.colcon_core.shell:Creating package script '/home/rasp-8771/pi_ws/install/bevbot_arduino/share/bevbot_arduino/package.sh'
[3.208s] INFO:colcon.colcon_core.shell:Creating package script '/home/rasp-8771/pi_ws/install/bevbot_arduino/share/bevbot_arduino/package.bash'
[3.210s] INFO:colcon.colcon_core.shell:Creating package script '/home/rasp-8771/pi_ws/install/bevbot_arduino/share/bevbot_arduino/package.zsh'
[3.212s] Level 1:colcon.colcon_core.environment:create_file_with_runtime_dependencies(/home/rasp-8771/pi_ws/install/bevbot_arduino/share/colcon-core/packages/bevbot_arduino)
[3.334s] Level 1:colcon.colcon_core.environment:create_environment_scripts_only(bevbot_arduino)
[3.336s] Level 1:colcon.colcon_core.environment:checking '/home/rasp-8771/pi_ws/install/bevbot_arduino' for CMake module files
[3.339s] Level 1:colcon.colcon_core.environment:checking '/home/rasp-8771/pi_ws/install/bevbot_arduino' for CMake config files
[3.345s] Level 1:colcon.colcon_core.shell:create_environment_hook('bevbot_arduino', 'cmake_prefix_path')
[3.347s] INFO:colcon.colcon_core.shell:Creating environment hook '/home/rasp-8771/pi_ws/install/bevbot_arduino/share/bevbot_arduino/hook/cmake_prefix_path.ps1'
[3.349s] INFO:colcon.colcon_core.shell:Creating environment descriptor '/home/rasp-8771/pi_ws/install/bevbot_arduino/share/bevbot_arduino/hook/cmake_prefix_path.dsv'
[3.351s] INFO:colcon.colcon_core.shell:Creating environment hook '/home/rasp-8771/pi_ws/install/bevbot_arduino/share/bevbot_arduino/hook/cmake_prefix_path.sh'
[3.355s] Level 1:colcon.colcon_core.environment:checking '/home/rasp-8771/pi_ws/install/bevbot_arduino/lib'
[3.355s] Level 1:colcon.colcon_core.shell:create_environment_hook('bevbot_arduino', 'ld_library_path_lib')
[3.357s] INFO:colcon.colcon_core.shell:Creating environment hook '/home/rasp-8771/pi_ws/install/bevbot_arduino/share/bevbot_arduino/hook/ld_library_path_lib.ps1'
[3.359s] INFO:colcon.colcon_core.shell:Creating environment descriptor '/home/rasp-8771/pi_ws/install/bevbot_arduino/share/bevbot_arduino/hook/ld_library_path_lib.dsv'
[3.362s] INFO:colcon.colcon_core.shell:Creating environment hook '/home/rasp-8771/pi_ws/install/bevbot_arduino/share/bevbot_arduino/hook/ld_library_path_lib.sh'
[3.364s] Level 1:colcon.colcon_core.environment:checking '/home/rasp-8771/pi_ws/install/bevbot_arduino/bin'
[3.365s] Level 1:colcon.colcon_core.environment:checking '/home/rasp-8771/pi_ws/install/bevbot_arduino/lib/pkgconfig/bevbot_arduino.pc'
[3.366s] Level 1:colcon.colcon_core.environment:checking '/home/rasp-8771/pi_ws/install/bevbot_arduino/lib/python3.10/site-packages'
[3.367s] Level 1:colcon.colcon_core.environment:checking '/home/rasp-8771/pi_ws/install/bevbot_arduino/bin'
[3.369s] INFO:colcon.colcon_core.shell:Creating package script '/home/rasp-8771/pi_ws/install/bevbot_arduino/share/bevbot_arduino/package.ps1'
[3.372s] INFO:colcon.colcon_core.shell:Creating package descriptor '/home/rasp-8771/pi_ws/install/bevbot_arduino/share/bevbot_arduino/package.dsv'
[3.374s] INFO:colcon.colcon_core.shell:Creating package script '/home/rasp-8771/pi_ws/install/bevbot_arduino/share/bevbot_arduino/package.sh'
[3.377s] INFO:colcon.colcon_core.shell:Creating package script '/home/rasp-8771/pi_ws/install/bevbot_arduino/share/bevbot_arduino/package.bash'
[3.379s] INFO:colcon.colcon_core.shell:Creating package script '/home/rasp-8771/pi_ws/install/bevbot_arduino/share/bevbot_arduino/package.zsh'
[3.381s] Level 1:colcon.colcon_core.environment:create_file_with_runtime_dependencies(/home/rasp-8771/pi_ws/install/bevbot_arduino/share/colcon-core/packages/bevbot_arduino)
[3.382s] DEBUG:colcon.colcon_parallel_executor.executor.parallel:closing loop
[3.384s] DEBUG:colcon.colcon_parallel_executor.executor.parallel:loop closed
[3.384s] DEBUG:colcon.colcon_parallel_executor.executor.parallel:run_until_complete finished with '0'
[3.385s] DEBUG:colcon.colcon_core.event_reactor:joining thread
[3.408s] INFO:colcon.colcon_core.plugin_system:Skipping extension 'colcon_notification.desktop_notification.terminal_notifier': Not used on non-Darwin systems
[3.409s] INFO:colcon.colcon_core.plugin_system:Skipping extension 'colcon_notification.desktop_notification.win32': Not used on non-Windows systems
[3.409s] INFO:colcon.colcon_notification.desktop_notification:Sending desktop notification using 'notify2'
[3.874s] DEBUG:colcon.colcon_core.event_reactor:joined thread
[3.876s] INFO:colcon.colcon_core.shell:Creating prefix script '/home/rasp-8771/pi_ws/install/local_setup.ps1'
[3.883s] INFO:colcon.colcon_core.shell:Creating prefix util module '/home/rasp-8771/pi_ws/install/_local_setup_util_ps1.py'
[3.891s] INFO:colcon.colcon_core.shell:Creating prefix chain script '/home/rasp-8771/pi_ws/install/setup.ps1'
[3.897s] INFO:colcon.colcon_core.shell:Creating prefix script '/home/rasp-8771/pi_ws/install/local_setup.sh'
[3.899s] INFO:colcon.colcon_core.shell:Creating prefix util module '/home/rasp-8771/pi_ws/install/_local_setup_util_sh.py'
[3.902s] INFO:colcon.colcon_core.shell:Creating prefix chain script '/home/rasp-8771/pi_ws/install/setup.sh'
[3.908s] INFO:colcon.colcon_core.shell:Creating prefix script '/home/rasp-8771/pi_ws/install/local_setup.bash'
[3.910s] INFO:colcon.colcon_core.shell:Creating prefix chain script '/home/rasp-8771/pi_ws/install/setup.bash'
[3.915s] INFO:colcon.colcon_core.shell:Creating prefix script '/home/rasp-8771/pi_ws/install/local_setup.zsh'
[3.917s] INFO:colcon.colcon_core.shell:Creating prefix chain script '/home/rasp-8771/pi_ws/install/setup.zsh'
