[0.128s] Invoking command in '/home/rasp-8771/pi_ws/build/depthai_descriptions': CMAKE_PREFIX_PATH=${CMAKE_PREFIX_PATH}:/opt/ros/iron /usr/bin/cmake --build /home/rasp-8771/pi_ws/build/depthai_descriptions
[0.321s] Invoked command in '/home/rasp-8771/pi_ws/build/depthai_descriptions' returned '0': CMAKE_PREFIX_PATH=${CMAKE_PREFIX_PATH}:/opt/ros/iron /usr/bin/cmake --build /home/rasp-8771/pi_ws/build/depthai_descriptions
[0.513s] Invoking command in '/home/rasp-8771/pi_ws/build/depthai_descriptions': CMAKE_PREFIX_PATH=${CMAKE_PREFIX_PATH}:/opt/ros/iron /usr/bin/cmake --install /home/rasp-8771/pi_ws/build/depthai_descriptions
[0.549s] -- Install configuration: ""
[0.550s] -- Up-to-date: /home/rasp-8771/pi_ws/install/depthai_descriptions/share/depthai_descriptions/launch
[0.550s] -- Up-to-date: /home/rasp-8771/pi_ws/install/depthai_descriptions/share/depthai_descriptions/launch/urdf_launch.py
[0.552s] -- Up-to-date: /home/rasp-8771/pi_ws/install/depthai_descriptions/share/depthai_descriptions/urdf
[0.553s] -- Up-to-date: /home/rasp-8771/pi_ws/install/depthai_descriptions/share/depthai_descriptions/urdf/depthai_descr.urdf.xacro
[0.553s] -- Up-to-date: /home/rasp-8771/pi_ws/install/depthai_descriptions/share/depthai_descriptions/urdf/include
[0.556s] -- Up-to-date: /home/rasp-8771/pi_ws/install/depthai_descriptions/share/depthai_descriptions/urdf/include/depthai_macro.urdf.xacro
[0.557s] -- Up-to-date: /home/rasp-8771/pi_ws/install/depthai_descriptions/share/depthai_descriptions/urdf/include/base_macro.urdf.xacro
[0.558s] -- Up-to-date: /home/rasp-8771/pi_ws/install/depthai_descriptions/share/depthai_descriptions/urdf/models
[0.560s] -- Up-to-date: /home/rasp-8771/pi_ws/install/depthai_descriptions/share/depthai_descriptions/urdf/models/OAK-D-PRO-W.stl
[0.561s] -- Up-to-date: /home/rasp-8771/pi_ws/install/depthai_descriptions/share/depthai_descriptions/urdf/models/OAK-D-CM4-POE.stl
[0.562s] -- Up-to-date: /home/rasp-8771/pi_ws/install/depthai_descriptions/share/depthai_descriptions/urdf/models/OAK-D-SR.stl
[0.563s] -- Up-to-date: /home/rasp-8771/pi_ws/install/depthai_descriptions/share/depthai_descriptions/urdf/models/OAK-D-LITE.stl
[0.563s] -- Up-to-date: /home/rasp-8771/pi_ws/install/depthai_descriptions/share/depthai_descriptions/urdf/models/OAK-D-LR.stl
[0.564s] -- Up-to-date: /home/rasp-8771/pi_ws/install/depthai_descriptions/share/depthai_descriptions/urdf/models/OAK-D-PRO.stl
[0.565s] -- Up-to-date: /home/rasp-8771/pi_ws/install/depthai_descriptions/share/depthai_descriptions/urdf/models/OAK-D-IOT-75.stl
[0.566s] -- Up-to-date: /home/rasp-8771/pi_ws/install/depthai_descriptions/share/depthai_descriptions/urdf/models/OAK-D.stl
[0.567s] -- Up-to-date: /home/rasp-8771/pi_ws/install/depthai_descriptions/share/depthai_descriptions/urdf/models/OAK-D-POE.stl
[0.569s] -- Up-to-date: /home/rasp-8771/pi_ws/install/depthai_descriptions/share/depthai_descriptions/urdf/models/OAK-D-S2.stl
[0.570s] -- Up-to-date: /home/rasp-8771/pi_ws/install/depthai_descriptions/share/depthai_descriptions/urdf/base_descr.urdf.xacro
[0.575s] -- Up-to-date: /home/rasp-8771/pi_ws/install/depthai_descriptions/share/ament_index/resource_index/package_run_dependencies/depthai_descriptions
[0.577s] -- Up-to-date: /home/rasp-8771/pi_ws/install/depthai_descriptions/share/ament_index/resource_index/parent_prefix_path/depthai_descriptions
[0.578s] -- Up-to-date: /home/rasp-8771/pi_ws/install/depthai_descriptions/share/depthai_descriptions/environment/ament_prefix_path.sh
[0.580s] -- Up-to-date: /home/rasp-8771/pi_ws/install/depthai_descriptions/share/depthai_descriptions/environment/ament_prefix_path.dsv
[0.587s] -- Up-to-date: /home/rasp-8771/pi_ws/install/depthai_descriptions/share/depthai_descriptions/environment/path.sh
[0.588s] -- Up-to-date: /home/rasp-8771/pi_ws/install/depthai_descriptions/share/depthai_descriptions/environment/path.dsv
[0.589s] -- Up-to-date: /home/rasp-8771/pi_ws/install/depthai_descriptions/share/depthai_descriptions/local_setup.bash
[0.589s] -- Up-to-date: /home/rasp-8771/pi_ws/install/depthai_descriptions/share/depthai_descriptions/local_setup.sh
[0.590s] -- Up-to-date: /home/rasp-8771/pi_ws/install/depthai_descriptions/share/depthai_descriptions/local_setup.zsh
[0.591s] -- Up-to-date: /home/rasp-8771/pi_ws/install/depthai_descriptions/share/depthai_descriptions/local_setup.dsv
[0.592s] -- Installing: /home/rasp-8771/pi_ws/install/depthai_descriptions/share/depthai_descriptions/package.dsv
[0.595s] -- Up-to-date: /home/rasp-8771/pi_ws/install/depthai_descriptions/share/ament_index/resource_index/packages/depthai_descriptions
[0.601s] -- Up-to-date: /home/rasp-8771/pi_ws/install/depthai_descriptions/share/depthai_descriptions/cmake/depthai_descriptionsConfig.cmake
[0.601s] -- Up-to-date: /home/rasp-8771/pi_ws/install/depthai_descriptions/share/depthai_descriptions/cmake/depthai_descriptionsConfig-version.cmake
[0.602s] -- Up-to-date: /home/rasp-8771/pi_ws/install/depthai_descriptions/share/depthai_descriptions/package.xml
[0.607s] Invoked command in '/home/rasp-8771/pi_ws/build/depthai_descriptions' returned '0': CMAKE_PREFIX_PATH=${CMAKE_PREFIX_PATH}:/opt/ros/iron /usr/bin/cmake --install /home/rasp-8771/pi_ws/build/depthai_descriptions
