[0.049s] Invoking command in '/home/rasp-8771/pi_ws/build/bevbot_arduino': CMAKE_PREFIX_PATH=/home/rasp-8771/pi_ws/install/ros2_control_demo_description:/home/rasp-8771/pi_ws/install/bevbot_arduino:/home/rasp-8771/pi_ws/install/depthai-ros:/home/rasp-8771/pi_ws/install/depthai_ros_driver:/home/rasp-8771/pi_ws/install/depthai_filters:/home/rasp-8771/pi_ws/install/depthai_examples:/home/rasp-8771/pi_ws/install/depthai_bridge:/home/rasp-8771/pi_ws/install/depthai_ros_msgs:/home/rasp-8771/pi_ws/install/depthai_descriptions:/opt/ros/iron /usr/bin/cmake /home/rasp-8771/pi_ws/src/bevbot_arduino -DAMENT_CMAKE_SYMLINK_INSTALL=1 -DCMAKE_INSTALL_PREFIX=/home/rasp-8771/pi_ws/install/bevbot_arduino
[0.367s] -- The CXX compiler identification is GNU 11.4.0
[0.398s] -- Detecting CXX compiler ABI info
[0.771s] -- Detecting CXX compiler ABI info - done
[0.800s] -- Check for working CXX compiler: /usr/bin/c++ - skipped
[0.801s] -- Detecting CXX compile features
[0.802s] -- Detecting CXX compile features - done
[0.832s] -- Found ament_cmake: 2.0.5 (/opt/ros/iron/share/ament_cmake/cmake)
[1.721s] -- Found Python3: /usr/bin/python3.10 (found version "3.10.12") found components: Interpreter 
[2.011s] -- Override CMake install command with custom implementation using symlinks instead of copying resources
[2.352s] -- Found hardware_interface: 3.24.0 (/opt/ros/iron/share/hardware_interface/cmake)
[2.836s] -- Found rosidl_generator_c: 4.0.1 (/opt/ros/iron/share/rosidl_generator_c/cmake)
[2.953s] -- Found rosidl_generator_cpp: 4.0.1 (/opt/ros/iron/share/rosidl_generator_cpp/cmake)
[3.101s] -- Using all available rosidl_typesupport_c: rosidl_typesupport_fastrtps_c;rosidl_typesupport_introspection_c
[3.256s] -- Using all available rosidl_typesupport_cpp: rosidl_typesupport_fastrtps_cpp;rosidl_typesupport_introspection_cpp
[7.470s] -- Found rmw_implementation_cmake: 7.1.0 (/opt/ros/iron/share/rmw_implementation_cmake/cmake)
[7.505s] -- Found rmw_fastrtps_cpp: 7.1.3 (/opt/ros/iron/share/rmw_fastrtps_cpp/cmake)
[7.837s] -- Found TinyXML2 via Config file: TinyXML2_DIR-NOTFOUND
[8.153s] -- Found OpenSSL: /usr/lib/aarch64-linux-gnu/libcrypto.so (found version "3.0.2")  
[8.171s] -- Found TinyXML2 via Config file: TinyXML2_DIR-NOTFOUND
[8.272s] -- Found FastRTPS: /opt/ros/iron/include  
[8.301s] -- Found TinyXML2 via Config file: TinyXML2_DIR-NOTFOUND
[8.337s] -- Found TinyXML2 via Config file: TinyXML2_DIR-NOTFOUND
[8.382s] -- Using RMW implementation 'rmw_fastrtps_cpp' as default
[9.536s] -- Found ament_cmake_pytest: 2.0.5 (/opt/ros/iron/share/ament_cmake_pytest/cmake)
[13.199s] -- Configuring done
[13.284s] -- Generating done
[13.291s] -- Build files have been written to: /home/rasp-8771/pi_ws/build/bevbot_arduino
[13.334s] Invoked command in '/home/rasp-8771/pi_ws/build/bevbot_arduino' returned '0': CMAKE_PREFIX_PATH=/home/rasp-8771/pi_ws/install/ros2_control_demo_description:/home/rasp-8771/pi_ws/install/bevbot_arduino:/home/rasp-8771/pi_ws/install/depthai-ros:/home/rasp-8771/pi_ws/install/depthai_ros_driver:/home/rasp-8771/pi_ws/install/depthai_filters:/home/rasp-8771/pi_ws/install/depthai_examples:/home/rasp-8771/pi_ws/install/depthai_bridge:/home/rasp-8771/pi_ws/install/depthai_ros_msgs:/home/rasp-8771/pi_ws/install/depthai_descriptions:/opt/ros/iron /usr/bin/cmake /home/rasp-8771/pi_ws/src/bevbot_arduino -DAMENT_CMAKE_SYMLINK_INSTALL=1 -DCMAKE_INSTALL_PREFIX=/home/rasp-8771/pi_ws/install/bevbot_arduino
[13.343s] Invoking command in '/home/rasp-8771/pi_ws/build/bevbot_arduino': CMAKE_PREFIX_PATH=/home/rasp-8771/pi_ws/install/ros2_control_demo_description:/home/rasp-8771/pi_ws/install/bevbot_arduino:/home/rasp-8771/pi_ws/install/depthai-ros:/home/rasp-8771/pi_ws/install/depthai_ros_driver:/home/rasp-8771/pi_ws/install/depthai_filters:/home/rasp-8771/pi_ws/install/depthai_examples:/home/rasp-8771/pi_ws/install/depthai_bridge:/home/rasp-8771/pi_ws/install/depthai_ros_msgs:/home/rasp-8771/pi_ws/install/depthai_descriptions:/opt/ros/iron /usr/bin/cmake --build /home/rasp-8771/pi_ws/build/bevbot_arduino -- -j4 -l4
[13.575s] [ 50%] [32mBuilding CXX object CMakeFiles/bevbot_arduino.dir/hardware/diffbot_system.cpp.o[0m
[32.986s] [100%] [32m[1mLinking CXX shared library libbevbot_arduino.so[0m
[34.269s] [100%] Built target bevbot_arduino
[34.311s] Invoked command in '/home/rasp-8771/pi_ws/build/bevbot_arduino' returned '0': CMAKE_PREFIX_PATH=/home/rasp-8771/pi_ws/install/ros2_control_demo_description:/home/rasp-8771/pi_ws/install/bevbot_arduino:/home/rasp-8771/pi_ws/install/depthai-ros:/home/rasp-8771/pi_ws/install/depthai_ros_driver:/home/rasp-8771/pi_ws/install/depthai_filters:/home/rasp-8771/pi_ws/install/depthai_examples:/home/rasp-8771/pi_ws/install/depthai_bridge:/home/rasp-8771/pi_ws/install/depthai_ros_msgs:/home/rasp-8771/pi_ws/install/depthai_descriptions:/opt/ros/iron /usr/bin/cmake --build /home/rasp-8771/pi_ws/build/bevbot_arduino -- -j4 -l4
[34.468s] Invoking command in '/home/rasp-8771/pi_ws/build/bevbot_arduino': CMAKE_PREFIX_PATH=/home/rasp-8771/pi_ws/install/ros2_control_demo_description:/home/rasp-8771/pi_ws/install/bevbot_arduino:/home/rasp-8771/pi_ws/install/depthai-ros:/home/rasp-8771/pi_ws/install/depthai_ros_driver:/home/rasp-8771/pi_ws/install/depthai_filters:/home/rasp-8771/pi_ws/install/depthai_examples:/home/rasp-8771/pi_ws/install/depthai_bridge:/home/rasp-8771/pi_ws/install/depthai_ros_msgs:/home/rasp-8771/pi_ws/install/depthai_descriptions:/opt/ros/iron /usr/bin/cmake --install /home/rasp-8771/pi_ws/build/bevbot_arduino
[34.494s] -- Install configuration: ""
[34.496s] -- Execute custom install script
[34.499s] -- Symlinking: /home/rasp-8771/pi_ws/install/bevbot_arduino/share/bevbot_arduino//bevbot_arduino.xml
[34.534s] -- Symlinking: /home/rasp-8771/pi_ws/install/bevbot_arduino/include/bevbot_arduino/bevbot_arduino/arduino_comms.hpp
[34.568s] -- Symlinking: /home/rasp-8771/pi_ws/install/bevbot_arduino/include/bevbot_arduino/bevbot_arduino/diffbot_system.hpp
[34.603s] -- Symlinking: /home/rasp-8771/pi_ws/install/bevbot_arduino/include/bevbot_arduino/bevbot_arduino/visibility_control.h
[34.636s] -- Symlinking: /home/rasp-8771/pi_ws/install/bevbot_arduino/include/bevbot_arduino/bevbot_arduino/wheel.hpp
[34.670s] -- Symlinking: /home/rasp-8771/pi_ws/install/bevbot_arduino/share/bevbot_arduino/launch/view_robot.launch.py
[34.706s] -- Symlinking: /home/rasp-8771/pi_ws/install/bevbot_arduino/share/bevbot_arduino/ros2_control/diffbot.ros2_control.xacro
[34.741s] -- Symlinking: /home/rasp-8771/pi_ws/install/bevbot_arduino/share/bevbot_arduino/urdf/bevbot_core.xacro
[34.775s] -- Symlinking: /home/rasp-8771/pi_ws/install/bevbot_arduino/share/bevbot_arduino/urdf/camera.xacro
[34.810s] -- Symlinking: /home/rasp-8771/pi_ws/install/bevbot_arduino/share/bevbot_arduino/urdf/diffbot.urdf.xacro
[34.842s] -- Symlinking: /home/rasp-8771/pi_ws/install/bevbot_arduino/share/bevbot_arduino/urdf/inertial_macros.xacro
[34.876s] -- Symlinking: /home/rasp-8771/pi_ws/install/bevbot_arduino/share/bevbot_arduino/urdf/lidar.xacro
[34.911s] -- Symlinking: /home/rasp-8771/pi_ws/install/bevbot_arduino/share/bevbot_arduino/launch/diffbot.launch.py
[34.946s] -- Symlinking: /home/rasp-8771/pi_ws/install/bevbot_arduino/share/bevbot_arduino/config/diffbot_controllers.yaml
[34.979s] -- Symlinking: /home/rasp-8771/pi_ws/install/bevbot_arduino/share/bevbot_arduino/environment/library_path.sh
[35.016s] -- Symlinking: /home/rasp-8771/pi_ws/install/bevbot_arduino/share/bevbot_arduino/environment/library_path.dsv
[35.051s] -- Symlinking: /home/rasp-8771/pi_ws/install/bevbot_arduino/share/ament_index/resource_index/package_run_dependencies/bevbot_arduino
[35.084s] -- Symlinking: /home/rasp-8771/pi_ws/install/bevbot_arduino/share/ament_index/resource_index/parent_prefix_path/bevbot_arduino
[35.120s] -- Symlinking: /home/rasp-8771/pi_ws/install/bevbot_arduino/share/bevbot_arduino/environment/ament_prefix_path.sh
[35.154s] -- Symlinking: /home/rasp-8771/pi_ws/install/bevbot_arduino/share/bevbot_arduino/environment/ament_prefix_path.dsv
[35.187s] -- Symlinking: /home/rasp-8771/pi_ws/install/bevbot_arduino/share/bevbot_arduino/environment/path.sh
[35.221s] -- Symlinking: /home/rasp-8771/pi_ws/install/bevbot_arduino/share/bevbot_arduino/environment/path.dsv
[35.254s] -- Symlinking: /home/rasp-8771/pi_ws/install/bevbot_arduino/share/bevbot_arduino/local_setup.bash
[35.290s] -- Symlinking: /home/rasp-8771/pi_ws/install/bevbot_arduino/share/bevbot_arduino/local_setup.sh
[35.325s] -- Symlinking: /home/rasp-8771/pi_ws/install/bevbot_arduino/share/bevbot_arduino/local_setup.zsh
[35.358s] -- Symlinking: /home/rasp-8771/pi_ws/install/bevbot_arduino/share/bevbot_arduino/local_setup.dsv
[35.394s] -- Symlinking: /home/rasp-8771/pi_ws/install/bevbot_arduino/share/bevbot_arduino/package.dsv
[35.429s] -- Symlinking: /home/rasp-8771/pi_ws/install/bevbot_arduino/share/ament_index/resource_index/packages/bevbot_arduino
[35.465s] -- Symlinking: /home/rasp-8771/pi_ws/install/bevbot_arduino/share/ament_index/resource_index/hardware_interface__pluginlib__plugin/bevbot_arduino
[35.501s] -- Symlinking: /home/rasp-8771/pi_ws/install/bevbot_arduino/share/bevbot_arduino/cmake/ament_cmake_export_targets-extras.cmake
[35.535s] -- Symlinking: /home/rasp-8771/pi_ws/install/bevbot_arduino/share/bevbot_arduino/cmake/ament_cmake_export_dependencies-extras.cmake
[35.571s] -- Symlinking: /home/rasp-8771/pi_ws/install/bevbot_arduino/share/bevbot_arduino/cmake/bevbot_arduinoConfig.cmake
[35.606s] -- Symlinking: /home/rasp-8771/pi_ws/install/bevbot_arduino/share/bevbot_arduino/cmake/bevbot_arduinoConfig-version.cmake
[35.640s] -- Symlinking: /home/rasp-8771/pi_ws/install/bevbot_arduino/share/bevbot_arduino/package.xml
[35.674s] -- Installing: /home/rasp-8771/pi_ws/install/bevbot_arduino/lib/libbevbot_arduino.so
[35.684s] -- Set runtime path of "/home/rasp-8771/pi_ws/install/bevbot_arduino/lib/libbevbot_arduino.so" to ""
[35.685s] -- Installing: /home/rasp-8771/pi_ws/install/bevbot_arduino/share/bevbot_arduino/cmake/export_bevbot_arduinoExport.cmake
[35.686s] -- Installing: /home/rasp-8771/pi_ws/install/bevbot_arduino/share/bevbot_arduino/cmake/export_bevbot_arduinoExport-noconfig.cmake
[35.695s] Invoked command in '/home/rasp-8771/pi_ws/build/bevbot_arduino' returned '0': CMAKE_PREFIX_PATH=/home/rasp-8771/pi_ws/install/ros2_control_demo_description:/home/rasp-8771/pi_ws/install/bevbot_arduino:/home/rasp-8771/pi_ws/install/depthai-ros:/home/rasp-8771/pi_ws/install/depthai_ros_driver:/home/rasp-8771/pi_ws/install/depthai_filters:/home/rasp-8771/pi_ws/install/depthai_examples:/home/rasp-8771/pi_ws/install/depthai_bridge:/home/rasp-8771/pi_ws/install/depthai_ros_msgs:/home/rasp-8771/pi_ws/install/depthai_descriptions:/opt/ros/iron /usr/bin/cmake --install /home/rasp-8771/pi_ws/build/bevbot_arduino
