[0.090s] Invoking command in '/home/rasp-8771/pi_ws/build/depthai-ros': AMENT_PREFIX_PATH=/home/rasp-8771/pi_ws/install/depthai_ros_driver:/home/rasp-8771/pi_ws/install/depthai_examples:/home/rasp-8771/pi_ws/install/depthai_filters:/home/rasp-8771/pi_ws/install/depthai_bridge:/home/rasp-8771/pi_ws/install/depthai_ros_msgs:/home/rasp-8771/pi_ws/install/depthai_descriptions:${AMENT_PREFIX_PATH} CMAKE_PREFIX_PATH=/home/rasp-8771/pi_ws/install/depthai_ros_driver:/home/rasp-8771/pi_ws/install/depthai_examples:/home/rasp-8771/pi_ws/install/depthai_filters:/home/rasp-8771/pi_ws/install/depthai_bridge:/home/rasp-8771/pi_ws/install/depthai_ros_msgs:/home/rasp-8771/pi_ws/install/depthai_descriptions:/opt/ros/iron LD_LIBRARY_PATH=/home/rasp-8771/pi_ws/install/depthai_ros_driver/lib:/home/rasp-8771/pi_ws/install/depthai_filters/lib:/home/rasp-8771/pi_ws/install/depthai_bridge/lib:/home/rasp-8771/pi_ws/install/depthai_ros_msgs/lib:${LD_LIBRARY_PATH} PYTHONPATH=/home/rasp-8771/pi_ws/install/depthai_ros_driver/lib/python3.10/site-packages:/home/rasp-8771/pi_ws/install/depthai_ros_msgs/lib/python3.10/site-packages:${PYTHONPATH} /usr/bin/cmake /home/rasp-8771/pi_ws/src/depthai-ros/depthai-ros -DCMAKE_INSTALL_PREFIX=/home/rasp-8771/pi_ws/install/depthai-ros
[0.418s] -- The CXX compiler identification is GNU 11.4.0
[0.642s] -- The C compiler identification is GNU 11.4.0
[0.675s] -- Detecting CXX compiler ABI info
[1.052s] -- Detecting CXX compiler ABI info - done
[1.080s] -- Check for working CXX compiler: /usr/bin/c++ - skipped
[1.081s] -- Detecting CXX compile features
[1.083s] -- Detecting CXX compile features - done
[1.093s] -- Detecting C compiler ABI info
[1.440s] -- Detecting C compiler ABI info - done
[1.465s] -- Check for working C compiler: /usr/bin/cc - skipped
[1.466s] -- Detecting C compile features
[1.468s] -- Detecting C compile features - done
[1.504s] -- Found ament_cmake: 2.0.5 (/opt/ros/iron/share/ament_cmake/cmake)
[2.403s] -- Found Python3: /usr/bin/python3.10 (found version "3.10.12") found components: Interpreter 
[3.379s] -- Configuring done
[3.398s] -- Generating done
[3.402s] -- Build files have been written to: /home/rasp-8771/pi_ws/build/depthai-ros
[3.416s] Invoked command in '/home/rasp-8771/pi_ws/build/depthai-ros' returned '0': AMENT_PREFIX_PATH=/home/rasp-8771/pi_ws/install/depthai_ros_driver:/home/rasp-8771/pi_ws/install/depthai_examples:/home/rasp-8771/pi_ws/install/depthai_filters:/home/rasp-8771/pi_ws/install/depthai_bridge:/home/rasp-8771/pi_ws/install/depthai_ros_msgs:/home/rasp-8771/pi_ws/install/depthai_descriptions:${AMENT_PREFIX_PATH} CMAKE_PREFIX_PATH=/home/rasp-8771/pi_ws/install/depthai_ros_driver:/home/rasp-8771/pi_ws/install/depthai_examples:/home/rasp-8771/pi_ws/install/depthai_filters:/home/rasp-8771/pi_ws/install/depthai_bridge:/home/rasp-8771/pi_ws/install/depthai_ros_msgs:/home/rasp-8771/pi_ws/install/depthai_descriptions:/opt/ros/iron LD_LIBRARY_PATH=/home/rasp-8771/pi_ws/install/depthai_ros_driver/lib:/home/rasp-8771/pi_ws/install/depthai_filters/lib:/home/rasp-8771/pi_ws/install/depthai_bridge/lib:/home/rasp-8771/pi_ws/install/depthai_ros_msgs/lib:${LD_LIBRARY_PATH} PYTHONPATH=/home/rasp-8771/pi_ws/install/depthai_ros_driver/lib/python3.10/site-packages:/home/rasp-8771/pi_ws/install/depthai_ros_msgs/lib/python3.10/site-packages:${PYTHONPATH} /usr/bin/cmake /home/rasp-8771/pi_ws/src/depthai-ros/depthai-ros -DCMAKE_INSTALL_PREFIX=/home/rasp-8771/pi_ws/install/depthai-ros
[3.425s] Invoking command in '/home/rasp-8771/pi_ws/build/depthai-ros': AMENT_PREFIX_PATH=/home/rasp-8771/pi_ws/install/depthai_ros_driver:/home/rasp-8771/pi_ws/install/depthai_examples:/home/rasp-8771/pi_ws/install/depthai_filters:/home/rasp-8771/pi_ws/install/depthai_bridge:/home/rasp-8771/pi_ws/install/depthai_ros_msgs:/home/rasp-8771/pi_ws/install/depthai_descriptions:${AMENT_PREFIX_PATH} CMAKE_PREFIX_PATH=/home/rasp-8771/pi_ws/install/depthai_ros_driver:/home/rasp-8771/pi_ws/install/depthai_examples:/home/rasp-8771/pi_ws/install/depthai_filters:/home/rasp-8771/pi_ws/install/depthai_bridge:/home/rasp-8771/pi_ws/install/depthai_ros_msgs:/home/rasp-8771/pi_ws/install/depthai_descriptions:/opt/ros/iron LD_LIBRARY_PATH=/home/rasp-8771/pi_ws/install/depthai_ros_driver/lib:/home/rasp-8771/pi_ws/install/depthai_filters/lib:/home/rasp-8771/pi_ws/install/depthai_bridge/lib:/home/rasp-8771/pi_ws/install/depthai_ros_msgs/lib:${LD_LIBRARY_PATH} PYTHONPATH=/home/rasp-8771/pi_ws/install/depthai_ros_driver/lib/python3.10/site-packages:/home/rasp-8771/pi_ws/install/depthai_ros_msgs/lib/python3.10/site-packages:${PYTHONPATH} /usr/bin/cmake --build /home/rasp-8771/pi_ws/build/depthai-ros
[3.598s] Invoked command in '/home/rasp-8771/pi_ws/build/depthai-ros' returned '0': AMENT_PREFIX_PATH=/home/rasp-8771/pi_ws/install/depthai_ros_driver:/home/rasp-8771/pi_ws/install/depthai_examples:/home/rasp-8771/pi_ws/install/depthai_filters:/home/rasp-8771/pi_ws/install/depthai_bridge:/home/rasp-8771/pi_ws/install/depthai_ros_msgs:/home/rasp-8771/pi_ws/install/depthai_descriptions:${AMENT_PREFIX_PATH} CMAKE_PREFIX_PATH=/home/rasp-8771/pi_ws/install/depthai_ros_driver:/home/rasp-8771/pi_ws/install/depthai_examples:/home/rasp-8771/pi_ws/install/depthai_filters:/home/rasp-8771/pi_ws/install/depthai_bridge:/home/rasp-8771/pi_ws/install/depthai_ros_msgs:/home/rasp-8771/pi_ws/install/depthai_descriptions:/opt/ros/iron LD_LIBRARY_PATH=/home/rasp-8771/pi_ws/install/depthai_ros_driver/lib:/home/rasp-8771/pi_ws/install/depthai_filters/lib:/home/rasp-8771/pi_ws/install/depthai_bridge/lib:/home/rasp-8771/pi_ws/install/depthai_ros_msgs/lib:${LD_LIBRARY_PATH} PYTHONPATH=/home/rasp-8771/pi_ws/install/depthai_ros_driver/lib/python3.10/site-packages:/home/rasp-8771/pi_ws/install/depthai_ros_msgs/lib/python3.10/site-packages:${PYTHONPATH} /usr/bin/cmake --build /home/rasp-8771/pi_ws/build/depthai-ros
[3.711s] Invoking command in '/home/rasp-8771/pi_ws/build/depthai-ros': AMENT_PREFIX_PATH=/home/rasp-8771/pi_ws/install/depthai_ros_driver:/home/rasp-8771/pi_ws/install/depthai_examples:/home/rasp-8771/pi_ws/install/depthai_filters:/home/rasp-8771/pi_ws/install/depthai_bridge:/home/rasp-8771/pi_ws/install/depthai_ros_msgs:/home/rasp-8771/pi_ws/install/depthai_descriptions:${AMENT_PREFIX_PATH} CMAKE_PREFIX_PATH=/home/rasp-8771/pi_ws/install/depthai_ros_driver:/home/rasp-8771/pi_ws/install/depthai_examples:/home/rasp-8771/pi_ws/install/depthai_filters:/home/rasp-8771/pi_ws/install/depthai_bridge:/home/rasp-8771/pi_ws/install/depthai_ros_msgs:/home/rasp-8771/pi_ws/install/depthai_descriptions:/opt/ros/iron LD_LIBRARY_PATH=/home/rasp-8771/pi_ws/install/depthai_ros_driver/lib:/home/rasp-8771/pi_ws/install/depthai_filters/lib:/home/rasp-8771/pi_ws/install/depthai_bridge/lib:/home/rasp-8771/pi_ws/install/depthai_ros_msgs/lib:${LD_LIBRARY_PATH} PYTHONPATH=/home/rasp-8771/pi_ws/install/depthai_ros_driver/lib/python3.10/site-packages:/home/rasp-8771/pi_ws/install/depthai_ros_msgs/lib/python3.10/site-packages:${PYTHONPATH} /usr/bin/cmake --install /home/rasp-8771/pi_ws/build/depthai-ros
[3.746s] -- Install configuration: ""
[3.747s] -- Installing: /home/rasp-8771/pi_ws/install/depthai-ros/share/ament_index/resource_index/package_run_dependencies/depthai-ros
[3.749s] -- Installing: /home/rasp-8771/pi_ws/install/depthai-ros/share/ament_index/resource_index/parent_prefix_path/depthai-ros
[3.750s] -- Installing: /home/rasp-8771/pi_ws/install/depthai-ros/share/depthai-ros/environment/ament_prefix_path.sh
[3.751s] -- Installing: /home/rasp-8771/pi_ws/install/depthai-ros/share/depthai-ros/environment/ament_prefix_path.dsv
[3.753s] -- Installing: /home/rasp-8771/pi_ws/install/depthai-ros/share/depthai-ros/environment/path.sh
[3.754s] -- Installing: /home/rasp-8771/pi_ws/install/depthai-ros/share/depthai-ros/environment/path.dsv
[3.755s] -- Installing: /home/rasp-8771/pi_ws/install/depthai-ros/share/depthai-ros/local_setup.bash
[3.756s] -- Installing: /home/rasp-8771/pi_ws/install/depthai-ros/share/depthai-ros/local_setup.sh
[3.757s] -- Installing: /home/rasp-8771/pi_ws/install/depthai-ros/share/depthai-ros/local_setup.zsh
[3.758s] -- Installing: /home/rasp-8771/pi_ws/install/depthai-ros/share/depthai-ros/local_setup.dsv
[3.759s] -- Installing: /home/rasp-8771/pi_ws/install/depthai-ros/share/depthai-ros/package.dsv
[3.761s] -- Installing: /home/rasp-8771/pi_ws/install/depthai-ros/share/ament_index/resource_index/packages/depthai-ros
[3.762s] -- Installing: /home/rasp-8771/pi_ws/install/depthai-ros/share/depthai-ros/cmake/depthai-rosConfig.cmake
[3.763s] -- Installing: /home/rasp-8771/pi_ws/install/depthai-ros/share/depthai-ros/cmake/depthai-rosConfig-version.cmake
[3.764s] -- Installing: /home/rasp-8771/pi_ws/install/depthai-ros/share/depthai-ros/package.xml
[3.772s] Invoked command in '/home/rasp-8771/pi_ws/build/depthai-ros' returned '0': AMENT_PREFIX_PATH=/home/rasp-8771/pi_ws/install/depthai_ros_driver:/home/rasp-8771/pi_ws/install/depthai_examples:/home/rasp-8771/pi_ws/install/depthai_filters:/home/rasp-8771/pi_ws/install/depthai_bridge:/home/rasp-8771/pi_ws/install/depthai_ros_msgs:/home/rasp-8771/pi_ws/install/depthai_descriptions:${AMENT_PREFIX_PATH} CMAKE_PREFIX_PATH=/home/rasp-8771/pi_ws/install/depthai_ros_driver:/home/rasp-8771/pi_ws/install/depthai_examples:/home/rasp-8771/pi_ws/install/depthai_filters:/home/rasp-8771/pi_ws/install/depthai_bridge:/home/rasp-8771/pi_ws/install/depthai_ros_msgs:/home/rasp-8771/pi_ws/install/depthai_descriptions:/opt/ros/iron LD_LIBRARY_PATH=/home/rasp-8771/pi_ws/install/depthai_ros_driver/lib:/home/rasp-8771/pi_ws/install/depthai_filters/lib:/home/rasp-8771/pi_ws/install/depthai_bridge/lib:/home/rasp-8771/pi_ws/install/depthai_ros_msgs/lib:${LD_LIBRARY_PATH} PYTHONPATH=/home/rasp-8771/pi_ws/install/depthai_ros_driver/lib/python3.10/site-packages:/home/rasp-8771/pi_ws/install/depthai_ros_msgs/lib/python3.10/site-packages:${PYTHONPATH} /usr/bin/cmake --install /home/rasp-8771/pi_ws/build/depthai-ros
