-- The CXX compiler identification is GNU 11.4.0
-- The C compiler identification is GNU 11.4.0
-- Detecting CXX compiler ABI info
-- Detecting CXX compiler ABI info - done
-- Check for working CXX compiler: /usr/bin/c++ - skipped
-- Detecting CXX compile features
-- Detecting CXX compile features - done
-- Detecting C compiler ABI info
-- Detecting C compiler ABI info - done
-- Check for working C compiler: /usr/bin/cc - skipped
-- Detecting C compile features
-- Detecting C compile features - done
-- ------------------------------------------
-- Depthai Bridge is being built using AMENT.
-- ------------------------------------------
-- Found camera_info_manager: 4.2.4 (/opt/ros/iron/share/camera_info_manager/cmake)
-- Found Python3: /usr/bin/python3.10 (found version "3.10.12") found components: Interpreter 
-- Found rosidl_generator_c: 4.0.1 (/opt/ros/iron/share/rosidl_generator_c/cmake)
-- Found rosidl_generator_cpp: 4.0.1 (/opt/ros/iron/share/rosidl_generator_cpp/cmake)
-- Using all available rosidl_typesupport_c: rosidl_typesupport_fastrtps_c;rosidl_typesupport_introspection_c
-- Using all available rosidl_typesupport_cpp: rosidl_typesupport_fastrtps_cpp;rosidl_typesupport_introspection_cpp
-- Found rmw_implementation_cmake: 7.1.0 (/opt/ros/iron/share/rmw_implementation_cmake/cmake)
-- Found rmw_fastrtps_cpp: 7.1.3 (/opt/ros/iron/share/rmw_fastrtps_cpp/cmake)
-- Found OpenSSL: /usr/lib/aarch64-linux-gnu/libcrypto.so (found version "3.0.2")  
-- Found FastRTPS: /opt/ros/iron/include  
-- Using RMW implementation 'rmw_fastrtps_cpp' as default
-- Found cv_bridge: 3.5.0 (/opt/ros/iron/share/cv_bridge/cmake)
-- Found depthai_ros_msgs: 2.9.0 (/home/rasp-8771/pi_ws/install/depthai_ros_msgs/share/depthai_ros_msgs/cmake)
-- Found image_transport: 4.2.4 (/opt/ros/iron/share/image_transport/cmake)
-- Found stereo_msgs: 5.0.0 (/opt/ros/iron/share/stereo_msgs/cmake)
-- Found tf2_ros: 0.31.6 (/opt/ros/iron/share/tf2_ros/cmake)
-- Found tf2_geometry_msgs: 0.31.6 (/opt/ros/iron/share/tf2_geometry_msgs/cmake)
-- Found eigen3_cmake_module: 0.2.2 (/opt/ros/iron/share/eigen3_cmake_module/cmake)
-- Found Eigen3: TRUE (found version "3.4.0") 
-- Ensuring Eigen3 include directory is part of orocos-kdl CMake target
-- --------------------------iron ---
-- iron
-- Configuring done
-- Generating done
-- Build files have been written to: /home/rasp-8771/pi_ws/build/depthai_bridge
[ 12%] [32mBuilding CXX object CMakeFiles/depthai_bridge.dir/src/DisparityConverter.cpp.o[0m
[ 25%] [32mBuilding CXX object CMakeFiles/depthai_bridge.dir/src/ImageConverter.cpp.o[0m
[ 37%] [32mBuilding CXX object CMakeFiles/depthai_bridge.dir/src/ImgDetectionConverter.cpp.o[0m
[ 50%] [32mBuilding CXX object CMakeFiles/depthai_bridge.dir/src/ImuConverter.cpp.o[0m
[ 62%] [32mBuilding CXX object CMakeFiles/depthai_bridge.dir/src/SpatialDetectionConverter.cpp.o[0m
[ 75%] [32mBuilding CXX object CMakeFiles/depthai_bridge.dir/src/TFPublisher.cpp.o[0m
[ 87%] [32mBuilding CXX object CMakeFiles/depthai_bridge.dir/src/TrackedFeaturesConverter.cpp.o[0m
[100%] [32m[1mLinking CXX shared library libdepthai_bridge.so[0m
[100%] Built target depthai_bridge
-- Install configuration: ""
-- Installing: /home/rasp-8771/pi_ws/install/depthai_bridge/share/depthai_bridge/environment/library_path.sh
-- Installing: /home/rasp-8771/pi_ws/install/depthai_bridge/share/depthai_bridge/environment/library_path.dsv
-- Installing: /home/rasp-8771/pi_ws/install/depthai_bridge/include/
-- Installing: /home/rasp-8771/pi_ws/install/depthai_bridge/include//depthai_bridge
-- Installing: /home/rasp-8771/pi_ws/install/depthai_bridge/include//depthai_bridge/ImageConverter.hpp
-- Installing: /home/rasp-8771/pi_ws/install/depthai_bridge/include//depthai_bridge/TFPublisher.hpp
-- Installing: /home/rasp-8771/pi_ws/install/depthai_bridge/include//depthai_bridge/ImgDetectionConverter.hpp
-- Installing: /home/rasp-8771/pi_ws/install/depthai_bridge/include//depthai_bridge/DisparityConverter.hpp
-- Installing: /home/rasp-8771/pi_ws/install/depthai_bridge/include//depthai_bridge/depthaiUtility.hpp
-- Installing: /home/rasp-8771/pi_ws/install/depthai_bridge/include//depthai_bridge/BridgePublisher.hpp
-- Installing: /home/rasp-8771/pi_ws/install/depthai_bridge/include//depthai_bridge/ImuConverter.hpp
-- Installing: /home/rasp-8771/pi_ws/install/depthai_bridge/include//depthai_bridge/SpatialDetectionConverter.hpp
-- Installing: /home/rasp-8771/pi_ws/install/depthai_bridge/include//depthai_bridge/TrackedFeaturesConverter.hpp
-- Installing: /home/rasp-8771/pi_ws/install/depthai_bridge/lib/libdepthai_bridge.so
-- Set runtime path of "/home/rasp-8771/pi_ws/install/depthai_bridge/lib/libdepthai_bridge.so" to ""
-- Installing: /home/rasp-8771/pi_ws/install/depthai_bridge/share/depthai_bridge/cmake/depthai_bridgeTargets.cmake
-- Installing: /home/rasp-8771/pi_ws/install/depthai_bridge/share/depthai_bridge/cmake/depthai_bridgeTargets-noconfig.cmake
-- Installing: /home/rasp-8771/pi_ws/install/depthai_bridge/share/depthai_bridge/rviz
-- Installing: /home/rasp-8771/pi_ws/install/depthai_bridge/share/depthai_bridge/rviz/pointCloud.rviz
-- Installing: /home/rasp-8771/pi_ws/install/depthai_bridge/share/ament_index/resource_index/package_run_dependencies/depthai_bridge
-- Installing: /home/rasp-8771/pi_ws/install/depthai_bridge/share/ament_index/resource_index/parent_prefix_path/depthai_bridge
-- Installing: /home/rasp-8771/pi_ws/install/depthai_bridge/share/depthai_bridge/environment/ament_prefix_path.sh
-- Installing: /home/rasp-8771/pi_ws/install/depthai_bridge/share/depthai_bridge/environment/ament_prefix_path.dsv
-- Installing: /home/rasp-8771/pi_ws/install/depthai_bridge/share/depthai_bridge/environment/path.sh
-- Installing: /home/rasp-8771/pi_ws/install/depthai_bridge/share/depthai_bridge/environment/path.dsv
-- Installing: /home/rasp-8771/pi_ws/install/depthai_bridge/share/depthai_bridge/local_setup.bash
-- Installing: /home/rasp-8771/pi_ws/install/depthai_bridge/share/depthai_bridge/local_setup.sh
-- Installing: /home/rasp-8771/pi_ws/install/depthai_bridge/share/depthai_bridge/local_setup.zsh
-- Installing: /home/rasp-8771/pi_ws/install/depthai_bridge/share/depthai_bridge/local_setup.dsv
-- Installing: /home/rasp-8771/pi_ws/install/depthai_bridge/share/depthai_bridge/package.dsv
-- Installing: /home/rasp-8771/pi_ws/install/depthai_bridge/share/ament_index/resource_index/packages/depthai_bridge
-- Installing: /home/rasp-8771/pi_ws/install/depthai_bridge/share/depthai_bridge/cmake/depthai_bridgeTargetsExport.cmake
-- Installing: /home/rasp-8771/pi_ws/install/depthai_bridge/share/depthai_bridge/cmake/depthai_bridgeTargetsExport-noconfig.cmake
-- Installing: /home/rasp-8771/pi_ws/install/depthai_bridge/share/depthai_bridge/cmake/ament_cmake_export_targets-extras.cmake
-- Installing: /home/rasp-8771/pi_ws/install/depthai_bridge/share/depthai_bridge/cmake/ament_cmake_export_include_directories-extras.cmake
-- Installing: /home/rasp-8771/pi_ws/install/depthai_bridge/share/depthai_bridge/cmake/ament_cmake_export_libraries-extras.cmake
-- Installing: /home/rasp-8771/pi_ws/install/depthai_bridge/share/depthai_bridge/cmake/ament_cmake_export_dependencies-extras.cmake
-- Installing: /home/rasp-8771/pi_ws/install/depthai_bridge/share/depthai_bridge/cmake/depthai_bridgeConfig.cmake
-- Installing: /home/rasp-8771/pi_ws/install/depthai_bridge/share/depthai_bridge/cmake/depthai_bridgeConfig-version.cmake
-- Installing: /home/rasp-8771/pi_ws/install/depthai_bridge/share/depthai_bridge/package.xml
