-- The CXX compiler identification is GNU 11.4.0
-- Detecting CXX compiler ABI info
-- Detecting CXX compiler ABI info - done
-- Check for working CXX compiler: /usr/bin/c++ - skipped
-- Detecting CXX compile features
-- Detecting CXX compile features - done
-- Found ament_cmake: 2.0.5 (/opt/ros/iron/share/ament_cmake/cmake)
-- Found Python3: /usr/bin/python3.10 (found version "3.10.12") found components: Interpreter 
-- Override CMake install command with custom implementation using symlinks instead of copying resources
-- Found hardware_interface: 3.24.0 (/opt/ros/iron/share/hardware_interface/cmake)
-- Found rosidl_generator_c: 4.0.1 (/opt/ros/iron/share/rosidl_generator_c/cmake)
-- Found rosidl_generator_cpp: 4.0.1 (/opt/ros/iron/share/rosidl_generator_cpp/cmake)
-- Using all available rosidl_typesupport_c: rosidl_typesupport_fastrtps_c;rosidl_typesupport_introspection_c
-- Using all available rosidl_typesupport_cpp: rosidl_typesupport_fastrtps_cpp;rosidl_typesupport_introspection_cpp
-- Found rmw_implementation_cmake: 7.1.0 (/opt/ros/iron/share/rmw_implementation_cmake/cmake)
-- Found rmw_fastrtps_cpp: 7.1.3 (/opt/ros/iron/share/rmw_fastrtps_cpp/cmake)
-- Found TinyXML2 via Config file: TinyXML2_DIR-NOTFOUND
-- Found OpenSSL: /usr/lib/aarch64-linux-gnu/libcrypto.so (found version "3.0.2")  
-- Found TinyXML2 via Config file: TinyXML2_DIR-NOTFOUND
-- Found FastRTPS: /opt/ros/iron/include  
-- Found TinyXML2 via Config file: TinyXML2_DIR-NOTFOUND
-- Found TinyXML2 via Config file: TinyXML2_DIR-NOTFOUND
-- Using RMW implementation 'rmw_fastrtps_cpp' as default
-- Found ament_cmake_pytest: 2.0.5 (/opt/ros/iron/share/ament_cmake_pytest/cmake)
-- Configuring done
-- Generating done
-- Build files have been written to: /home/rasp-8771/pi_ws/build/ros2_control_demo_example_2
[ 50%] [32mBuilding CXX object CMakeFiles/ros2_control_demo_example_2.dir/hardware/diffbot_system.cpp.o[0m
[100%] [32m[1mLinking CXX shared library libros2_control_demo_example_2.so[0m
[100%] Built target ros2_control_demo_example_2
-- Install configuration: ""
-- Execute custom install script
-- Symlinking: /home/rasp-8771/pi_ws/install/ros2_control_demo_example_2/share/ros2_control_demo_example_2//ros2_control_demo_example_2.xml
-- Symlinking: /home/rasp-8771/pi_ws/install/ros2_control_demo_example_2/include/ros2_control_demo_example_2/ros2_control_demo_example_2/diffbot_system.hpp
-- Symlinking: /home/rasp-8771/pi_ws/install/ros2_control_demo_example_2/include/ros2_control_demo_example_2/ros2_control_demo_example_2/visibility_control.h
-- Symlinking: /home/rasp-8771/pi_ws/install/ros2_control_demo_example_2/share/ros2_control_demo_example_2/launch/view_robot.launch.py
-- Symlinking: /home/rasp-8771/pi_ws/install/ros2_control_demo_example_2/share/ros2_control_demo_example_2/ros2_control/diffbot.ros2_control.xacro
-- Symlinking: /home/rasp-8771/pi_ws/install/ros2_control_demo_example_2/share/ros2_control_demo_example_2/urdf/diffbot.urdf.xacro
-- Symlinking: /home/rasp-8771/pi_ws/install/ros2_control_demo_example_2/share/ros2_control_demo_example_2/launch/diffbot.launch.py
-- Symlinking: /home/rasp-8771/pi_ws/install/ros2_control_demo_example_2/share/ros2_control_demo_example_2/config/diffbot_controllers.yaml
-- Symlinking: /home/rasp-8771/pi_ws/install/ros2_control_demo_example_2/share/ros2_control_demo_example_2/environment/library_path.sh
-- Symlinking: /home/rasp-8771/pi_ws/install/ros2_control_demo_example_2/share/ros2_control_demo_example_2/environment/library_path.dsv
-- Symlinking: /home/rasp-8771/pi_ws/install/ros2_control_demo_example_2/share/ament_index/resource_index/package_run_dependencies/ros2_control_demo_example_2
-- Symlinking: /home/rasp-8771/pi_ws/install/ros2_control_demo_example_2/share/ament_index/resource_index/parent_prefix_path/ros2_control_demo_example_2
-- Symlinking: /home/rasp-8771/pi_ws/install/ros2_control_demo_example_2/share/ros2_control_demo_example_2/environment/ament_prefix_path.sh
-- Symlinking: /home/rasp-8771/pi_ws/install/ros2_control_demo_example_2/share/ros2_control_demo_example_2/environment/ament_prefix_path.dsv
-- Symlinking: /home/rasp-8771/pi_ws/install/ros2_control_demo_example_2/share/ros2_control_demo_example_2/environment/path.sh
-- Symlinking: /home/rasp-8771/pi_ws/install/ros2_control_demo_example_2/share/ros2_control_demo_example_2/environment/path.dsv
-- Symlinking: /home/rasp-8771/pi_ws/install/ros2_control_demo_example_2/share/ros2_control_demo_example_2/local_setup.bash
-- Symlinking: /home/rasp-8771/pi_ws/install/ros2_control_demo_example_2/share/ros2_control_demo_example_2/local_setup.sh
-- Symlinking: /home/rasp-8771/pi_ws/install/ros2_control_demo_example_2/share/ros2_control_demo_example_2/local_setup.zsh
-- Symlinking: /home/rasp-8771/pi_ws/install/ros2_control_demo_example_2/share/ros2_control_demo_example_2/local_setup.dsv
-- Symlinking: /home/rasp-8771/pi_ws/install/ros2_control_demo_example_2/share/ros2_control_demo_example_2/package.dsv
-- Symlinking: /home/rasp-8771/pi_ws/install/ros2_control_demo_example_2/share/ament_index/resource_index/packages/ros2_control_demo_example_2
-- Symlinking: /home/rasp-8771/pi_ws/install/ros2_control_demo_example_2/share/ament_index/resource_index/hardware_interface__pluginlib__plugin/ros2_control_demo_example_2
-- Symlinking: /home/rasp-8771/pi_ws/install/ros2_control_demo_example_2/share/ros2_control_demo_example_2/cmake/ament_cmake_export_targets-extras.cmake
-- Symlinking: /home/rasp-8771/pi_ws/install/ros2_control_demo_example_2/share/ros2_control_demo_example_2/cmake/ament_cmake_export_dependencies-extras.cmake
-- Symlinking: /home/rasp-8771/pi_ws/install/ros2_control_demo_example_2/share/ros2_control_demo_example_2/cmake/ros2_control_demo_example_2Config.cmake
-- Symlinking: /home/rasp-8771/pi_ws/install/ros2_control_demo_example_2/share/ros2_control_demo_example_2/cmake/ros2_control_demo_example_2Config-version.cmake
-- Symlinking: /home/rasp-8771/pi_ws/install/ros2_control_demo_example_2/share/ros2_control_demo_example_2/package.xml
-- Installing: /home/rasp-8771/pi_ws/install/ros2_control_demo_example_2/lib/libros2_control_demo_example_2.so
-- Set runtime path of "/home/rasp-8771/pi_ws/install/ros2_control_demo_example_2/lib/libros2_control_demo_example_2.so" to ""
-- Installing: /home/rasp-8771/pi_ws/install/ros2_control_demo_example_2/share/ros2_control_demo_example_2/cmake/export_ros2_control_demo_example_2Export.cmake
-- Installing: /home/rasp-8771/pi_ws/install/ros2_control_demo_example_2/share/ros2_control_demo_example_2/cmake/export_ros2_control_demo_example_2Export-noconfig.cmake
