[  1%] Built target depthai_ros_msgs__rosidl_generator_type_description
[  1%] Built target depthai_ros_msgs__cpp
[35m[1mConsolidate compiler generated dependencies of target depthai_ros_msgs__rosidl_generator_c[0m
[ 27%] Built target depthai_ros_msgs__rosidl_generator_c
[35m[1mConsolidate compiler generated dependencies of target depthai_ros_msgs__rosidl_typesupport_cpp[0m
[ 37%] Built target depthai_ros_msgs__rosidl_typesupport_cpp
[35m[1mConsolidate compiler generated dependencies of target depthai_ros_msgs__rosidl_typesupport_fastrtps_c[0m
[ 46%] Built target depthai_ros_msgs__rosidl_typesupport_fastrtps_c
[35m[1mConsolidate compiler generated dependencies of target depthai_ros_msgs__rosidl_typesupport_fastrtps_cpp[0m
[ 56%] Built target depthai_ros_msgs__rosidl_typesupport_fastrtps_cpp
[35m[1mConsolidate compiler generated dependencies of target depthai_ros_msgs__rosidl_typesupport_introspection_c[0m
[ 65%] Built target depthai_ros_msgs__rosidl_typesupport_introspection_c
[35m[1mConsolidate compiler generated dependencies of target depthai_ros_msgs__rosidl_typesupport_c[0m
[ 74%] Built target depthai_ros_msgs__rosidl_typesupport_c
[35m[1mConsolidate compiler generated dependencies of target depthai_ros_msgs__rosidl_typesupport_introspection_cpp[0m
[ 84%] Built target depthai_ros_msgs__rosidl_typesupport_introspection_cpp
[ 84%] Built target depthai_ros_msgs
[ 84%] Built target ament_cmake_python_copy_depthai_ros_msgs
running egg_info
writing depthai_ros_msgs.egg-info/PKG-INFO
writing dependency_links to depthai_ros_msgs.egg-info/dependency_links.txt
writing top-level names to depthai_ros_msgs.egg-info/top_level.txt
reading manifest file 'depthai_ros_msgs.egg-info/SOURCES.txt'
writing manifest file 'depthai_ros_msgs.egg-info/SOURCES.txt'
[ 84%] Built target ament_cmake_python_build_depthai_ros_msgs_egg
[ 85%] Built target depthai_ros_msgs__py
[35m[1mConsolidate compiler generated dependencies of target depthai_ros_msgs__rosidl_generator_py[0m
[ 94%] Built target depthai_ros_msgs__rosidl_generator_py
[35m[1mConsolidate compiler generated dependencies of target depthai_ros_msgs__rosidl_typesupport_fastrtps_c__pyext[0m
[ 96%] Built target depthai_ros_msgs__rosidl_typesupport_fastrtps_c__pyext
[35m[1mConsolidate compiler generated dependencies of target depthai_ros_msgs__rosidl_typesupport_introspection_c__pyext[0m
[ 98%] Built target depthai_ros_msgs__rosidl_typesupport_introspection_c__pyext
[35m[1mConsolidate compiler generated dependencies of target depthai_ros_msgs__rosidl_typesupport_c__pyext[0m
[100%] Built target depthai_ros_msgs__rosidl_typesupport_c__pyext
-- Install configuration: ""
-- Up-to-date: /home/rasp-8771/pi_ws/install/depthai_ros_msgs/share/ament_index/resource_index/rosidl_interfaces/depthai_ros_msgs
-- Up-to-date: /home/rasp-8771/pi_ws/install/depthai_ros_msgs/share/depthai_ros_msgs/msg/AutoFocusCtrl.json
-- Up-to-date: /home/rasp-8771/pi_ws/install/depthai_ros_msgs/share/depthai_ros_msgs/msg/HandLandmark.json
-- Up-to-date: /home/rasp-8771/pi_ws/install/depthai_ros_msgs/share/depthai_ros_msgs/msg/HandLandmarkArray.json
-- Up-to-date: /home/rasp-8771/pi_ws/install/depthai_ros_msgs/share/depthai_ros_msgs/msg/ImuWithMagneticField.json
-- Up-to-date: /home/rasp-8771/pi_ws/install/depthai_ros_msgs/share/depthai_ros_msgs/msg/TrackedFeature.json
-- Up-to-date: /home/rasp-8771/pi_ws/install/depthai_ros_msgs/share/depthai_ros_msgs/msg/TrackedFeatures.json
-- Up-to-date: /home/rasp-8771/pi_ws/install/depthai_ros_msgs/share/depthai_ros_msgs/msg/SpatialDetection.json
-- Up-to-date: /home/rasp-8771/pi_ws/install/depthai_ros_msgs/share/depthai_ros_msgs/msg/SpatialDetectionArray.json
-- Up-to-date: /home/rasp-8771/pi_ws/install/depthai_ros_msgs/share/depthai_ros_msgs/srv/TriggerNamed.json
-- Up-to-date: /home/rasp-8771/pi_ws/install/depthai_ros_msgs/share/depthai_ros_msgs/srv/NormalizedImageCrop.json
-- Up-to-date: /home/rasp-8771/pi_ws/install/depthai_ros_msgs/include/depthai_ros_msgs/depthai_ros_msgs
-- Up-to-date: /home/rasp-8771/pi_ws/install/depthai_ros_msgs/include/depthai_ros_msgs/depthai_ros_msgs/msg
-- Up-to-date: /home/rasp-8771/pi_ws/install/depthai_ros_msgs/include/depthai_ros_msgs/depthai_ros_msgs/msg/hand_landmark.h
-- Up-to-date: /home/rasp-8771/pi_ws/install/depthai_ros_msgs/include/depthai_ros_msgs/depthai_ros_msgs/msg/tracked_feature.h
-- Up-to-date: /home/rasp-8771/pi_ws/install/depthai_ros_msgs/include/depthai_ros_msgs/depthai_ros_msgs/msg/detail
-- Up-to-date: /home/rasp-8771/pi_ws/install/depthai_ros_msgs/include/depthai_ros_msgs/depthai_ros_msgs/msg/detail/tracked_feature__functions.h
-- Up-to-date: /home/rasp-8771/pi_ws/install/depthai_ros_msgs/include/depthai_ros_msgs/depthai_ros_msgs/msg/detail/spatial_detection__description.c
-- Installing: /home/rasp-8771/pi_ws/install/depthai_ros_msgs/include/depthai_ros_msgs/depthai_ros_msgs/msg/detail/tracked_feature__type_support.c
-- Up-to-date: /home/rasp-8771/pi_ws/install/depthai_ros_msgs/include/depthai_ros_msgs/depthai_ros_msgs/msg/detail/auto_focus_ctrl__functions.h
-- Up-to-date: /home/rasp-8771/pi_ws/install/depthai_ros_msgs/include/depthai_ros_msgs/depthai_ros_msgs/msg/detail/imu_with_magnetic_field__type_support.h
-- Installing: /home/rasp-8771/pi_ws/install/depthai_ros_msgs/include/depthai_ros_msgs/depthai_ros_msgs/msg/detail/hand_landmark_array__type_support.c
-- Up-to-date: /home/rasp-8771/pi_ws/install/depthai_ros_msgs/include/depthai_ros_msgs/depthai_ros_msgs/msg/detail/tracked_features__functions.h
-- Installing: /home/rasp-8771/pi_ws/install/depthai_ros_msgs/include/depthai_ros_msgs/depthai_ros_msgs/msg/detail/tracked_features__type_support.c
-- Up-to-date: /home/rasp-8771/pi_ws/install/depthai_ros_msgs/include/depthai_ros_msgs/depthai_ros_msgs/msg/detail/spatial_detection__struct.h
-- Up-to-date: /home/rasp-8771/pi_ws/install/depthai_ros_msgs/include/depthai_ros_msgs/depthai_ros_msgs/msg/detail/imu_with_magnetic_field__description.c
-- Up-to-date: /home/rasp-8771/pi_ws/install/depthai_ros_msgs/include/depthai_ros_msgs/depthai_ros_msgs/msg/detail/hand_landmark__description.c
-- Up-to-date: /home/rasp-8771/pi_ws/install/depthai_ros_msgs/include/depthai_ros_msgs/depthai_ros_msgs/msg/detail/tracked_features__struct.h
-- Up-to-date: /home/rasp-8771/pi_ws/install/depthai_ros_msgs/include/depthai_ros_msgs/depthai_ros_msgs/msg/detail/hand_landmark__type_support.h
-- Up-to-date: /home/rasp-8771/pi_ws/install/depthai_ros_msgs/include/depthai_ros_msgs/depthai_ros_msgs/msg/detail/spatial_detection_array__functions.h
-- Up-to-date: /home/rasp-8771/pi_ws/install/depthai_ros_msgs/include/depthai_ros_msgs/depthai_ros_msgs/msg/detail/auto_focus_ctrl__functions.c
-- Up-to-date: /home/rasp-8771/pi_ws/install/depthai_ros_msgs/include/depthai_ros_msgs/depthai_ros_msgs/msg/detail/spatial_detection__functions.h
-- Up-to-date: /home/rasp-8771/pi_ws/install/depthai_ros_msgs/include/depthai_ros_msgs/depthai_ros_msgs/msg/detail/tracked_feature__type_support.h
-- Up-to-date: /home/rasp-8771/pi_ws/install/depthai_ros_msgs/include/depthai_ros_msgs/depthai_ros_msgs/msg/detail/hand_landmark_array__functions.c
-- Installing: /home/rasp-8771/pi_ws/install/depthai_ros_msgs/include/depthai_ros_msgs/depthai_ros_msgs/msg/detail/auto_focus_ctrl__type_support.c
-- Up-to-date: /home/rasp-8771/pi_ws/install/depthai_ros_msgs/include/depthai_ros_msgs/depthai_ros_msgs/msg/detail/hand_landmark_array__type_support.h
-- Installing: /home/rasp-8771/pi_ws/install/depthai_ros_msgs/include/depthai_ros_msgs/depthai_ros_msgs/msg/detail/hand_landmark__type_support.c
-- Up-to-date: /home/rasp-8771/pi_ws/install/depthai_ros_msgs/include/depthai_ros_msgs/depthai_ros_msgs/msg/detail/spatial_detection_array__struct.h
-- Installing: /home/rasp-8771/pi_ws/install/depthai_ros_msgs/include/depthai_ros_msgs/depthai_ros_msgs/msg/detail/imu_with_magnetic_field__type_support.c
-- Up-to-date: /home/rasp-8771/pi_ws/install/depthai_ros_msgs/include/depthai_ros_msgs/depthai_ros_msgs/msg/detail/tracked_feature__struct.h
-- Up-to-date: /home/rasp-8771/pi_ws/install/depthai_ros_msgs/include/depthai_ros_msgs/depthai_ros_msgs/msg/detail/tracked_feature__description.c
-- Up-to-date: /home/rasp-8771/pi_ws/install/depthai_ros_msgs/include/depthai_ros_msgs/depthai_ros_msgs/msg/detail/spatial_detection_array__functions.c
-- Up-to-date: /home/rasp-8771/pi_ws/install/depthai_ros_msgs/include/depthai_ros_msgs/depthai_ros_msgs/msg/detail/hand_landmark_array__description.c
-- Up-to-date: /home/rasp-8771/pi_ws/install/depthai_ros_msgs/include/depthai_ros_msgs/depthai_ros_msgs/msg/detail/auto_focus_ctrl__type_support.h
-- Up-to-date: /home/rasp-8771/pi_ws/install/depthai_ros_msgs/include/depthai_ros_msgs/depthai_ros_msgs/msg/detail/hand_landmark__functions.c
-- Up-to-date: /home/rasp-8771/pi_ws/install/depthai_ros_msgs/include/depthai_ros_msgs/depthai_ros_msgs/msg/detail/tracked_features__type_support.h
-- Up-to-date: /home/rasp-8771/pi_ws/install/depthai_ros_msgs/include/depthai_ros_msgs/depthai_ros_msgs/msg/detail/tracked_features__functions.c
-- Up-to-date: /home/rasp-8771/pi_ws/install/depthai_ros_msgs/include/depthai_ros_msgs/depthai_ros_msgs/msg/detail/spatial_detection_array__description.c
-- Up-to-date: /home/rasp-8771/pi_ws/install/depthai_ros_msgs/include/depthai_ros_msgs/depthai_ros_msgs/msg/detail/spatial_detection__type_support.h
-- Up-to-date: /home/rasp-8771/pi_ws/install/depthai_ros_msgs/include/depthai_ros_msgs/depthai_ros_msgs/msg/detail/hand_landmark_array__functions.h
-- Up-to-date: /home/rasp-8771/pi_ws/install/depthai_ros_msgs/include/depthai_ros_msgs/depthai_ros_msgs/msg/detail/auto_focus_ctrl__description.c
-- Up-to-date: /home/rasp-8771/pi_ws/install/depthai_ros_msgs/include/depthai_ros_msgs/depthai_ros_msgs/msg/detail/tracked_features__description.c
-- Up-to-date: /home/rasp-8771/pi_ws/install/depthai_ros_msgs/include/depthai_ros_msgs/depthai_ros_msgs/msg/detail/imu_with_magnetic_field__functions.c
-- Up-to-date: /home/rasp-8771/pi_ws/install/depthai_ros_msgs/include/depthai_ros_msgs/depthai_ros_msgs/msg/detail/auto_focus_ctrl__struct.h
-- Up-to-date: /home/rasp-8771/pi_ws/install/depthai_ros_msgs/include/depthai_ros_msgs/depthai_ros_msgs/msg/detail/spatial_detection_array__type_support.h
-- Installing: /home/rasp-8771/pi_ws/install/depthai_ros_msgs/include/depthai_ros_msgs/depthai_ros_msgs/msg/detail/spatial_detection_array__type_support.c
-- Up-to-date: /home/rasp-8771/pi_ws/install/depthai_ros_msgs/include/depthai_ros_msgs/depthai_ros_msgs/msg/detail/imu_with_magnetic_field__struct.h
-- Up-to-date: /home/rasp-8771/pi_ws/install/depthai_ros_msgs/include/depthai_ros_msgs/depthai_ros_msgs/msg/detail/hand_landmark__functions.h
-- Up-to-date: /home/rasp-8771/pi_ws/install/depthai_ros_msgs/include/depthai_ros_msgs/depthai_ros_msgs/msg/detail/tracked_feature__functions.c
-- Up-to-date: /home/rasp-8771/pi_ws/install/depthai_ros_msgs/include/depthai_ros_msgs/depthai_ros_msgs/msg/detail/imu_with_magnetic_field__functions.h
-- Up-to-date: /home/rasp-8771/pi_ws/install/depthai_ros_msgs/include/depthai_ros_msgs/depthai_ros_msgs/msg/detail/hand_landmark__struct.h
-- Up-to-date: /home/rasp-8771/pi_ws/install/depthai_ros_msgs/include/depthai_ros_msgs/depthai_ros_msgs/msg/detail/spatial_detection__functions.c
-- Installing: /home/rasp-8771/pi_ws/install/depthai_ros_msgs/include/depthai_ros_msgs/depthai_ros_msgs/msg/detail/spatial_detection__type_support.c
-- Up-to-date: /home/rasp-8771/pi_ws/install/depthai_ros_msgs/include/depthai_ros_msgs/depthai_ros_msgs/msg/detail/hand_landmark_array__struct.h
-- Up-to-date: /home/rasp-8771/pi_ws/install/depthai_ros_msgs/include/depthai_ros_msgs/depthai_ros_msgs/msg/rosidl_generator_c__visibility_control.h
-- Up-to-date: /home/rasp-8771/pi_ws/install/depthai_ros_msgs/include/depthai_ros_msgs/depthai_ros_msgs/msg/auto_focus_ctrl.h
-- Up-to-date: /home/rasp-8771/pi_ws/install/depthai_ros_msgs/include/depthai_ros_msgs/depthai_ros_msgs/msg/imu_with_magnetic_field.h
-- Up-to-date: /home/rasp-8771/pi_ws/install/depthai_ros_msgs/include/depthai_ros_msgs/depthai_ros_msgs/msg/spatial_detection.h
-- Up-to-date: /home/rasp-8771/pi_ws/install/depthai_ros_msgs/include/depthai_ros_msgs/depthai_ros_msgs/msg/tracked_features.h
-- Up-to-date: /home/rasp-8771/pi_ws/install/depthai_ros_msgs/include/depthai_ros_msgs/depthai_ros_msgs/msg/spatial_detection_array.h
-- Up-to-date: /home/rasp-8771/pi_ws/install/depthai_ros_msgs/include/depthai_ros_msgs/depthai_ros_msgs/msg/hand_landmark_array.h
-- Up-to-date: /home/rasp-8771/pi_ws/install/depthai_ros_msgs/include/depthai_ros_msgs/depthai_ros_msgs/srv
-- Up-to-date: /home/rasp-8771/pi_ws/install/depthai_ros_msgs/include/depthai_ros_msgs/depthai_ros_msgs/srv/detail
-- Up-to-date: /home/rasp-8771/pi_ws/install/depthai_ros_msgs/include/depthai_ros_msgs/depthai_ros_msgs/srv/detail/normalized_image_crop__functions.c
-- Up-to-date: /home/rasp-8771/pi_ws/install/depthai_ros_msgs/include/depthai_ros_msgs/depthai_ros_msgs/srv/detail/trigger_named__functions.c
-- Up-to-date: /home/rasp-8771/pi_ws/install/depthai_ros_msgs/include/depthai_ros_msgs/depthai_ros_msgs/srv/detail/normalized_image_crop__functions.h
-- Installing: /home/rasp-8771/pi_ws/install/depthai_ros_msgs/include/depthai_ros_msgs/depthai_ros_msgs/srv/detail/normalized_image_crop__type_support.c
-- Up-to-date: /home/rasp-8771/pi_ws/install/depthai_ros_msgs/include/depthai_ros_msgs/depthai_ros_msgs/srv/detail/trigger_named__struct.h
-- Installing: /home/rasp-8771/pi_ws/install/depthai_ros_msgs/include/depthai_ros_msgs/depthai_ros_msgs/srv/detail/trigger_named__type_support.c
-- Up-to-date: /home/rasp-8771/pi_ws/install/depthai_ros_msgs/include/depthai_ros_msgs/depthai_ros_msgs/srv/detail/normalized_image_crop__type_support.h
-- Up-to-date: /home/rasp-8771/pi_ws/install/depthai_ros_msgs/include/depthai_ros_msgs/depthai_ros_msgs/srv/detail/trigger_named__description.c
-- Up-to-date: /home/rasp-8771/pi_ws/install/depthai_ros_msgs/include/depthai_ros_msgs/depthai_ros_msgs/srv/detail/trigger_named__functions.h
-- Up-to-date: /home/rasp-8771/pi_ws/install/depthai_ros_msgs/include/depthai_ros_msgs/depthai_ros_msgs/srv/detail/normalized_image_crop__struct.h
-- Up-to-date: /home/rasp-8771/pi_ws/install/depthai_ros_msgs/include/depthai_ros_msgs/depthai_ros_msgs/srv/detail/trigger_named__type_support.h
-- Up-to-date: /home/rasp-8771/pi_ws/install/depthai_ros_msgs/include/depthai_ros_msgs/depthai_ros_msgs/srv/detail/normalized_image_crop__description.c
-- Up-to-date: /home/rasp-8771/pi_ws/install/depthai_ros_msgs/include/depthai_ros_msgs/depthai_ros_msgs/srv/trigger_named.h
-- Up-to-date: /home/rasp-8771/pi_ws/install/depthai_ros_msgs/include/depthai_ros_msgs/depthai_ros_msgs/srv/normalized_image_crop.h
-- Up-to-date: /home/rasp-8771/pi_ws/install/depthai_ros_msgs/share/depthai_ros_msgs/environment/library_path.sh
-- Up-to-date: /home/rasp-8771/pi_ws/install/depthai_ros_msgs/share/depthai_ros_msgs/environment/library_path.dsv
-- Up-to-date: /home/rasp-8771/pi_ws/install/depthai_ros_msgs/lib/libdepthai_ros_msgs__rosidl_generator_c.so
-- Up-to-date: /home/rasp-8771/pi_ws/install/depthai_ros_msgs/include/depthai_ros_msgs/depthai_ros_msgs
-- Up-to-date: /home/rasp-8771/pi_ws/install/depthai_ros_msgs/include/depthai_ros_msgs/depthai_ros_msgs/msg
-- Up-to-date: /home/rasp-8771/pi_ws/install/depthai_ros_msgs/include/depthai_ros_msgs/depthai_ros_msgs/msg/detail
-- Up-to-date: /home/rasp-8771/pi_ws/install/depthai_ros_msgs/include/depthai_ros_msgs/depthai_ros_msgs/msg/detail/hand_landmark_array__rosidl_typesupport_fastrtps_c.h
-- Up-to-date: /home/rasp-8771/pi_ws/install/depthai_ros_msgs/include/depthai_ros_msgs/depthai_ros_msgs/msg/detail/imu_with_magnetic_field__rosidl_typesupport_fastrtps_c.h
-- Up-to-date: /home/rasp-8771/pi_ws/install/depthai_ros_msgs/include/depthai_ros_msgs/depthai_ros_msgs/msg/detail/spatial_detection__rosidl_typesupport_fastrtps_c.h
-- Up-to-date: /home/rasp-8771/pi_ws/install/depthai_ros_msgs/include/depthai_ros_msgs/depthai_ros_msgs/msg/detail/tracked_features__rosidl_typesupport_fastrtps_c.h
-- Up-to-date: /home/rasp-8771/pi_ws/install/depthai_ros_msgs/include/depthai_ros_msgs/depthai_ros_msgs/msg/detail/tracked_feature__rosidl_typesupport_fastrtps_c.h
-- Up-to-date: /home/rasp-8771/pi_ws/install/depthai_ros_msgs/include/depthai_ros_msgs/depthai_ros_msgs/msg/detail/auto_focus_ctrl__rosidl_typesupport_fastrtps_c.h
-- Up-to-date: /home/rasp-8771/pi_ws/install/depthai_ros_msgs/include/depthai_ros_msgs/depthai_ros_msgs/msg/detail/hand_landmark__rosidl_typesupport_fastrtps_c.h
-- Up-to-date: /home/rasp-8771/pi_ws/install/depthai_ros_msgs/include/depthai_ros_msgs/depthai_ros_msgs/msg/detail/spatial_detection_array__rosidl_typesupport_fastrtps_c.h
-- Up-to-date: /home/rasp-8771/pi_ws/install/depthai_ros_msgs/include/depthai_ros_msgs/depthai_ros_msgs/msg/rosidl_typesupport_fastrtps_c__visibility_control.h
-- Up-to-date: /home/rasp-8771/pi_ws/install/depthai_ros_msgs/include/depthai_ros_msgs/depthai_ros_msgs/srv
-- Up-to-date: /home/rasp-8771/pi_ws/install/depthai_ros_msgs/include/depthai_ros_msgs/depthai_ros_msgs/srv/detail
-- Up-to-date: /home/rasp-8771/pi_ws/install/depthai_ros_msgs/include/depthai_ros_msgs/depthai_ros_msgs/srv/detail/normalized_image_crop__rosidl_typesupport_fastrtps_c.h
-- Up-to-date: /home/rasp-8771/pi_ws/install/depthai_ros_msgs/include/depthai_ros_msgs/depthai_ros_msgs/srv/detail/trigger_named__rosidl_typesupport_fastrtps_c.h
-- Up-to-date: /home/rasp-8771/pi_ws/install/depthai_ros_msgs/lib/libdepthai_ros_msgs__rosidl_typesupport_fastrtps_c.so
-- Up-to-date: /home/rasp-8771/pi_ws/install/depthai_ros_msgs/include/depthai_ros_msgs/depthai_ros_msgs
-- Up-to-date: /home/rasp-8771/pi_ws/install/depthai_ros_msgs/include/depthai_ros_msgs/depthai_ros_msgs/msg
-- Up-to-date: /home/rasp-8771/pi_ws/install/depthai_ros_msgs/include/depthai_ros_msgs/depthai_ros_msgs/msg/detail
-- Up-to-date: /home/rasp-8771/pi_ws/install/depthai_ros_msgs/include/depthai_ros_msgs/depthai_ros_msgs/msg/detail/tracked_feature__builder.hpp
-- Up-to-date: /home/rasp-8771/pi_ws/install/depthai_ros_msgs/include/depthai_ros_msgs/depthai_ros_msgs/msg/detail/hand_landmark__builder.hpp
-- Up-to-date: /home/rasp-8771/pi_ws/install/depthai_ros_msgs/include/depthai_ros_msgs/depthai_ros_msgs/msg/detail/spatial_detection_array__traits.hpp
-- Up-to-date: /home/rasp-8771/pi_ws/install/depthai_ros_msgs/include/depthai_ros_msgs/depthai_ros_msgs/msg/detail/spatial_detection__traits.hpp
-- Up-to-date: /home/rasp-8771/pi_ws/install/depthai_ros_msgs/include/depthai_ros_msgs/depthai_ros_msgs/msg/detail/auto_focus_ctrl__builder.hpp
-- Up-to-date: /home/rasp-8771/pi_ws/install/depthai_ros_msgs/include/depthai_ros_msgs/depthai_ros_msgs/msg/detail/hand_landmark__traits.hpp
-- Up-to-date: /home/rasp-8771/pi_ws/install/depthai_ros_msgs/include/depthai_ros_msgs/depthai_ros_msgs/msg/detail/imu_with_magnetic_field__builder.hpp
-- Up-to-date: /home/rasp-8771/pi_ws/install/depthai_ros_msgs/include/depthai_ros_msgs/depthai_ros_msgs/msg/detail/tracked_features__struct.hpp
-- Up-to-date: /home/rasp-8771/pi_ws/install/depthai_ros_msgs/include/depthai_ros_msgs/depthai_ros_msgs/msg/detail/spatial_detection__struct.hpp
-- Up-to-date: /home/rasp-8771/pi_ws/install/depthai_ros_msgs/include/depthai_ros_msgs/depthai_ros_msgs/msg/detail/tracked_features__traits.hpp
-- Up-to-date: /home/rasp-8771/pi_ws/install/depthai_ros_msgs/include/depthai_ros_msgs/depthai_ros_msgs/msg/detail/auto_focus_ctrl__traits.hpp
-- Up-to-date: /home/rasp-8771/pi_ws/install/depthai_ros_msgs/include/depthai_ros_msgs/depthai_ros_msgs/msg/detail/hand_landmark__struct.hpp
-- Up-to-date: /home/rasp-8771/pi_ws/install/depthai_ros_msgs/include/depthai_ros_msgs/depthai_ros_msgs/msg/detail/spatial_detection_array__builder.hpp
-- Up-to-date: /home/rasp-8771/pi_ws/install/depthai_ros_msgs/include/depthai_ros_msgs/depthai_ros_msgs/msg/detail/tracked_feature__traits.hpp
-- Up-to-date: /home/rasp-8771/pi_ws/install/depthai_ros_msgs/include/depthai_ros_msgs/depthai_ros_msgs/msg/detail/tracked_features__builder.hpp
-- Up-to-date: /home/rasp-8771/pi_ws/install/depthai_ros_msgs/include/depthai_ros_msgs/depthai_ros_msgs/msg/detail/hand_landmark_array__struct.hpp
-- Up-to-date: /home/rasp-8771/pi_ws/install/depthai_ros_msgs/include/depthai_ros_msgs/depthai_ros_msgs/msg/detail/hand_landmark_array__traits.hpp
-- Up-to-date: /home/rasp-8771/pi_ws/install/depthai_ros_msgs/include/depthai_ros_msgs/depthai_ros_msgs/msg/detail/auto_focus_ctrl__struct.hpp
-- Up-to-date: /home/rasp-8771/pi_ws/install/depthai_ros_msgs/include/depthai_ros_msgs/depthai_ros_msgs/msg/detail/spatial_detection_array__struct.hpp
-- Up-to-date: /home/rasp-8771/pi_ws/install/depthai_ros_msgs/include/depthai_ros_msgs/depthai_ros_msgs/msg/detail/imu_with_magnetic_field__traits.hpp
-- Up-to-date: /home/rasp-8771/pi_ws/install/depthai_ros_msgs/include/depthai_ros_msgs/depthai_ros_msgs/msg/detail/tracked_feature__struct.hpp
-- Up-to-date: /home/rasp-8771/pi_ws/install/depthai_ros_msgs/include/depthai_ros_msgs/depthai_ros_msgs/msg/detail/imu_with_magnetic_field__struct.hpp
-- Up-to-date: /home/rasp-8771/pi_ws/install/depthai_ros_msgs/include/depthai_ros_msgs/depthai_ros_msgs/msg/detail/spatial_detection__builder.hpp
-- Up-to-date: /home/rasp-8771/pi_ws/install/depthai_ros_msgs/include/depthai_ros_msgs/depthai_ros_msgs/msg/detail/hand_landmark_array__builder.hpp
-- Up-to-date: /home/rasp-8771/pi_ws/install/depthai_ros_msgs/include/depthai_ros_msgs/depthai_ros_msgs/msg/spatial_detection.hpp
-- Up-to-date: /home/rasp-8771/pi_ws/install/depthai_ros_msgs/include/depthai_ros_msgs/depthai_ros_msgs/msg/hand_landmark.hpp
-- Up-to-date: /home/rasp-8771/pi_ws/install/depthai_ros_msgs/include/depthai_ros_msgs/depthai_ros_msgs/msg/imu_with_magnetic_field.hpp
-- Up-to-date: /home/rasp-8771/pi_ws/install/depthai_ros_msgs/include/depthai_ros_msgs/depthai_ros_msgs/msg/tracked_feature.hpp
-- Up-to-date: /home/rasp-8771/pi_ws/install/depthai_ros_msgs/include/depthai_ros_msgs/depthai_ros_msgs/msg/hand_landmark_array.hpp
-- Up-to-date: /home/rasp-8771/pi_ws/install/depthai_ros_msgs/include/depthai_ros_msgs/depthai_ros_msgs/msg/auto_focus_ctrl.hpp
-- Up-to-date: /home/rasp-8771/pi_ws/install/depthai_ros_msgs/include/depthai_ros_msgs/depthai_ros_msgs/msg/tracked_features.hpp
-- Up-to-date: /home/rasp-8771/pi_ws/install/depthai_ros_msgs/include/depthai_ros_msgs/depthai_ros_msgs/msg/spatial_detection_array.hpp
-- Up-to-date: /home/rasp-8771/pi_ws/install/depthai_ros_msgs/include/depthai_ros_msgs/depthai_ros_msgs/srv
-- Up-to-date: /home/rasp-8771/pi_ws/install/depthai_ros_msgs/include/depthai_ros_msgs/depthai_ros_msgs/srv/trigger_named.hpp
-- Up-to-date: /home/rasp-8771/pi_ws/install/depthai_ros_msgs/include/depthai_ros_msgs/depthai_ros_msgs/srv/detail
-- Up-to-date: /home/rasp-8771/pi_ws/install/depthai_ros_msgs/include/depthai_ros_msgs/depthai_ros_msgs/srv/detail/normalized_image_crop__builder.hpp
-- Up-to-date: /home/rasp-8771/pi_ws/install/depthai_ros_msgs/include/depthai_ros_msgs/depthai_ros_msgs/srv/detail/trigger_named__traits.hpp
-- Up-to-date: /home/rasp-8771/pi_ws/install/depthai_ros_msgs/include/depthai_ros_msgs/depthai_ros_msgs/srv/detail/trigger_named__builder.hpp
-- Up-to-date: /home/rasp-8771/pi_ws/install/depthai_ros_msgs/include/depthai_ros_msgs/depthai_ros_msgs/srv/detail/normalized_image_crop__traits.hpp
-- Up-to-date: /home/rasp-8771/pi_ws/install/depthai_ros_msgs/include/depthai_ros_msgs/depthai_ros_msgs/srv/detail/normalized_image_crop__struct.hpp
-- Up-to-date: /home/rasp-8771/pi_ws/install/depthai_ros_msgs/include/depthai_ros_msgs/depthai_ros_msgs/srv/detail/trigger_named__struct.hpp
-- Up-to-date: /home/rasp-8771/pi_ws/install/depthai_ros_msgs/include/depthai_ros_msgs/depthai_ros_msgs/srv/normalized_image_crop.hpp
-- Up-to-date: /home/rasp-8771/pi_ws/install/depthai_ros_msgs/include/depthai_ros_msgs/depthai_ros_msgs
-- Up-to-date: /home/rasp-8771/pi_ws/install/depthai_ros_msgs/include/depthai_ros_msgs/depthai_ros_msgs/msg
-- Up-to-date: /home/rasp-8771/pi_ws/install/depthai_ros_msgs/include/depthai_ros_msgs/depthai_ros_msgs/msg/rosidl_typesupport_fastrtps_cpp__visibility_control.h
-- Up-to-date: /home/rasp-8771/pi_ws/install/depthai_ros_msgs/include/depthai_ros_msgs/depthai_ros_msgs/msg/detail
-- Up-to-date: /home/rasp-8771/pi_ws/install/depthai_ros_msgs/include/depthai_ros_msgs/depthai_ros_msgs/msg/detail/hand_landmark_array__rosidl_typesupport_fastrtps_cpp.hpp
-- Up-to-date: /home/rasp-8771/pi_ws/install/depthai_ros_msgs/include/depthai_ros_msgs/depthai_ros_msgs/msg/detail/tracked_feature__rosidl_typesupport_fastrtps_cpp.hpp
-- Up-to-date: /home/rasp-8771/pi_ws/install/depthai_ros_msgs/include/depthai_ros_msgs/depthai_ros_msgs/msg/detail/spatial_detection__rosidl_typesupport_fastrtps_cpp.hpp
-- Up-to-date: /home/rasp-8771/pi_ws/install/depthai_ros_msgs/include/depthai_ros_msgs/depthai_ros_msgs/msg/detail/hand_landmark__rosidl_typesupport_fastrtps_cpp.hpp
-- Up-to-date: /home/rasp-8771/pi_ws/install/depthai_ros_msgs/include/depthai_ros_msgs/depthai_ros_msgs/msg/detail/imu_with_magnetic_field__rosidl_typesupport_fastrtps_cpp.hpp
-- Up-to-date: /home/rasp-8771/pi_ws/install/depthai_ros_msgs/include/depthai_ros_msgs/depthai_ros_msgs/msg/detail/tracked_features__rosidl_typesupport_fastrtps_cpp.hpp
-- Up-to-date: /home/rasp-8771/pi_ws/install/depthai_ros_msgs/include/depthai_ros_msgs/depthai_ros_msgs/msg/detail/spatial_detection_array__rosidl_typesupport_fastrtps_cpp.hpp
-- Up-to-date: /home/rasp-8771/pi_ws/install/depthai_ros_msgs/include/depthai_ros_msgs/depthai_ros_msgs/msg/detail/dds_fastrtps
-- Up-to-date: /home/rasp-8771/pi_ws/install/depthai_ros_msgs/include/depthai_ros_msgs/depthai_ros_msgs/msg/detail/auto_focus_ctrl__rosidl_typesupport_fastrtps_cpp.hpp
-- Up-to-date: /home/rasp-8771/pi_ws/install/depthai_ros_msgs/include/depthai_ros_msgs/depthai_ros_msgs/srv
-- Up-to-date: /home/rasp-8771/pi_ws/install/depthai_ros_msgs/include/depthai_ros_msgs/depthai_ros_msgs/srv/detail
-- Up-to-date: /home/rasp-8771/pi_ws/install/depthai_ros_msgs/include/depthai_ros_msgs/depthai_ros_msgs/srv/detail/trigger_named__rosidl_typesupport_fastrtps_cpp.hpp
-- Up-to-date: /home/rasp-8771/pi_ws/install/depthai_ros_msgs/include/depthai_ros_msgs/depthai_ros_msgs/srv/detail/dds_fastrtps
-- Up-to-date: /home/rasp-8771/pi_ws/install/depthai_ros_msgs/include/depthai_ros_msgs/depthai_ros_msgs/srv/detail/normalized_image_crop__rosidl_typesupport_fastrtps_cpp.hpp
-- Up-to-date: /home/rasp-8771/pi_ws/install/depthai_ros_msgs/lib/libdepthai_ros_msgs__rosidl_typesupport_fastrtps_cpp.so
-- Up-to-date: /home/rasp-8771/pi_ws/install/depthai_ros_msgs/include/depthai_ros_msgs/depthai_ros_msgs
-- Up-to-date: /home/rasp-8771/pi_ws/install/depthai_ros_msgs/include/depthai_ros_msgs/depthai_ros_msgs/msg
-- Up-to-date: /home/rasp-8771/pi_ws/install/depthai_ros_msgs/include/depthai_ros_msgs/depthai_ros_msgs/msg/detail
-- Up-to-date: /home/rasp-8771/pi_ws/install/depthai_ros_msgs/include/depthai_ros_msgs/depthai_ros_msgs/msg/detail/hand_landmark_array__rosidl_typesupport_introspection_c.h
-- Up-to-date: /home/rasp-8771/pi_ws/install/depthai_ros_msgs/include/depthai_ros_msgs/depthai_ros_msgs/msg/detail/imu_with_magnetic_field__rosidl_typesupport_introspection_c.h
-- Installing: /home/rasp-8771/pi_ws/install/depthai_ros_msgs/include/depthai_ros_msgs/depthai_ros_msgs/msg/detail/tracked_feature__type_support.c
-- Up-to-date: /home/rasp-8771/pi_ws/install/depthai_ros_msgs/include/depthai_ros_msgs/depthai_ros_msgs/msg/detail/auto_focus_ctrl__rosidl_typesupport_introspection_c.h
-- Installing: /home/rasp-8771/pi_ws/install/depthai_ros_msgs/include/depthai_ros_msgs/depthai_ros_msgs/msg/detail/hand_landmark_array__type_support.c
-- Installing: /home/rasp-8771/pi_ws/install/depthai_ros_msgs/include/depthai_ros_msgs/depthai_ros_msgs/msg/detail/tracked_features__type_support.c
-- Installing: /home/rasp-8771/pi_ws/install/depthai_ros_msgs/include/depthai_ros_msgs/depthai_ros_msgs/msg/detail/auto_focus_ctrl__type_support.c
-- Up-to-date: /home/rasp-8771/pi_ws/install/depthai_ros_msgs/include/depthai_ros_msgs/depthai_ros_msgs/msg/detail/tracked_features__rosidl_typesupport_introspection_c.h
-- Installing: /home/rasp-8771/pi_ws/install/depthai_ros_msgs/include/depthai_ros_msgs/depthai_ros_msgs/msg/detail/hand_landmark__type_support.c
-- Installing: /home/rasp-8771/pi_ws/install/depthai_ros_msgs/include/depthai_ros_msgs/depthai_ros_msgs/msg/detail/imu_with_magnetic_field__type_support.c
-- Up-to-date: /home/rasp-8771/pi_ws/install/depthai_ros_msgs/include/depthai_ros_msgs/depthai_ros_msgs/msg/detail/hand_landmark__rosidl_typesupport_introspection_c.h
-- Up-to-date: /home/rasp-8771/pi_ws/install/depthai_ros_msgs/include/depthai_ros_msgs/depthai_ros_msgs/msg/detail/spatial_detection__rosidl_typesupport_introspection_c.h
-- Up-to-date: /home/rasp-8771/pi_ws/install/depthai_ros_msgs/include/depthai_ros_msgs/depthai_ros_msgs/msg/detail/spatial_detection_array__rosidl_typesupport_introspection_c.h
-- Installing: /home/rasp-8771/pi_ws/install/depthai_ros_msgs/include/depthai_ros_msgs/depthai_ros_msgs/msg/detail/spatial_detection_array__type_support.c
-- Installing: /home/rasp-8771/pi_ws/install/depthai_ros_msgs/include/depthai_ros_msgs/depthai_ros_msgs/msg/detail/spatial_detection__type_support.c
-- Up-to-date: /home/rasp-8771/pi_ws/install/depthai_ros_msgs/include/depthai_ros_msgs/depthai_ros_msgs/msg/detail/tracked_feature__rosidl_typesupport_introspection_c.h
-- Up-to-date: /home/rasp-8771/pi_ws/install/depthai_ros_msgs/include/depthai_ros_msgs/depthai_ros_msgs/msg/rosidl_typesupport_introspection_c__visibility_control.h
-- Up-to-date: /home/rasp-8771/pi_ws/install/depthai_ros_msgs/include/depthai_ros_msgs/depthai_ros_msgs/srv
-- Up-to-date: /home/rasp-8771/pi_ws/install/depthai_ros_msgs/include/depthai_ros_msgs/depthai_ros_msgs/srv/detail
-- Installing: /home/rasp-8771/pi_ws/install/depthai_ros_msgs/include/depthai_ros_msgs/depthai_ros_msgs/srv/detail/normalized_image_crop__type_support.c
-- Installing: /home/rasp-8771/pi_ws/install/depthai_ros_msgs/include/depthai_ros_msgs/depthai_ros_msgs/srv/detail/trigger_named__type_support.c
-- Up-to-date: /home/rasp-8771/pi_ws/install/depthai_ros_msgs/include/depthai_ros_msgs/depthai_ros_msgs/srv/detail/normalized_image_crop__rosidl_typesupport_introspection_c.h
-- Up-to-date: /home/rasp-8771/pi_ws/install/depthai_ros_msgs/include/depthai_ros_msgs/depthai_ros_msgs/srv/detail/trigger_named__rosidl_typesupport_introspection_c.h
-- Up-to-date: /home/rasp-8771/pi_ws/install/depthai_ros_msgs/lib/libdepthai_ros_msgs__rosidl_typesupport_introspection_c.so
-- Up-to-date: /home/rasp-8771/pi_ws/install/depthai_ros_msgs/lib/libdepthai_ros_msgs__rosidl_typesupport_c.so
-- Up-to-date: /home/rasp-8771/pi_ws/install/depthai_ros_msgs/include/depthai_ros_msgs/depthai_ros_msgs
-- Up-to-date: /home/rasp-8771/pi_ws/install/depthai_ros_msgs/include/depthai_ros_msgs/depthai_ros_msgs/msg
-- Up-to-date: /home/rasp-8771/pi_ws/install/depthai_ros_msgs/include/depthai_ros_msgs/depthai_ros_msgs/msg/detail
-- Up-to-date: /home/rasp-8771/pi_ws/install/depthai_ros_msgs/include/depthai_ros_msgs/depthai_ros_msgs/msg/detail/tracked_feature__rosidl_typesupport_introspection_cpp.hpp
-- Up-to-date: /home/rasp-8771/pi_ws/install/depthai_ros_msgs/include/depthai_ros_msgs/depthai_ros_msgs/msg/detail/hand_landmark_array__type_support.cpp
-- Up-to-date: /home/rasp-8771/pi_ws/install/depthai_ros_msgs/include/depthai_ros_msgs/depthai_ros_msgs/msg/detail/tracked_features__type_support.cpp
-- Up-to-date: /home/rasp-8771/pi_ws/install/depthai_ros_msgs/include/depthai_ros_msgs/depthai_ros_msgs/msg/detail/tracked_feature__type_support.cpp
-- Up-to-date: /home/rasp-8771/pi_ws/install/depthai_ros_msgs/include/depthai_ros_msgs/depthai_ros_msgs/msg/detail/tracked_features__rosidl_typesupport_introspection_cpp.hpp
-- Up-to-date: /home/rasp-8771/pi_ws/install/depthai_ros_msgs/include/depthai_ros_msgs/depthai_ros_msgs/msg/detail/spatial_detection_array__rosidl_typesupport_introspection_cpp.hpp
-- Up-to-date: /home/rasp-8771/pi_ws/install/depthai_ros_msgs/include/depthai_ros_msgs/depthai_ros_msgs/msg/detail/spatial_detection__type_support.cpp
-- Up-to-date: /home/rasp-8771/pi_ws/install/depthai_ros_msgs/include/depthai_ros_msgs/depthai_ros_msgs/msg/detail/spatial_detection_array__type_support.cpp
-- Up-to-date: /home/rasp-8771/pi_ws/install/depthai_ros_msgs/include/depthai_ros_msgs/depthai_ros_msgs/msg/detail/auto_focus_ctrl__rosidl_typesupport_introspection_cpp.hpp
-- Up-to-date: /home/rasp-8771/pi_ws/install/depthai_ros_msgs/include/depthai_ros_msgs/depthai_ros_msgs/msg/detail/spatial_detection__rosidl_typesupport_introspection_cpp.hpp
-- Up-to-date: /home/rasp-8771/pi_ws/install/depthai_ros_msgs/include/depthai_ros_msgs/depthai_ros_msgs/msg/detail/imu_with_magnetic_field__rosidl_typesupport_introspection_cpp.hpp
-- Up-to-date: /home/rasp-8771/pi_ws/install/depthai_ros_msgs/include/depthai_ros_msgs/depthai_ros_msgs/msg/detail/hand_landmark_array__rosidl_typesupport_introspection_cpp.hpp
-- Up-to-date: /home/rasp-8771/pi_ws/install/depthai_ros_msgs/include/depthai_ros_msgs/depthai_ros_msgs/msg/detail/hand_landmark__rosidl_typesupport_introspection_cpp.hpp
-- Up-to-date: /home/rasp-8771/pi_ws/install/depthai_ros_msgs/include/depthai_ros_msgs/depthai_ros_msgs/msg/detail/hand_landmark__type_support.cpp
-- Up-to-date: /home/rasp-8771/pi_ws/install/depthai_ros_msgs/include/depthai_ros_msgs/depthai_ros_msgs/msg/detail/imu_with_magnetic_field__type_support.cpp
-- Up-to-date: /home/rasp-8771/pi_ws/install/depthai_ros_msgs/include/depthai_ros_msgs/depthai_ros_msgs/msg/detail/auto_focus_ctrl__type_support.cpp
-- Up-to-date: /home/rasp-8771/pi_ws/install/depthai_ros_msgs/include/depthai_ros_msgs/depthai_ros_msgs/srv
-- Up-to-date: /home/rasp-8771/pi_ws/install/depthai_ros_msgs/include/depthai_ros_msgs/depthai_ros_msgs/srv/detail
-- Up-to-date: /home/rasp-8771/pi_ws/install/depthai_ros_msgs/include/depthai_ros_msgs/depthai_ros_msgs/srv/detail/normalized_image_crop__rosidl_typesupport_introspection_cpp.hpp
-- Up-to-date: /home/rasp-8771/pi_ws/install/depthai_ros_msgs/include/depthai_ros_msgs/depthai_ros_msgs/srv/detail/trigger_named__rosidl_typesupport_introspection_cpp.hpp
-- Up-to-date: /home/rasp-8771/pi_ws/install/depthai_ros_msgs/include/depthai_ros_msgs/depthai_ros_msgs/srv/detail/trigger_named__type_support.cpp
-- Up-to-date: /home/rasp-8771/pi_ws/install/depthai_ros_msgs/include/depthai_ros_msgs/depthai_ros_msgs/srv/detail/normalized_image_crop__type_support.cpp
-- Up-to-date: /home/rasp-8771/pi_ws/install/depthai_ros_msgs/lib/libdepthai_ros_msgs__rosidl_typesupport_introspection_cpp.so
-- Up-to-date: /home/rasp-8771/pi_ws/install/depthai_ros_msgs/lib/libdepthai_ros_msgs__rosidl_typesupport_cpp.so
-- Up-to-date: /home/rasp-8771/pi_ws/install/depthai_ros_msgs/share/depthai_ros_msgs/environment/pythonpath.sh
-- Up-to-date: /home/rasp-8771/pi_ws/install/depthai_ros_msgs/share/depthai_ros_msgs/environment/pythonpath.dsv
-- Up-to-date: /home/rasp-8771/pi_ws/install/depthai_ros_msgs/lib/python3.10/site-packages/depthai_ros_msgs-2.9.0-py3.10.egg-info
-- Installing: /home/rasp-8771/pi_ws/install/depthai_ros_msgs/lib/python3.10/site-packages/depthai_ros_msgs-2.9.0-py3.10.egg-info/SOURCES.txt
-- Installing: /home/rasp-8771/pi_ws/install/depthai_ros_msgs/lib/python3.10/site-packages/depthai_ros_msgs-2.9.0-py3.10.egg-info/top_level.txt
-- Installing: /home/rasp-8771/pi_ws/install/depthai_ros_msgs/lib/python3.10/site-packages/depthai_ros_msgs-2.9.0-py3.10.egg-info/PKG-INFO
-- Installing: /home/rasp-8771/pi_ws/install/depthai_ros_msgs/lib/python3.10/site-packages/depthai_ros_msgs-2.9.0-py3.10.egg-info/dependency_links.txt
-- Up-to-date: /home/rasp-8771/pi_ws/install/depthai_ros_msgs/lib/python3.10/site-packages/depthai_ros_msgs
-- Up-to-date: /home/rasp-8771/pi_ws/install/depthai_ros_msgs/lib/python3.10/site-packages/depthai_ros_msgs/depthai_ros_msgs_s__rosidl_typesupport_introspection_c.cpython-310-aarch64-linux-gnu.so
-- Up-to-date: /home/rasp-8771/pi_ws/install/depthai_ros_msgs/lib/python3.10/site-packages/depthai_ros_msgs/_depthai_ros_msgs_s.ep.rosidl_typesupport_introspection_c.c
-- Up-to-date: /home/rasp-8771/pi_ws/install/depthai_ros_msgs/lib/python3.10/site-packages/depthai_ros_msgs/_depthai_ros_msgs_s.ep.rosidl_typesupport_fastrtps_c.c
-- Up-to-date: /home/rasp-8771/pi_ws/install/depthai_ros_msgs/lib/python3.10/site-packages/depthai_ros_msgs/depthai_ros_msgs_s__rosidl_typesupport_c.cpython-310-aarch64-linux-gnu.so
-- Up-to-date: /home/rasp-8771/pi_ws/install/depthai_ros_msgs/lib/python3.10/site-packages/depthai_ros_msgs/_depthai_ros_msgs_s.ep.rosidl_typesupport_c.c
-- Up-to-date: /home/rasp-8771/pi_ws/install/depthai_ros_msgs/lib/python3.10/site-packages/depthai_ros_msgs/depthai_ros_msgs_s__rosidl_typesupport_fastrtps_c.cpython-310-aarch64-linux-gnu.so
-- Up-to-date: /home/rasp-8771/pi_ws/install/depthai_ros_msgs/lib/python3.10/site-packages/depthai_ros_msgs/msg
-- Up-to-date: /home/rasp-8771/pi_ws/install/depthai_ros_msgs/lib/python3.10/site-packages/depthai_ros_msgs/msg/_auto_focus_ctrl_s.c
-- Up-to-date: /home/rasp-8771/pi_ws/install/depthai_ros_msgs/lib/python3.10/site-packages/depthai_ros_msgs/msg/_spatial_detection_array_s.c
-- Up-to-date: /home/rasp-8771/pi_ws/install/depthai_ros_msgs/lib/python3.10/site-packages/depthai_ros_msgs/msg/_hand_landmark.py
-- Up-to-date: /home/rasp-8771/pi_ws/install/depthai_ros_msgs/lib/python3.10/site-packages/depthai_ros_msgs/msg/_hand_landmark_s.c
-- Up-to-date: /home/rasp-8771/pi_ws/install/depthai_ros_msgs/lib/python3.10/site-packages/depthai_ros_msgs/msg/_tracked_feature_s.c
-- Up-to-date: /home/rasp-8771/pi_ws/install/depthai_ros_msgs/lib/python3.10/site-packages/depthai_ros_msgs/msg/_auto_focus_ctrl.py
-- Up-to-date: /home/rasp-8771/pi_ws/install/depthai_ros_msgs/lib/python3.10/site-packages/depthai_ros_msgs/msg/_tracked_feature.py
-- Up-to-date: /home/rasp-8771/pi_ws/install/depthai_ros_msgs/lib/python3.10/site-packages/depthai_ros_msgs/msg/_hand_landmark_array_s.c
-- Up-to-date: /home/rasp-8771/pi_ws/install/depthai_ros_msgs/lib/python3.10/site-packages/depthai_ros_msgs/msg/_spatial_detection_s.c
-- Up-to-date: /home/rasp-8771/pi_ws/install/depthai_ros_msgs/lib/python3.10/site-packages/depthai_ros_msgs/msg/_hand_landmark_array.py
-- Up-to-date: /home/rasp-8771/pi_ws/install/depthai_ros_msgs/lib/python3.10/site-packages/depthai_ros_msgs/msg/_tracked_features_s.c
-- Up-to-date: /home/rasp-8771/pi_ws/install/depthai_ros_msgs/lib/python3.10/site-packages/depthai_ros_msgs/msg/_tracked_features.py
-- Up-to-date: /home/rasp-8771/pi_ws/install/depthai_ros_msgs/lib/python3.10/site-packages/depthai_ros_msgs/msg/_spatial_detection.py
-- Up-to-date: /home/rasp-8771/pi_ws/install/depthai_ros_msgs/lib/python3.10/site-packages/depthai_ros_msgs/msg/__init__.py
-- Up-to-date: /home/rasp-8771/pi_ws/install/depthai_ros_msgs/lib/python3.10/site-packages/depthai_ros_msgs/msg/_spatial_detection_array.py
-- Up-to-date: /home/rasp-8771/pi_ws/install/depthai_ros_msgs/lib/python3.10/site-packages/depthai_ros_msgs/msg/_imu_with_magnetic_field.py
-- Up-to-date: /home/rasp-8771/pi_ws/install/depthai_ros_msgs/lib/python3.10/site-packages/depthai_ros_msgs/msg/_imu_with_magnetic_field_s.c
-- Up-to-date: /home/rasp-8771/pi_ws/install/depthai_ros_msgs/lib/python3.10/site-packages/depthai_ros_msgs/libdepthai_ros_msgs__rosidl_generator_py.so
-- Up-to-date: /home/rasp-8771/pi_ws/install/depthai_ros_msgs/lib/python3.10/site-packages/depthai_ros_msgs/srv
-- Up-to-date: /home/rasp-8771/pi_ws/install/depthai_ros_msgs/lib/python3.10/site-packages/depthai_ros_msgs/srv/_trigger_named_s.c
-- Up-to-date: /home/rasp-8771/pi_ws/install/depthai_ros_msgs/lib/python3.10/site-packages/depthai_ros_msgs/srv/_normalized_image_crop_s.c
-- Up-to-date: /home/rasp-8771/pi_ws/install/depthai_ros_msgs/lib/python3.10/site-packages/depthai_ros_msgs/srv/_trigger_named.py
-- Up-to-date: /home/rasp-8771/pi_ws/install/depthai_ros_msgs/lib/python3.10/site-packages/depthai_ros_msgs/srv/__init__.py
-- Up-to-date: /home/rasp-8771/pi_ws/install/depthai_ros_msgs/lib/python3.10/site-packages/depthai_ros_msgs/srv/_normalized_image_crop.py
-- Up-to-date: /home/rasp-8771/pi_ws/install/depthai_ros_msgs/lib/python3.10/site-packages/depthai_ros_msgs/__init__.py
Listing '/home/rasp-8771/pi_ws/install/depthai_ros_msgs/lib/python3.10/site-packages/depthai_ros_msgs'...
Listing '/home/rasp-8771/pi_ws/install/depthai_ros_msgs/lib/python3.10/site-packages/depthai_ros_msgs/msg'...
Listing '/home/rasp-8771/pi_ws/install/depthai_ros_msgs/lib/python3.10/site-packages/depthai_ros_msgs/srv'...
-- Up-to-date: /home/rasp-8771/pi_ws/install/depthai_ros_msgs/lib/python3.10/site-packages/depthai_ros_msgs/depthai_ros_msgs_s__rosidl_typesupport_fastrtps_c.cpython-310-aarch64-linux-gnu.so
-- Up-to-date: /home/rasp-8771/pi_ws/install/depthai_ros_msgs/lib/python3.10/site-packages/depthai_ros_msgs/depthai_ros_msgs_s__rosidl_typesupport_introspection_c.cpython-310-aarch64-linux-gnu.so
-- Up-to-date: /home/rasp-8771/pi_ws/install/depthai_ros_msgs/lib/python3.10/site-packages/depthai_ros_msgs/depthai_ros_msgs_s__rosidl_typesupport_c.cpython-310-aarch64-linux-gnu.so
-- Up-to-date: /home/rasp-8771/pi_ws/install/depthai_ros_msgs/lib/libdepthai_ros_msgs__rosidl_generator_py.so
-- Up-to-date: /home/rasp-8771/pi_ws/install/depthai_ros_msgs/share/depthai_ros_msgs/msg/AutoFocusCtrl.idl
-- Up-to-date: /home/rasp-8771/pi_ws/install/depthai_ros_msgs/share/depthai_ros_msgs/msg/HandLandmark.idl
-- Up-to-date: /home/rasp-8771/pi_ws/install/depthai_ros_msgs/share/depthai_ros_msgs/msg/HandLandmarkArray.idl
-- Up-to-date: /home/rasp-8771/pi_ws/install/depthai_ros_msgs/share/depthai_ros_msgs/msg/ImuWithMagneticField.idl
-- Up-to-date: /home/rasp-8771/pi_ws/install/depthai_ros_msgs/share/depthai_ros_msgs/msg/TrackedFeature.idl
-- Up-to-date: /home/rasp-8771/pi_ws/install/depthai_ros_msgs/share/depthai_ros_msgs/msg/TrackedFeatures.idl
-- Up-to-date: /home/rasp-8771/pi_ws/install/depthai_ros_msgs/share/depthai_ros_msgs/msg/SpatialDetection.idl
-- Up-to-date: /home/rasp-8771/pi_ws/install/depthai_ros_msgs/share/depthai_ros_msgs/msg/SpatialDetectionArray.idl
-- Up-to-date: /home/rasp-8771/pi_ws/install/depthai_ros_msgs/share/depthai_ros_msgs/srv/TriggerNamed.idl
-- Up-to-date: /home/rasp-8771/pi_ws/install/depthai_ros_msgs/share/depthai_ros_msgs/srv/NormalizedImageCrop.idl
-- Up-to-date: /home/rasp-8771/pi_ws/install/depthai_ros_msgs/share/depthai_ros_msgs/msg/AutoFocusCtrl.msg
-- Up-to-date: /home/rasp-8771/pi_ws/install/depthai_ros_msgs/share/depthai_ros_msgs/msg/HandLandmark.msg
-- Up-to-date: /home/rasp-8771/pi_ws/install/depthai_ros_msgs/share/depthai_ros_msgs/msg/HandLandmarkArray.msg
-- Up-to-date: /home/rasp-8771/pi_ws/install/depthai_ros_msgs/share/depthai_ros_msgs/msg/ImuWithMagneticField.msg
-- Up-to-date: /home/rasp-8771/pi_ws/install/depthai_ros_msgs/share/depthai_ros_msgs/msg/TrackedFeature.msg
-- Up-to-date: /home/rasp-8771/pi_ws/install/depthai_ros_msgs/share/depthai_ros_msgs/msg/TrackedFeatures.msg
-- Up-to-date: /home/rasp-8771/pi_ws/install/depthai_ros_msgs/share/depthai_ros_msgs/msg/SpatialDetection.msg
-- Up-to-date: /home/rasp-8771/pi_ws/install/depthai_ros_msgs/share/depthai_ros_msgs/msg/SpatialDetectionArray.msg
-- Up-to-date: /home/rasp-8771/pi_ws/install/depthai_ros_msgs/share/depthai_ros_msgs/srv/TriggerNamed.srv
-- Up-to-date: /home/rasp-8771/pi_ws/install/depthai_ros_msgs/share/depthai_ros_msgs/srv/TriggerNamed_Request.msg
-- Up-to-date: /home/rasp-8771/pi_ws/install/depthai_ros_msgs/share/depthai_ros_msgs/srv/TriggerNamed_Response.msg
-- Up-to-date: /home/rasp-8771/pi_ws/install/depthai_ros_msgs/share/depthai_ros_msgs/srv/NormalizedImageCrop.srv
-- Up-to-date: /home/rasp-8771/pi_ws/install/depthai_ros_msgs/share/depthai_ros_msgs/srv/NormalizedImageCrop_Request.msg
-- Up-to-date: /home/rasp-8771/pi_ws/install/depthai_ros_msgs/share/depthai_ros_msgs/srv/NormalizedImageCrop_Response.msg
-- Up-to-date: /home/rasp-8771/pi_ws/install/depthai_ros_msgs/share/ament_index/resource_index/package_run_dependencies/depthai_ros_msgs
-- Up-to-date: /home/rasp-8771/pi_ws/install/depthai_ros_msgs/share/ament_index/resource_index/parent_prefix_path/depthai_ros_msgs
-- Up-to-date: /home/rasp-8771/pi_ws/install/depthai_ros_msgs/share/depthai_ros_msgs/environment/ament_prefix_path.sh
-- Up-to-date: /home/rasp-8771/pi_ws/install/depthai_ros_msgs/share/depthai_ros_msgs/environment/ament_prefix_path.dsv
-- Up-to-date: /home/rasp-8771/pi_ws/install/depthai_ros_msgs/share/depthai_ros_msgs/environment/path.sh
-- Up-to-date: /home/rasp-8771/pi_ws/install/depthai_ros_msgs/share/depthai_ros_msgs/environment/path.dsv
-- Up-to-date: /home/rasp-8771/pi_ws/install/depthai_ros_msgs/share/depthai_ros_msgs/local_setup.bash
-- Up-to-date: /home/rasp-8771/pi_ws/install/depthai_ros_msgs/share/depthai_ros_msgs/local_setup.sh
-- Up-to-date: /home/rasp-8771/pi_ws/install/depthai_ros_msgs/share/depthai_ros_msgs/local_setup.zsh
-- Up-to-date: /home/rasp-8771/pi_ws/install/depthai_ros_msgs/share/depthai_ros_msgs/local_setup.dsv
-- Installing: /home/rasp-8771/pi_ws/install/depthai_ros_msgs/share/depthai_ros_msgs/package.dsv
-- Up-to-date: /home/rasp-8771/pi_ws/install/depthai_ros_msgs/share/ament_index/resource_index/packages/depthai_ros_msgs
-- Up-to-date: /home/rasp-8771/pi_ws/install/depthai_ros_msgs/share/depthai_ros_msgs/cmake/export_depthai_ros_msgs__rosidl_generator_cExport.cmake
-- Up-to-date: /home/rasp-8771/pi_ws/install/depthai_ros_msgs/share/depthai_ros_msgs/cmake/export_depthai_ros_msgs__rosidl_generator_cExport-noconfig.cmake
-- Up-to-date: /home/rasp-8771/pi_ws/install/depthai_ros_msgs/share/depthai_ros_msgs/cmake/export_depthai_ros_msgs__rosidl_typesupport_fastrtps_cExport.cmake
-- Up-to-date: /home/rasp-8771/pi_ws/install/depthai_ros_msgs/share/depthai_ros_msgs/cmake/export_depthai_ros_msgs__rosidl_typesupport_fastrtps_cExport-noconfig.cmake
-- Up-to-date: /home/rasp-8771/pi_ws/install/depthai_ros_msgs/share/depthai_ros_msgs/cmake/export_depthai_ros_msgs__rosidl_generator_cppExport.cmake
-- Up-to-date: /home/rasp-8771/pi_ws/install/depthai_ros_msgs/share/depthai_ros_msgs/cmake/export_depthai_ros_msgs__rosidl_typesupport_fastrtps_cppExport.cmake
-- Up-to-date: /home/rasp-8771/pi_ws/install/depthai_ros_msgs/share/depthai_ros_msgs/cmake/export_depthai_ros_msgs__rosidl_typesupport_fastrtps_cppExport-noconfig.cmake
-- Up-to-date: /home/rasp-8771/pi_ws/install/depthai_ros_msgs/share/depthai_ros_msgs/cmake/depthai_ros_msgs__rosidl_typesupport_introspection_cExport.cmake
-- Up-to-date: /home/rasp-8771/pi_ws/install/depthai_ros_msgs/share/depthai_ros_msgs/cmake/depthai_ros_msgs__rosidl_typesupport_introspection_cExport-noconfig.cmake
-- Up-to-date: /home/rasp-8771/pi_ws/install/depthai_ros_msgs/share/depthai_ros_msgs/cmake/depthai_ros_msgs__rosidl_typesupport_cExport.cmake
-- Up-to-date: /home/rasp-8771/pi_ws/install/depthai_ros_msgs/share/depthai_ros_msgs/cmake/depthai_ros_msgs__rosidl_typesupport_cExport-noconfig.cmake
-- Up-to-date: /home/rasp-8771/pi_ws/install/depthai_ros_msgs/share/depthai_ros_msgs/cmake/depthai_ros_msgs__rosidl_typesupport_introspection_cppExport.cmake
-- Up-to-date: /home/rasp-8771/pi_ws/install/depthai_ros_msgs/share/depthai_ros_msgs/cmake/depthai_ros_msgs__rosidl_typesupport_introspection_cppExport-noconfig.cmake
-- Up-to-date: /home/rasp-8771/pi_ws/install/depthai_ros_msgs/share/depthai_ros_msgs/cmake/depthai_ros_msgs__rosidl_typesupport_cppExport.cmake
-- Up-to-date: /home/rasp-8771/pi_ws/install/depthai_ros_msgs/share/depthai_ros_msgs/cmake/depthai_ros_msgs__rosidl_typesupport_cppExport-noconfig.cmake
-- Up-to-date: /home/rasp-8771/pi_ws/install/depthai_ros_msgs/share/depthai_ros_msgs/cmake/export_depthai_ros_msgs__rosidl_generator_pyExport.cmake
-- Up-to-date: /home/rasp-8771/pi_ws/install/depthai_ros_msgs/share/depthai_ros_msgs/cmake/export_depthai_ros_msgs__rosidl_generator_pyExport-noconfig.cmake
-- Up-to-date: /home/rasp-8771/pi_ws/install/depthai_ros_msgs/share/depthai_ros_msgs/cmake/rosidl_cmake-extras.cmake
-- Up-to-date: /home/rasp-8771/pi_ws/install/depthai_ros_msgs/share/depthai_ros_msgs/cmake/ament_cmake_export_dependencies-extras.cmake
-- Up-to-date: /home/rasp-8771/pi_ws/install/depthai_ros_msgs/share/depthai_ros_msgs/cmake/ament_cmake_export_include_directories-extras.cmake
-- Up-to-date: /home/rasp-8771/pi_ws/install/depthai_ros_msgs/share/depthai_ros_msgs/cmake/ament_cmake_export_libraries-extras.cmake
-- Up-to-date: /home/rasp-8771/pi_ws/install/depthai_ros_msgs/share/depthai_ros_msgs/cmake/ament_cmake_export_targets-extras.cmake
-- Up-to-date: /home/rasp-8771/pi_ws/install/depthai_ros_msgs/share/depthai_ros_msgs/cmake/rosidl_cmake_export_typesupport_targets-extras.cmake
-- Up-to-date: /home/rasp-8771/pi_ws/install/depthai_ros_msgs/share/depthai_ros_msgs/cmake/rosidl_cmake_export_typesupport_libraries-extras.cmake
-- Up-to-date: /home/rasp-8771/pi_ws/install/depthai_ros_msgs/share/depthai_ros_msgs/cmake/depthai_ros_msgsConfig.cmake
-- Up-to-date: /home/rasp-8771/pi_ws/install/depthai_ros_msgs/share/depthai_ros_msgs/cmake/depthai_ros_msgsConfig-version.cmake
-- Up-to-date: /home/rasp-8771/pi_ws/install/depthai_ros_msgs/share/depthai_ros_msgs/package.xml
