[0.142s] Invoking command in '/home/rasp-8771/pi_ws/build/depthai_ros_msgs': CMAKE_PREFIX_PATH=${CMAKE_PREFIX_PATH}:/opt/ros/iron /usr/bin/cmake --build /home/rasp-8771/pi_ws/build/depthai_ros_msgs
[0.441s] [  1%] Built target depthai_ros_msgs__rosidl_generator_type_description
[0.554s] [  1%] Built target depthai_ros_msgs__cpp
[0.683s] [35m[1mConsolidate compiler generated dependencies of target depthai_ros_msgs__rosidl_generator_c[0m
[0.794s] [ 27%] Built target depthai_ros_msgs__rosidl_generator_c
[0.877s] [35m[1mConsolidate compiler generated dependencies of target depthai_ros_msgs__rosidl_typesupport_cpp[0m
[1.011s] [ 37%] Built target depthai_ros_msgs__rosidl_typesupport_cpp
[1.093s] [35m[1mConsolidate compiler generated dependencies of target depthai_ros_msgs__rosidl_typesupport_fastrtps_c[0m
[1.209s] [ 46%] Built target depthai_ros_msgs__rosidl_typesupport_fastrtps_c
[1.306s] [35m[1mConsolidate compiler generated dependencies of target depthai_ros_msgs__rosidl_typesupport_fastrtps_cpp[0m
[1.434s] [ 56%] Built target depthai_ros_msgs__rosidl_typesupport_fastrtps_cpp
[1.509s] [35m[1mConsolidate compiler generated dependencies of target depthai_ros_msgs__rosidl_typesupport_introspection_c[0m
[1.595s] [ 65%] Built target depthai_ros_msgs__rosidl_typesupport_introspection_c
[1.671s] [35m[1mConsolidate compiler generated dependencies of target depthai_ros_msgs__rosidl_typesupport_c[0m
[1.758s] [ 74%] Built target depthai_ros_msgs__rosidl_typesupport_c
[1.838s] [35m[1mConsolidate compiler generated dependencies of target depthai_ros_msgs__rosidl_typesupport_introspection_cpp[0m
[1.956s] [ 84%] Built target depthai_ros_msgs__rosidl_typesupport_introspection_cpp
[2.069s] [ 84%] Built target depthai_ros_msgs
[2.253s] [ 84%] Built target ament_cmake_python_copy_depthai_ros_msgs
[3.453s] running egg_info
[3.456s] writing depthai_ros_msgs.egg-info/PKG-INFO
[3.457s] writing dependency_links to depthai_ros_msgs.egg-info/dependency_links.txt
[3.459s] writing top-level names to depthai_ros_msgs.egg-info/top_level.txt
[3.471s] reading manifest file 'depthai_ros_msgs.egg-info/SOURCES.txt'
[3.474s] writing manifest file 'depthai_ros_msgs.egg-info/SOURCES.txt'
[3.618s] [ 84%] Built target ament_cmake_python_build_depthai_ros_msgs_egg
[3.735s] [ 85%] Built target depthai_ros_msgs__py
[3.808s] [35m[1mConsolidate compiler generated dependencies of target depthai_ros_msgs__rosidl_generator_py[0m
[3.923s] [ 94%] Built target depthai_ros_msgs__rosidl_generator_py
[3.979s] [35m[1mConsolidate compiler generated dependencies of target depthai_ros_msgs__rosidl_typesupport_fastrtps_c__pyext[0m
[4.053s] [ 96%] Built target depthai_ros_msgs__rosidl_typesupport_fastrtps_c__pyext
[4.110s] [35m[1mConsolidate compiler generated dependencies of target depthai_ros_msgs__rosidl_typesupport_introspection_c__pyext[0m
[4.185s] [ 98%] Built target depthai_ros_msgs__rosidl_typesupport_introspection_c__pyext
[4.242s] [35m[1mConsolidate compiler generated dependencies of target depthai_ros_msgs__rosidl_typesupport_c__pyext[0m
[4.318s] [100%] Built target depthai_ros_msgs__rosidl_typesupport_c__pyext
[4.376s] Invoked command in '/home/rasp-8771/pi_ws/build/depthai_ros_msgs' returned '0': CMAKE_PREFIX_PATH=${CMAKE_PREFIX_PATH}:/opt/ros/iron /usr/bin/cmake --build /home/rasp-8771/pi_ws/build/depthai_ros_msgs
[6.364s] Invoking command in '/home/rasp-8771/pi_ws/build/depthai_ros_msgs': CMAKE_PREFIX_PATH=${CMAKE_PREFIX_PATH}:/opt/ros/iron /usr/bin/cmake --install /home/rasp-8771/pi_ws/build/depthai_ros_msgs
[6.402s] -- Install configuration: ""
[6.403s] -- Up-to-date: /home/rasp-8771/pi_ws/install/depthai_ros_msgs/share/ament_index/resource_index/rosidl_interfaces/depthai_ros_msgs
[6.403s] -- Up-to-date: /home/rasp-8771/pi_ws/install/depthai_ros_msgs/share/depthai_ros_msgs/msg/AutoFocusCtrl.json
[6.404s] -- Up-to-date: /home/rasp-8771/pi_ws/install/depthai_ros_msgs/share/depthai_ros_msgs/msg/HandLandmark.json
[6.404s] -- Up-to-date: /home/rasp-8771/pi_ws/install/depthai_ros_msgs/share/depthai_ros_msgs/msg/HandLandmarkArray.json
[6.404s] -- Up-to-date: /home/rasp-8771/pi_ws/install/depthai_ros_msgs/share/depthai_ros_msgs/msg/ImuWithMagneticField.json
[6.405s] -- Up-to-date: /home/rasp-8771/pi_ws/install/depthai_ros_msgs/share/depthai_ros_msgs/msg/TrackedFeature.json
[6.405s] -- Up-to-date: /home/rasp-8771/pi_ws/install/depthai_ros_msgs/share/depthai_ros_msgs/msg/TrackedFeatures.json
[6.406s] -- Up-to-date: /home/rasp-8771/pi_ws/install/depthai_ros_msgs/share/depthai_ros_msgs/msg/SpatialDetection.json
[6.406s] -- Up-to-date: /home/rasp-8771/pi_ws/install/depthai_ros_msgs/share/depthai_ros_msgs/msg/SpatialDetectionArray.json
[6.407s] -- Up-to-date: /home/rasp-8771/pi_ws/install/depthai_ros_msgs/share/depthai_ros_msgs/srv/TriggerNamed.json
[6.408s] -- Up-to-date: /home/rasp-8771/pi_ws/install/depthai_ros_msgs/share/depthai_ros_msgs/srv/NormalizedImageCrop.json
[6.409s] -- Up-to-date: /home/rasp-8771/pi_ws/install/depthai_ros_msgs/include/depthai_ros_msgs/depthai_ros_msgs
[6.409s] -- Up-to-date: /home/rasp-8771/pi_ws/install/depthai_ros_msgs/include/depthai_ros_msgs/depthai_ros_msgs/msg
[6.410s] -- Up-to-date: /home/rasp-8771/pi_ws/install/depthai_ros_msgs/include/depthai_ros_msgs/depthai_ros_msgs/msg/hand_landmark.h
[6.410s] -- Up-to-date: /home/rasp-8771/pi_ws/install/depthai_ros_msgs/include/depthai_ros_msgs/depthai_ros_msgs/msg/tracked_feature.h
[6.411s] -- Up-to-date: /home/rasp-8771/pi_ws/install/depthai_ros_msgs/include/depthai_ros_msgs/depthai_ros_msgs/msg/detail
[6.411s] -- Up-to-date: /home/rasp-8771/pi_ws/install/depthai_ros_msgs/include/depthai_ros_msgs/depthai_ros_msgs/msg/detail/tracked_feature__functions.h
[6.412s] -- Up-to-date: /home/rasp-8771/pi_ws/install/depthai_ros_msgs/include/depthai_ros_msgs/depthai_ros_msgs/msg/detail/spatial_detection__description.c
[6.412s] -- Installing: /home/rasp-8771/pi_ws/install/depthai_ros_msgs/include/depthai_ros_msgs/depthai_ros_msgs/msg/detail/tracked_feature__type_support.c
[6.413s] -- Up-to-date: /home/rasp-8771/pi_ws/install/depthai_ros_msgs/include/depthai_ros_msgs/depthai_ros_msgs/msg/detail/auto_focus_ctrl__functions.h
[6.414s] -- Up-to-date: /home/rasp-8771/pi_ws/install/depthai_ros_msgs/include/depthai_ros_msgs/depthai_ros_msgs/msg/detail/imu_with_magnetic_field__type_support.h
[6.414s] -- Installing: /home/rasp-8771/pi_ws/install/depthai_ros_msgs/include/depthai_ros_msgs/depthai_ros_msgs/msg/detail/hand_landmark_array__type_support.c
[6.416s] -- Up-to-date: /home/rasp-8771/pi_ws/install/depthai_ros_msgs/include/depthai_ros_msgs/depthai_ros_msgs/msg/detail/tracked_features__functions.h
[6.417s] -- Installing: /home/rasp-8771/pi_ws/install/depthai_ros_msgs/include/depthai_ros_msgs/depthai_ros_msgs/msg/detail/tracked_features__type_support.c
[6.418s] -- Up-to-date: /home/rasp-8771/pi_ws/install/depthai_ros_msgs/include/depthai_ros_msgs/depthai_ros_msgs/msg/detail/spatial_detection__struct.h
[6.418s] -- Up-to-date: /home/rasp-8771/pi_ws/install/depthai_ros_msgs/include/depthai_ros_msgs/depthai_ros_msgs/msg/detail/imu_with_magnetic_field__description.c
[6.419s] -- Up-to-date: /home/rasp-8771/pi_ws/install/depthai_ros_msgs/include/depthai_ros_msgs/depthai_ros_msgs/msg/detail/hand_landmark__description.c
[6.419s] -- Up-to-date: /home/rasp-8771/pi_ws/install/depthai_ros_msgs/include/depthai_ros_msgs/depthai_ros_msgs/msg/detail/tracked_features__struct.h
[6.420s] -- Up-to-date: /home/rasp-8771/pi_ws/install/depthai_ros_msgs/include/depthai_ros_msgs/depthai_ros_msgs/msg/detail/hand_landmark__type_support.h
[6.420s] -- Up-to-date: /home/rasp-8771/pi_ws/install/depthai_ros_msgs/include/depthai_ros_msgs/depthai_ros_msgs/msg/detail/spatial_detection_array__functions.h
[6.420s] -- Up-to-date: /home/rasp-8771/pi_ws/install/depthai_ros_msgs/include/depthai_ros_msgs/depthai_ros_msgs/msg/detail/auto_focus_ctrl__functions.c
[6.421s] -- Up-to-date: /home/rasp-8771/pi_ws/install/depthai_ros_msgs/include/depthai_ros_msgs/depthai_ros_msgs/msg/detail/spatial_detection__functions.h
[6.421s] -- Up-to-date: /home/rasp-8771/pi_ws/install/depthai_ros_msgs/include/depthai_ros_msgs/depthai_ros_msgs/msg/detail/tracked_feature__type_support.h
[6.421s] -- Up-to-date: /home/rasp-8771/pi_ws/install/depthai_ros_msgs/include/depthai_ros_msgs/depthai_ros_msgs/msg/detail/hand_landmark_array__functions.c
[6.422s] -- Installing: /home/rasp-8771/pi_ws/install/depthai_ros_msgs/include/depthai_ros_msgs/depthai_ros_msgs/msg/detail/auto_focus_ctrl__type_support.c
[6.422s] -- Up-to-date: /home/rasp-8771/pi_ws/install/depthai_ros_msgs/include/depthai_ros_msgs/depthai_ros_msgs/msg/detail/hand_landmark_array__type_support.h
[6.422s] -- Installing: /home/rasp-8771/pi_ws/install/depthai_ros_msgs/include/depthai_ros_msgs/depthai_ros_msgs/msg/detail/hand_landmark__type_support.c
[6.424s] -- Up-to-date: /home/rasp-8771/pi_ws/install/depthai_ros_msgs/include/depthai_ros_msgs/depthai_ros_msgs/msg/detail/spatial_detection_array__struct.h
[6.424s] -- Installing: /home/rasp-8771/pi_ws/install/depthai_ros_msgs/include/depthai_ros_msgs/depthai_ros_msgs/msg/detail/imu_with_magnetic_field__type_support.c
[6.425s] -- Up-to-date: /home/rasp-8771/pi_ws/install/depthai_ros_msgs/include/depthai_ros_msgs/depthai_ros_msgs/msg/detail/tracked_feature__struct.h
[6.426s] -- Up-to-date: /home/rasp-8771/pi_ws/install/depthai_ros_msgs/include/depthai_ros_msgs/depthai_ros_msgs/msg/detail/tracked_feature__description.c
[6.426s] -- Up-to-date: /home/rasp-8771/pi_ws/install/depthai_ros_msgs/include/depthai_ros_msgs/depthai_ros_msgs/msg/detail/spatial_detection_array__functions.c
[6.427s] -- Up-to-date: /home/rasp-8771/pi_ws/install/depthai_ros_msgs/include/depthai_ros_msgs/depthai_ros_msgs/msg/detail/hand_landmark_array__description.c
[6.427s] -- Up-to-date: /home/rasp-8771/pi_ws/install/depthai_ros_msgs/include/depthai_ros_msgs/depthai_ros_msgs/msg/detail/auto_focus_ctrl__type_support.h
[6.427s] -- Up-to-date: /home/rasp-8771/pi_ws/install/depthai_ros_msgs/include/depthai_ros_msgs/depthai_ros_msgs/msg/detail/hand_landmark__functions.c
[6.428s] -- Up-to-date: /home/rasp-8771/pi_ws/install/depthai_ros_msgs/include/depthai_ros_msgs/depthai_ros_msgs/msg/detail/tracked_features__type_support.h
[6.428s] -- Up-to-date: /home/rasp-8771/pi_ws/install/depthai_ros_msgs/include/depthai_ros_msgs/depthai_ros_msgs/msg/detail/tracked_features__functions.c
[6.428s] -- Up-to-date: /home/rasp-8771/pi_ws/install/depthai_ros_msgs/include/depthai_ros_msgs/depthai_ros_msgs/msg/detail/spatial_detection_array__description.c
[6.429s] -- Up-to-date: /home/rasp-8771/pi_ws/install/depthai_ros_msgs/include/depthai_ros_msgs/depthai_ros_msgs/msg/detail/spatial_detection__type_support.h
[6.429s] -- Up-to-date: /home/rasp-8771/pi_ws/install/depthai_ros_msgs/include/depthai_ros_msgs/depthai_ros_msgs/msg/detail/hand_landmark_array__functions.h
[6.429s] -- Up-to-date: /home/rasp-8771/pi_ws/install/depthai_ros_msgs/include/depthai_ros_msgs/depthai_ros_msgs/msg/detail/auto_focus_ctrl__description.c
[6.430s] -- Up-to-date: /home/rasp-8771/pi_ws/install/depthai_ros_msgs/include/depthai_ros_msgs/depthai_ros_msgs/msg/detail/tracked_features__description.c
[6.430s] -- Up-to-date: /home/rasp-8771/pi_ws/install/depthai_ros_msgs/include/depthai_ros_msgs/depthai_ros_msgs/msg/detail/imu_with_magnetic_field__functions.c
[6.430s] -- Up-to-date: /home/rasp-8771/pi_ws/install/depthai_ros_msgs/include/depthai_ros_msgs/depthai_ros_msgs/msg/detail/auto_focus_ctrl__struct.h
[6.431s] -- Up-to-date: /home/rasp-8771/pi_ws/install/depthai_ros_msgs/include/depthai_ros_msgs/depthai_ros_msgs/msg/detail/spatial_detection_array__type_support.h
[6.431s] -- Installing: /home/rasp-8771/pi_ws/install/depthai_ros_msgs/include/depthai_ros_msgs/depthai_ros_msgs/msg/detail/spatial_detection_array__type_support.c
[6.431s] -- Up-to-date: /home/rasp-8771/pi_ws/install/depthai_ros_msgs/include/depthai_ros_msgs/depthai_ros_msgs/msg/detail/imu_with_magnetic_field__struct.h
[6.432s] -- Up-to-date: /home/rasp-8771/pi_ws/install/depthai_ros_msgs/include/depthai_ros_msgs/depthai_ros_msgs/msg/detail/hand_landmark__functions.h
[6.432s] -- Up-to-date: /home/rasp-8771/pi_ws/install/depthai_ros_msgs/include/depthai_ros_msgs/depthai_ros_msgs/msg/detail/tracked_feature__functions.c
[6.433s] -- Up-to-date: /home/rasp-8771/pi_ws/install/depthai_ros_msgs/include/depthai_ros_msgs/depthai_ros_msgs/msg/detail/imu_with_magnetic_field__functions.h
[6.433s] -- Up-to-date: /home/rasp-8771/pi_ws/install/depthai_ros_msgs/include/depthai_ros_msgs/depthai_ros_msgs/msg/detail/hand_landmark__struct.h
[6.433s] -- Up-to-date: /home/rasp-8771/pi_ws/install/depthai_ros_msgs/include/depthai_ros_msgs/depthai_ros_msgs/msg/detail/spatial_detection__functions.c
[6.434s] -- Installing: /home/rasp-8771/pi_ws/install/depthai_ros_msgs/include/depthai_ros_msgs/depthai_ros_msgs/msg/detail/spatial_detection__type_support.c
[6.435s] -- Up-to-date: /home/rasp-8771/pi_ws/install/depthai_ros_msgs/include/depthai_ros_msgs/depthai_ros_msgs/msg/detail/hand_landmark_array__struct.h
[6.435s] -- Up-to-date: /home/rasp-8771/pi_ws/install/depthai_ros_msgs/include/depthai_ros_msgs/depthai_ros_msgs/msg/rosidl_generator_c__visibility_control.h
[6.436s] -- Up-to-date: /home/rasp-8771/pi_ws/install/depthai_ros_msgs/include/depthai_ros_msgs/depthai_ros_msgs/msg/auto_focus_ctrl.h
[6.436s] -- Up-to-date: /home/rasp-8771/pi_ws/install/depthai_ros_msgs/include/depthai_ros_msgs/depthai_ros_msgs/msg/imu_with_magnetic_field.h
[6.437s] -- Up-to-date: /home/rasp-8771/pi_ws/install/depthai_ros_msgs/include/depthai_ros_msgs/depthai_ros_msgs/msg/spatial_detection.h
[6.437s] -- Up-to-date: /home/rasp-8771/pi_ws/install/depthai_ros_msgs/include/depthai_ros_msgs/depthai_ros_msgs/msg/tracked_features.h
[6.438s] -- Up-to-date: /home/rasp-8771/pi_ws/install/depthai_ros_msgs/include/depthai_ros_msgs/depthai_ros_msgs/msg/spatial_detection_array.h
[6.438s] -- Up-to-date: /home/rasp-8771/pi_ws/install/depthai_ros_msgs/include/depthai_ros_msgs/depthai_ros_msgs/msg/hand_landmark_array.h
[6.438s] -- Up-to-date: /home/rasp-8771/pi_ws/install/depthai_ros_msgs/include/depthai_ros_msgs/depthai_ros_msgs/srv
[6.439s] -- Up-to-date: /home/rasp-8771/pi_ws/install/depthai_ros_msgs/include/depthai_ros_msgs/depthai_ros_msgs/srv/detail
[6.439s] -- Up-to-date: /home/rasp-8771/pi_ws/install/depthai_ros_msgs/include/depthai_ros_msgs/depthai_ros_msgs/srv/detail/normalized_image_crop__functions.c
[6.439s] -- Up-to-date: /home/rasp-8771/pi_ws/install/depthai_ros_msgs/include/depthai_ros_msgs/depthai_ros_msgs/srv/detail/trigger_named__functions.c
[6.440s] -- Up-to-date: /home/rasp-8771/pi_ws/install/depthai_ros_msgs/include/depthai_ros_msgs/depthai_ros_msgs/srv/detail/normalized_image_crop__functions.h
[6.440s] -- Installing: /home/rasp-8771/pi_ws/install/depthai_ros_msgs/include/depthai_ros_msgs/depthai_ros_msgs/srv/detail/normalized_image_crop__type_support.c
[6.440s] -- Up-to-date: /home/rasp-8771/pi_ws/install/depthai_ros_msgs/include/depthai_ros_msgs/depthai_ros_msgs/srv/detail/trigger_named__struct.h
[6.441s] -- Installing: /home/rasp-8771/pi_ws/install/depthai_ros_msgs/include/depthai_ros_msgs/depthai_ros_msgs/srv/detail/trigger_named__type_support.c
[6.441s] -- Up-to-date: /home/rasp-8771/pi_ws/install/depthai_ros_msgs/include/depthai_ros_msgs/depthai_ros_msgs/srv/detail/normalized_image_crop__type_support.h
[6.442s] -- Up-to-date: /home/rasp-8771/pi_ws/install/depthai_ros_msgs/include/depthai_ros_msgs/depthai_ros_msgs/srv/detail/trigger_named__description.c
[6.442s] -- Up-to-date: /home/rasp-8771/pi_ws/install/depthai_ros_msgs/include/depthai_ros_msgs/depthai_ros_msgs/srv/detail/trigger_named__functions.h
[6.443s] -- Up-to-date: /home/rasp-8771/pi_ws/install/depthai_ros_msgs/include/depthai_ros_msgs/depthai_ros_msgs/srv/detail/normalized_image_crop__struct.h
[6.443s] -- Up-to-date: /home/rasp-8771/pi_ws/install/depthai_ros_msgs/include/depthai_ros_msgs/depthai_ros_msgs/srv/detail/trigger_named__type_support.h
[6.443s] -- Up-to-date: /home/rasp-8771/pi_ws/install/depthai_ros_msgs/include/depthai_ros_msgs/depthai_ros_msgs/srv/detail/normalized_image_crop__description.c
[6.444s] -- Up-to-date: /home/rasp-8771/pi_ws/install/depthai_ros_msgs/include/depthai_ros_msgs/depthai_ros_msgs/srv/trigger_named.h
[6.444s] -- Up-to-date: /home/rasp-8771/pi_ws/install/depthai_ros_msgs/include/depthai_ros_msgs/depthai_ros_msgs/srv/normalized_image_crop.h
[6.445s] -- Up-to-date: /home/rasp-8771/pi_ws/install/depthai_ros_msgs/share/depthai_ros_msgs/environment/library_path.sh
[6.445s] -- Up-to-date: /home/rasp-8771/pi_ws/install/depthai_ros_msgs/share/depthai_ros_msgs/environment/library_path.dsv
[6.446s] -- Up-to-date: /home/rasp-8771/pi_ws/install/depthai_ros_msgs/lib/libdepthai_ros_msgs__rosidl_generator_c.so
[6.447s] -- Up-to-date: /home/rasp-8771/pi_ws/install/depthai_ros_msgs/include/depthai_ros_msgs/depthai_ros_msgs
[6.447s] -- Up-to-date: /home/rasp-8771/pi_ws/install/depthai_ros_msgs/include/depthai_ros_msgs/depthai_ros_msgs/msg
[6.448s] -- Up-to-date: /home/rasp-8771/pi_ws/install/depthai_ros_msgs/include/depthai_ros_msgs/depthai_ros_msgs/msg/detail
[6.448s] -- Up-to-date: /home/rasp-8771/pi_ws/install/depthai_ros_msgs/include/depthai_ros_msgs/depthai_ros_msgs/msg/detail/hand_landmark_array__rosidl_typesupport_fastrtps_c.h
[6.449s] -- Up-to-date: /home/rasp-8771/pi_ws/install/depthai_ros_msgs/include/depthai_ros_msgs/depthai_ros_msgs/msg/detail/imu_with_magnetic_field__rosidl_typesupport_fastrtps_c.h
[6.449s] -- Up-to-date: /home/rasp-8771/pi_ws/install/depthai_ros_msgs/include/depthai_ros_msgs/depthai_ros_msgs/msg/detail/spatial_detection__rosidl_typesupport_fastrtps_c.h
[6.449s] -- Up-to-date: /home/rasp-8771/pi_ws/install/depthai_ros_msgs/include/depthai_ros_msgs/depthai_ros_msgs/msg/detail/tracked_features__rosidl_typesupport_fastrtps_c.h
[6.450s] -- Up-to-date: /home/rasp-8771/pi_ws/install/depthai_ros_msgs/include/depthai_ros_msgs/depthai_ros_msgs/msg/detail/tracked_feature__rosidl_typesupport_fastrtps_c.h
[6.450s] -- Up-to-date: /home/rasp-8771/pi_ws/install/depthai_ros_msgs/include/depthai_ros_msgs/depthai_ros_msgs/msg/detail/auto_focus_ctrl__rosidl_typesupport_fastrtps_c.h
[6.450s] -- Up-to-date: /home/rasp-8771/pi_ws/install/depthai_ros_msgs/include/depthai_ros_msgs/depthai_ros_msgs/msg/detail/hand_landmark__rosidl_typesupport_fastrtps_c.h
[6.451s] -- Up-to-date: /home/rasp-8771/pi_ws/install/depthai_ros_msgs/include/depthai_ros_msgs/depthai_ros_msgs/msg/detail/spatial_detection_array__rosidl_typesupport_fastrtps_c.h
[6.451s] -- Up-to-date: /home/rasp-8771/pi_ws/install/depthai_ros_msgs/include/depthai_ros_msgs/depthai_ros_msgs/msg/rosidl_typesupport_fastrtps_c__visibility_control.h
[6.452s] -- Up-to-date: /home/rasp-8771/pi_ws/install/depthai_ros_msgs/include/depthai_ros_msgs/depthai_ros_msgs/srv
[6.452s] -- Up-to-date: /home/rasp-8771/pi_ws/install/depthai_ros_msgs/include/depthai_ros_msgs/depthai_ros_msgs/srv/detail
[6.452s] -- Up-to-date: /home/rasp-8771/pi_ws/install/depthai_ros_msgs/include/depthai_ros_msgs/depthai_ros_msgs/srv/detail/normalized_image_crop__rosidl_typesupport_fastrtps_c.h
[6.453s] -- Up-to-date: /home/rasp-8771/pi_ws/install/depthai_ros_msgs/include/depthai_ros_msgs/depthai_ros_msgs/srv/detail/trigger_named__rosidl_typesupport_fastrtps_c.h
[6.454s] -- Up-to-date: /home/rasp-8771/pi_ws/install/depthai_ros_msgs/lib/libdepthai_ros_msgs__rosidl_typesupport_fastrtps_c.so
[6.455s] -- Up-to-date: /home/rasp-8771/pi_ws/install/depthai_ros_msgs/include/depthai_ros_msgs/depthai_ros_msgs
[6.455s] -- Up-to-date: /home/rasp-8771/pi_ws/install/depthai_ros_msgs/include/depthai_ros_msgs/depthai_ros_msgs/msg
[6.456s] -- Up-to-date: /home/rasp-8771/pi_ws/install/depthai_ros_msgs/include/depthai_ros_msgs/depthai_ros_msgs/msg/detail
[6.456s] -- Up-to-date: /home/rasp-8771/pi_ws/install/depthai_ros_msgs/include/depthai_ros_msgs/depthai_ros_msgs/msg/detail/tracked_feature__builder.hpp
[6.457s] -- Up-to-date: /home/rasp-8771/pi_ws/install/depthai_ros_msgs/include/depthai_ros_msgs/depthai_ros_msgs/msg/detail/hand_landmark__builder.hpp
[6.457s] -- Up-to-date: /home/rasp-8771/pi_ws/install/depthai_ros_msgs/include/depthai_ros_msgs/depthai_ros_msgs/msg/detail/spatial_detection_array__traits.hpp
[6.458s] -- Up-to-date: /home/rasp-8771/pi_ws/install/depthai_ros_msgs/include/depthai_ros_msgs/depthai_ros_msgs/msg/detail/spatial_detection__traits.hpp
[6.458s] -- Up-to-date: /home/rasp-8771/pi_ws/install/depthai_ros_msgs/include/depthai_ros_msgs/depthai_ros_msgs/msg/detail/auto_focus_ctrl__builder.hpp
[6.458s] -- Up-to-date: /home/rasp-8771/pi_ws/install/depthai_ros_msgs/include/depthai_ros_msgs/depthai_ros_msgs/msg/detail/hand_landmark__traits.hpp
[6.459s] -- Up-to-date: /home/rasp-8771/pi_ws/install/depthai_ros_msgs/include/depthai_ros_msgs/depthai_ros_msgs/msg/detail/imu_with_magnetic_field__builder.hpp
[6.459s] -- Up-to-date: /home/rasp-8771/pi_ws/install/depthai_ros_msgs/include/depthai_ros_msgs/depthai_ros_msgs/msg/detail/tracked_features__struct.hpp
[6.459s] -- Up-to-date: /home/rasp-8771/pi_ws/install/depthai_ros_msgs/include/depthai_ros_msgs/depthai_ros_msgs/msg/detail/spatial_detection__struct.hpp
[6.460s] -- Up-to-date: /home/rasp-8771/pi_ws/install/depthai_ros_msgs/include/depthai_ros_msgs/depthai_ros_msgs/msg/detail/tracked_features__traits.hpp
[6.460s] -- Up-to-date: /home/rasp-8771/pi_ws/install/depthai_ros_msgs/include/depthai_ros_msgs/depthai_ros_msgs/msg/detail/auto_focus_ctrl__traits.hpp
[6.461s] -- Up-to-date: /home/rasp-8771/pi_ws/install/depthai_ros_msgs/include/depthai_ros_msgs/depthai_ros_msgs/msg/detail/hand_landmark__struct.hpp
[6.461s] -- Up-to-date: /home/rasp-8771/pi_ws/install/depthai_ros_msgs/include/depthai_ros_msgs/depthai_ros_msgs/msg/detail/spatial_detection_array__builder.hpp
[6.461s] -- Up-to-date: /home/rasp-8771/pi_ws/install/depthai_ros_msgs/include/depthai_ros_msgs/depthai_ros_msgs/msg/detail/tracked_feature__traits.hpp
[6.462s] -- Up-to-date: /home/rasp-8771/pi_ws/install/depthai_ros_msgs/include/depthai_ros_msgs/depthai_ros_msgs/msg/detail/tracked_features__builder.hpp
[6.464s] -- Up-to-date: /home/rasp-8771/pi_ws/install/depthai_ros_msgs/include/depthai_ros_msgs/depthai_ros_msgs/msg/detail/hand_landmark_array__struct.hpp
[6.466s] -- Up-to-date: /home/rasp-8771/pi_ws/install/depthai_ros_msgs/include/depthai_ros_msgs/depthai_ros_msgs/msg/detail/hand_landmark_array__traits.hpp
[6.467s] -- Up-to-date: /home/rasp-8771/pi_ws/install/depthai_ros_msgs/include/depthai_ros_msgs/depthai_ros_msgs/msg/detail/auto_focus_ctrl__struct.hpp
[6.467s] -- Up-to-date: /home/rasp-8771/pi_ws/install/depthai_ros_msgs/include/depthai_ros_msgs/depthai_ros_msgs/msg/detail/spatial_detection_array__struct.hpp
[6.468s] -- Up-to-date: /home/rasp-8771/pi_ws/install/depthai_ros_msgs/include/depthai_ros_msgs/depthai_ros_msgs/msg/detail/imu_with_magnetic_field__traits.hpp
[6.468s] -- Up-to-date: /home/rasp-8771/pi_ws/install/depthai_ros_msgs/include/depthai_ros_msgs/depthai_ros_msgs/msg/detail/tracked_feature__struct.hpp
[6.469s] -- Up-to-date: /home/rasp-8771/pi_ws/install/depthai_ros_msgs/include/depthai_ros_msgs/depthai_ros_msgs/msg/detail/imu_with_magnetic_field__struct.hpp
[6.469s] -- Up-to-date: /home/rasp-8771/pi_ws/install/depthai_ros_msgs/include/depthai_ros_msgs/depthai_ros_msgs/msg/detail/spatial_detection__builder.hpp
[6.469s] -- Up-to-date: /home/rasp-8771/pi_ws/install/depthai_ros_msgs/include/depthai_ros_msgs/depthai_ros_msgs/msg/detail/hand_landmark_array__builder.hpp
[6.470s] -- Up-to-date: /home/rasp-8771/pi_ws/install/depthai_ros_msgs/include/depthai_ros_msgs/depthai_ros_msgs/msg/spatial_detection.hpp
[6.470s] -- Up-to-date: /home/rasp-8771/pi_ws/install/depthai_ros_msgs/include/depthai_ros_msgs/depthai_ros_msgs/msg/hand_landmark.hpp
[6.471s] -- Up-to-date: /home/rasp-8771/pi_ws/install/depthai_ros_msgs/include/depthai_ros_msgs/depthai_ros_msgs/msg/imu_with_magnetic_field.hpp
[6.471s] -- Up-to-date: /home/rasp-8771/pi_ws/install/depthai_ros_msgs/include/depthai_ros_msgs/depthai_ros_msgs/msg/tracked_feature.hpp
[6.471s] -- Up-to-date: /home/rasp-8771/pi_ws/install/depthai_ros_msgs/include/depthai_ros_msgs/depthai_ros_msgs/msg/hand_landmark_array.hpp
[6.472s] -- Up-to-date: /home/rasp-8771/pi_ws/install/depthai_ros_msgs/include/depthai_ros_msgs/depthai_ros_msgs/msg/auto_focus_ctrl.hpp
[6.472s] -- Up-to-date: /home/rasp-8771/pi_ws/install/depthai_ros_msgs/include/depthai_ros_msgs/depthai_ros_msgs/msg/tracked_features.hpp
[6.472s] -- Up-to-date: /home/rasp-8771/pi_ws/install/depthai_ros_msgs/include/depthai_ros_msgs/depthai_ros_msgs/msg/spatial_detection_array.hpp
[6.473s] -- Up-to-date: /home/rasp-8771/pi_ws/install/depthai_ros_msgs/include/depthai_ros_msgs/depthai_ros_msgs/srv
[6.473s] -- Up-to-date: /home/rasp-8771/pi_ws/install/depthai_ros_msgs/include/depthai_ros_msgs/depthai_ros_msgs/srv/trigger_named.hpp
[6.474s] -- Up-to-date: /home/rasp-8771/pi_ws/install/depthai_ros_msgs/include/depthai_ros_msgs/depthai_ros_msgs/srv/detail
[6.474s] -- Up-to-date: /home/rasp-8771/pi_ws/install/depthai_ros_msgs/include/depthai_ros_msgs/depthai_ros_msgs/srv/detail/normalized_image_crop__builder.hpp
[6.475s] -- Up-to-date: /home/rasp-8771/pi_ws/install/depthai_ros_msgs/include/depthai_ros_msgs/depthai_ros_msgs/srv/detail/trigger_named__traits.hpp
[6.475s] -- Up-to-date: /home/rasp-8771/pi_ws/install/depthai_ros_msgs/include/depthai_ros_msgs/depthai_ros_msgs/srv/detail/trigger_named__builder.hpp
[6.475s] -- Up-to-date: /home/rasp-8771/pi_ws/install/depthai_ros_msgs/include/depthai_ros_msgs/depthai_ros_msgs/srv/detail/normalized_image_crop__traits.hpp
[6.476s] -- Up-to-date: /home/rasp-8771/pi_ws/install/depthai_ros_msgs/include/depthai_ros_msgs/depthai_ros_msgs/srv/detail/normalized_image_crop__struct.hpp
[6.476s] -- Up-to-date: /home/rasp-8771/pi_ws/install/depthai_ros_msgs/include/depthai_ros_msgs/depthai_ros_msgs/srv/detail/trigger_named__struct.hpp
[6.476s] -- Up-to-date: /home/rasp-8771/pi_ws/install/depthai_ros_msgs/include/depthai_ros_msgs/depthai_ros_msgs/srv/normalized_image_crop.hpp
[6.477s] -- Up-to-date: /home/rasp-8771/pi_ws/install/depthai_ros_msgs/include/depthai_ros_msgs/depthai_ros_msgs
[6.477s] -- Up-to-date: /home/rasp-8771/pi_ws/install/depthai_ros_msgs/include/depthai_ros_msgs/depthai_ros_msgs/msg
[6.477s] -- Up-to-date: /home/rasp-8771/pi_ws/install/depthai_ros_msgs/include/depthai_ros_msgs/depthai_ros_msgs/msg/rosidl_typesupport_fastrtps_cpp__visibility_control.h
[6.478s] -- Up-to-date: /home/rasp-8771/pi_ws/install/depthai_ros_msgs/include/depthai_ros_msgs/depthai_ros_msgs/msg/detail
[6.478s] -- Up-to-date: /home/rasp-8771/pi_ws/install/depthai_ros_msgs/include/depthai_ros_msgs/depthai_ros_msgs/msg/detail/hand_landmark_array__rosidl_typesupport_fastrtps_cpp.hpp
[6.478s] -- Up-to-date: /home/rasp-8771/pi_ws/install/depthai_ros_msgs/include/depthai_ros_msgs/depthai_ros_msgs/msg/detail/tracked_feature__rosidl_typesupport_fastrtps_cpp.hpp
[6.479s] -- Up-to-date: /home/rasp-8771/pi_ws/install/depthai_ros_msgs/include/depthai_ros_msgs/depthai_ros_msgs/msg/detail/spatial_detection__rosidl_typesupport_fastrtps_cpp.hpp
[6.479s] -- Up-to-date: /home/rasp-8771/pi_ws/install/depthai_ros_msgs/include/depthai_ros_msgs/depthai_ros_msgs/msg/detail/hand_landmark__rosidl_typesupport_fastrtps_cpp.hpp
[6.479s] -- Up-to-date: /home/rasp-8771/pi_ws/install/depthai_ros_msgs/include/depthai_ros_msgs/depthai_ros_msgs/msg/detail/imu_with_magnetic_field__rosidl_typesupport_fastrtps_cpp.hpp
[6.480s] -- Up-to-date: /home/rasp-8771/pi_ws/install/depthai_ros_msgs/include/depthai_ros_msgs/depthai_ros_msgs/msg/detail/tracked_features__rosidl_typesupport_fastrtps_cpp.hpp
[6.480s] -- Up-to-date: /home/rasp-8771/pi_ws/install/depthai_ros_msgs/include/depthai_ros_msgs/depthai_ros_msgs/msg/detail/spatial_detection_array__rosidl_typesupport_fastrtps_cpp.hpp
[6.480s] -- Up-to-date: /home/rasp-8771/pi_ws/install/depthai_ros_msgs/include/depthai_ros_msgs/depthai_ros_msgs/msg/detail/dds_fastrtps
[6.481s] -- Up-to-date: /home/rasp-8771/pi_ws/install/depthai_ros_msgs/include/depthai_ros_msgs/depthai_ros_msgs/msg/detail/auto_focus_ctrl__rosidl_typesupport_fastrtps_cpp.hpp
[6.481s] -- Up-to-date: /home/rasp-8771/pi_ws/install/depthai_ros_msgs/include/depthai_ros_msgs/depthai_ros_msgs/srv
[6.481s] -- Up-to-date: /home/rasp-8771/pi_ws/install/depthai_ros_msgs/include/depthai_ros_msgs/depthai_ros_msgs/srv/detail
[6.482s] -- Up-to-date: /home/rasp-8771/pi_ws/install/depthai_ros_msgs/include/depthai_ros_msgs/depthai_ros_msgs/srv/detail/trigger_named__rosidl_typesupport_fastrtps_cpp.hpp
[6.482s] -- Up-to-date: /home/rasp-8771/pi_ws/install/depthai_ros_msgs/include/depthai_ros_msgs/depthai_ros_msgs/srv/detail/dds_fastrtps
[6.482s] -- Up-to-date: /home/rasp-8771/pi_ws/install/depthai_ros_msgs/include/depthai_ros_msgs/depthai_ros_msgs/srv/detail/normalized_image_crop__rosidl_typesupport_fastrtps_cpp.hpp
[6.483s] -- Up-to-date: /home/rasp-8771/pi_ws/install/depthai_ros_msgs/lib/libdepthai_ros_msgs__rosidl_typesupport_fastrtps_cpp.so
[6.483s] -- Up-to-date: /home/rasp-8771/pi_ws/install/depthai_ros_msgs/include/depthai_ros_msgs/depthai_ros_msgs
[6.483s] -- Up-to-date: /home/rasp-8771/pi_ws/install/depthai_ros_msgs/include/depthai_ros_msgs/depthai_ros_msgs/msg
[6.484s] -- Up-to-date: /home/rasp-8771/pi_ws/install/depthai_ros_msgs/include/depthai_ros_msgs/depthai_ros_msgs/msg/detail
[6.484s] -- Up-to-date: /home/rasp-8771/pi_ws/install/depthai_ros_msgs/include/depthai_ros_msgs/depthai_ros_msgs/msg/detail/hand_landmark_array__rosidl_typesupport_introspection_c.h
[6.484s] -- Up-to-date: /home/rasp-8771/pi_ws/install/depthai_ros_msgs/include/depthai_ros_msgs/depthai_ros_msgs/msg/detail/imu_with_magnetic_field__rosidl_typesupport_introspection_c.h
[6.485s] -- Installing: /home/rasp-8771/pi_ws/install/depthai_ros_msgs/include/depthai_ros_msgs/depthai_ros_msgs/msg/detail/tracked_feature__type_support.c
[6.485s] -- Up-to-date: /home/rasp-8771/pi_ws/install/depthai_ros_msgs/include/depthai_ros_msgs/depthai_ros_msgs/msg/detail/auto_focus_ctrl__rosidl_typesupport_introspection_c.h
[6.485s] -- Installing: /home/rasp-8771/pi_ws/install/depthai_ros_msgs/include/depthai_ros_msgs/depthai_ros_msgs/msg/detail/hand_landmark_array__type_support.c
[6.486s] -- Installing: /home/rasp-8771/pi_ws/install/depthai_ros_msgs/include/depthai_ros_msgs/depthai_ros_msgs/msg/detail/tracked_features__type_support.c
[6.486s] -- Installing: /home/rasp-8771/pi_ws/install/depthai_ros_msgs/include/depthai_ros_msgs/depthai_ros_msgs/msg/detail/auto_focus_ctrl__type_support.c
[6.487s] -- Up-to-date: /home/rasp-8771/pi_ws/install/depthai_ros_msgs/include/depthai_ros_msgs/depthai_ros_msgs/msg/detail/tracked_features__rosidl_typesupport_introspection_c.h
[6.487s] -- Installing: /home/rasp-8771/pi_ws/install/depthai_ros_msgs/include/depthai_ros_msgs/depthai_ros_msgs/msg/detail/hand_landmark__type_support.c
[6.488s] -- Installing: /home/rasp-8771/pi_ws/install/depthai_ros_msgs/include/depthai_ros_msgs/depthai_ros_msgs/msg/detail/imu_with_magnetic_field__type_support.c
[6.490s] -- Up-to-date: /home/rasp-8771/pi_ws/install/depthai_ros_msgs/include/depthai_ros_msgs/depthai_ros_msgs/msg/detail/hand_landmark__rosidl_typesupport_introspection_c.h
[6.490s] -- Up-to-date: /home/rasp-8771/pi_ws/install/depthai_ros_msgs/include/depthai_ros_msgs/depthai_ros_msgs/msg/detail/spatial_detection__rosidl_typesupport_introspection_c.h
[6.490s] -- Up-to-date: /home/rasp-8771/pi_ws/install/depthai_ros_msgs/include/depthai_ros_msgs/depthai_ros_msgs/msg/detail/spatial_detection_array__rosidl_typesupport_introspection_c.h
[6.491s] -- Installing: /home/rasp-8771/pi_ws/install/depthai_ros_msgs/include/depthai_ros_msgs/depthai_ros_msgs/msg/detail/spatial_detection_array__type_support.c
[6.492s] -- Installing: /home/rasp-8771/pi_ws/install/depthai_ros_msgs/include/depthai_ros_msgs/depthai_ros_msgs/msg/detail/spatial_detection__type_support.c
[6.494s] -- Up-to-date: /home/rasp-8771/pi_ws/install/depthai_ros_msgs/include/depthai_ros_msgs/depthai_ros_msgs/msg/detail/tracked_feature__rosidl_typesupport_introspection_c.h
[6.494s] -- Up-to-date: /home/rasp-8771/pi_ws/install/depthai_ros_msgs/include/depthai_ros_msgs/depthai_ros_msgs/msg/rosidl_typesupport_introspection_c__visibility_control.h
[6.494s] -- Up-to-date: /home/rasp-8771/pi_ws/install/depthai_ros_msgs/include/depthai_ros_msgs/depthai_ros_msgs/srv
[6.495s] -- Up-to-date: /home/rasp-8771/pi_ws/install/depthai_ros_msgs/include/depthai_ros_msgs/depthai_ros_msgs/srv/detail
[6.495s] -- Installing: /home/rasp-8771/pi_ws/install/depthai_ros_msgs/include/depthai_ros_msgs/depthai_ros_msgs/srv/detail/normalized_image_crop__type_support.c
[6.496s] -- Installing: /home/rasp-8771/pi_ws/install/depthai_ros_msgs/include/depthai_ros_msgs/depthai_ros_msgs/srv/detail/trigger_named__type_support.c
[6.498s] -- Up-to-date: /home/rasp-8771/pi_ws/install/depthai_ros_msgs/include/depthai_ros_msgs/depthai_ros_msgs/srv/detail/normalized_image_crop__rosidl_typesupport_introspection_c.h
[6.498s] -- Up-to-date: /home/rasp-8771/pi_ws/install/depthai_ros_msgs/include/depthai_ros_msgs/depthai_ros_msgs/srv/detail/trigger_named__rosidl_typesupport_introspection_c.h
[6.500s] -- Up-to-date: /home/rasp-8771/pi_ws/install/depthai_ros_msgs/lib/libdepthai_ros_msgs__rosidl_typesupport_introspection_c.so
[6.502s] -- Up-to-date: /home/rasp-8771/pi_ws/install/depthai_ros_msgs/lib/libdepthai_ros_msgs__rosidl_typesupport_c.so
[6.503s] -- Up-to-date: /home/rasp-8771/pi_ws/install/depthai_ros_msgs/include/depthai_ros_msgs/depthai_ros_msgs
[6.503s] -- Up-to-date: /home/rasp-8771/pi_ws/install/depthai_ros_msgs/include/depthai_ros_msgs/depthai_ros_msgs/msg
[6.504s] -- Up-to-date: /home/rasp-8771/pi_ws/install/depthai_ros_msgs/include/depthai_ros_msgs/depthai_ros_msgs/msg/detail
[6.504s] -- Up-to-date: /home/rasp-8771/pi_ws/install/depthai_ros_msgs/include/depthai_ros_msgs/depthai_ros_msgs/msg/detail/tracked_feature__rosidl_typesupport_introspection_cpp.hpp
[6.504s] -- Up-to-date: /home/rasp-8771/pi_ws/install/depthai_ros_msgs/include/depthai_ros_msgs/depthai_ros_msgs/msg/detail/hand_landmark_array__type_support.cpp
[6.505s] -- Up-to-date: /home/rasp-8771/pi_ws/install/depthai_ros_msgs/include/depthai_ros_msgs/depthai_ros_msgs/msg/detail/tracked_features__type_support.cpp
[6.505s] -- Up-to-date: /home/rasp-8771/pi_ws/install/depthai_ros_msgs/include/depthai_ros_msgs/depthai_ros_msgs/msg/detail/tracked_feature__type_support.cpp
[6.506s] -- Up-to-date: /home/rasp-8771/pi_ws/install/depthai_ros_msgs/include/depthai_ros_msgs/depthai_ros_msgs/msg/detail/tracked_features__rosidl_typesupport_introspection_cpp.hpp
[6.506s] -- Up-to-date: /home/rasp-8771/pi_ws/install/depthai_ros_msgs/include/depthai_ros_msgs/depthai_ros_msgs/msg/detail/spatial_detection_array__rosidl_typesupport_introspection_cpp.hpp
[6.506s] -- Up-to-date: /home/rasp-8771/pi_ws/install/depthai_ros_msgs/include/depthai_ros_msgs/depthai_ros_msgs/msg/detail/spatial_detection__type_support.cpp
[6.507s] -- Up-to-date: /home/rasp-8771/pi_ws/install/depthai_ros_msgs/include/depthai_ros_msgs/depthai_ros_msgs/msg/detail/spatial_detection_array__type_support.cpp
[6.507s] -- Up-to-date: /home/rasp-8771/pi_ws/install/depthai_ros_msgs/include/depthai_ros_msgs/depthai_ros_msgs/msg/detail/auto_focus_ctrl__rosidl_typesupport_introspection_cpp.hpp
[6.507s] -- Up-to-date: /home/rasp-8771/pi_ws/install/depthai_ros_msgs/include/depthai_ros_msgs/depthai_ros_msgs/msg/detail/spatial_detection__rosidl_typesupport_introspection_cpp.hpp
[6.508s] -- Up-to-date: /home/rasp-8771/pi_ws/install/depthai_ros_msgs/include/depthai_ros_msgs/depthai_ros_msgs/msg/detail/imu_with_magnetic_field__rosidl_typesupport_introspection_cpp.hpp
[6.508s] -- Up-to-date: /home/rasp-8771/pi_ws/install/depthai_ros_msgs/include/depthai_ros_msgs/depthai_ros_msgs/msg/detail/hand_landmark_array__rosidl_typesupport_introspection_cpp.hpp
[6.509s] -- Up-to-date: /home/rasp-8771/pi_ws/install/depthai_ros_msgs/include/depthai_ros_msgs/depthai_ros_msgs/msg/detail/hand_landmark__rosidl_typesupport_introspection_cpp.hpp
[6.509s] -- Up-to-date: /home/rasp-8771/pi_ws/install/depthai_ros_msgs/include/depthai_ros_msgs/depthai_ros_msgs/msg/detail/hand_landmark__type_support.cpp
[6.509s] -- Up-to-date: /home/rasp-8771/pi_ws/install/depthai_ros_msgs/include/depthai_ros_msgs/depthai_ros_msgs/msg/detail/imu_with_magnetic_field__type_support.cpp
[6.510s] -- Up-to-date: /home/rasp-8771/pi_ws/install/depthai_ros_msgs/include/depthai_ros_msgs/depthai_ros_msgs/msg/detail/auto_focus_ctrl__type_support.cpp
[6.510s] -- Up-to-date: /home/rasp-8771/pi_ws/install/depthai_ros_msgs/include/depthai_ros_msgs/depthai_ros_msgs/srv
[6.510s] -- Up-to-date: /home/rasp-8771/pi_ws/install/depthai_ros_msgs/include/depthai_ros_msgs/depthai_ros_msgs/srv/detail
[6.511s] -- Up-to-date: /home/rasp-8771/pi_ws/install/depthai_ros_msgs/include/depthai_ros_msgs/depthai_ros_msgs/srv/detail/normalized_image_crop__rosidl_typesupport_introspection_cpp.hpp
[6.511s] -- Up-to-date: /home/rasp-8771/pi_ws/install/depthai_ros_msgs/include/depthai_ros_msgs/depthai_ros_msgs/srv/detail/trigger_named__rosidl_typesupport_introspection_cpp.hpp
[6.512s] -- Up-to-date: /home/rasp-8771/pi_ws/install/depthai_ros_msgs/include/depthai_ros_msgs/depthai_ros_msgs/srv/detail/trigger_named__type_support.cpp
[6.512s] -- Up-to-date: /home/rasp-8771/pi_ws/install/depthai_ros_msgs/include/depthai_ros_msgs/depthai_ros_msgs/srv/detail/normalized_image_crop__type_support.cpp
[6.512s] -- Up-to-date: /home/rasp-8771/pi_ws/install/depthai_ros_msgs/lib/libdepthai_ros_msgs__rosidl_typesupport_introspection_cpp.so
[6.515s] -- Up-to-date: /home/rasp-8771/pi_ws/install/depthai_ros_msgs/lib/libdepthai_ros_msgs__rosidl_typesupport_cpp.so
[6.516s] -- Up-to-date: /home/rasp-8771/pi_ws/install/depthai_ros_msgs/share/depthai_ros_msgs/environment/pythonpath.sh
[6.517s] -- Up-to-date: /home/rasp-8771/pi_ws/install/depthai_ros_msgs/share/depthai_ros_msgs/environment/pythonpath.dsv
[6.517s] -- Up-to-date: /home/rasp-8771/pi_ws/install/depthai_ros_msgs/lib/python3.10/site-packages/depthai_ros_msgs-2.9.0-py3.10.egg-info
[6.517s] -- Installing: /home/rasp-8771/pi_ws/install/depthai_ros_msgs/lib/python3.10/site-packages/depthai_ros_msgs-2.9.0-py3.10.egg-info/SOURCES.txt
[6.519s] -- Installing: /home/rasp-8771/pi_ws/install/depthai_ros_msgs/lib/python3.10/site-packages/depthai_ros_msgs-2.9.0-py3.10.egg-info/top_level.txt
[6.520s] -- Installing: /home/rasp-8771/pi_ws/install/depthai_ros_msgs/lib/python3.10/site-packages/depthai_ros_msgs-2.9.0-py3.10.egg-info/PKG-INFO
[6.521s] -- Installing: /home/rasp-8771/pi_ws/install/depthai_ros_msgs/lib/python3.10/site-packages/depthai_ros_msgs-2.9.0-py3.10.egg-info/dependency_links.txt
[6.522s] -- Up-to-date: /home/rasp-8771/pi_ws/install/depthai_ros_msgs/lib/python3.10/site-packages/depthai_ros_msgs
[6.523s] -- Up-to-date: /home/rasp-8771/pi_ws/install/depthai_ros_msgs/lib/python3.10/site-packages/depthai_ros_msgs/depthai_ros_msgs_s__rosidl_typesupport_introspection_c.cpython-310-aarch64-linux-gnu.so
[6.523s] -- Up-to-date: /home/rasp-8771/pi_ws/install/depthai_ros_msgs/lib/python3.10/site-packages/depthai_ros_msgs/_depthai_ros_msgs_s.ep.rosidl_typesupport_introspection_c.c
[6.524s] -- Up-to-date: /home/rasp-8771/pi_ws/install/depthai_ros_msgs/lib/python3.10/site-packages/depthai_ros_msgs/_depthai_ros_msgs_s.ep.rosidl_typesupport_fastrtps_c.c
[6.524s] -- Up-to-date: /home/rasp-8771/pi_ws/install/depthai_ros_msgs/lib/python3.10/site-packages/depthai_ros_msgs/depthai_ros_msgs_s__rosidl_typesupport_c.cpython-310-aarch64-linux-gnu.so
[6.524s] -- Up-to-date: /home/rasp-8771/pi_ws/install/depthai_ros_msgs/lib/python3.10/site-packages/depthai_ros_msgs/_depthai_ros_msgs_s.ep.rosidl_typesupport_c.c
[6.525s] -- Up-to-date: /home/rasp-8771/pi_ws/install/depthai_ros_msgs/lib/python3.10/site-packages/depthai_ros_msgs/depthai_ros_msgs_s__rosidl_typesupport_fastrtps_c.cpython-310-aarch64-linux-gnu.so
[6.525s] -- Up-to-date: /home/rasp-8771/pi_ws/install/depthai_ros_msgs/lib/python3.10/site-packages/depthai_ros_msgs/msg
[6.525s] -- Up-to-date: /home/rasp-8771/pi_ws/install/depthai_ros_msgs/lib/python3.10/site-packages/depthai_ros_msgs/msg/_auto_focus_ctrl_s.c
[6.526s] -- Up-to-date: /home/rasp-8771/pi_ws/install/depthai_ros_msgs/lib/python3.10/site-packages/depthai_ros_msgs/msg/_spatial_detection_array_s.c
[6.526s] -- Up-to-date: /home/rasp-8771/pi_ws/install/depthai_ros_msgs/lib/python3.10/site-packages/depthai_ros_msgs/msg/_hand_landmark.py
[6.527s] -- Up-to-date: /home/rasp-8771/pi_ws/install/depthai_ros_msgs/lib/python3.10/site-packages/depthai_ros_msgs/msg/_hand_landmark_s.c
[6.527s] -- Up-to-date: /home/rasp-8771/pi_ws/install/depthai_ros_msgs/lib/python3.10/site-packages/depthai_ros_msgs/msg/_tracked_feature_s.c
[6.527s] -- Up-to-date: /home/rasp-8771/pi_ws/install/depthai_ros_msgs/lib/python3.10/site-packages/depthai_ros_msgs/msg/_auto_focus_ctrl.py
[6.528s] -- Up-to-date: /home/rasp-8771/pi_ws/install/depthai_ros_msgs/lib/python3.10/site-packages/depthai_ros_msgs/msg/_tracked_feature.py
[6.528s] -- Up-to-date: /home/rasp-8771/pi_ws/install/depthai_ros_msgs/lib/python3.10/site-packages/depthai_ros_msgs/msg/_hand_landmark_array_s.c
[6.529s] -- Up-to-date: /home/rasp-8771/pi_ws/install/depthai_ros_msgs/lib/python3.10/site-packages/depthai_ros_msgs/msg/_spatial_detection_s.c
[6.529s] -- Up-to-date: /home/rasp-8771/pi_ws/install/depthai_ros_msgs/lib/python3.10/site-packages/depthai_ros_msgs/msg/_hand_landmark_array.py
[6.529s] -- Up-to-date: /home/rasp-8771/pi_ws/install/depthai_ros_msgs/lib/python3.10/site-packages/depthai_ros_msgs/msg/_tracked_features_s.c
[6.530s] -- Up-to-date: /home/rasp-8771/pi_ws/install/depthai_ros_msgs/lib/python3.10/site-packages/depthai_ros_msgs/msg/_tracked_features.py
[6.530s] -- Up-to-date: /home/rasp-8771/pi_ws/install/depthai_ros_msgs/lib/python3.10/site-packages/depthai_ros_msgs/msg/_spatial_detection.py
[6.530s] -- Up-to-date: /home/rasp-8771/pi_ws/install/depthai_ros_msgs/lib/python3.10/site-packages/depthai_ros_msgs/msg/__init__.py
[6.531s] -- Up-to-date: /home/rasp-8771/pi_ws/install/depthai_ros_msgs/lib/python3.10/site-packages/depthai_ros_msgs/msg/_spatial_detection_array.py
[6.531s] -- Up-to-date: /home/rasp-8771/pi_ws/install/depthai_ros_msgs/lib/python3.10/site-packages/depthai_ros_msgs/msg/_imu_with_magnetic_field.py
[6.532s] -- Up-to-date: /home/rasp-8771/pi_ws/install/depthai_ros_msgs/lib/python3.10/site-packages/depthai_ros_msgs/msg/_imu_with_magnetic_field_s.c
[6.532s] -- Up-to-date: /home/rasp-8771/pi_ws/install/depthai_ros_msgs/lib/python3.10/site-packages/depthai_ros_msgs/libdepthai_ros_msgs__rosidl_generator_py.so
[6.532s] -- Up-to-date: /home/rasp-8771/pi_ws/install/depthai_ros_msgs/lib/python3.10/site-packages/depthai_ros_msgs/srv
[6.533s] -- Up-to-date: /home/rasp-8771/pi_ws/install/depthai_ros_msgs/lib/python3.10/site-packages/depthai_ros_msgs/srv/_trigger_named_s.c
[6.533s] -- Up-to-date: /home/rasp-8771/pi_ws/install/depthai_ros_msgs/lib/python3.10/site-packages/depthai_ros_msgs/srv/_normalized_image_crop_s.c
[6.533s] -- Up-to-date: /home/rasp-8771/pi_ws/install/depthai_ros_msgs/lib/python3.10/site-packages/depthai_ros_msgs/srv/_trigger_named.py
[6.534s] -- Up-to-date: /home/rasp-8771/pi_ws/install/depthai_ros_msgs/lib/python3.10/site-packages/depthai_ros_msgs/srv/__init__.py
[6.534s] -- Up-to-date: /home/rasp-8771/pi_ws/install/depthai_ros_msgs/lib/python3.10/site-packages/depthai_ros_msgs/srv/_normalized_image_crop.py
[6.534s] -- Up-to-date: /home/rasp-8771/pi_ws/install/depthai_ros_msgs/lib/python3.10/site-packages/depthai_ros_msgs/__init__.py
[6.691s] Listing '/home/rasp-8771/pi_ws/install/depthai_ros_msgs/lib/python3.10/site-packages/depthai_ros_msgs'...
[6.692s] Listing '/home/rasp-8771/pi_ws/install/depthai_ros_msgs/lib/python3.10/site-packages/depthai_ros_msgs/msg'...
[6.693s] Listing '/home/rasp-8771/pi_ws/install/depthai_ros_msgs/lib/python3.10/site-packages/depthai_ros_msgs/srv'...
[6.717s] -- Up-to-date: /home/rasp-8771/pi_ws/install/depthai_ros_msgs/lib/python3.10/site-packages/depthai_ros_msgs/depthai_ros_msgs_s__rosidl_typesupport_fastrtps_c.cpython-310-aarch64-linux-gnu.so
[6.719s] -- Up-to-date: /home/rasp-8771/pi_ws/install/depthai_ros_msgs/lib/python3.10/site-packages/depthai_ros_msgs/depthai_ros_msgs_s__rosidl_typesupport_introspection_c.cpython-310-aarch64-linux-gnu.so
[6.721s] -- Up-to-date: /home/rasp-8771/pi_ws/install/depthai_ros_msgs/lib/python3.10/site-packages/depthai_ros_msgs/depthai_ros_msgs_s__rosidl_typesupport_c.cpython-310-aarch64-linux-gnu.so
[6.723s] -- Up-to-date: /home/rasp-8771/pi_ws/install/depthai_ros_msgs/lib/libdepthai_ros_msgs__rosidl_generator_py.so
[6.725s] -- Up-to-date: /home/rasp-8771/pi_ws/install/depthai_ros_msgs/share/depthai_ros_msgs/msg/AutoFocusCtrl.idl
[6.725s] -- Up-to-date: /home/rasp-8771/pi_ws/install/depthai_ros_msgs/share/depthai_ros_msgs/msg/HandLandmark.idl
[6.726s] -- Up-to-date: /home/rasp-8771/pi_ws/install/depthai_ros_msgs/share/depthai_ros_msgs/msg/HandLandmarkArray.idl
[6.726s] -- Up-to-date: /home/rasp-8771/pi_ws/install/depthai_ros_msgs/share/depthai_ros_msgs/msg/ImuWithMagneticField.idl
[6.727s] -- Up-to-date: /home/rasp-8771/pi_ws/install/depthai_ros_msgs/share/depthai_ros_msgs/msg/TrackedFeature.idl
[6.727s] -- Up-to-date: /home/rasp-8771/pi_ws/install/depthai_ros_msgs/share/depthai_ros_msgs/msg/TrackedFeatures.idl
[6.728s] -- Up-to-date: /home/rasp-8771/pi_ws/install/depthai_ros_msgs/share/depthai_ros_msgs/msg/SpatialDetection.idl
[6.728s] -- Up-to-date: /home/rasp-8771/pi_ws/install/depthai_ros_msgs/share/depthai_ros_msgs/msg/SpatialDetectionArray.idl
[6.729s] -- Up-to-date: /home/rasp-8771/pi_ws/install/depthai_ros_msgs/share/depthai_ros_msgs/srv/TriggerNamed.idl
[6.729s] -- Up-to-date: /home/rasp-8771/pi_ws/install/depthai_ros_msgs/share/depthai_ros_msgs/srv/NormalizedImageCrop.idl
[6.729s] -- Up-to-date: /home/rasp-8771/pi_ws/install/depthai_ros_msgs/share/depthai_ros_msgs/msg/AutoFocusCtrl.msg
[6.730s] -- Up-to-date: /home/rasp-8771/pi_ws/install/depthai_ros_msgs/share/depthai_ros_msgs/msg/HandLandmark.msg
[6.730s] -- Up-to-date: /home/rasp-8771/pi_ws/install/depthai_ros_msgs/share/depthai_ros_msgs/msg/HandLandmarkArray.msg
[6.731s] -- Up-to-date: /home/rasp-8771/pi_ws/install/depthai_ros_msgs/share/depthai_ros_msgs/msg/ImuWithMagneticField.msg
[6.731s] -- Up-to-date: /home/rasp-8771/pi_ws/install/depthai_ros_msgs/share/depthai_ros_msgs/msg/TrackedFeature.msg
[6.732s] -- Up-to-date: /home/rasp-8771/pi_ws/install/depthai_ros_msgs/share/depthai_ros_msgs/msg/TrackedFeatures.msg
[6.732s] -- Up-to-date: /home/rasp-8771/pi_ws/install/depthai_ros_msgs/share/depthai_ros_msgs/msg/SpatialDetection.msg
[6.733s] -- Up-to-date: /home/rasp-8771/pi_ws/install/depthai_ros_msgs/share/depthai_ros_msgs/msg/SpatialDetectionArray.msg
[6.733s] -- Up-to-date: /home/rasp-8771/pi_ws/install/depthai_ros_msgs/share/depthai_ros_msgs/srv/TriggerNamed.srv
[6.734s] -- Up-to-date: /home/rasp-8771/pi_ws/install/depthai_ros_msgs/share/depthai_ros_msgs/srv/TriggerNamed_Request.msg
[6.734s] -- Up-to-date: /home/rasp-8771/pi_ws/install/depthai_ros_msgs/share/depthai_ros_msgs/srv/TriggerNamed_Response.msg
[6.735s] -- Up-to-date: /home/rasp-8771/pi_ws/install/depthai_ros_msgs/share/depthai_ros_msgs/srv/NormalizedImageCrop.srv
[6.735s] -- Up-to-date: /home/rasp-8771/pi_ws/install/depthai_ros_msgs/share/depthai_ros_msgs/srv/NormalizedImageCrop_Request.msg
[6.736s] -- Up-to-date: /home/rasp-8771/pi_ws/install/depthai_ros_msgs/share/depthai_ros_msgs/srv/NormalizedImageCrop_Response.msg
[6.736s] -- Up-to-date: /home/rasp-8771/pi_ws/install/depthai_ros_msgs/share/ament_index/resource_index/package_run_dependencies/depthai_ros_msgs
[6.737s] -- Up-to-date: /home/rasp-8771/pi_ws/install/depthai_ros_msgs/share/ament_index/resource_index/parent_prefix_path/depthai_ros_msgs
[6.737s] -- Up-to-date: /home/rasp-8771/pi_ws/install/depthai_ros_msgs/share/depthai_ros_msgs/environment/ament_prefix_path.sh
[6.738s] -- Up-to-date: /home/rasp-8771/pi_ws/install/depthai_ros_msgs/share/depthai_ros_msgs/environment/ament_prefix_path.dsv
[6.738s] -- Up-to-date: /home/rasp-8771/pi_ws/install/depthai_ros_msgs/share/depthai_ros_msgs/environment/path.sh
[6.739s] -- Up-to-date: /home/rasp-8771/pi_ws/install/depthai_ros_msgs/share/depthai_ros_msgs/environment/path.dsv
[6.739s] -- Up-to-date: /home/rasp-8771/pi_ws/install/depthai_ros_msgs/share/depthai_ros_msgs/local_setup.bash
[6.740s] -- Up-to-date: /home/rasp-8771/pi_ws/install/depthai_ros_msgs/share/depthai_ros_msgs/local_setup.sh
[6.740s] -- Up-to-date: /home/rasp-8771/pi_ws/install/depthai_ros_msgs/share/depthai_ros_msgs/local_setup.zsh
[6.741s] -- Up-to-date: /home/rasp-8771/pi_ws/install/depthai_ros_msgs/share/depthai_ros_msgs/local_setup.dsv
[6.741s] -- Installing: /home/rasp-8771/pi_ws/install/depthai_ros_msgs/share/depthai_ros_msgs/package.dsv
[6.743s] -- Up-to-date: /home/rasp-8771/pi_ws/install/depthai_ros_msgs/share/ament_index/resource_index/packages/depthai_ros_msgs
[6.744s] -- Up-to-date: /home/rasp-8771/pi_ws/install/depthai_ros_msgs/share/depthai_ros_msgs/cmake/export_depthai_ros_msgs__rosidl_generator_cExport.cmake
[6.745s] -- Up-to-date: /home/rasp-8771/pi_ws/install/depthai_ros_msgs/share/depthai_ros_msgs/cmake/export_depthai_ros_msgs__rosidl_generator_cExport-noconfig.cmake
[6.747s] -- Up-to-date: /home/rasp-8771/pi_ws/install/depthai_ros_msgs/share/depthai_ros_msgs/cmake/export_depthai_ros_msgs__rosidl_typesupport_fastrtps_cExport.cmake
[6.747s] -- Up-to-date: /home/rasp-8771/pi_ws/install/depthai_ros_msgs/share/depthai_ros_msgs/cmake/export_depthai_ros_msgs__rosidl_typesupport_fastrtps_cExport-noconfig.cmake
[6.749s] -- Up-to-date: /home/rasp-8771/pi_ws/install/depthai_ros_msgs/share/depthai_ros_msgs/cmake/export_depthai_ros_msgs__rosidl_generator_cppExport.cmake
[6.751s] -- Up-to-date: /home/rasp-8771/pi_ws/install/depthai_ros_msgs/share/depthai_ros_msgs/cmake/export_depthai_ros_msgs__rosidl_typesupport_fastrtps_cppExport.cmake
[6.751s] -- Up-to-date: /home/rasp-8771/pi_ws/install/depthai_ros_msgs/share/depthai_ros_msgs/cmake/export_depthai_ros_msgs__rosidl_typesupport_fastrtps_cppExport-noconfig.cmake
[6.753s] -- Up-to-date: /home/rasp-8771/pi_ws/install/depthai_ros_msgs/share/depthai_ros_msgs/cmake/depthai_ros_msgs__rosidl_typesupport_introspection_cExport.cmake
[6.754s] -- Up-to-date: /home/rasp-8771/pi_ws/install/depthai_ros_msgs/share/depthai_ros_msgs/cmake/depthai_ros_msgs__rosidl_typesupport_introspection_cExport-noconfig.cmake
[6.755s] -- Up-to-date: /home/rasp-8771/pi_ws/install/depthai_ros_msgs/share/depthai_ros_msgs/cmake/depthai_ros_msgs__rosidl_typesupport_cExport.cmake
[6.756s] -- Up-to-date: /home/rasp-8771/pi_ws/install/depthai_ros_msgs/share/depthai_ros_msgs/cmake/depthai_ros_msgs__rosidl_typesupport_cExport-noconfig.cmake
[6.758s] -- Up-to-date: /home/rasp-8771/pi_ws/install/depthai_ros_msgs/share/depthai_ros_msgs/cmake/depthai_ros_msgs__rosidl_typesupport_introspection_cppExport.cmake
[6.758s] -- Up-to-date: /home/rasp-8771/pi_ws/install/depthai_ros_msgs/share/depthai_ros_msgs/cmake/depthai_ros_msgs__rosidl_typesupport_introspection_cppExport-noconfig.cmake
[6.760s] -- Up-to-date: /home/rasp-8771/pi_ws/install/depthai_ros_msgs/share/depthai_ros_msgs/cmake/depthai_ros_msgs__rosidl_typesupport_cppExport.cmake
[6.760s] -- Up-to-date: /home/rasp-8771/pi_ws/install/depthai_ros_msgs/share/depthai_ros_msgs/cmake/depthai_ros_msgs__rosidl_typesupport_cppExport-noconfig.cmake
[6.762s] -- Up-to-date: /home/rasp-8771/pi_ws/install/depthai_ros_msgs/share/depthai_ros_msgs/cmake/export_depthai_ros_msgs__rosidl_generator_pyExport.cmake
[6.763s] -- Up-to-date: /home/rasp-8771/pi_ws/install/depthai_ros_msgs/share/depthai_ros_msgs/cmake/export_depthai_ros_msgs__rosidl_generator_pyExport-noconfig.cmake
[6.764s] -- Up-to-date: /home/rasp-8771/pi_ws/install/depthai_ros_msgs/share/depthai_ros_msgs/cmake/rosidl_cmake-extras.cmake
[6.765s] -- Up-to-date: /home/rasp-8771/pi_ws/install/depthai_ros_msgs/share/depthai_ros_msgs/cmake/ament_cmake_export_dependencies-extras.cmake
[6.766s] -- Up-to-date: /home/rasp-8771/pi_ws/install/depthai_ros_msgs/share/depthai_ros_msgs/cmake/ament_cmake_export_include_directories-extras.cmake
[6.766s] -- Up-to-date: /home/rasp-8771/pi_ws/install/depthai_ros_msgs/share/depthai_ros_msgs/cmake/ament_cmake_export_libraries-extras.cmake
[6.768s] -- Up-to-date: /home/rasp-8771/pi_ws/install/depthai_ros_msgs/share/depthai_ros_msgs/cmake/ament_cmake_export_targets-extras.cmake
[6.769s] -- Up-to-date: /home/rasp-8771/pi_ws/install/depthai_ros_msgs/share/depthai_ros_msgs/cmake/rosidl_cmake_export_typesupport_targets-extras.cmake
[6.770s] -- Up-to-date: /home/rasp-8771/pi_ws/install/depthai_ros_msgs/share/depthai_ros_msgs/cmake/rosidl_cmake_export_typesupport_libraries-extras.cmake
[6.771s] -- Up-to-date: /home/rasp-8771/pi_ws/install/depthai_ros_msgs/share/depthai_ros_msgs/cmake/depthai_ros_msgsConfig.cmake
[6.771s] -- Up-to-date: /home/rasp-8771/pi_ws/install/depthai_ros_msgs/share/depthai_ros_msgs/cmake/depthai_ros_msgsConfig-version.cmake
[6.771s] -- Up-to-date: /home/rasp-8771/pi_ws/install/depthai_ros_msgs/share/depthai_ros_msgs/package.xml
[6.781s] Invoked command in '/home/rasp-8771/pi_ws/build/depthai_ros_msgs' returned '0': CMAKE_PREFIX_PATH=${CMAKE_PREFIX_PATH}:/opt/ros/iron /usr/bin/cmake --install /home/rasp-8771/pi_ws/build/depthai_ros_msgs
