[1.613s] DEBUG:colcon:Command line arguments: ['/usr/bin/colcon', 'build', '--symlink-install']
[1.613s] DEBUG:colcon:Parsed command line arguments: Namespace(log_base=None, log_level=None, verb_name='build', build_base='build', install_base='install', merge_install=False, symlink_install=True, test_result_base=None, continue_on_error=False, executor='parallel', parallel_workers=4, event_handlers=None, ignore_user_meta=False, metas=['./colcon.meta'], base_paths=['.'], packages_ignore=None, packages_ignore_regex=None, paths=None, packages_up_to=None, packages_up_to_regex=None, packages_above=None, packages_above_and_dependencies=None, packages_above_depth=None, packages_select_by_dep=None, packages_skip_by_dep=None, packages_skip_up_to=None, packages_select_build_failed=False, packages_skip_build_finished=False, packages_select_test_failures=False, packages_skip_test_passed=False, packages_select=None, packages_skip=None, packages_select_regex=None, packages_skip_regex=None, packages_start=None, packages_end=None, allow_overriding=[], cmake_args=None, cmake_target=None, cmake_target_skip_unavailable=False, cmake_clean_cache=False, cmake_clean_first=False, cmake_force_configure=False, ament_cmake_args=None, catkin_cmake_args=None, catkin_skip_building_tests=False, mixin_files=None, mixin=None, verb_parser=<colcon_mixin.mixin.mixin_argument.MixinArgumentDecorator object at 0xffffb54ba1a0>, verb_extension=<colcon_core.verb.build.BuildVerb object at 0xffffb54b9c30>, main=<bound method BuildVerb.main of <colcon_core.verb.build.BuildVerb object at 0xffffb54b9c30>>, mixin_verb=('build',))
[3.185s] Level 1:colcon.colcon_core.package_discovery:discover_packages(colcon_meta) check parameters
[3.186s] Level 1:colcon.colcon_core.package_discovery:discover_packages(recursive) check parameters
[3.186s] Level 1:colcon.colcon_core.package_discovery:discover_packages(ignore) check parameters
[3.186s] Level 1:colcon.colcon_core.package_discovery:discover_packages(path) check parameters
[3.186s] Level 1:colcon.colcon_core.package_discovery:discover_packages(colcon_meta) discover
[3.187s] Level 1:colcon.colcon_core.package_discovery:discover_packages(recursive) discover
[3.187s] INFO:colcon.colcon_core.package_discovery:Crawling recursively for packages in '/home/rasp-8771/pi_ws'
[3.187s] Level 1:colcon.colcon_core.package_identification:_identify(.) by extensions ['ignore', 'ignore_ament_install']
[3.188s] Level 1:colcon.colcon_core.package_identification:_identify(.) by extension 'ignore'
[3.188s] Level 1:colcon.colcon_core.package_identification:_identify(.) by extension 'ignore_ament_install'
[3.188s] Level 1:colcon.colcon_core.package_identification:_identify(.) by extensions ['colcon_pkg']
[3.189s] Level 1:colcon.colcon_core.package_identification:_identify(.) by extension 'colcon_pkg'
[3.189s] Level 1:colcon.colcon_core.package_identification:_identify(.) by extensions ['colcon_meta']
[3.189s] Level 1:colcon.colcon_core.package_identification:_identify(.) by extension 'colcon_meta'
[3.189s] Level 1:colcon.colcon_core.package_identification:_identify(.) by extensions ['ros']
[3.189s] Level 1:colcon.colcon_core.package_identification:_identify(.) by extension 'ros'
[3.258s] Level 1:colcon.colcon_core.package_identification:_identify(.) by extensions ['cmake', 'python']
[3.258s] Level 1:colcon.colcon_core.package_identification:_identify(.) by extension 'cmake'
[3.258s] Level 1:colcon.colcon_core.package_identification:_identify(.) by extension 'python'
[3.258s] Level 1:colcon.colcon_core.package_identification:_identify(.) by extensions ['python_setup_py']
[3.259s] Level 1:colcon.colcon_core.package_identification:_identify(.) by extension 'python_setup_py'
[3.259s] Level 1:colcon.colcon_core.package_identification:_identify(build) by extensions ['ignore', 'ignore_ament_install']
[3.260s] Level 1:colcon.colcon_core.package_identification:_identify(build) by extension 'ignore'
[3.260s] Level 1:colcon.colcon_core.package_identification:_identify(build) ignored
[3.260s] Level 1:colcon.colcon_core.package_identification:_identify(install) by extensions ['ignore', 'ignore_ament_install']
[3.261s] Level 1:colcon.colcon_core.package_identification:_identify(install) by extension 'ignore'
[3.261s] Level 1:colcon.colcon_core.package_identification:_identify(install) ignored
[3.262s] Level 1:colcon.colcon_core.package_identification:_identify(log) by extensions ['ignore', 'ignore_ament_install']
[3.262s] Level 1:colcon.colcon_core.package_identification:_identify(log) by extension 'ignore'
[3.262s] Level 1:colcon.colcon_core.package_identification:_identify(log) ignored
[3.263s] Level 1:colcon.colcon_core.package_identification:_identify(src) by extensions ['ignore', 'ignore_ament_install']
[3.263s] Level 1:colcon.colcon_core.package_identification:_identify(src) by extension 'ignore'
[3.263s] Level 1:colcon.colcon_core.package_identification:_identify(src) by extension 'ignore_ament_install'
[3.263s] Level 1:colcon.colcon_core.package_identification:_identify(src) by extensions ['colcon_pkg']
[3.264s] Level 1:colcon.colcon_core.package_identification:_identify(src) by extension 'colcon_pkg'
[3.264s] Level 1:colcon.colcon_core.package_identification:_identify(src) by extensions ['colcon_meta']
[3.264s] Level 1:colcon.colcon_core.package_identification:_identify(src) by extension 'colcon_meta'
[3.264s] Level 1:colcon.colcon_core.package_identification:_identify(src) by extensions ['ros']
[3.264s] Level 1:colcon.colcon_core.package_identification:_identify(src) by extension 'ros'
[3.264s] Level 1:colcon.colcon_core.package_identification:_identify(src) by extensions ['cmake', 'python']
[3.265s] Level 1:colcon.colcon_core.package_identification:_identify(src) by extension 'cmake'
[3.265s] Level 1:colcon.colcon_core.package_identification:_identify(src) by extension 'python'
[3.265s] Level 1:colcon.colcon_core.package_identification:_identify(src) by extensions ['python_setup_py']
[3.265s] Level 1:colcon.colcon_core.package_identification:_identify(src) by extension 'python_setup_py'
[3.267s] Level 1:colcon.colcon_core.package_identification:_identify(src/bevbot_arduino) by extensions ['ignore', 'ignore_ament_install']
[3.267s] Level 1:colcon.colcon_core.package_identification:_identify(src/bevbot_arduino) by extension 'ignore'
[3.267s] Level 1:colcon.colcon_core.package_identification:_identify(src/bevbot_arduino) by extension 'ignore_ament_install'
[3.267s] Level 1:colcon.colcon_core.package_identification:_identify(src/bevbot_arduino) by extensions ['colcon_pkg']
[3.268s] Level 1:colcon.colcon_core.package_identification:_identify(src/bevbot_arduino) by extension 'colcon_pkg'
[3.268s] Level 1:colcon.colcon_core.package_identification:_identify(src/bevbot_arduino) by extensions ['colcon_meta']
[3.268s] Level 1:colcon.colcon_core.package_identification:_identify(src/bevbot_arduino) by extension 'colcon_meta'
[3.268s] Level 1:colcon.colcon_core.package_identification:_identify(src/bevbot_arduino) by extensions ['ros']
[3.268s] Level 1:colcon.colcon_core.package_identification:_identify(src/bevbot_arduino) by extension 'ros'
[3.285s] DEBUG:colcon.colcon_core.package_identification:Package 'src/bevbot_arduino' with type 'ros.ament_cmake' and name 'bevbot_arduino'
[3.287s] Level 1:colcon.colcon_core.package_identification:_identify(src/ros2_control_demo_description) by extensions ['ignore', 'ignore_ament_install']
[3.287s] Level 1:colcon.colcon_core.package_identification:_identify(src/ros2_control_demo_description) by extension 'ignore'
[3.288s] Level 1:colcon.colcon_core.package_identification:_identify(src/ros2_control_demo_description) by extension 'ignore_ament_install'
[3.288s] Level 1:colcon.colcon_core.package_identification:_identify(src/ros2_control_demo_description) by extensions ['colcon_pkg']
[3.288s] Level 1:colcon.colcon_core.package_identification:_identify(src/ros2_control_demo_description) by extension 'colcon_pkg'
[3.288s] Level 1:colcon.colcon_core.package_identification:_identify(src/ros2_control_demo_description) by extensions ['colcon_meta']
[3.288s] Level 1:colcon.colcon_core.package_identification:_identify(src/ros2_control_demo_description) by extension 'colcon_meta'
[3.289s] Level 1:colcon.colcon_core.package_identification:_identify(src/ros2_control_demo_description) by extensions ['ros']
[3.289s] Level 1:colcon.colcon_core.package_identification:_identify(src/ros2_control_demo_description) by extension 'ros'
[3.292s] DEBUG:colcon.colcon_core.package_identification:Package 'src/ros2_control_demo_description' with type 'ros.ament_cmake' and name 'ros2_control_demo_description'
[3.292s] Level 1:colcon.colcon_core.package_discovery:discover_packages(recursive) using defaults
[3.292s] Level 1:colcon.colcon_core.package_discovery:discover_packages(ignore) discover
[3.292s] Level 1:colcon.colcon_core.package_discovery:discover_packages(ignore) using defaults
[3.292s] Level 1:colcon.colcon_core.package_discovery:discover_packages(path) discover
[3.292s] Level 1:colcon.colcon_core.package_discovery:discover_packages(path) using defaults
[3.478s] Level 1:colcon.colcon_core.package_discovery:discover_packages(prefix_path) check parameters
[3.478s] Level 1:colcon.colcon_core.package_discovery:discover_packages(prefix_path) discover
[3.506s] DEBUG:colcon.colcon_installed_package_information.package_discovery:Found 360 installed packages in /opt/ros/iron
[3.514s] Level 1:colcon.colcon_core.package_discovery:discover_packages(prefix_path) using defaults
[3.751s] Level 5:colcon.colcon_core.verb:set package 'ros2_control_demo_description' build argument 'cmake_args' from command line to 'None'
[3.751s] Level 5:colcon.colcon_core.verb:set package 'ros2_control_demo_description' build argument 'cmake_target' from command line to 'None'
[3.751s] Level 5:colcon.colcon_core.verb:set package 'ros2_control_demo_description' build argument 'cmake_target_skip_unavailable' from command line to 'False'
[3.751s] Level 5:colcon.colcon_core.verb:set package 'ros2_control_demo_description' build argument 'cmake_clean_cache' from command line to 'False'
[3.751s] Level 5:colcon.colcon_core.verb:set package 'ros2_control_demo_description' build argument 'cmake_clean_first' from command line to 'False'
[3.752s] Level 5:colcon.colcon_core.verb:set package 'ros2_control_demo_description' build argument 'cmake_force_configure' from command line to 'False'
[3.752s] Level 5:colcon.colcon_core.verb:set package 'ros2_control_demo_description' build argument 'ament_cmake_args' from command line to 'None'
[3.752s] Level 5:colcon.colcon_core.verb:set package 'ros2_control_demo_description' build argument 'catkin_cmake_args' from command line to 'None'
[3.752s] Level 5:colcon.colcon_core.verb:set package 'ros2_control_demo_description' build argument 'catkin_skip_building_tests' from command line to 'False'
[3.752s] DEBUG:colcon.colcon_core.verb:Building package 'ros2_control_demo_description' with the following arguments: {'ament_cmake_args': None, 'build_base': '/home/rasp-8771/pi_ws/build/ros2_control_demo_description', 'catkin_cmake_args': None, 'catkin_skip_building_tests': False, 'cmake_args': None, 'cmake_clean_cache': False, 'cmake_clean_first': False, 'cmake_force_configure': False, 'cmake_target': None, 'cmake_target_skip_unavailable': False, 'install_base': '/home/rasp-8771/pi_ws/install/ros2_control_demo_description', 'merge_install': False, 'path': '/home/rasp-8771/pi_ws/src/ros2_control_demo_description', 'symlink_install': True, 'test_result_base': None}
[3.754s] Level 5:colcon.colcon_core.verb:set package 'bevbot_arduino' build argument 'cmake_args' from command line to 'None'
[3.754s] Level 5:colcon.colcon_core.verb:set package 'bevbot_arduino' build argument 'cmake_target' from command line to 'None'
[3.754s] Level 5:colcon.colcon_core.verb:set package 'bevbot_arduino' build argument 'cmake_target_skip_unavailable' from command line to 'False'
[3.754s] Level 5:colcon.colcon_core.verb:set package 'bevbot_arduino' build argument 'cmake_clean_cache' from command line to 'False'
[3.754s] Level 5:colcon.colcon_core.verb:set package 'bevbot_arduino' build argument 'cmake_clean_first' from command line to 'False'
[3.754s] Level 5:colcon.colcon_core.verb:set package 'bevbot_arduino' build argument 'cmake_force_configure' from command line to 'False'
[3.754s] Level 5:colcon.colcon_core.verb:set package 'bevbot_arduino' build argument 'ament_cmake_args' from command line to 'None'
[3.754s] Level 5:colcon.colcon_core.verb:set package 'bevbot_arduino' build argument 'catkin_cmake_args' from command line to 'None'
[3.755s] Level 5:colcon.colcon_core.verb:set package 'bevbot_arduino' build argument 'catkin_skip_building_tests' from command line to 'False'
[3.755s] DEBUG:colcon.colcon_core.verb:Building package 'bevbot_arduino' with the following arguments: {'ament_cmake_args': None, 'build_base': '/home/rasp-8771/pi_ws/build/bevbot_arduino', 'catkin_cmake_args': None, 'catkin_skip_building_tests': False, 'cmake_args': None, 'cmake_clean_cache': False, 'cmake_clean_first': False, 'cmake_force_configure': False, 'cmake_target': None, 'cmake_target_skip_unavailable': False, 'install_base': '/home/rasp-8771/pi_ws/install/bevbot_arduino', 'merge_install': False, 'path': '/home/rasp-8771/pi_ws/src/bevbot_arduino', 'symlink_install': True, 'test_result_base': None}
[3.755s] INFO:colcon.colcon_core.executor:Executing jobs using 'parallel' executor
[3.759s] DEBUG:colcon.colcon_parallel_executor.executor.parallel:run_until_complete
[3.760s] INFO:colcon.colcon_ros.task.ament_cmake.build:Building ROS package in '/home/rasp-8771/pi_ws/src/ros2_control_demo_description' with build type 'ament_cmake'
[3.760s] INFO:colcon.colcon_cmake.task.cmake.build:Building CMake package in '/home/rasp-8771/pi_ws/src/ros2_control_demo_description'
[3.786s] INFO:colcon.colcon_core.plugin_system:Skipping extension 'colcon_core.shell.bat': Not used on non-Windows systems
[3.787s] INFO:colcon.colcon_core.shell:Skip shell extension 'powershell' for command environment: Not usable outside of PowerShell
[3.787s] DEBUG:colcon.colcon_core.shell:Skip shell extension 'dsv' for command environment
[3.837s] DEBUG:colcon.colcon_core.event_handler.log_command:Invoking command in '/home/rasp-8771/pi_ws/build/ros2_control_demo_description': CMAKE_PREFIX_PATH=/opt/ros/iron /usr/bin/cmake --build /home/rasp-8771/pi_ws/build/ros2_control_demo_description -- -j4 -l4
[4.356s] DEBUG:colcon.colcon_core.event_handler.log_command:Invoked command in '/home/rasp-8771/pi_ws/build/ros2_control_demo_description' returned '0': CMAKE_PREFIX_PATH=/opt/ros/iron /usr/bin/cmake --build /home/rasp-8771/pi_ws/build/ros2_control_demo_description -- -j4 -l4
[4.496s] DEBUG:colcon.colcon_core.event_handler.log_command:Invoking command in '/home/rasp-8771/pi_ws/build/ros2_control_demo_description': CMAKE_PREFIX_PATH=/opt/ros/iron /usr/bin/cmake --install /home/rasp-8771/pi_ws/build/ros2_control_demo_description
[4.690s] Level 1:colcon.colcon_core.environment:create_environment_scripts_only(ros2_control_demo_description)
[4.691s] DEBUG:colcon.colcon_core.event_handler.log_command:Invoked command in '/home/rasp-8771/pi_ws/build/ros2_control_demo_description' returned '0': CMAKE_PREFIX_PATH=/opt/ros/iron /usr/bin/cmake --install /home/rasp-8771/pi_ws/build/ros2_control_demo_description
[4.722s] Level 1:colcon.colcon_core.environment:checking '/home/rasp-8771/pi_ws/install/ros2_control_demo_description' for CMake module files
[4.727s] Level 1:colcon.colcon_core.environment:checking '/home/rasp-8771/pi_ws/install/ros2_control_demo_description' for CMake config files
[4.735s] Level 1:colcon.colcon_core.shell:create_environment_hook('ros2_control_demo_description', 'cmake_prefix_path')
[4.737s] INFO:colcon.colcon_core.shell:Creating environment hook '/home/rasp-8771/pi_ws/install/ros2_control_demo_description/share/ros2_control_demo_description/hook/cmake_prefix_path.ps1'
[4.741s] INFO:colcon.colcon_core.shell:Creating environment descriptor '/home/rasp-8771/pi_ws/install/ros2_control_demo_description/share/ros2_control_demo_description/hook/cmake_prefix_path.dsv'
[4.744s] INFO:colcon.colcon_core.shell:Creating environment hook '/home/rasp-8771/pi_ws/install/ros2_control_demo_description/share/ros2_control_demo_description/hook/cmake_prefix_path.sh'
[4.749s] Level 1:colcon.colcon_core.environment:checking '/home/rasp-8771/pi_ws/install/ros2_control_demo_description/bin'
[4.750s] Level 1:colcon.colcon_core.environment:checking '/home/rasp-8771/pi_ws/install/ros2_control_demo_description/lib/pkgconfig/ros2_control_demo_description.pc'
[4.751s] Level 1:colcon.colcon_core.environment:checking '/home/rasp-8771/pi_ws/install/ros2_control_demo_description/lib/python3.10/site-packages'
[4.752s] Level 1:colcon.colcon_core.environment:checking '/home/rasp-8771/pi_ws/install/ros2_control_demo_description/bin'
[4.753s] INFO:colcon.colcon_core.shell:Creating package script '/home/rasp-8771/pi_ws/install/ros2_control_demo_description/share/ros2_control_demo_description/package.ps1'
[4.757s] INFO:colcon.colcon_core.shell:Creating package descriptor '/home/rasp-8771/pi_ws/install/ros2_control_demo_description/share/ros2_control_demo_description/package.dsv'
[4.761s] INFO:colcon.colcon_core.shell:Creating package script '/home/rasp-8771/pi_ws/install/ros2_control_demo_description/share/ros2_control_demo_description/package.sh'
[4.765s] INFO:colcon.colcon_core.shell:Creating package script '/home/rasp-8771/pi_ws/install/ros2_control_demo_description/share/ros2_control_demo_description/package.bash'
[4.770s] INFO:colcon.colcon_core.shell:Creating package script '/home/rasp-8771/pi_ws/install/ros2_control_demo_description/share/ros2_control_demo_description/package.zsh'
[4.775s] Level 1:colcon.colcon_core.environment:create_file_with_runtime_dependencies(/home/rasp-8771/pi_ws/install/ros2_control_demo_description/share/colcon-core/packages/ros2_control_demo_description)
[4.872s] Level 1:colcon.colcon_core.environment:create_environment_scripts_only(ros2_control_demo_description)
[4.873s] Level 1:colcon.colcon_core.environment:checking '/home/rasp-8771/pi_ws/install/ros2_control_demo_description' for CMake module files
[4.877s] Level 1:colcon.colcon_core.environment:checking '/home/rasp-8771/pi_ws/install/ros2_control_demo_description' for CMake config files
[4.884s] Level 1:colcon.colcon_core.shell:create_environment_hook('ros2_control_demo_description', 'cmake_prefix_path')
[4.885s] INFO:colcon.colcon_core.shell:Creating environment hook '/home/rasp-8771/pi_ws/install/ros2_control_demo_description/share/ros2_control_demo_description/hook/cmake_prefix_path.ps1'
[4.887s] INFO:colcon.colcon_core.shell:Creating environment descriptor '/home/rasp-8771/pi_ws/install/ros2_control_demo_description/share/ros2_control_demo_description/hook/cmake_prefix_path.dsv'
[4.888s] INFO:colcon.colcon_core.shell:Creating environment hook '/home/rasp-8771/pi_ws/install/ros2_control_demo_description/share/ros2_control_demo_description/hook/cmake_prefix_path.sh'
[4.891s] Level 1:colcon.colcon_core.environment:checking '/home/rasp-8771/pi_ws/install/ros2_control_demo_description/bin'
[4.891s] Level 1:colcon.colcon_core.environment:checking '/home/rasp-8771/pi_ws/install/ros2_control_demo_description/lib/pkgconfig/ros2_control_demo_description.pc'
[4.892s] Level 1:colcon.colcon_core.environment:checking '/home/rasp-8771/pi_ws/install/ros2_control_demo_description/lib/python3.10/site-packages'
[4.893s] Level 1:colcon.colcon_core.environment:checking '/home/rasp-8771/pi_ws/install/ros2_control_demo_description/bin'
[4.894s] INFO:colcon.colcon_core.shell:Creating package script '/home/rasp-8771/pi_ws/install/ros2_control_demo_description/share/ros2_control_demo_description/package.ps1'
[4.896s] INFO:colcon.colcon_core.shell:Creating package descriptor '/home/rasp-8771/pi_ws/install/ros2_control_demo_description/share/ros2_control_demo_description/package.dsv'
[4.899s] INFO:colcon.colcon_core.shell:Creating package script '/home/rasp-8771/pi_ws/install/ros2_control_demo_description/share/ros2_control_demo_description/package.sh'
[4.901s] INFO:colcon.colcon_core.shell:Creating package script '/home/rasp-8771/pi_ws/install/ros2_control_demo_description/share/ros2_control_demo_description/package.bash'
[4.903s] INFO:colcon.colcon_core.shell:Creating package script '/home/rasp-8771/pi_ws/install/ros2_control_demo_description/share/ros2_control_demo_description/package.zsh'
[4.905s] Level 1:colcon.colcon_core.environment:create_file_with_runtime_dependencies(/home/rasp-8771/pi_ws/install/ros2_control_demo_description/share/colcon-core/packages/ros2_control_demo_description)
[4.906s] INFO:colcon.colcon_ros.task.ament_cmake.build:Building ROS package in '/home/rasp-8771/pi_ws/src/bevbot_arduino' with build type 'ament_cmake'
[4.907s] INFO:colcon.colcon_cmake.task.cmake.build:Building CMake package in '/home/rasp-8771/pi_ws/src/bevbot_arduino'
[4.908s] INFO:colcon.colcon_core.shell:Skip shell extension 'powershell' for command environment: Not usable outside of PowerShell
[4.908s] DEBUG:colcon.colcon_core.shell:Skip shell extension 'dsv' for command environment
[4.957s] DEBUG:colcon.colcon_core.event_handler.log_command:Invoking command in '/home/rasp-8771/pi_ws/build/bevbot_arduino': AMENT_PREFIX_PATH=/home/rasp-8771/pi_ws/install/ros2_control_demo_description:${AMENT_PREFIX_PATH} CMAKE_PREFIX_PATH=/home/rasp-8771/pi_ws/install/ros2_control_demo_description:/opt/ros/iron /usr/bin/cmake --build /home/rasp-8771/pi_ws/build/bevbot_arduino -- -j4 -l4
[5.591s] DEBUG:colcon.colcon_core.event_handler.log_command:Invoked command in '/home/rasp-8771/pi_ws/build/bevbot_arduino' returned '0': AMENT_PREFIX_PATH=/home/rasp-8771/pi_ws/install/ros2_control_demo_description:${AMENT_PREFIX_PATH} CMAKE_PREFIX_PATH=/home/rasp-8771/pi_ws/install/ros2_control_demo_description:/opt/ros/iron /usr/bin/cmake --build /home/rasp-8771/pi_ws/build/bevbot_arduino -- -j4 -l4
[5.714s] DEBUG:colcon.colcon_core.event_handler.log_command:Invoking command in '/home/rasp-8771/pi_ws/build/bevbot_arduino': AMENT_PREFIX_PATH=/home/rasp-8771/pi_ws/install/ros2_control_demo_description:${AMENT_PREFIX_PATH} CMAKE_PREFIX_PATH=/home/rasp-8771/pi_ws/install/ros2_control_demo_description:/opt/ros/iron /usr/bin/cmake --install /home/rasp-8771/pi_ws/build/bevbot_arduino
[5.901s] Level 1:colcon.colcon_core.environment:create_environment_scripts_only(bevbot_arduino)
[5.903s] Level 1:colcon.colcon_core.environment:checking '/home/rasp-8771/pi_ws/install/bevbot_arduino' for CMake module files
[5.904s] DEBUG:colcon.colcon_core.event_handler.log_command:Invoked command in '/home/rasp-8771/pi_ws/build/bevbot_arduino' returned '0': AMENT_PREFIX_PATH=/home/rasp-8771/pi_ws/install/ros2_control_demo_description:${AMENT_PREFIX_PATH} CMAKE_PREFIX_PATH=/home/rasp-8771/pi_ws/install/ros2_control_demo_description:/opt/ros/iron /usr/bin/cmake --install /home/rasp-8771/pi_ws/build/bevbot_arduino
[5.908s] Level 1:colcon.colcon_core.environment:checking '/home/rasp-8771/pi_ws/install/bevbot_arduino' for CMake config files
[5.914s] Level 1:colcon.colcon_core.shell:create_environment_hook('bevbot_arduino', 'cmake_prefix_path')
[5.915s] INFO:colcon.colcon_core.shell:Creating environment hook '/home/rasp-8771/pi_ws/install/bevbot_arduino/share/bevbot_arduino/hook/cmake_prefix_path.ps1'
[5.917s] INFO:colcon.colcon_core.shell:Creating environment descriptor '/home/rasp-8771/pi_ws/install/bevbot_arduino/share/bevbot_arduino/hook/cmake_prefix_path.dsv'
[5.919s] INFO:colcon.colcon_core.shell:Creating environment hook '/home/rasp-8771/pi_ws/install/bevbot_arduino/share/bevbot_arduino/hook/cmake_prefix_path.sh'
[5.922s] Level 1:colcon.colcon_core.environment:checking '/home/rasp-8771/pi_ws/install/bevbot_arduino/lib'
[5.923s] Level 1:colcon.colcon_core.shell:create_environment_hook('bevbot_arduino', 'ld_library_path_lib')
[5.924s] INFO:colcon.colcon_core.shell:Creating environment hook '/home/rasp-8771/pi_ws/install/bevbot_arduino/share/bevbot_arduino/hook/ld_library_path_lib.ps1'
[5.926s] INFO:colcon.colcon_core.shell:Creating environment descriptor '/home/rasp-8771/pi_ws/install/bevbot_arduino/share/bevbot_arduino/hook/ld_library_path_lib.dsv'
[5.927s] INFO:colcon.colcon_core.shell:Creating environment hook '/home/rasp-8771/pi_ws/install/bevbot_arduino/share/bevbot_arduino/hook/ld_library_path_lib.sh'
[5.929s] Level 1:colcon.colcon_core.environment:checking '/home/rasp-8771/pi_ws/install/bevbot_arduino/bin'
[5.930s] Level 1:colcon.colcon_core.environment:checking '/home/rasp-8771/pi_ws/install/bevbot_arduino/lib/pkgconfig/bevbot_arduino.pc'
[5.931s] Level 1:colcon.colcon_core.environment:checking '/home/rasp-8771/pi_ws/install/bevbot_arduino/lib/python3.10/site-packages'
[5.931s] Level 1:colcon.colcon_core.environment:checking '/home/rasp-8771/pi_ws/install/bevbot_arduino/bin'
[5.933s] INFO:colcon.colcon_core.shell:Creating package script '/home/rasp-8771/pi_ws/install/bevbot_arduino/share/bevbot_arduino/package.ps1'
[5.935s] INFO:colcon.colcon_core.shell:Creating package descriptor '/home/rasp-8771/pi_ws/install/bevbot_arduino/share/bevbot_arduino/package.dsv'
[5.937s] INFO:colcon.colcon_core.shell:Creating package script '/home/rasp-8771/pi_ws/install/bevbot_arduino/share/bevbot_arduino/package.sh'
[5.939s] INFO:colcon.colcon_core.shell:Creating package script '/home/rasp-8771/pi_ws/install/bevbot_arduino/share/bevbot_arduino/package.bash'
[5.941s] INFO:colcon.colcon_core.shell:Creating package script '/home/rasp-8771/pi_ws/install/bevbot_arduino/share/bevbot_arduino/package.zsh'
[5.942s] Level 1:colcon.colcon_core.environment:create_file_with_runtime_dependencies(/home/rasp-8771/pi_ws/install/bevbot_arduino/share/colcon-core/packages/bevbot_arduino)
[6.052s] Level 1:colcon.colcon_core.environment:create_environment_scripts_only(bevbot_arduino)
[6.053s] Level 1:colcon.colcon_core.environment:checking '/home/rasp-8771/pi_ws/install/bevbot_arduino' for CMake module files
[6.058s] Level 1:colcon.colcon_core.environment:checking '/home/rasp-8771/pi_ws/install/bevbot_arduino' for CMake config files
[6.065s] Level 1:colcon.colcon_core.shell:create_environment_hook('bevbot_arduino', 'cmake_prefix_path')
[6.066s] INFO:colcon.colcon_core.shell:Creating environment hook '/home/rasp-8771/pi_ws/install/bevbot_arduino/share/bevbot_arduino/hook/cmake_prefix_path.ps1'
[6.068s] INFO:colcon.colcon_core.shell:Creating environment descriptor '/home/rasp-8771/pi_ws/install/bevbot_arduino/share/bevbot_arduino/hook/cmake_prefix_path.dsv'
[6.069s] INFO:colcon.colcon_core.shell:Creating environment hook '/home/rasp-8771/pi_ws/install/bevbot_arduino/share/bevbot_arduino/hook/cmake_prefix_path.sh'
[6.072s] Level 1:colcon.colcon_core.environment:checking '/home/rasp-8771/pi_ws/install/bevbot_arduino/lib'
[6.073s] Level 1:colcon.colcon_core.shell:create_environment_hook('bevbot_arduino', 'ld_library_path_lib')
[6.074s] INFO:colcon.colcon_core.shell:Creating environment hook '/home/rasp-8771/pi_ws/install/bevbot_arduino/share/bevbot_arduino/hook/ld_library_path_lib.ps1'
[6.075s] INFO:colcon.colcon_core.shell:Creating environment descriptor '/home/rasp-8771/pi_ws/install/bevbot_arduino/share/bevbot_arduino/hook/ld_library_path_lib.dsv'
[6.077s] INFO:colcon.colcon_core.shell:Creating environment hook '/home/rasp-8771/pi_ws/install/bevbot_arduino/share/bevbot_arduino/hook/ld_library_path_lib.sh'
[6.079s] Level 1:colcon.colcon_core.environment:checking '/home/rasp-8771/pi_ws/install/bevbot_arduino/bin'
[6.079s] Level 1:colcon.colcon_core.environment:checking '/home/rasp-8771/pi_ws/install/bevbot_arduino/lib/pkgconfig/bevbot_arduino.pc'
[6.080s] Level 1:colcon.colcon_core.environment:checking '/home/rasp-8771/pi_ws/install/bevbot_arduino/lib/python3.10/site-packages'
[6.081s] Level 1:colcon.colcon_core.environment:checking '/home/rasp-8771/pi_ws/install/bevbot_arduino/bin'
[6.082s] INFO:colcon.colcon_core.shell:Creating package script '/home/rasp-8771/pi_ws/install/bevbot_arduino/share/bevbot_arduino/package.ps1'
[6.085s] INFO:colcon.colcon_core.shell:Creating package descriptor '/home/rasp-8771/pi_ws/install/bevbot_arduino/share/bevbot_arduino/package.dsv'
[6.087s] INFO:colcon.colcon_core.shell:Creating package script '/home/rasp-8771/pi_ws/install/bevbot_arduino/share/bevbot_arduino/package.sh'
[6.089s] INFO:colcon.colcon_core.shell:Creating package script '/home/rasp-8771/pi_ws/install/bevbot_arduino/share/bevbot_arduino/package.bash'
[6.091s] INFO:colcon.colcon_core.shell:Creating package script '/home/rasp-8771/pi_ws/install/bevbot_arduino/share/bevbot_arduino/package.zsh'
[6.093s] Level 1:colcon.colcon_core.environment:create_file_with_runtime_dependencies(/home/rasp-8771/pi_ws/install/bevbot_arduino/share/colcon-core/packages/bevbot_arduino)
[6.094s] DEBUG:colcon.colcon_parallel_executor.executor.parallel:closing loop
[6.095s] DEBUG:colcon.colcon_parallel_executor.executor.parallel:loop closed
[6.096s] DEBUG:colcon.colcon_parallel_executor.executor.parallel:run_until_complete finished with '0'
[6.096s] DEBUG:colcon.colcon_core.event_reactor:joining thread
[6.123s] INFO:colcon.colcon_core.plugin_system:Skipping extension 'colcon_notification.desktop_notification.terminal_notifier': Not used on non-Darwin systems
[6.123s] INFO:colcon.colcon_core.plugin_system:Skipping extension 'colcon_notification.desktop_notification.win32': Not used on non-Windows systems
[6.124s] INFO:colcon.colcon_notification.desktop_notification:Sending desktop notification using 'notify2'
[6.612s] DEBUG:colcon.colcon_core.event_reactor:joined thread
[6.614s] INFO:colcon.colcon_core.shell:Creating prefix script '/home/rasp-8771/pi_ws/install/local_setup.ps1'
[6.620s] INFO:colcon.colcon_core.shell:Creating prefix util module '/home/rasp-8771/pi_ws/install/_local_setup_util_ps1.py'
[6.629s] INFO:colcon.colcon_core.shell:Creating prefix chain script '/home/rasp-8771/pi_ws/install/setup.ps1'
[6.635s] INFO:colcon.colcon_core.shell:Creating prefix script '/home/rasp-8771/pi_ws/install/local_setup.sh'
[6.638s] INFO:colcon.colcon_core.shell:Creating prefix util module '/home/rasp-8771/pi_ws/install/_local_setup_util_sh.py'
[6.640s] INFO:colcon.colcon_core.shell:Creating prefix chain script '/home/rasp-8771/pi_ws/install/setup.sh'
[6.650s] INFO:colcon.colcon_core.shell:Creating prefix script '/home/rasp-8771/pi_ws/install/local_setup.bash'
[6.655s] INFO:colcon.colcon_core.shell:Creating prefix chain script '/home/rasp-8771/pi_ws/install/setup.bash'
[6.662s] INFO:colcon.colcon_core.shell:Creating prefix script '/home/rasp-8771/pi_ws/install/local_setup.zsh'
[6.666s] INFO:colcon.colcon_core.shell:Creating prefix chain script '/home/rasp-8771/pi_ws/install/setup.zsh'
