-- The C compiler identification is GNU 11.4.0
-- The CXX compiler identification is GNU 11.4.0
-- Detecting C compiler ABI info
-- Detecting C compiler ABI info - done
-- Check for working C compiler: /usr/bin/cc - skipped
-- Detecting C compile features
-- Detecting C compile features - done
-- Detecting CXX compiler ABI info
-- Detecting CXX compiler ABI info - done
-- Check for working CXX compiler: /usr/bin/c++ - skipped
-- Detecting CXX compile features
-- Detecting CXX compile features - done
-- Found ament_cmake_auto: 2.0.5 (/opt/ros/iron/share/ament_cmake_auto/cmake)
-- Found Python3: /usr/bin/python3.10 (found version "3.10.12") found components: Interpreter 
-- Found rosidl_generator_c: 4.0.1 (/opt/ros/iron/share/rosidl_generator_c/cmake)
-- Found rosidl_generator_cpp: 4.0.1 (/opt/ros/iron/share/rosidl_generator_cpp/cmake)
-- Using all available rosidl_typesupport_c: rosidl_typesupport_fastrtps_c;rosidl_typesupport_introspection_c
-- Using all available rosidl_typesupport_cpp: rosidl_typesupport_fastrtps_cpp;rosidl_typesupport_introspection_cpp
-- Found rmw_implementation_cmake: 7.1.0 (/opt/ros/iron/share/rmw_implementation_cmake/cmake)
-- Found rmw_fastrtps_cpp: 7.1.3 (/opt/ros/iron/share/rmw_fastrtps_cpp/cmake)
-- Found OpenSSL: /usr/lib/aarch64-linux-gnu/libcrypto.so (found version "3.0.2")  
-- Found FastRTPS: /opt/ros/iron/include  
-- Using RMW implementation 'rmw_fastrtps_cpp' as default
-- Found eigen3_cmake_module: 0.2.2 (/opt/ros/iron/share/eigen3_cmake_module/cmake)
-- Found Eigen3: TRUE (found version "3.4.0") 
-- Ensuring Eigen3 include directory is part of orocos-kdl CMake target
-- Configuring done
-- Generating done
-- Build files have been written to: /home/rasp-8771/pi_ws/build/depthai_ros_driver
[  3%] [32mBuilding CXX object CMakeFiles/depthai_ros_driver_common.dir/src/utils.cpp.o[0m
[  7%] [32mBuilding CXX object CMakeFiles/depthai_ros_driver_common.dir/src/dai_nodes/base_node.cpp.o[0m
[ 11%] [32mBuilding CXX object CMakeFiles/depthai_ros_driver_common.dir/src/dai_nodes/sys_logger.cpp.o[0m
[ 15%] [32mBuilding CXX object CMakeFiles/depthai_ros_driver_common.dir/src/dai_nodes/sensors/sensor_helpers.cpp.o[0m
[ 19%] [32mBuilding CXX object CMakeFiles/depthai_ros_driver_common.dir/src/param_handlers/camera_param_handler.cpp.o[0m
[ 23%] [32mBuilding CXX object CMakeFiles/depthai_ros_driver_common.dir/src/param_handlers/imu_param_handler.cpp.o[0m
[ 26%] [32mBuilding CXX object CMakeFiles/depthai_ros_driver_common.dir/src/param_handlers/nn_param_handler.cpp.o[0m
[ 30%] [32mBuilding CXX object CMakeFiles/depthai_ros_driver_common.dir/src/param_handlers/sensor_param_handler.cpp.o[0m
[ 34%] [32mBuilding CXX object CMakeFiles/depthai_ros_driver_common.dir/src/param_handlers/feature_tracker_param_handler.cpp.o[0m
[ 38%] [32mBuilding CXX object CMakeFiles/depthai_ros_driver_common.dir/src/param_handlers/stereo_param_handler.cpp.o[0m
[ 42%] [32m[1mLinking CXX shared library libdepthai_ros_driver_common.so[0m
[ 42%] Built target depthai_ros_driver_common
[ 46%] [32mBuilding CXX object CMakeFiles/depthai_ros_driver_sensor_nodes.dir/src/dai_nodes/sensors/imu.cpp.o[0m
[ 50%] [32mBuilding CXX object CMakeFiles/depthai_ros_driver_sensor_nodes.dir/src/dai_nodes/sensors/rgb.cpp.o[0m
[ 53%] [32mBuilding CXX object CMakeFiles/depthai_ros_driver_sensor_nodes.dir/src/dai_nodes/sensors/mono.cpp.o[0m
[ 57%] [32mBuilding CXX object CMakeFiles/depthai_ros_driver_sensor_nodes.dir/src/dai_nodes/sensors/feature_tracker.cpp.o[0m
[ 61%] [32mBuilding CXX object CMakeFiles/depthai_ros_driver_sensor_nodes.dir/src/dai_nodes/sensors/sensor_wrapper.cpp.o[0m
[ 65%] [32mBuilding CXX object CMakeFiles/depthai_ros_driver_sensor_nodes.dir/src/dai_nodes/stereo.cpp.o[0m
[ 69%] [32m[1mLinking CXX shared library libdepthai_ros_driver_sensor_nodes.so[0m
[ 69%] Built target depthai_ros_driver_sensor_nodes
[ 73%] [32mBuilding CXX object CMakeFiles/depthai_ros_driver_nn_nodes.dir/src/dai_nodes/nn/nn_wrapper.cpp.o[0m
[ 76%] [32mBuilding CXX object CMakeFiles/depthai_ros_driver_nn_nodes.dir/src/dai_nodes/nn/spatial_nn_wrapper.cpp.o[0m
[ 80%] [32mBuilding CXX object CMakeFiles/depthai_ros_driver_nn_nodes.dir/src/dai_nodes/nn/segmentation.cpp.o[0m
[ 84%] [32m[1mLinking CXX shared library libdepthai_ros_driver_nn_nodes.so[0m
[ 84%] Built target depthai_ros_driver_nn_nodes
[ 88%] [32mBuilding CXX object CMakeFiles/depthai_ros_driver.dir/src/camera.cpp.o[0m
[ 92%] [32mBuilding CXX object CMakeFiles/depthai_ros_driver.dir/src/pipeline/pipeline_generator.cpp.o[0m
[ 96%] [32mBuilding CXX object CMakeFiles/depthai_ros_driver.dir/src/pipeline/base_types.cpp.o[0m
[100%] [32m[1mLinking CXX shared library libdepthai_ros_driver.so[0m
[100%] Built target depthai_ros_driver
[100%] Built target ament_cmake_python_copy_depthai_ros_driver
running egg_info
creating depthai_ros_driver.egg-info
writing depthai_ros_driver.egg-info/PKG-INFO
writing dependency_links to depthai_ros_driver.egg-info/dependency_links.txt
writing top-level names to depthai_ros_driver.egg-info/top_level.txt
writing manifest file 'depthai_ros_driver.egg-info/SOURCES.txt'
reading manifest file 'depthai_ros_driver.egg-info/SOURCES.txt'
writing manifest file 'depthai_ros_driver.egg-info/SOURCES.txt'
[100%] Built target ament_cmake_python_build_depthai_ros_driver_egg
-- Install configuration: ""
-- Installing: /home/rasp-8771/pi_ws/install/depthai_ros_driver/share/depthai_ros_driver/plugins.xml
-- Installing: /home/rasp-8771/pi_ws/install/depthai_ros_driver/share/depthai_ros_driver/environment/library_path.sh
-- Installing: /home/rasp-8771/pi_ws/install/depthai_ros_driver/share/depthai_ros_driver/environment/library_path.dsv
-- Installing: /home/rasp-8771/pi_ws/install/depthai_ros_driver/share/depthai_ros_driver/launch
-- Installing: /home/rasp-8771/pi_ws/install/depthai_ros_driver/share/depthai_ros_driver/launch/pointcloud.launch.py
-- Installing: /home/rasp-8771/pi_ws/install/depthai_ros_driver/share/depthai_ros_driver/launch/example_segmentation.launch.py
-- Installing: /home/rasp-8771/pi_ws/install/depthai_ros_driver/share/depthai_ros_driver/launch/camera.launch.py
-- Installing: /home/rasp-8771/pi_ws/install/depthai_ros_driver/share/depthai_ros_driver/launch/rgbd_pcl.launch.py
-- Installing: /home/rasp-8771/pi_ws/install/depthai_ros_driver/share/depthai_ros_driver/launch/rtabmap.launch.py
-- Installing: /home/rasp-8771/pi_ws/install/depthai_ros_driver/share/depthai_ros_driver/launch/sr_rgbd_pcl.launch.py
-- Installing: /home/rasp-8771/pi_ws/install/depthai_ros_driver/share/depthai_ros_driver/launch/example_multicam.launch.py
-- Installing: /home/rasp-8771/pi_ws/install/depthai_ros_driver/share/depthai_ros_driver/launch/example_marker_publish.launch.py
-- Installing: /home/rasp-8771/pi_ws/install/depthai_ros_driver/share/depthai_ros_driver/launch/stereo_from_rosbag.launch.py
-- Installing: /home/rasp-8771/pi_ws/install/depthai_ros_driver/share/depthai_ros_driver/launch/calibration.launch.py
-- Installing: /home/rasp-8771/pi_ws/install/depthai_ros_driver/share/depthai_ros_driver/config
-- Installing: /home/rasp-8771/pi_ws/install/depthai_ros_driver/share/depthai_ros_driver/config/pcl.yaml
-- Installing: /home/rasp-8771/pi_ws/install/depthai_ros_driver/share/depthai_ros_driver/config/isaac_vslam.yaml
-- Installing: /home/rasp-8771/pi_ws/install/depthai_ros_driver/share/depthai_ros_driver/config/sr_rgbd.yaml
-- Installing: /home/rasp-8771/pi_ws/install/depthai_ros_driver/share/depthai_ros_driver/config/camera.yaml
-- Installing: /home/rasp-8771/pi_ws/install/depthai_ros_driver/share/depthai_ros_driver/config/rgbd.yaml
-- Installing: /home/rasp-8771/pi_ws/install/depthai_ros_driver/share/depthai_ros_driver/config/multicam_example.yaml
-- Installing: /home/rasp-8771/pi_ws/install/depthai_ros_driver/share/depthai_ros_driver/config/stereo_from_rosbag.yaml
-- Installing: /home/rasp-8771/pi_ws/install/depthai_ros_driver/share/depthai_ros_driver/config/nn
-- Installing: /home/rasp-8771/pi_ws/install/depthai_ros_driver/share/depthai_ros_driver/config/nn/mobilenet.json
-- Installing: /home/rasp-8771/pi_ws/install/depthai_ros_driver/share/depthai_ros_driver/config/nn/yolo.json
-- Installing: /home/rasp-8771/pi_ws/install/depthai_ros_driver/share/depthai_ros_driver/config/nn/segmentation.json
-- Installing: /home/rasp-8771/pi_ws/install/depthai_ros_driver/share/depthai_ros_driver/config/oak_d_sr.yaml
-- Installing: /home/rasp-8771/pi_ws/install/depthai_ros_driver/share/depthai_ros_driver/config/spatial_yolo.yaml
-- Installing: /home/rasp-8771/pi_ws/install/depthai_ros_driver/share/depthai_ros_driver/config/calibration
-- Installing: /home/rasp-8771/pi_ws/install/depthai_ros_driver/share/depthai_ros_driver/config/calibration/left.yaml
-- Installing: /home/rasp-8771/pi_ws/install/depthai_ros_driver/share/depthai_ros_driver/config/calibration/right.yaml
-- Installing: /home/rasp-8771/pi_ws/install/depthai_ros_driver/share/depthai_ros_driver/config/calibration/rgb.yaml
-- Installing: /home/rasp-8771/pi_ws/install/depthai_ros_driver/share/depthai_ros_driver/config/rviz
-- Installing: /home/rasp-8771/pi_ws/install/depthai_ros_driver/share/depthai_ros_driver/config/rviz/multicam.rviz
-- Installing: /home/rasp-8771/pi_ws/install/depthai_ros_driver/share/depthai_ros_driver/config/rviz/rgbd.rviz
-- Installing: /home/rasp-8771/pi_ws/install/depthai_ros_driver/share/depthai_ros_driver/config/rviz/segmentation.rviz
-- Installing: /home/rasp-8771/pi_ws/install/depthai_ros_driver/share/depthai_ros_driver/config/oak_d_pro_w.yaml
-- Installing: /home/rasp-8771/pi_ws/install/depthai_ros_driver/share/depthai_ros_driver/config/calibration.yaml
-- Installing: /home/rasp-8771/pi_ws/install/depthai_ros_driver/share/depthai_ros_driver/config/low_bandwidth.yaml
-- Installing: /home/rasp-8771/pi_ws/install/depthai_ros_driver/share/depthai_ros_driver/config/segmentation.yaml
-- Installing: /home/rasp-8771/pi_ws/install/depthai_ros_driver/lib/libdepthai_ros_driver.so
-- Set runtime path of "/home/rasp-8771/pi_ws/install/depthai_ros_driver/lib/libdepthai_ros_driver.so" to ""
-- Installing: /home/rasp-8771/pi_ws/install/depthai_ros_driver/lib/libdepthai_ros_driver_sensor_nodes.so
-- Set runtime path of "/home/rasp-8771/pi_ws/install/depthai_ros_driver/lib/libdepthai_ros_driver_sensor_nodes.so" to ""
-- Installing: /home/rasp-8771/pi_ws/install/depthai_ros_driver/lib/libdepthai_ros_driver_nn_nodes.so
-- Set runtime path of "/home/rasp-8771/pi_ws/install/depthai_ros_driver/lib/libdepthai_ros_driver_nn_nodes.so" to ""
-- Installing: /home/rasp-8771/pi_ws/install/depthai_ros_driver/lib/libdepthai_ros_driver_common.so
-- Set runtime path of "/home/rasp-8771/pi_ws/install/depthai_ros_driver/lib/libdepthai_ros_driver_common.so" to ""
-- Installing: /home/rasp-8771/pi_ws/install/depthai_ros_driver/share/depthai_ros_driver/cmake/depthai_ros_driverTargets.cmake
-- Installing: /home/rasp-8771/pi_ws/install/depthai_ros_driver/share/depthai_ros_driver/cmake/depthai_ros_driverTargets-noconfig.cmake
-- Installing: /home/rasp-8771/pi_ws/install/depthai_ros_driver/share/depthai_ros_driver/environment/pythonpath.sh
-- Installing: /home/rasp-8771/pi_ws/install/depthai_ros_driver/share/depthai_ros_driver/environment/pythonpath.dsv
-- Installing: /home/rasp-8771/pi_ws/install/depthai_ros_driver/lib/python3.10/site-packages/depthai_ros_driver-2.9.0-py3.10.egg-info
-- Installing: /home/rasp-8771/pi_ws/install/depthai_ros_driver/lib/python3.10/site-packages/depthai_ros_driver-2.9.0-py3.10.egg-info/SOURCES.txt
-- Installing: /home/rasp-8771/pi_ws/install/depthai_ros_driver/lib/python3.10/site-packages/depthai_ros_driver-2.9.0-py3.10.egg-info/top_level.txt
-- Installing: /home/rasp-8771/pi_ws/install/depthai_ros_driver/lib/python3.10/site-packages/depthai_ros_driver-2.9.0-py3.10.egg-info/PKG-INFO
-- Installing: /home/rasp-8771/pi_ws/install/depthai_ros_driver/lib/python3.10/site-packages/depthai_ros_driver-2.9.0-py3.10.egg-info/dependency_links.txt
-- Installing: /home/rasp-8771/pi_ws/install/depthai_ros_driver/lib/python3.10/site-packages/depthai_ros_driver
-- Installing: /home/rasp-8771/pi_ws/install/depthai_ros_driver/lib/python3.10/site-packages/depthai_ros_driver/__init__.py
Listing '/home/rasp-8771/pi_ws/install/depthai_ros_driver/lib/python3.10/site-packages/depthai_ros_driver'...
Compiling '/home/rasp-8771/pi_ws/install/depthai_ros_driver/lib/python3.10/site-packages/depthai_ros_driver/__init__.py'...
-- Installing: /home/rasp-8771/pi_ws/install/depthai_ros_driver/lib/depthai_ros_driver/obj_pub.py
-- Installing: /home/rasp-8771/pi_ws/install/depthai_ros_driver/include
-- Installing: /home/rasp-8771/pi_ws/install/depthai_ros_driver/include/depthai_ros_driver
-- Installing: /home/rasp-8771/pi_ws/install/depthai_ros_driver/include/depthai_ros_driver/pipeline
-- Installing: /home/rasp-8771/pi_ws/install/depthai_ros_driver/include/depthai_ros_driver/pipeline/base_pipeline.hpp
-- Installing: /home/rasp-8771/pi_ws/install/depthai_ros_driver/include/depthai_ros_driver/pipeline/base_types.hpp
-- Installing: /home/rasp-8771/pi_ws/install/depthai_ros_driver/include/depthai_ros_driver/pipeline/pipeline_generator.hpp
-- Installing: /home/rasp-8771/pi_ws/install/depthai_ros_driver/include/depthai_ros_driver/utils.hpp
-- Installing: /home/rasp-8771/pi_ws/install/depthai_ros_driver/include/depthai_ros_driver/dai_nodes
-- Installing: /home/rasp-8771/pi_ws/install/depthai_ros_driver/include/depthai_ros_driver/dai_nodes/stereo.hpp
-- Installing: /home/rasp-8771/pi_ws/install/depthai_ros_driver/include/depthai_ros_driver/dai_nodes/sensors
-- Installing: /home/rasp-8771/pi_ws/install/depthai_ros_driver/include/depthai_ros_driver/dai_nodes/sensors/mono.hpp
-- Installing: /home/rasp-8771/pi_ws/install/depthai_ros_driver/include/depthai_ros_driver/dai_nodes/sensors/rgb.hpp
-- Installing: /home/rasp-8771/pi_ws/install/depthai_ros_driver/include/depthai_ros_driver/dai_nodes/sensors/imu.hpp
-- Installing: /home/rasp-8771/pi_ws/install/depthai_ros_driver/include/depthai_ros_driver/dai_nodes/sensors/feature_tracker.hpp
-- Installing: /home/rasp-8771/pi_ws/install/depthai_ros_driver/include/depthai_ros_driver/dai_nodes/sensors/sensor_wrapper.hpp
-- Installing: /home/rasp-8771/pi_ws/install/depthai_ros_driver/include/depthai_ros_driver/dai_nodes/sensors/sensor_helpers.hpp
-- Installing: /home/rasp-8771/pi_ws/install/depthai_ros_driver/include/depthai_ros_driver/dai_nodes/base_node.hpp
-- Installing: /home/rasp-8771/pi_ws/install/depthai_ros_driver/include/depthai_ros_driver/dai_nodes/sys_logger.hpp
-- Installing: /home/rasp-8771/pi_ws/install/depthai_ros_driver/include/depthai_ros_driver/dai_nodes/nn
-- Installing: /home/rasp-8771/pi_ws/install/depthai_ros_driver/include/depthai_ros_driver/dai_nodes/nn/spatial_detection.hpp
-- Installing: /home/rasp-8771/pi_ws/install/depthai_ros_driver/include/depthai_ros_driver/dai_nodes/nn/segmentation.hpp
-- Installing: /home/rasp-8771/pi_ws/install/depthai_ros_driver/include/depthai_ros_driver/dai_nodes/nn/nn_wrapper.hpp
-- Installing: /home/rasp-8771/pi_ws/install/depthai_ros_driver/include/depthai_ros_driver/dai_nodes/nn/detection.hpp
-- Installing: /home/rasp-8771/pi_ws/install/depthai_ros_driver/include/depthai_ros_driver/dai_nodes/nn/nn_helpers.hpp
-- Installing: /home/rasp-8771/pi_ws/install/depthai_ros_driver/include/depthai_ros_driver/dai_nodes/nn/spatial_nn_wrapper.hpp
-- Installing: /home/rasp-8771/pi_ws/install/depthai_ros_driver/include/depthai_ros_driver/param_handlers
-- Installing: /home/rasp-8771/pi_ws/install/depthai_ros_driver/include/depthai_ros_driver/param_handlers/feature_tracker_param_handler.hpp
-- Installing: /home/rasp-8771/pi_ws/install/depthai_ros_driver/include/depthai_ros_driver/param_handlers/base_param_handler.hpp
-- Installing: /home/rasp-8771/pi_ws/install/depthai_ros_driver/include/depthai_ros_driver/param_handlers/imu_param_handler.hpp
-- Installing: /home/rasp-8771/pi_ws/install/depthai_ros_driver/include/depthai_ros_driver/param_handlers/nn_param_handler.hpp
-- Installing: /home/rasp-8771/pi_ws/install/depthai_ros_driver/include/depthai_ros_driver/param_handlers/sensor_param_handler.hpp
-- Installing: /home/rasp-8771/pi_ws/install/depthai_ros_driver/include/depthai_ros_driver/param_handlers/stereo_param_handler.hpp
-- Installing: /home/rasp-8771/pi_ws/install/depthai_ros_driver/include/depthai_ros_driver/param_handlers/camera_param_handler.hpp
-- Installing: /home/rasp-8771/pi_ws/install/depthai_ros_driver/include/depthai_ros_driver/camera.hpp
-- Installing: /home/rasp-8771/pi_ws/install/depthai_ros_driver/share/ament_index/resource_index/package_run_dependencies/depthai_ros_driver
-- Installing: /home/rasp-8771/pi_ws/install/depthai_ros_driver/share/ament_index/resource_index/parent_prefix_path/depthai_ros_driver
-- Installing: /home/rasp-8771/pi_ws/install/depthai_ros_driver/share/depthai_ros_driver/environment/ament_prefix_path.sh
-- Installing: /home/rasp-8771/pi_ws/install/depthai_ros_driver/share/depthai_ros_driver/environment/ament_prefix_path.dsv
-- Installing: /home/rasp-8771/pi_ws/install/depthai_ros_driver/share/depthai_ros_driver/environment/path.sh
-- Installing: /home/rasp-8771/pi_ws/install/depthai_ros_driver/share/depthai_ros_driver/environment/path.dsv
-- Installing: /home/rasp-8771/pi_ws/install/depthai_ros_driver/share/depthai_ros_driver/local_setup.bash
-- Installing: /home/rasp-8771/pi_ws/install/depthai_ros_driver/share/depthai_ros_driver/local_setup.sh
-- Installing: /home/rasp-8771/pi_ws/install/depthai_ros_driver/share/depthai_ros_driver/local_setup.zsh
-- Installing: /home/rasp-8771/pi_ws/install/depthai_ros_driver/share/depthai_ros_driver/local_setup.dsv
-- Installing: /home/rasp-8771/pi_ws/install/depthai_ros_driver/share/depthai_ros_driver/package.dsv
-- Installing: /home/rasp-8771/pi_ws/install/depthai_ros_driver/share/ament_index/resource_index/packages/depthai_ros_driver
-- Installing: /home/rasp-8771/pi_ws/install/depthai_ros_driver/share/ament_index/resource_index/depthai_ros_driver__pluginlib__plugin/depthai_ros_driver
-- Installing: /home/rasp-8771/pi_ws/install/depthai_ros_driver/share/ament_index/resource_index/rclcpp_components/depthai_ros_driver
-- Installing: /home/rasp-8771/pi_ws/install/depthai_ros_driver/share/depthai_ros_driver/cmake/depthai_ros_driverTargetsExport.cmake
-- Installing: /home/rasp-8771/pi_ws/install/depthai_ros_driver/share/depthai_ros_driver/cmake/depthai_ros_driverTargetsExport-noconfig.cmake
-- Installing: /home/rasp-8771/pi_ws/install/depthai_ros_driver/share/depthai_ros_driver/cmake/ament_cmake_export_include_directories-extras.cmake
-- Installing: /home/rasp-8771/pi_ws/install/depthai_ros_driver/share/depthai_ros_driver/cmake/ament_cmake_export_targets-extras.cmake
-- Installing: /home/rasp-8771/pi_ws/install/depthai_ros_driver/share/depthai_ros_driver/cmake/ament_cmake_export_libraries-extras.cmake
-- Installing: /home/rasp-8771/pi_ws/install/depthai_ros_driver/share/depthai_ros_driver/cmake/ament_cmake_export_dependencies-extras.cmake
-- Installing: /home/rasp-8771/pi_ws/install/depthai_ros_driver/share/depthai_ros_driver/cmake/depthai_ros_driverConfig.cmake
-- Installing: /home/rasp-8771/pi_ws/install/depthai_ros_driver/share/depthai_ros_driver/cmake/depthai_ros_driverConfig-version.cmake
-- Installing: /home/rasp-8771/pi_ws/install/depthai_ros_driver/share/depthai_ros_driver/package.xml
