[ 50%] [32mBuilding CXX object CMakeFiles/bevbot_arduino.dir/hardware/diffbot_system.cpp.o[0m
[01m[K/home/rasp-8771/pi_ws/src/bevbot_arduino/hardware/diffbot_system.cpp:147:36:[m[K [01;31m[Kerror: [m[Kno declaration matches ‘[01m[Khardware_interface::CallbackReturn bevbot_arduino::BevBotSystemHardware::on_configure(const rclcpp_lifecycle::State&)[m[K’
  147 | hardware_interface::CallbackReturn [01;31m[KBevBotSystemHardware[m[K::on_configure(
      |                                    [01;31m[K^~~~~~~~~~~~~~~~~~~~[m[K
[01m[K/home/rasp-8771/pi_ws/src/bevbot_arduino/hardware/diffbot_system.cpp:147:36:[m[K [01;36m[Knote: [m[Kno functions named ‘[01m[Khardware_interface::CallbackReturn bevbot_arduino::BevBotSystemHardware::on_configure(const rclcpp_lifecycle::State&)[m[K’
In file included from [01m[K/home/rasp-8771/pi_ws/src/bevbot_arduino/hardware/diffbot_system.cpp:15[m[K:
[01m[K/home/rasp-8771/pi_ws/src/bevbot_arduino/hardware/include/bevbot_arduino/diffbot_system.hpp:43:7:[m[K [01;36m[Knote: [m[K‘[01m[Kclass bevbot_arduino::BevBotSystemHardware[m[K’ defined here
   43 | class [01;36m[KBevBotSystemHardware[m[K : public hardware_interface::SystemInterface
      |       [01;36m[K^~~~~~~~~~~~~~~~~~~~[m[K
[01m[K/home/rasp-8771/pi_ws/src/bevbot_arduino/hardware/diffbot_system.cpp:161:36:[m[K [01;31m[Kerror: [m[Kno declaration matches ‘[01m[Khardware_interface::CallbackReturn bevbot_arduino::BevBotSystemHardware::on_cleanup(const rclcpp_lifecycle::State&)[m[K’
  161 | hardware_interface::CallbackReturn [01;31m[KBevBotSystemHardware[m[K::on_cleanup(
      |                                    [01;31m[K^~~~~~~~~~~~~~~~~~~~[m[K
[01m[K/home/rasp-8771/pi_ws/src/bevbot_arduino/hardware/diffbot_system.cpp:161:36:[m[K [01;36m[Knote: [m[Kno functions named ‘[01m[Khardware_interface::CallbackReturn bevbot_arduino::BevBotSystemHardware::on_cleanup(const rclcpp_lifecycle::State&)[m[K’
In file included from [01m[K/home/rasp-8771/pi_ws/src/bevbot_arduino/hardware/diffbot_system.cpp:15[m[K:
[01m[K/home/rasp-8771/pi_ws/src/bevbot_arduino/hardware/include/bevbot_arduino/diffbot_system.hpp:43:7:[m[K [01;36m[Knote: [m[K‘[01m[Kclass bevbot_arduino::BevBotSystemHardware[m[K’ defined here
   43 | class [01;36m[KBevBotSystemHardware[m[K : public hardware_interface::SystemInterface
      |       [01;36m[K^~~~~~~~~~~~~~~~~~~~[m[K
gmake[2]: *** [CMakeFiles/bevbot_arduino.dir/build.make:76: CMakeFiles/bevbot_arduino.dir/hardware/diffbot_system.cpp.o] Error 1
gmake[1]: *** [CMakeFiles/Makefile2:137: CMakeFiles/bevbot_arduino.dir/all] Error 2
gmake: *** [Makefile:146: all] Error 2
