[0.115s] Invoking command in '/home/rasp-8771/pi_ws/build/depthai_ros_msgs': CMAKE_PREFIX_PATH=${CMAKE_PREFIX_PATH}:/opt/ros/iron /usr/bin/cmake /home/rasp-8771/pi_ws/src/depthai-ros/depthai_ros_msgs -DAMENT_CMAKE_SYMLINK_INSTALL=1 -DCMAKE_INSTALL_PREFIX=/home/rasp-8771/pi_ws/install/depthai_ros_msgs
[0.202s] -- Found ament_cmake: 2.0.5 (/opt/ros/iron/share/ament_cmake/cmake)
[1.123s] -- Override CMake install command with custom implementation using symlinks instead of copying resources
[1.196s] -- ------------------------------------------
[1.197s] -- Depthai ROS MSGS/INTERFACES is being built using AMENT.
[1.198s] -- ------------------------------------------
[1.198s] -- Found geometry_msgs: 5.0.0 (/opt/ros/iron/share/geometry_msgs/cmake)
[1.424s] -- Found rosidl_generator_c: 4.0.1 (/opt/ros/iron/share/rosidl_generator_c/cmake)
[1.483s] -- Found rosidl_generator_cpp: 4.0.1 (/opt/ros/iron/share/rosidl_generator_cpp/cmake)
[1.564s] -- Using all available rosidl_typesupport_c: rosidl_typesupport_fastrtps_c;rosidl_typesupport_introspection_c
[1.669s] -- Using all available rosidl_typesupport_cpp: rosidl_typesupport_fastrtps_cpp;rosidl_typesupport_introspection_cpp
[2.118s] -- Found vision_msgs: 4.1.1 (/opt/ros/iron/share/vision_msgs/cmake)
[2.397s] -- Found sensor_msgs: 5.0.0 (/opt/ros/iron/share/sensor_msgs/cmake)
[2.868s] -- Found rosidl_default_generators: 1.5.0 (/opt/ros/iron/share/rosidl_default_generators/cmake)
[2.915s] -- Found rosidl_adapter: 4.0.1 (/opt/ros/iron/share/rosidl_adapter/cmake)
[5.198s] -- Found ament_cmake_ros: 0.11.2 (/opt/ros/iron/share/ament_cmake_ros/cmake)
[7.635s] -- Using all available rosidl_typesupport_c: rosidl_typesupport_fastrtps_c;rosidl_typesupport_introspection_c
[8.621s] -- Using all available rosidl_typesupport_cpp: rosidl_typesupport_fastrtps_cpp;rosidl_typesupport_introspection_cpp
[8.743s] -- Found python_cmake_module: 0.10.2 (/opt/ros/iron/share/python_cmake_module/cmake)
[8.864s] -- Using PYTHON_EXECUTABLE: /usr/bin/python3
[8.865s] -- Using PYTHON_INCLUDE_DIRS: /usr/include/python3.10
[8.865s] -- Using PYTHON_LIBRARIES: /usr/lib/aarch64-linux-gnu/libpython3.10.so
[9.257s] -- Configuring done
[9.665s] -- Generating done
[9.689s] -- Build files have been written to: /home/rasp-8771/pi_ws/build/depthai_ros_msgs
[9.737s] Invoked command in '/home/rasp-8771/pi_ws/build/depthai_ros_msgs' returned '0': CMAKE_PREFIX_PATH=${CMAKE_PREFIX_PATH}:/opt/ros/iron /usr/bin/cmake /home/rasp-8771/pi_ws/src/depthai-ros/depthai_ros_msgs -DAMENT_CMAKE_SYMLINK_INSTALL=1 -DCMAKE_INSTALL_PREFIX=/home/rasp-8771/pi_ws/install/depthai_ros_msgs
[9.746s] Invoking command in '/home/rasp-8771/pi_ws/build/depthai_ros_msgs': CMAKE_PREFIX_PATH=${CMAKE_PREFIX_PATH}:/opt/ros/iron /usr/bin/cmake --build /home/rasp-8771/pi_ws/build/depthai_ros_msgs -- -j4 -l4
[10.014s] failed to create symbolic link '/home/rasp-8771/pi_ws/build/depthai_ros_msgs/ament_cmake_python/depthai_ros_msgs/depthai_ros_msgs' because existing path cannot be removed: Is a directory
[10.017s] gmake[2]: *** [CMakeFiles/ament_cmake_python_symlink_depthai_ros_msgs.dir/build.make:70: CMakeFiles/ament_cmake_python_symlink_depthai_ros_msgs] Error 1
[10.018s] gmake[1]: *** [CMakeFiles/Makefile2:452: CMakeFiles/ament_cmake_python_symlink_depthai_ros_msgs.dir/all] Error 2
[10.018s] gmake[1]: *** Waiting for unfinished jobs....
[10.030s] [  1%] Built target depthai_ros_msgs__rosidl_generator_type_description
[10.035s] gmake: *** [Makefile:146: all] Error 2
[10.042s] Invoked command in '/home/rasp-8771/pi_ws/build/depthai_ros_msgs' returned '2': CMAKE_PREFIX_PATH=${CMAKE_PREFIX_PATH}:/opt/ros/iron /usr/bin/cmake --build /home/rasp-8771/pi_ws/build/depthai_ros_msgs -- -j4 -l4
