[0.113s] Invoking command in '/home/rasp-8771/pi_ws/build/depthai-ros': CMAKE_PREFIX_PATH=/home/rasp-8771/pi_ws/install/depthai_ros_driver:/home/rasp-8771/pi_ws/install/depthai_examples:/home/rasp-8771/pi_ws/install/depthai_filters:/home/rasp-8771/pi_ws/install/depthai_bridge:/home/rasp-8771/pi_ws/install/depthai_ros_msgs:/home/rasp-8771/pi_ws/install/depthai_descriptions:/home/rasp-8771/pi_ws/install/bevbot_arduino:/home/rasp-8771/pi_ws/install/ros2_control_demo_description:/home/rasp-8771/pi_ws/install/depthai-ros:/opt/ros/iron LD_LIBRARY_PATH=/home/rasp-8771/pi_ws/install/depthai_ros_driver/lib:/home/rasp-8771/pi_ws/install/depthai_filters/lib:/home/rasp-8771/pi_ws/install/depthai_bridge/lib:/home/rasp-8771/pi_ws/install/depthai_ros_msgs/lib:/home/rasp-8771/pi_ws/install/bevbot_arduino/lib:/opt/ros/iron/opt/rviz_ogre_vendor/lib:/opt/ros/iron/lib/aarch64-linux-gnu:/opt/ros/iron/lib /usr/bin/cmake --build /home/rasp-8771/pi_ws/build/depthai-ros
[0.287s] Invoked command in '/home/rasp-8771/pi_ws/build/depthai-ros' returned '0': CMAKE_PREFIX_PATH=/home/rasp-8771/pi_ws/install/depthai_ros_driver:/home/rasp-8771/pi_ws/install/depthai_examples:/home/rasp-8771/pi_ws/install/depthai_filters:/home/rasp-8771/pi_ws/install/depthai_bridge:/home/rasp-8771/pi_ws/install/depthai_ros_msgs:/home/rasp-8771/pi_ws/install/depthai_descriptions:/home/rasp-8771/pi_ws/install/bevbot_arduino:/home/rasp-8771/pi_ws/install/ros2_control_demo_description:/home/rasp-8771/pi_ws/install/depthai-ros:/opt/ros/iron LD_LIBRARY_PATH=/home/rasp-8771/pi_ws/install/depthai_ros_driver/lib:/home/rasp-8771/pi_ws/install/depthai_filters/lib:/home/rasp-8771/pi_ws/install/depthai_bridge/lib:/home/rasp-8771/pi_ws/install/depthai_ros_msgs/lib:/home/rasp-8771/pi_ws/install/bevbot_arduino/lib:/opt/ros/iron/opt/rviz_ogre_vendor/lib:/opt/ros/iron/lib/aarch64-linux-gnu:/opt/ros/iron/lib /usr/bin/cmake --build /home/rasp-8771/pi_ws/build/depthai-ros
[0.428s] Invoking command in '/home/rasp-8771/pi_ws/build/depthai-ros': CMAKE_PREFIX_PATH=/home/rasp-8771/pi_ws/install/depthai_ros_driver:/home/rasp-8771/pi_ws/install/depthai_examples:/home/rasp-8771/pi_ws/install/depthai_filters:/home/rasp-8771/pi_ws/install/depthai_bridge:/home/rasp-8771/pi_ws/install/depthai_ros_msgs:/home/rasp-8771/pi_ws/install/depthai_descriptions:/home/rasp-8771/pi_ws/install/bevbot_arduino:/home/rasp-8771/pi_ws/install/ros2_control_demo_description:/home/rasp-8771/pi_ws/install/depthai-ros:/opt/ros/iron LD_LIBRARY_PATH=/home/rasp-8771/pi_ws/install/depthai_ros_driver/lib:/home/rasp-8771/pi_ws/install/depthai_filters/lib:/home/rasp-8771/pi_ws/install/depthai_bridge/lib:/home/rasp-8771/pi_ws/install/depthai_ros_msgs/lib:/home/rasp-8771/pi_ws/install/bevbot_arduino/lib:/opt/ros/iron/opt/rviz_ogre_vendor/lib:/opt/ros/iron/lib/aarch64-linux-gnu:/opt/ros/iron/lib /usr/bin/cmake --install /home/rasp-8771/pi_ws/build/depthai-ros
[0.461s] -- Install configuration: ""
[0.461s] -- Up-to-date: /home/rasp-8771/pi_ws/install/depthai-ros/share/ament_index/resource_index/package_run_dependencies/depthai-ros
[0.462s] -- Up-to-date: /home/rasp-8771/pi_ws/install/depthai-ros/share/ament_index/resource_index/parent_prefix_path/depthai-ros
[0.463s] -- Up-to-date: /home/rasp-8771/pi_ws/install/depthai-ros/share/depthai-ros/environment/ament_prefix_path.sh
[0.463s] -- Up-to-date: /home/rasp-8771/pi_ws/install/depthai-ros/share/depthai-ros/environment/ament_prefix_path.dsv
[0.464s] -- Up-to-date: /home/rasp-8771/pi_ws/install/depthai-ros/share/depthai-ros/environment/path.sh
[0.464s] -- Up-to-date: /home/rasp-8771/pi_ws/install/depthai-ros/share/depthai-ros/environment/path.dsv
[0.464s] -- Up-to-date: /home/rasp-8771/pi_ws/install/depthai-ros/share/depthai-ros/local_setup.bash
[0.465s] -- Up-to-date: /home/rasp-8771/pi_ws/install/depthai-ros/share/depthai-ros/local_setup.sh
[0.465s] -- Up-to-date: /home/rasp-8771/pi_ws/install/depthai-ros/share/depthai-ros/local_setup.zsh
[0.465s] -- Up-to-date: /home/rasp-8771/pi_ws/install/depthai-ros/share/depthai-ros/local_setup.dsv
[0.466s] -- Up-to-date: /home/rasp-8771/pi_ws/install/depthai-ros/share/depthai-ros/package.dsv
[0.466s] -- Up-to-date: /home/rasp-8771/pi_ws/install/depthai-ros/share/ament_index/resource_index/packages/depthai-ros
[0.467s] -- Up-to-date: /home/rasp-8771/pi_ws/install/depthai-ros/share/depthai-ros/cmake/depthai-rosConfig.cmake
[0.467s] -- Up-to-date: /home/rasp-8771/pi_ws/install/depthai-ros/share/depthai-ros/cmake/depthai-rosConfig-version.cmake
[0.467s] -- Up-to-date: /home/rasp-8771/pi_ws/install/depthai-ros/share/depthai-ros/package.xml
[0.474s] Invoked command in '/home/rasp-8771/pi_ws/build/depthai-ros' returned '0': CMAKE_PREFIX_PATH=/home/rasp-8771/pi_ws/install/depthai_ros_driver:/home/rasp-8771/pi_ws/install/depthai_examples:/home/rasp-8771/pi_ws/install/depthai_filters:/home/rasp-8771/pi_ws/install/depthai_bridge:/home/rasp-8771/pi_ws/install/depthai_ros_msgs:/home/rasp-8771/pi_ws/install/depthai_descriptions:/home/rasp-8771/pi_ws/install/bevbot_arduino:/home/rasp-8771/pi_ws/install/ros2_control_demo_description:/home/rasp-8771/pi_ws/install/depthai-ros:/opt/ros/iron LD_LIBRARY_PATH=/home/rasp-8771/pi_ws/install/depthai_ros_driver/lib:/home/rasp-8771/pi_ws/install/depthai_filters/lib:/home/rasp-8771/pi_ws/install/depthai_bridge/lib:/home/rasp-8771/pi_ws/install/depthai_ros_msgs/lib:/home/rasp-8771/pi_ws/install/bevbot_arduino/lib:/opt/ros/iron/opt/rviz_ogre_vendor/lib:/opt/ros/iron/lib/aarch64-linux-gnu:/opt/ros/iron/lib /usr/bin/cmake --install /home/rasp-8771/pi_ws/build/depthai-ros
