[0.058s] Invoking command in '/home/rasp-8771/pi_ws/build/bevbot_arduino': AMENT_PREFIX_PATH=/home/rasp-8771/pi_ws/install/ros2_control_demo_description:${AMENT_PREFIX_PATH} CMAKE_PREFIX_PATH=/home/rasp-8771/pi_ws/install/ros2_control_demo_description:/opt/ros/iron /usr/bin/cmake --build /home/rasp-8771/pi_ws/build/bevbot_arduino -- -j4 -l4
[0.687s] [100%] Built target bevbot_arduino
[0.725s] Invoked command in '/home/rasp-8771/pi_ws/build/bevbot_arduino' returned '0': AMENT_PREFIX_PATH=/home/rasp-8771/pi_ws/install/ros2_control_demo_description:${AMENT_PREFIX_PATH} CMAKE_PREFIX_PATH=/home/rasp-8771/pi_ws/install/ros2_control_demo_description:/opt/ros/iron /usr/bin/cmake --build /home/rasp-8771/pi_ws/build/bevbot_arduino -- -j4 -l4
[0.859s] Invoking command in '/home/rasp-8771/pi_ws/build/bevbot_arduino': AMENT_PREFIX_PATH=/home/rasp-8771/pi_ws/install/ros2_control_demo_description:${AMENT_PREFIX_PATH} CMAKE_PREFIX_PATH=/home/rasp-8771/pi_ws/install/ros2_control_demo_description:/opt/ros/iron /usr/bin/cmake --install /home/rasp-8771/pi_ws/build/bevbot_arduino
[0.889s] -- Install configuration: ""
[0.893s] -- Execute custom install script
[0.897s] -- Up-to-date symlink: /home/rasp-8771/pi_ws/install/bevbot_arduino/share/bevbot_arduino//bevbot_arduino.xml
[0.902s] -- Up-to-date symlink: /home/rasp-8771/pi_ws/install/bevbot_arduino/include/bevbot_arduino/bevbot_arduino/arduino_comms.hpp
[0.903s] -- Up-to-date symlink: /home/rasp-8771/pi_ws/install/bevbot_arduino/include/bevbot_arduino/bevbot_arduino/diffbot_system.hpp
[0.905s] -- Up-to-date symlink: /home/rasp-8771/pi_ws/install/bevbot_arduino/include/bevbot_arduino/bevbot_arduino/visibility_control.h
[0.907s] -- Up-to-date symlink: /home/rasp-8771/pi_ws/install/bevbot_arduino/include/bevbot_arduino/bevbot_arduino/wheel.hpp
[0.912s] -- Up-to-date symlink: /home/rasp-8771/pi_ws/install/bevbot_arduino/share/bevbot_arduino/launch/view_robot.launch.py
[0.916s] -- Up-to-date symlink: /home/rasp-8771/pi_ws/install/bevbot_arduino/share/bevbot_arduino/ros2_control/diffbot.ros2_control.xacro
[0.943s] -- Up-to-date symlink: /home/rasp-8771/pi_ws/install/bevbot_arduino/share/bevbot_arduino/urdf/bevbot_core.xacro
[0.946s] -- Up-to-date symlink: /home/rasp-8771/pi_ws/install/bevbot_arduino/share/bevbot_arduino/urdf/camera.xacro
[0.948s] -- Up-to-date symlink: /home/rasp-8771/pi_ws/install/bevbot_arduino/share/bevbot_arduino/urdf/depth_camera.xacro
[0.950s] -- Up-to-date symlink: /home/rasp-8771/pi_ws/install/bevbot_arduino/share/bevbot_arduino/urdf/diffbot.urdf.xacro
[0.952s] -- Up-to-date symlink: /home/rasp-8771/pi_ws/install/bevbot_arduino/share/bevbot_arduino/urdf/inertial_macros.xacro
[0.954s] -- Up-to-date symlink: /home/rasp-8771/pi_ws/install/bevbot_arduino/share/bevbot_arduino/urdf/lidar.xacro
[0.959s] -- Up-to-date symlink: /home/rasp-8771/pi_ws/install/bevbot_arduino/share/bevbot_arduino/launch/diffbot.launch.py
[0.963s] -- Up-to-date symlink: /home/rasp-8771/pi_ws/install/bevbot_arduino/share/bevbot_arduino/config/diffbot_controllers.yaml
[0.969s] -- Up-to-date symlink: /home/rasp-8771/pi_ws/install/bevbot_arduino/share/bevbot_arduino/config/mapper_params_online_async.yaml
[0.972s] -- Up-to-date symlink: /home/rasp-8771/pi_ws/install/bevbot_arduino/share/bevbot_arduino/environment/library_path.sh
[0.974s] -- Up-to-date symlink: /home/rasp-8771/pi_ws/install/bevbot_arduino/share/bevbot_arduino/environment/library_path.dsv
[0.979s] -- Up-to-date symlink: /home/rasp-8771/pi_ws/install/bevbot_arduino/share/ament_index/resource_index/package_run_dependencies/bevbot_arduino
[0.982s] -- Up-to-date symlink: /home/rasp-8771/pi_ws/install/bevbot_arduino/share/ament_index/resource_index/parent_prefix_path/bevbot_arduino
[0.984s] -- Up-to-date symlink: /home/rasp-8771/pi_ws/install/bevbot_arduino/share/bevbot_arduino/environment/ament_prefix_path.sh
[0.986s] -- Up-to-date symlink: /home/rasp-8771/pi_ws/install/bevbot_arduino/share/bevbot_arduino/environment/ament_prefix_path.dsv
[0.988s] -- Up-to-date symlink: /home/rasp-8771/pi_ws/install/bevbot_arduino/share/bevbot_arduino/environment/path.sh
[0.990s] -- Up-to-date symlink: /home/rasp-8771/pi_ws/install/bevbot_arduino/share/bevbot_arduino/environment/path.dsv
[0.992s] -- Up-to-date symlink: /home/rasp-8771/pi_ws/install/bevbot_arduino/share/bevbot_arduino/local_setup.bash
[0.994s] -- Up-to-date symlink: /home/rasp-8771/pi_ws/install/bevbot_arduino/share/bevbot_arduino/local_setup.sh
[0.997s] -- Up-to-date symlink: /home/rasp-8771/pi_ws/install/bevbot_arduino/share/bevbot_arduino/local_setup.zsh
[0.999s] -- Up-to-date symlink: /home/rasp-8771/pi_ws/install/bevbot_arduino/share/bevbot_arduino/local_setup.dsv
[1.000s] -- Symlinking: /home/rasp-8771/pi_ws/install/bevbot_arduino/share/bevbot_arduino/package.dsv
[1.036s] -- Up-to-date symlink: /home/rasp-8771/pi_ws/install/bevbot_arduino/share/ament_index/resource_index/packages/bevbot_arduino
[1.039s] -- Up-to-date symlink: /home/rasp-8771/pi_ws/install/bevbot_arduino/share/ament_index/resource_index/hardware_interface__pluginlib__plugin/bevbot_arduino
[1.041s] -- Up-to-date symlink: /home/rasp-8771/pi_ws/install/bevbot_arduino/share/bevbot_arduino/cmake/ament_cmake_export_targets-extras.cmake
[1.043s] -- Up-to-date symlink: /home/rasp-8771/pi_ws/install/bevbot_arduino/share/bevbot_arduino/cmake/ament_cmake_export_dependencies-extras.cmake
[1.045s] -- Up-to-date symlink: /home/rasp-8771/pi_ws/install/bevbot_arduino/share/bevbot_arduino/cmake/bevbot_arduinoConfig.cmake
[1.046s] -- Up-to-date symlink: /home/rasp-8771/pi_ws/install/bevbot_arduino/share/bevbot_arduino/cmake/bevbot_arduinoConfig-version.cmake
[1.048s] -- Up-to-date symlink: /home/rasp-8771/pi_ws/install/bevbot_arduino/share/bevbot_arduino/package.xml
[1.053s] -- Up-to-date: /home/rasp-8771/pi_ws/install/bevbot_arduino/lib/libbevbot_arduino.so
[1.059s] -- Up-to-date: /home/rasp-8771/pi_ws/install/bevbot_arduino/share/bevbot_arduino/cmake/export_bevbot_arduinoExport.cmake
[1.060s] -- Up-to-date: /home/rasp-8771/pi_ws/install/bevbot_arduino/share/bevbot_arduino/cmake/export_bevbot_arduinoExport-noconfig.cmake
[1.069s] Invoked command in '/home/rasp-8771/pi_ws/build/bevbot_arduino' returned '0': AMENT_PREFIX_PATH=/home/rasp-8771/pi_ws/install/ros2_control_demo_description:${AMENT_PREFIX_PATH} CMAKE_PREFIX_PATH=/home/rasp-8771/pi_ws/install/ros2_control_demo_description:/opt/ros/iron /usr/bin/cmake --install /home/rasp-8771/pi_ws/build/bevbot_arduino
