[0.087s] Invoking command in '/home/rasp-8771/pi_ws/build/depthai_examples': CMAKE_PREFIX_PATH=/home/rasp-8771/pi_ws/install/depthai_bridge:/home/rasp-8771/pi_ws/install/depthai_ros_msgs:/home/rasp-8771/pi_ws/install/depthai_descriptions:/home/rasp-8771/pi_ws/install/bevbot_arduino:/home/rasp-8771/pi_ws/install/ros2_control_demo_description:/home/rasp-8771/pi_ws/install/depthai-ros:/home/rasp-8771/pi_ws/install/depthai_ros_driver:/home/rasp-8771/pi_ws/install/depthai_filters:/home/rasp-8771/pi_ws/install/depthai_examples:/opt/ros/iron LD_LIBRARY_PATH=/home/rasp-8771/pi_ws/install/depthai_bridge/lib:/home/rasp-8771/pi_ws/install/depthai_ros_msgs/lib:/home/rasp-8771/pi_ws/install/bevbot_arduino/lib:/home/rasp-8771/pi_ws/install/depthai_ros_driver/lib:/home/rasp-8771/pi_ws/install/depthai_filters/lib:/opt/ros/iron/opt/rviz_ogre_vendor/lib:/opt/ros/iron/lib/aarch64-linux-gnu:/opt/ros/iron/lib PYTHONPATH=/home/rasp-8771/pi_ws/install/depthai_ros_msgs/lib/python3.10/site-packages:/home/rasp-8771/pi_ws/install/depthai_ros_driver/lib/python3.10/site-packages:/opt/ros/iron/lib/python3.10/site-packages /usr/bin/cmake --build /home/rasp-8771/pi_ws/build/depthai_examples
[0.313s] [35m[1mConsolidate compiler generated dependencies of target crop_control_service[0m
[0.417s] [ 12%] Built target crop_control_service
[0.477s] [35m[1mConsolidate compiler generated dependencies of target mobilenet_node[0m
[0.600s] [ 25%] Built target mobilenet_node
[0.656s] [35m[1mConsolidate compiler generated dependencies of target rgb_stereo_node[0m
[0.768s] [ 37%] Built target rgb_stereo_node
[0.825s] [35m[1mConsolidate compiler generated dependencies of target stereo_inertial_node[0m
[0.949s] [ 50%] Built target stereo_inertial_node
[1.005s] [35m[1mConsolidate compiler generated dependencies of target feature_tracker[0m
[1.125s] [ 62%] Built target feature_tracker
[1.181s] [35m[1mConsolidate compiler generated dependencies of target stereo_node[0m
[1.295s] [ 75%] Built target stereo_node
[1.351s] [35m[1mConsolidate compiler generated dependencies of target yolov4_spatial_node[0m
[1.468s] [ 87%] Built target yolov4_spatial_node
[1.523s] [35m[1mConsolidate compiler generated dependencies of target yolov4_node[0m
[1.640s] [100%] Built target yolov4_node
[1.685s] Invoked command in '/home/rasp-8771/pi_ws/build/depthai_examples' returned '0': CMAKE_PREFIX_PATH=/home/rasp-8771/pi_ws/install/depthai_bridge:/home/rasp-8771/pi_ws/install/depthai_ros_msgs:/home/rasp-8771/pi_ws/install/depthai_descriptions:/home/rasp-8771/pi_ws/install/bevbot_arduino:/home/rasp-8771/pi_ws/install/ros2_control_demo_description:/home/rasp-8771/pi_ws/install/depthai-ros:/home/rasp-8771/pi_ws/install/depthai_ros_driver:/home/rasp-8771/pi_ws/install/depthai_filters:/home/rasp-8771/pi_ws/install/depthai_examples:/opt/ros/iron LD_LIBRARY_PATH=/home/rasp-8771/pi_ws/install/depthai_bridge/lib:/home/rasp-8771/pi_ws/install/depthai_ros_msgs/lib:/home/rasp-8771/pi_ws/install/bevbot_arduino/lib:/home/rasp-8771/pi_ws/install/depthai_ros_driver/lib:/home/rasp-8771/pi_ws/install/depthai_filters/lib:/opt/ros/iron/opt/rviz_ogre_vendor/lib:/opt/ros/iron/lib/aarch64-linux-gnu:/opt/ros/iron/lib PYTHONPATH=/home/rasp-8771/pi_ws/install/depthai_ros_msgs/lib/python3.10/site-packages:/home/rasp-8771/pi_ws/install/depthai_ros_driver/lib/python3.10/site-packages:/opt/ros/iron/lib/python3.10/site-packages /usr/bin/cmake --build /home/rasp-8771/pi_ws/build/depthai_examples
[2.009s] Invoking command in '/home/rasp-8771/pi_ws/build/depthai_examples': CMAKE_PREFIX_PATH=/home/rasp-8771/pi_ws/install/depthai_bridge:/home/rasp-8771/pi_ws/install/depthai_ros_msgs:/home/rasp-8771/pi_ws/install/depthai_descriptions:/home/rasp-8771/pi_ws/install/bevbot_arduino:/home/rasp-8771/pi_ws/install/ros2_control_demo_description:/home/rasp-8771/pi_ws/install/depthai-ros:/home/rasp-8771/pi_ws/install/depthai_ros_driver:/home/rasp-8771/pi_ws/install/depthai_filters:/home/rasp-8771/pi_ws/install/depthai_examples:/opt/ros/iron LD_LIBRARY_PATH=/home/rasp-8771/pi_ws/install/depthai_bridge/lib:/home/rasp-8771/pi_ws/install/depthai_ros_msgs/lib:/home/rasp-8771/pi_ws/install/bevbot_arduino/lib:/home/rasp-8771/pi_ws/install/depthai_ros_driver/lib:/home/rasp-8771/pi_ws/install/depthai_filters/lib:/opt/ros/iron/opt/rviz_ogre_vendor/lib:/opt/ros/iron/lib/aarch64-linux-gnu:/opt/ros/iron/lib PYTHONPATH=/home/rasp-8771/pi_ws/install/depthai_ros_msgs/lib/python3.10/site-packages:/home/rasp-8771/pi_ws/install/depthai_ros_driver/lib/python3.10/site-packages:/opt/ros/iron/lib/python3.10/site-packages /usr/bin/cmake --install /home/rasp-8771/pi_ws/build/depthai_examples
[2.045s] -- Install configuration: ""
[2.046s] -- Up-to-date: /home/rasp-8771/pi_ws/install/depthai_examples/share/depthai_examples/params
[2.047s] -- Up-to-date: /home/rasp-8771/pi_ws/install/depthai_examples/share/depthai_examples/params/camera
[2.047s] -- Up-to-date: /home/rasp-8771/pi_ws/install/depthai_examples/share/depthai_examples/params/camera/left.yaml
[2.047s] -- Up-to-date: /home/rasp-8771/pi_ws/install/depthai_examples/share/depthai_examples/params/camera/right.yaml
[2.048s] -- Up-to-date: /home/rasp-8771/pi_ws/install/depthai_examples/share/depthai_examples/params/camera/color.yaml
[2.049s] -- Up-to-date: /home/rasp-8771/pi_ws/install/depthai_examples/share/depthai_examples/rviz
[2.049s] -- Up-to-date: /home/rasp-8771/pi_ws/install/depthai_examples/share/depthai_examples/rviz/stereo_config.rviz
[2.049s] -- Up-to-date: /home/rasp-8771/pi_ws/install/depthai_examples/share/depthai_examples/rviz/stereoInertial.rviz
[2.050s] -- Up-to-date: /home/rasp-8771/pi_ws/install/depthai_examples/share/depthai_examples/rviz/stereoPointCloud.rviz
[2.050s] -- Up-to-date: /home/rasp-8771/pi_ws/install/depthai_examples/share/depthai_examples/rviz/rgb_camera.rviz
[2.051s] -- Up-to-date: /home/rasp-8771/pi_ws/install/depthai_examples/share/depthai_examples/rviz/pointCloud.rviz
[2.051s] -- Up-to-date: /home/rasp-8771/pi_ws/install/depthai_examples/share/depthai_examples/rviz/stereoPointCloud_v1.rviz
[2.052s] -- Up-to-date: /home/rasp-8771/pi_ws/install/depthai_examples/share/depthai_examples/rviz/stereoInertialDepthAlignROS2.rviz
[2.052s] -- Up-to-date: /home/rasp-8771/pi_ws/install/depthai_examples/share/depthai_examples/rviz/stereoInertialROS1.rviz
[2.052s] -- Up-to-date: /home/rasp-8771/pi_ws/install/depthai_examples/share/depthai_examples/rviz/stereo_nodelet.rviz
[2.053s] -- Up-to-date: /home/rasp-8771/pi_ws/install/depthai_examples/share/depthai_examples/rviz/stereoInertialDepthAlign.rviz
[2.053s] -- Up-to-date: /home/rasp-8771/pi_ws/install/depthai_examples/share/depthai_examples/resources
[2.053s] -- Up-to-date: /home/rasp-8771/pi_ws/install/depthai_examples/share/depthai_examples/resources/yolov4_tiny_coco_416x416_openvino_2021.4_6shave_bgr.blob
[2.053s] -- Up-to-date: /home/rasp-8771/pi_ws/install/depthai_examples/share/depthai_examples/resources/deeplab_v3_plus_mnv2_decoder_256_openvino_2021.4.blob
[2.054s] -- Up-to-date: /home/rasp-8771/pi_ws/install/depthai_examples/share/depthai_examples/resources/mobilenet-ssd_openvino_2021.2_6shave.blob
[2.054s] -- Up-to-date: /home/rasp-8771/pi_ws/install/depthai_examples/share/depthai_examples/launch
[2.055s] -- Up-to-date: /home/rasp-8771/pi_ws/install/depthai_examples/share/depthai_examples/launch/yolov4_publisher.launch.py
[2.055s] -- Up-to-date: /home/rasp-8771/pi_ws/install/depthai_examples/share/depthai_examples/launch/rgb_stereo_node.launch.py
[2.055s] -- Up-to-date: /home/rasp-8771/pi_ws/install/depthai_examples/share/depthai_examples/launch/mobile_publisher.launch.py
[2.056s] -- Up-to-date: /home/rasp-8771/pi_ws/install/depthai_examples/share/depthai_examples/launch/stereo.launch.py
[2.056s] -- Up-to-date: /home/rasp-8771/pi_ws/install/depthai_examples/share/depthai_examples/launch/stereo_inertial_node.launch.py
[2.056s] -- Up-to-date: /home/rasp-8771/pi_ws/install/depthai_examples/lib/depthai_examples/crop_control_service
[2.057s] -- Up-to-date: /home/rasp-8771/pi_ws/install/depthai_examples/lib/depthai_examples/mobilenet_node
[2.059s] -- Up-to-date: /home/rasp-8771/pi_ws/install/depthai_examples/lib/depthai_examples/rgb_stereo_node
[2.061s] -- Up-to-date: /home/rasp-8771/pi_ws/install/depthai_examples/lib/depthai_examples/stereo_inertial_node
[2.063s] -- Up-to-date: /home/rasp-8771/pi_ws/install/depthai_examples/lib/depthai_examples/stereo_node
[2.066s] -- Up-to-date: /home/rasp-8771/pi_ws/install/depthai_examples/lib/depthai_examples/yolov4_spatial_node
[2.068s] -- Up-to-date: /home/rasp-8771/pi_ws/install/depthai_examples/lib/depthai_examples/yolov4_node
[2.070s] -- Up-to-date: /home/rasp-8771/pi_ws/install/depthai_examples/lib/depthai_examples/feature_tracker
[2.071s] -- Up-to-date: /home/rasp-8771/pi_ws/install/depthai_examples/share/ament_index/resource_index/package_run_dependencies/depthai_examples
[2.072s] -- Up-to-date: /home/rasp-8771/pi_ws/install/depthai_examples/share/ament_index/resource_index/parent_prefix_path/depthai_examples
[2.072s] -- Up-to-date: /home/rasp-8771/pi_ws/install/depthai_examples/share/depthai_examples/environment/ament_prefix_path.sh
[2.072s] -- Up-to-date: /home/rasp-8771/pi_ws/install/depthai_examples/share/depthai_examples/environment/ament_prefix_path.dsv
[2.073s] -- Up-to-date: /home/rasp-8771/pi_ws/install/depthai_examples/share/depthai_examples/environment/path.sh
[2.073s] -- Up-to-date: /home/rasp-8771/pi_ws/install/depthai_examples/share/depthai_examples/environment/path.dsv
[2.074s] -- Up-to-date: /home/rasp-8771/pi_ws/install/depthai_examples/share/depthai_examples/local_setup.bash
[2.074s] -- Up-to-date: /home/rasp-8771/pi_ws/install/depthai_examples/share/depthai_examples/local_setup.sh
[2.074s] -- Up-to-date: /home/rasp-8771/pi_ws/install/depthai_examples/share/depthai_examples/local_setup.zsh
[2.075s] -- Up-to-date: /home/rasp-8771/pi_ws/install/depthai_examples/share/depthai_examples/local_setup.dsv
[2.075s] -- Installing: /home/rasp-8771/pi_ws/install/depthai_examples/share/depthai_examples/package.dsv
[2.076s] -- Up-to-date: /home/rasp-8771/pi_ws/install/depthai_examples/share/ament_index/resource_index/packages/depthai_examples
[2.077s] -- Up-to-date: /home/rasp-8771/pi_ws/install/depthai_examples/share/depthai_examples/cmake/depthai_examplesConfig.cmake
[2.077s] -- Up-to-date: /home/rasp-8771/pi_ws/install/depthai_examples/share/depthai_examples/cmake/depthai_examplesConfig-version.cmake
[2.077s] -- Up-to-date: /home/rasp-8771/pi_ws/install/depthai_examples/share/depthai_examples/package.xml
[2.085s] Invoked command in '/home/rasp-8771/pi_ws/build/depthai_examples' returned '0': CMAKE_PREFIX_PATH=/home/rasp-8771/pi_ws/install/depthai_bridge:/home/rasp-8771/pi_ws/install/depthai_ros_msgs:/home/rasp-8771/pi_ws/install/depthai_descriptions:/home/rasp-8771/pi_ws/install/bevbot_arduino:/home/rasp-8771/pi_ws/install/ros2_control_demo_description:/home/rasp-8771/pi_ws/install/depthai-ros:/home/rasp-8771/pi_ws/install/depthai_ros_driver:/home/rasp-8771/pi_ws/install/depthai_filters:/home/rasp-8771/pi_ws/install/depthai_examples:/opt/ros/iron LD_LIBRARY_PATH=/home/rasp-8771/pi_ws/install/depthai_bridge/lib:/home/rasp-8771/pi_ws/install/depthai_ros_msgs/lib:/home/rasp-8771/pi_ws/install/bevbot_arduino/lib:/home/rasp-8771/pi_ws/install/depthai_ros_driver/lib:/home/rasp-8771/pi_ws/install/depthai_filters/lib:/opt/ros/iron/opt/rviz_ogre_vendor/lib:/opt/ros/iron/lib/aarch64-linux-gnu:/opt/ros/iron/lib PYTHONPATH=/home/rasp-8771/pi_ws/install/depthai_ros_msgs/lib/python3.10/site-packages:/home/rasp-8771/pi_ws/install/depthai_ros_driver/lib/python3.10/site-packages:/opt/ros/iron/lib/python3.10/site-packages /usr/bin/cmake --install /home/rasp-8771/pi_ws/build/depthai_examples
